Virtual User Script started at: 11/15/2021 13:07:36
Starting action vuser_init.
Ending action vuser_init.
Running Vuser...
Starting iteration 1.
Starting action VerifyXAdES_simple.
VerifyXAdES_simple.c(3): web_cache_cleanup started  	[MsgId: MMSG-26355]
VerifyXAdES_simple.c(3): web_cache_cleanup was successful  	[MsgId: MMSG-26392]
VerifyXAdES_simple.c(4): web_cleanup_auto_headers started  	[MsgId: MMSG-26355]
VerifyXAdES_simple.c(4): web_cleanup_auto_headers was successful  	[MsgId: MMSG-26392]
VerifyXAdES_simple.c(5): web_cleanup_cookies started  	[MsgId: MMSG-26355]
VerifyXAdES_simple.c(5): web_cleanup_cookies was successful  	[MsgId: MMSG-26392]
VerifyXAdES_simple.c(7): C:\LR_DATA\1024/VerifyXAdES_simple_18.xml
VerifyXAdES_simple.c(10): Use file: {VerifyXAdES_simple_file}
VerifyXAdES_simple.c(12): Notify: Transaction "VerifyXAdES_simple" started.
VerifyXAdES_simple.c(13): SOAP request "VerifyXAdES_simple" started
VerifyXAdES_simple.c(13): SOAP request "VerifyXAdES_simple" was successful
VerifyXAdES_simple.c(29): Notify: Transaction "VerifyXAdES_simple" ended with a "Pass" status (Duration: 1.3599 Wasted Time: 0.0782).
Ending action VerifyXAdES_simple.
Ending iteration 1.
Ending Vuser...
Starting action vuser_end.
Ending action vuser_end.
Vuser Terminated.
Warning: Extension LrXml.dll reports error -1 on call to function ExtPerThreadTerminate
Warning: Vuser failed to terminate extension.
