Start auto log messages stack - Iteration 20.	[MsgId: MMSG-10545]
VerifyCMSSignatureByHash_withSignedReport.c(4): web_cleanup_auto_headers was successful  	[MsgId: MMSG-26392]
VerifyCMSSignatureByHash_withSignedReport.c(5): web_cleanup_cookies started  	[MsgId: MMSG-26355]
VerifyCMSSignatureByHash_withSignedReport.c(5): web_cleanup_cookies was successful  	[MsgId: MMSG-26392]
VerifyCMSSignatureByHash_withSignedReport.c(7): C:\LR_DATA\50k/VerifyCMSSignatureByHash_withSignedReport_5.xml	[MsgId: MMSG-17999]
VerifyCMSSignatureByHash_withSignedReport.c(10): Use file: {VerifyCMSSignatureByHash_withSignedReport_file}	[MsgId: MMSG-17999]
VerifyCMSSignatureByHash_withSignedReport.c(14): Notify: Transaction "VerifyCMSSignatureByHash_withSignedReport" started.	[MsgId: MMSG-16999]
VerifyCMSSignatureByHash_withSignedReport.c(15): Error: HTTP status code 404 returned by the server	[MsgId: MERR-108974]
VerifyCMSSignatureByHash_withSignedReport.c(15): Error: SOAP request "VerifyCMSSignatureByHash_withSignedReport" execution failed	[MsgId: MERR-108964]
End auto log messages stack.	[MsgId: MMSG-10544]


Start auto log messages stack - Iteration 303.	[MsgId: MMSG-10545]
VerifyCMSSignatureByHash_simple.c(4): web_cleanup_auto_headers started  	[MsgId: MMSG-26355]
VerifyCMSSignatureByHash_simple.c(4): web_cleanup_auto_headers was successful  	[MsgId: MMSG-26392]
VerifyCMSSignatureByHash_simple.c(5): web_cleanup_cookies started  	[MsgId: MMSG-26355]
VerifyCMSSignatureByHash_simple.c(5): web_cleanup_cookies was successful  	[MsgId: MMSG-26392]
VerifyCMSSignatureByHash_simple.c(7): C:\LR_DATA\50k/VerifyCMSSignatureByHash_simple_79.xml	[MsgId: MMSG-17999]
VerifyCMSSignatureByHash_simple.c(10): Use file: {VerifyCMSSignatureByHash_simple_file}	[MsgId: MMSG-17999]
VerifyCMSSignatureByHash_simple.c(13): Notify: Transaction "VerifyCMSSignatureByHash_simple" started.	[MsgId: MMSG-16999]
VerifyCMSSignatureByHash_simple.c(14): Error: HTTP status code 404 returned by the server	[MsgId: MERR-108974]
VerifyCMSSignatureByHash_simple.c(14): Error: SOAP request "VerifyCMSSignatureByHash_simple" execution failed	[MsgId: MERR-108964]
End auto log messages stack.	[MsgId: MMSG-10544]


Start auto log messages stack - Iteration 304.	[MsgId: MMSG-10545]
VerifyCMSSignatureByHash_withSignedReport.c(4): web_cleanup_auto_headers was successful  	[MsgId: MMSG-26392]
VerifyCMSSignatureByHash_withSignedReport.c(5): web_cleanup_cookies started  	[MsgId: MMSG-26355]
VerifyCMSSignatureByHash_withSignedReport.c(5): web_cleanup_cookies was successful  	[MsgId: MMSG-26392]
VerifyCMSSignatureByHash_withSignedReport.c(7): C:\LR_DATA\50k/VerifyCMSSignatureByHash_withSignedReport_99.xml	[MsgId: MMSG-17999]
VerifyCMSSignatureByHash_withSignedReport.c(10): Use file: {VerifyCMSSignatureByHash_withSignedReport_file}	[MsgId: MMSG-17999]
VerifyCMSSignatureByHash_withSignedReport.c(14): Notify: Transaction "VerifyCMSSignatureByHash_withSignedReport" started.	[MsgId: MMSG-16999]
VerifyCMSSignatureByHash_withSignedReport.c(15): Error: HTTP status code 404 returned by the server	[MsgId: MERR-108974]
VerifyCMSSignatureByHash_withSignedReport.c(15): Error: SOAP request "VerifyCMSSignatureByHash_withSignedReport" execution failed	[MsgId: MERR-108964]
End auto log messages stack.	[MsgId: MMSG-10544]


Start auto log messages stack - Iteration 305.	[MsgId: MMSG-10545]
VerifyCMSSignatureDetached_withSignedReport.c(4): web_cleanup_auto_headers was successful  	[MsgId: MMSG-26392]
VerifyCMSSignatureDetached_withSignedReport.c(5): web_cleanup_cookies started  	[MsgId: MMSG-26355]
VerifyCMSSignatureDetached_withSignedReport.c(5): web_cleanup_cookies was successful  	[MsgId: MMSG-26392]
VerifyCMSSignatureDetached_withSignedReport.c(7): C:\LR_DATA\50k/VerifyCMSSignatureDetached_withSignedReport_13.xml	[MsgId: MMSG-17999]
VerifyCMSSignatureDetached_withSignedReport.c(10): Use file: {VerifyCMSSignatureDetached_withSignedReport_file}	[MsgId: MMSG-17999]
VerifyCMSSignatureDetached_withSignedReport.c(14): Notify: Transaction "VerifyCMSSignatureDetached_withSignedReport" started.	[MsgId: MMSG-16999]
VerifyCMSSignatureDetached_withSignedReport.c(15): Error: HTTP status code 404 returned by the server	[MsgId: MERR-108974]
VerifyCMSSignatureDetached_withSignedReport.c(15): Error: SOAP request "VerifyCMSSignatureDetached_withSignedReport" execution failed	[MsgId: MERR-108964]
End auto log messages stack.	[MsgId: MMSG-10544]


Start auto log messages stack - Iteration 306.	[MsgId: MMSG-10545]
VerifyCMSSignatureByHash_withSignedReport.c(4): web_cleanup_auto_headers was successful  	[MsgId: MMSG-26392]
VerifyCMSSignatureByHash_withSignedReport.c(5): web_cleanup_cookies started  	[MsgId: MMSG-26355]
VerifyCMSSignatureByHash_withSignedReport.c(5): web_cleanup_cookies was successful  	[MsgId: MMSG-26392]
VerifyCMSSignatureByHash_withSignedReport.c(7): C:\LR_DATA\50k/VerifyCMSSignatureByHash_withSignedReport_85.xml	[MsgId: MMSG-17999]
VerifyCMSSignatureByHash_withSignedReport.c(10): Use file: {VerifyCMSSignatureByHash_withSignedReport_file}	[MsgId: MMSG-17999]
VerifyCMSSignatureByHash_withSignedReport.c(14): Notify: Transaction "VerifyCMSSignatureByHash_withSignedReport" started.	[MsgId: MMSG-16999]
VerifyCMSSignatureByHash_withSignedReport.c(15): Error: HTTP status code 404 returned by the server	[MsgId: MERR-108974]
VerifyCMSSignatureByHash_withSignedReport.c(15): Error: SOAP request "VerifyCMSSignatureByHash_withSignedReport" execution failed	[MsgId: MERR-108964]
End auto log messages stack.	[MsgId: MMSG-10544]


Start auto log messages stack - Iteration 311.	[MsgId: MMSG-10545]
VerifyCADES_withSignedReport.c(4): web_cleanup_auto_headers started  	[MsgId: MMSG-26355]
VerifyCADES_withSignedReport.c(4): web_cleanup_auto_headers was successful  	[MsgId: MMSG-26392]
VerifyCADES_withSignedReport.c(5): web_cleanup_cookies started  	[MsgId: MMSG-26355]
VerifyCADES_withSignedReport.c(5): web_cleanup_cookies was successful  	[MsgId: MMSG-26392]
VerifyCADES_withSignedReport.c(7): C:\LR_DATA\50k/VerifyCADES_withSignedReport_47.xml	[MsgId: MMSG-17999]
VerifyCADES_withSignedReport.c(10): Use file: {VerifyCADES_withSignedReport_file}	[MsgId: MMSG-17999]
VerifyCADES_withSignedReport.c(14): Notify: Transaction "VerifyCADES_withSignedReport" started.	[MsgId: MMSG-16999]
VerifyCADES_withSignedReport.c(15): Error: HTTP status code 404 returned by the server	[MsgId: MERR-108974]
VerifyCADES_withSignedReport.c(15): Error: SOAP request "VerifyCADES_withSignedReport" execution failed	[MsgId: MERR-108964]
End auto log messages stack.	[MsgId: MMSG-10544]


Start auto log messages stack - Iteration 312.	[MsgId: MMSG-10545]
Starting action VerifyXML_simple.	[MsgId: MMSG-15919]
VerifyXML_simple.c(3): web_cache_cleanup started  	[MsgId: MMSG-26355]
VerifyXML_simple.c(3): web_cache_cleanup was successful  	[MsgId: MMSG-26392]
VerifyXML_simple.c(4): web_cleanup_auto_headers started  	[MsgId: MMSG-26355]
VerifyXML_simple.c(4): web_cleanup_auto_headers was successful  	[MsgId: MMSG-26392]
VerifyXML_simple.c(5): web_cleanup_cookies started  	[MsgId: MMSG-26355]
VerifyXML_simple.c(5): web_cleanup_cookies was successful  	[MsgId: MMSG-26392]
VerifyXML_simple.c(7): C:\LR_DATA\50k/VerifyXML_simple_8.xml	[MsgId: MMSG-17999]
VerifyXML_simple.c(10): Use file: {VerifyXML_simple_file}	[MsgId: MMSG-17999]
VerifyXML_simple.c(14): Notify: Transaction "VerifyXML_simple" started.	[MsgId: MMSG-16999]
VerifyXML_simple.c(15): Error: HTTP status code 404 returned by the server	[MsgId: MERR-108974]
VerifyXML_simple.c(15): Error: SOAP request "VerifyXML_simple" execution failed	[MsgId: MERR-108964]
End auto log messages stack.	[MsgId: MMSG-10544]


Start auto log messages stack - Iteration 313.	[MsgId: MMSG-10545]
VerifyPAdES_withSignedReport.c(4): web_cleanup_auto_headers started  	[MsgId: MMSG-26355]
VerifyPAdES_withSignedReport.c(4): web_cleanup_auto_headers was successful  	[MsgId: MMSG-26392]
VerifyPAdES_withSignedReport.c(5): web_cleanup_cookies started  	[MsgId: MMSG-26355]
VerifyPAdES_withSignedReport.c(5): web_cleanup_cookies was successful  	[MsgId: MMSG-26392]
VerifyPAdES_withSignedReport.c(7): C:\LR_DATA\50k/VerifyPAdES_withSignedReport_5.xml	[MsgId: MMSG-17999]
VerifyPAdES_withSignedReport.c(10): Use file: {VerifyPAdES_withSignedReport_file}	[MsgId: MMSG-17999]
VerifyPAdES_withSignedReport.c(13): Notify: Transaction "VerifyPAdES_withSignedReport" started.	[MsgId: MMSG-16999]
VerifyPAdES_withSignedReport.c(14): Error: HTTP status code 404 returned by the server	[MsgId: MERR-108974]
VerifyPAdES_withSignedReport.c(14): Error: SOAP request "VerifyPAdES_withSignedReporte" execution failed	[MsgId: MERR-108964]
End auto log messages stack.	[MsgId: MMSG-10544]


Start auto log messages stack - Iteration 314.	[MsgId: MMSG-10545]
VerifyCMSSignatureByHash_withSignedReport.c(4): web_cleanup_auto_headers was successful  	[MsgId: MMSG-26392]
VerifyCMSSignatureByHash_withSignedReport.c(5): web_cleanup_cookies started  	[MsgId: MMSG-26355]
VerifyCMSSignatureByHash_withSignedReport.c(5): web_cleanup_cookies was successful  	[MsgId: MMSG-26392]
VerifyCMSSignatureByHash_withSignedReport.c(7): C:\LR_DATA\50k/VerifyCMSSignatureByHash_withSignedReport_94.xml	[MsgId: MMSG-17999]
VerifyCMSSignatureByHash_withSignedReport.c(10): Use file: {VerifyCMSSignatureByHash_withSignedReport_file}	[MsgId: MMSG-17999]
VerifyCMSSignatureByHash_withSignedReport.c(14): Notify: Transaction "VerifyCMSSignatureByHash_withSignedReport" started.	[MsgId: MMSG-16999]
VerifyCMSSignatureByHash_withSignedReport.c(15): Error: HTTP status code 404 returned by the server	[MsgId: MERR-108974]
VerifyCMSSignatureByHash_withSignedReport.c(15): Error: SOAP request "VerifyCMSSignatureByHash_withSignedReport" execution failed	[MsgId: MERR-108964]
End auto log messages stack.	[MsgId: MMSG-10544]


Start auto log messages stack - Iteration 315.	[MsgId: MMSG-10545]
VerifyCMSSignatureByHash_withSignedReport.c(4): web_cleanup_auto_headers was successful  	[MsgId: MMSG-26392]
VerifyCMSSignatureByHash_withSignedReport.c(5): web_cleanup_cookies started  	[MsgId: MMSG-26355]
VerifyCMSSignatureByHash_withSignedReport.c(5): web_cleanup_cookies was successful  	[MsgId: MMSG-26392]
VerifyCMSSignatureByHash_withSignedReport.c(7): C:\LR_DATA\50k/VerifyCMSSignatureByHash_withSignedReport_92.xml	[MsgId: MMSG-17999]
VerifyCMSSignatureByHash_withSignedReport.c(10): Use file: {VerifyCMSSignatureByHash_withSignedReport_file}	[MsgId: MMSG-17999]
VerifyCMSSignatureByHash_withSignedReport.c(14): Notify: Transaction "VerifyCMSSignatureByHash_withSignedReport" started.	[MsgId: MMSG-16999]
VerifyCMSSignatureByHash_withSignedReport.c(15): Error: HTTP status code 404 returned by the server	[MsgId: MERR-108974]
VerifyCMSSignatureByHash_withSignedReport.c(15): Error: SOAP request "VerifyCMSSignatureByHash_withSignedReport" execution failed	[MsgId: MERR-108964]
End auto log messages stack.	[MsgId: MMSG-10544]


Start auto log messages stack - Iteration 316.	[MsgId: MMSG-10545]
VerifyXAdES_withSignedReport.c(4): web_cleanup_auto_headers started  	[MsgId: MMSG-26355]
VerifyXAdES_withSignedReport.c(4): web_cleanup_auto_headers was successful  	[MsgId: MMSG-26392]
VerifyXAdES_withSignedReport.c(5): web_cleanup_cookies started  	[MsgId: MMSG-26355]
VerifyXAdES_withSignedReport.c(5): web_cleanup_cookies was successful  	[MsgId: MMSG-26392]
VerifyXAdES_withSignedReport.c(7): C:\LR_DATA\50k/VerifyXAdES_withSignedReport_75.xml	[MsgId: MMSG-17999]
VerifyXAdES_withSignedReport.c(10): Use file: {VerifyXAdES_withSignedReport_file}	[MsgId: MMSG-17999]
VerifyXAdES_withSignedReport.c(14): Notify: Transaction "VerifyXAdES_withSignedReport" started.	[MsgId: MMSG-16999]
VerifyXAdES_withSignedReport.c(15): Error: HTTP status code 404 returned by the server	[MsgId: MERR-108974]
VerifyXAdES_withSignedReport.c(15): Error: SOAP request "VerifyXAdES_withSignedReport" execution failed	[MsgId: MERR-108964]
End auto log messages stack.	[MsgId: MMSG-10544]


Start auto log messages stack - Iteration 317.	[MsgId: MMSG-10545]
VerifyXAdES_withSignedReport.c(4): web_cleanup_auto_headers started  	[MsgId: MMSG-26355]
VerifyXAdES_withSignedReport.c(4): web_cleanup_auto_headers was successful  	[MsgId: MMSG-26392]
VerifyXAdES_withSignedReport.c(5): web_cleanup_cookies started  	[MsgId: MMSG-26355]
VerifyXAdES_withSignedReport.c(5): web_cleanup_cookies was successful  	[MsgId: MMSG-26392]
VerifyXAdES_withSignedReport.c(7): C:\LR_DATA\50k/VerifyXAdES_withSignedReport_31.xml	[MsgId: MMSG-17999]
VerifyXAdES_withSignedReport.c(10): Use file: {VerifyXAdES_withSignedReport_file}	[MsgId: MMSG-17999]
VerifyXAdES_withSignedReport.c(14): Notify: Transaction "VerifyXAdES_withSignedReport" started.	[MsgId: MMSG-16999]
VerifyXAdES_withSignedReport.c(15): Error: HTTP status code 404 returned by the server	[MsgId: MERR-108974]
VerifyXAdES_withSignedReport.c(15): Error: SOAP request "VerifyXAdES_withSignedReport" execution failed	[MsgId: MERR-108964]
End auto log messages stack.	[MsgId: MMSG-10544]


Start auto log messages stack - Iteration 318.	[MsgId: MMSG-10545]
VerifyCMSSignatureDetached_simple.c(4): web_cleanup_auto_headers started  	[MsgId: MMSG-26355]
VerifyCMSSignatureDetached_simple.c(4): web_cleanup_auto_headers was successful  	[MsgId: MMSG-26392]
VerifyCMSSignatureDetached_simple.c(5): web_cleanup_cookies started  	[MsgId: MMSG-26355]
VerifyCMSSignatureDetached_simple.c(5): web_cleanup_cookies was successful  	[MsgId: MMSG-26392]
VerifyCMSSignatureDetached_simple.c(7): C:\LR_DATA\50k/VerifyCMSSignatureDetached_simple_74.xml	[MsgId: MMSG-17999]
VerifyCMSSignatureDetached_simple.c(10): Use file: {VerifyCMSSignatureDetached_simple_file}	[MsgId: MMSG-17999]
VerifyCMSSignatureDetached_simple.c(14): Notify: Transaction "VerifyCMSSignatureDetached_simple" started.	[MsgId: MMSG-16999]
VerifyCMSSignatureDetached_simple.c(15): Error: HTTP status code 404 returned by the server	[MsgId: MERR-108974]
VerifyCMSSignatureDetached_simple.c(15): Error: SOAP request "VerifyCMSSignatureDetached_simple" execution failed	[MsgId: MERR-108964]
End auto log messages stack.	[MsgId: MMSG-10544]


Start auto log messages stack - Iteration 328.	[MsgId: MMSG-10545]
VerifyCMSSignatureDetached_withSignedReport.c(4): web_cleanup_auto_headers was successful  	[MsgId: MMSG-26392]
VerifyCMSSignatureDetached_withSignedReport.c(5): web_cleanup_cookies started  	[MsgId: MMSG-26355]
VerifyCMSSignatureDetached_withSignedReport.c(5): web_cleanup_cookies was successful  	[MsgId: MMSG-26392]
VerifyCMSSignatureDetached_withSignedReport.c(7): C:\LR_DATA\50k/VerifyCMSSignatureDetached_withSignedReport_47.xml	[MsgId: MMSG-17999]
VerifyCMSSignatureDetached_withSignedReport.c(10): Use file: {VerifyCMSSignatureDetached_withSignedReport_file}	[MsgId: MMSG-17999]
VerifyCMSSignatureDetached_withSignedReport.c(14): Notify: Transaction "VerifyCMSSignatureDetached_withSignedReport" started.	[MsgId: MMSG-16999]
VerifyCMSSignatureDetached_withSignedReport.c(15): Error: HTTP status code 404 returned by the server	[MsgId: MERR-108974]
VerifyCMSSignatureDetached_withSignedReport.c(15): Error: SOAP request "VerifyCMSSignatureDetached_withSignedReport" execution failed	[MsgId: MERR-108964]
End auto log messages stack.	[MsgId: MMSG-10544]


