Start auto log messages stack - Iteration 21.	[MsgId: MMSG-10545]
VerifyXML_withSignedReport.c(3): web_cache_cleanup was successful  	[MsgId: MMSG-26392]
VerifyXML_withSignedReport.c(4): web_cleanup_auto_headers started  	[MsgId: MMSG-26355]
VerifyXML_withSignedReport.c(4): web_cleanup_auto_headers was successful  	[MsgId: MMSG-26392]
VerifyXML_withSignedReport.c(5): web_cleanup_cookies started  	[MsgId: MMSG-26355]
VerifyXML_withSignedReport.c(5): web_cleanup_cookies was successful  	[MsgId: MMSG-26392]
VerifyXML_withSignedReport.c(7): C:\LR_DATA\300k/VerifyXML_withSignedReport_196.xml	[MsgId: MMSG-17999]
VerifyXML_withSignedReport.c(10): Use file: {VerifyXML_withSignedReport_file}	[MsgId: MMSG-17999]
VerifyXML_withSignedReport.c(14): Notify: Transaction "VerifyXML_withSignedReport" started.	[MsgId: MMSG-16999]
VerifyXML_withSignedReport.c(15): Error: HTTP status code 404 returned by the server	[MsgId: MERR-108974]
VerifyXML_withSignedReport.c(15): Error: SOAP request "VerifyXML_withSignedReport" execution failed	[MsgId: MERR-108964]
End auto log messages stack.	[MsgId: MMSG-10544]


Start auto log messages stack - Iteration 266.	[MsgId: MMSG-10545]
VerifyPAdES_simple.c(3): web_cache_cleanup started  	[MsgId: MMSG-26355]
VerifyPAdES_simple.c(3): web_cache_cleanup was successful  	[MsgId: MMSG-26392]
VerifyPAdES_simple.c(4): web_cleanup_auto_headers started  	[MsgId: MMSG-26355]
VerifyPAdES_simple.c(4): web_cleanup_auto_headers was successful  	[MsgId: MMSG-26392]
VerifyPAdES_simple.c(5): web_cleanup_cookies started  	[MsgId: MMSG-26355]
VerifyPAdES_simple.c(5): web_cleanup_cookies was successful  	[MsgId: MMSG-26392]
VerifyPAdES_simple.c(7): C:\LR_DATA\300k/VerifyPAdES_simple_241.xml	[MsgId: MMSG-17999]
VerifyPAdES_simple.c(10): Use file: {VerifyPAdES_simple_file}	[MsgId: MMSG-17999]
VerifyPAdES_simple.c(14): Notify: Transaction "VerifyPAdES_simple" started.	[MsgId: MMSG-16999]
VerifyPAdES_simple.c(15): Error: HTTP status code 404 returned by the server	[MsgId: MERR-108974]
VerifyPAdES_simple.c(15): Error: SOAP request "VerifyPAdES_simple" execution failed	[MsgId: MERR-108964]
End auto log messages stack.	[MsgId: MMSG-10544]


Start auto log messages stack - Iteration 403.	[MsgId: MMSG-10545]
VerifyCADES_simple.c(3): web_cache_cleanup started  	[MsgId: MMSG-26355]
VerifyCADES_simple.c(3): web_cache_cleanup was successful  	[MsgId: MMSG-26392]
VerifyCADES_simple.c(4): web_cleanup_auto_headers started  	[MsgId: MMSG-26355]
VerifyCADES_simple.c(4): web_cleanup_auto_headers was successful  	[MsgId: MMSG-26392]
VerifyCADES_simple.c(5): web_cleanup_cookies started  	[MsgId: MMSG-26355]
VerifyCADES_simple.c(5): web_cleanup_cookies was successful  	[MsgId: MMSG-26392]
VerifyCADES_simple.c(7): C:\LR_DATA\300k/VerifyCADES_simple_89.xml	[MsgId: MMSG-17999]
VerifyCADES_simple.c(10): Use file: {VerifyCADES_simple_file}	[MsgId: MMSG-17999]
VerifyCADES_simple.c(14): Notify: Transaction "VerifyCADES_simple" started.	[MsgId: MMSG-16999]
VerifyCADES_simple.c(15): Error: HTTP status code 404 returned by the server	[MsgId: MERR-108974]
VerifyCADES_simple.c(15): Error: SOAP request "VerifyCADES_simple" execution failed	[MsgId: MERR-108964]
End auto log messages stack.	[MsgId: MMSG-10544]


Start auto log messages stack - Iteration 404.	[MsgId: MMSG-10545]
VerifyCMSSignature_withSignedReport.c(4): web_cleanup_auto_headers started  	[MsgId: MMSG-26355]
VerifyCMSSignature_withSignedReport.c(4): web_cleanup_auto_headers was successful  	[MsgId: MMSG-26392]
VerifyCMSSignature_withSignedReport.c(5): web_cleanup_cookies started  	[MsgId: MMSG-26355]
VerifyCMSSignature_withSignedReport.c(5): web_cleanup_cookies was successful  	[MsgId: MMSG-26392]
VerifyCMSSignature_withSignedReport.c(7): C:\LR_DATA\300k/VerifyCMSSignature_withSignedReport_308.xml	[MsgId: MMSG-17999]
VerifyCMSSignature_withSignedReport.c(10): Use file: {VerifyCMSSignature_withSignedReport_file}	[MsgId: MMSG-17999]
VerifyCMSSignature_withSignedReport.c(13): Notify: Transaction "VerifyCMSSignature_withSignedReport" started.	[MsgId: MMSG-16999]
VerifyCMSSignature_withSignedReport.c(14): Error: HTTP status code 404 returned by the server	[MsgId: MERR-108974]
VerifyCMSSignature_withSignedReport.c(14): Error: SOAP request "VerifyCMSSignature_withSignedReport" execution failed	[MsgId: MERR-108964]
End auto log messages stack.	[MsgId: MMSG-10544]


Start auto log messages stack - Iteration 405.	[MsgId: MMSG-10545]
VerifyCMSSignatureByHash_withSignedReport.c(4): web_cleanup_auto_headers was successful  	[MsgId: MMSG-26392]
VerifyCMSSignatureByHash_withSignedReport.c(5): web_cleanup_cookies started  	[MsgId: MMSG-26355]
VerifyCMSSignatureByHash_withSignedReport.c(5): web_cleanup_cookies was successful  	[MsgId: MMSG-26392]
VerifyCMSSignatureByHash_withSignedReport.c(7): C:\LR_DATA\300k/VerifyCMSSignatureByHash_withSignedReport_41.xml	[MsgId: MMSG-17999]
VerifyCMSSignatureByHash_withSignedReport.c(10): Use file: {VerifyCMSSignatureByHash_withSignedReport_file}	[MsgId: MMSG-17999]
VerifyCMSSignatureByHash_withSignedReport.c(14): Notify: Transaction "VerifyCMSSignatureByHash_withSignedReport" started.	[MsgId: MMSG-16999]
VerifyCMSSignatureByHash_withSignedReport.c(15): Error: HTTP status code 404 returned by the server	[MsgId: MERR-108974]
VerifyCMSSignatureByHash_withSignedReport.c(15): Error: SOAP request "VerifyCMSSignatureByHash_withSignedReport" execution failed	[MsgId: MERR-108964]
End auto log messages stack.	[MsgId: MMSG-10544]


Start auto log messages stack - Iteration 407.	[MsgId: MMSG-10545]
VerifyCMSSignatureByHash_withSignedReport.c(4): web_cleanup_auto_headers was successful  	[MsgId: MMSG-26392]
VerifyCMSSignatureByHash_withSignedReport.c(5): web_cleanup_cookies started  	[MsgId: MMSG-26355]
VerifyCMSSignatureByHash_withSignedReport.c(5): web_cleanup_cookies was successful  	[MsgId: MMSG-26392]
VerifyCMSSignatureByHash_withSignedReport.c(7): C:\LR_DATA\300k/VerifyCMSSignatureByHash_withSignedReport_139.xml	[MsgId: MMSG-17999]
VerifyCMSSignatureByHash_withSignedReport.c(10): Use file: {VerifyCMSSignatureByHash_withSignedReport_file}	[MsgId: MMSG-17999]
VerifyCMSSignatureByHash_withSignedReport.c(14): Notify: Transaction "VerifyCMSSignatureByHash_withSignedReport" started.	[MsgId: MMSG-16999]
VerifyCMSSignatureByHash_withSignedReport.c(15): Error: HTTP status code 404 returned by the server	[MsgId: MERR-108974]
VerifyCMSSignatureByHash_withSignedReport.c(15): Error: SOAP request "VerifyCMSSignatureByHash_withSignedReport" execution failed	[MsgId: MERR-108964]
End auto log messages stack.	[MsgId: MMSG-10544]


Start auto log messages stack - Iteration 408.	[MsgId: MMSG-10545]
VerifyCMSSignature_withSignedReport.c(4): web_cleanup_auto_headers started  	[MsgId: MMSG-26355]
VerifyCMSSignature_withSignedReport.c(4): web_cleanup_auto_headers was successful  	[MsgId: MMSG-26392]
VerifyCMSSignature_withSignedReport.c(5): web_cleanup_cookies started  	[MsgId: MMSG-26355]
VerifyCMSSignature_withSignedReport.c(5): web_cleanup_cookies was successful  	[MsgId: MMSG-26392]
VerifyCMSSignature_withSignedReport.c(7): C:\LR_DATA\300k/VerifyCMSSignature_withSignedReport_227.xml	[MsgId: MMSG-17999]
VerifyCMSSignature_withSignedReport.c(10): Use file: {VerifyCMSSignature_withSignedReport_file}	[MsgId: MMSG-17999]
VerifyCMSSignature_withSignedReport.c(13): Notify: Transaction "VerifyCMSSignature_withSignedReport" started.	[MsgId: MMSG-16999]
VerifyCMSSignature_withSignedReport.c(14): Error: HTTP status code 404 returned by the server	[MsgId: MERR-108974]
VerifyCMSSignature_withSignedReport.c(14): Error: SOAP request "VerifyCMSSignature_withSignedReport" execution failed	[MsgId: MERR-108964]
End auto log messages stack.	[MsgId: MMSG-10544]


Start auto log messages stack - Iteration 410.	[MsgId: MMSG-10545]
VerifyCMSSignature_simple.c(3): web_cache_cleanup was successful  	[MsgId: MMSG-26392]
VerifyCMSSignature_simple.c(4): web_cleanup_auto_headers started  	[MsgId: MMSG-26355]
VerifyCMSSignature_simple.c(4): web_cleanup_auto_headers was successful  	[MsgId: MMSG-26392]
VerifyCMSSignature_simple.c(5): web_cleanup_cookies started  	[MsgId: MMSG-26355]
VerifyCMSSignature_simple.c(5): web_cleanup_cookies was successful  	[MsgId: MMSG-26392]
VerifyCMSSignature_simple.c(7): C:\LR_DATA\300k/VerifyCMSSignature_simple_142.xml	[MsgId: MMSG-17999]
VerifyCMSSignature_simple.c(10): Use file: {VerifyCMSSignature_simple_file}	[MsgId: MMSG-17999]
VerifyCMSSignature_simple.c(14): Notify: Transaction "VerifyCMSSignature_simple" started.	[MsgId: MMSG-16999]
VerifyCMSSignature_simple.c(16): Error: HTTP status code 404 returned by the server	[MsgId: MERR-108974]
VerifyCMSSignature_simple.c(16): Error: SOAP request "VerifyCMSSignature_simple" execution failed	[MsgId: MERR-108964]
End auto log messages stack.	[MsgId: MMSG-10544]


Start auto log messages stack - Iteration 412.	[MsgId: MMSG-10545]
VerifyXAdES_withSignedReport.c(4): web_cleanup_auto_headers started  	[MsgId: MMSG-26355]
VerifyXAdES_withSignedReport.c(4): web_cleanup_auto_headers was successful  	[MsgId: MMSG-26392]
VerifyXAdES_withSignedReport.c(5): web_cleanup_cookies started  	[MsgId: MMSG-26355]
VerifyXAdES_withSignedReport.c(5): web_cleanup_cookies was successful  	[MsgId: MMSG-26392]
VerifyXAdES_withSignedReport.c(7): C:\LR_DATA\300k/VerifyXAdES_withSignedReport_59.xml	[MsgId: MMSG-17999]
VerifyXAdES_withSignedReport.c(10): Use file: {VerifyXAdES_withSignedReport_file}	[MsgId: MMSG-17999]
VerifyXAdES_withSignedReport.c(14): Notify: Transaction "VerifyXAdES_withSignedReport" started.	[MsgId: MMSG-16999]
VerifyXAdES_withSignedReport.c(15): Error: HTTP status code 404 returned by the server	[MsgId: MERR-108974]
VerifyXAdES_withSignedReport.c(15): Error: SOAP request "VerifyXAdES_withSignedReport" execution failed	[MsgId: MERR-108964]
End auto log messages stack.	[MsgId: MMSG-10544]


Start auto log messages stack - Iteration 413.	[MsgId: MMSG-10545]
VerifyCMSSignatureByHash_withSignedReport.c(4): web_cleanup_auto_headers was successful  	[MsgId: MMSG-26392]
VerifyCMSSignatureByHash_withSignedReport.c(5): web_cleanup_cookies started  	[MsgId: MMSG-26355]
VerifyCMSSignatureByHash_withSignedReport.c(5): web_cleanup_cookies was successful  	[MsgId: MMSG-26392]
VerifyCMSSignatureByHash_withSignedReport.c(7): C:\LR_DATA\300k/VerifyCMSSignatureByHash_withSignedReport_105.xml	[MsgId: MMSG-17999]
VerifyCMSSignatureByHash_withSignedReport.c(10): Use file: {VerifyCMSSignatureByHash_withSignedReport_file}	[MsgId: MMSG-17999]
VerifyCMSSignatureByHash_withSignedReport.c(14): Notify: Transaction "VerifyCMSSignatureByHash_withSignedReport" started.	[MsgId: MMSG-16999]
VerifyCMSSignatureByHash_withSignedReport.c(15): Error: HTTP status code 404 returned by the server	[MsgId: MERR-108974]
VerifyCMSSignatureByHash_withSignedReport.c(15): Error: SOAP request "VerifyCMSSignatureByHash_withSignedReport" execution failed	[MsgId: MERR-108964]
End auto log messages stack.	[MsgId: MMSG-10544]


Start auto log messages stack - Iteration 414.	[MsgId: MMSG-10545]
VerifyCMSSignatureDetached_simple.c(4): web_cleanup_auto_headers started  	[MsgId: MMSG-26355]
VerifyCMSSignatureDetached_simple.c(4): web_cleanup_auto_headers was successful  	[MsgId: MMSG-26392]
VerifyCMSSignatureDetached_simple.c(5): web_cleanup_cookies started  	[MsgId: MMSG-26355]
VerifyCMSSignatureDetached_simple.c(5): web_cleanup_cookies was successful  	[MsgId: MMSG-26392]
VerifyCMSSignatureDetached_simple.c(7): C:\LR_DATA\300k/VerifyCMSSignatureDetached_simple_278.xml	[MsgId: MMSG-17999]
VerifyCMSSignatureDetached_simple.c(10): Use file: {VerifyCMSSignatureDetached_simple_file}	[MsgId: MMSG-17999]
VerifyCMSSignatureDetached_simple.c(14): Notify: Transaction "VerifyCMSSignatureDetached_simple" started.	[MsgId: MMSG-16999]
VerifyCMSSignatureDetached_simple.c(15): Error: HTTP status code 404 returned by the server	[MsgId: MERR-108974]
VerifyCMSSignatureDetached_simple.c(15): Error: SOAP request "VerifyCMSSignatureDetached_simple" execution failed	[MsgId: MERR-108964]
End auto log messages stack.	[MsgId: MMSG-10544]


Start auto log messages stack - Iteration 285.	[MsgId: MMSG-10545]
VerifyXML_withSignedReport.c(3): web_cache_cleanup was successful  	[MsgId: MMSG-26392]
VerifyXML_withSignedReport.c(4): web_cleanup_auto_headers started  	[MsgId: MMSG-26355]
VerifyXML_withSignedReport.c(4): web_cleanup_auto_headers was successful  	[MsgId: MMSG-26392]
VerifyXML_withSignedReport.c(5): web_cleanup_cookies started  	[MsgId: MMSG-26355]
VerifyXML_withSignedReport.c(5): web_cleanup_cookies was successful  	[MsgId: MMSG-26392]
VerifyXML_withSignedReport.c(7): C:\LR_DATA\300k/VerifyXML_withSignedReport_62.xml	[MsgId: MMSG-17999]
VerifyXML_withSignedReport.c(10): Use file: {VerifyXML_withSignedReport_file}	[MsgId: MMSG-17999]
VerifyXML_withSignedReport.c(14): Notify: Transaction "VerifyXML_withSignedReport" started.	[MsgId: MMSG-16999]
VerifyXML_withSignedReport.c(15): Error: HTTP status code 404 returned by the server	[MsgId: MERR-108974]
VerifyXML_withSignedReport.c(15): Error: SOAP request "VerifyXML_withSignedReport" execution failed	[MsgId: MERR-108964]
End auto log messages stack.	[MsgId: MMSG-10544]


Start auto log messages stack - Iteration 287.	[MsgId: MMSG-10545]
VerifyXML_withSignedReport.c(3): web_cache_cleanup was successful  	[MsgId: MMSG-26392]
VerifyXML_withSignedReport.c(4): web_cleanup_auto_headers started  	[MsgId: MMSG-26355]
VerifyXML_withSignedReport.c(4): web_cleanup_auto_headers was successful  	[MsgId: MMSG-26392]
VerifyXML_withSignedReport.c(5): web_cleanup_cookies started  	[MsgId: MMSG-26355]
VerifyXML_withSignedReport.c(5): web_cleanup_cookies was successful  	[MsgId: MMSG-26392]
VerifyXML_withSignedReport.c(7): C:\LR_DATA\300k/VerifyXML_withSignedReport_344.xml	[MsgId: MMSG-17999]
VerifyXML_withSignedReport.c(10): Use file: {VerifyXML_withSignedReport_file}	[MsgId: MMSG-17999]
VerifyXML_withSignedReport.c(14): Notify: Transaction "VerifyXML_withSignedReport" started.	[MsgId: MMSG-16999]
VerifyXML_withSignedReport.c(15): Error: HTTP status code 404 returned by the server	[MsgId: MERR-108974]
VerifyXML_withSignedReport.c(15): Error: SOAP request "VerifyXML_withSignedReport" execution failed	[MsgId: MERR-108964]
End auto log messages stack.	[MsgId: MMSG-10544]


Start auto log messages stack - Iteration 288.	[MsgId: MMSG-10545]
VerifyCMSSignatureByHash_simple.c(4): web_cleanup_auto_headers started  	[MsgId: MMSG-26355]
VerifyCMSSignatureByHash_simple.c(4): web_cleanup_auto_headers was successful  	[MsgId: MMSG-26392]
VerifyCMSSignatureByHash_simple.c(5): web_cleanup_cookies started  	[MsgId: MMSG-26355]
VerifyCMSSignatureByHash_simple.c(5): web_cleanup_cookies was successful  	[MsgId: MMSG-26392]
VerifyCMSSignatureByHash_simple.c(7): C:\LR_DATA\300k/VerifyCMSSignatureByHash_simple_235.xml	[MsgId: MMSG-17999]
VerifyCMSSignatureByHash_simple.c(10): Use file: {VerifyCMSSignatureByHash_simple_file}	[MsgId: MMSG-17999]
VerifyCMSSignatureByHash_simple.c(13): Notify: Transaction "VerifyCMSSignatureByHash_simple" started.	[MsgId: MMSG-16999]
VerifyCMSSignatureByHash_simple.c(14): Error: HTTP status code 404 returned by the server	[MsgId: MERR-108974]
VerifyCMSSignatureByHash_simple.c(14): Error: SOAP request "VerifyCMSSignatureByHash_simple" execution failed	[MsgId: MERR-108964]
End auto log messages stack.	[MsgId: MMSG-10544]


Start auto log messages stack - Iteration 290.	[MsgId: MMSG-10545]
VerifyXML_withSignedReport.c(3): web_cache_cleanup was successful  	[MsgId: MMSG-26392]
VerifyXML_withSignedReport.c(4): web_cleanup_auto_headers started  	[MsgId: MMSG-26355]
VerifyXML_withSignedReport.c(4): web_cleanup_auto_headers was successful  	[MsgId: MMSG-26392]
VerifyXML_withSignedReport.c(5): web_cleanup_cookies started  	[MsgId: MMSG-26355]
VerifyXML_withSignedReport.c(5): web_cleanup_cookies was successful  	[MsgId: MMSG-26392]
VerifyXML_withSignedReport.c(7): C:\LR_DATA\300k/VerifyXML_withSignedReport_394.xml	[MsgId: MMSG-17999]
VerifyXML_withSignedReport.c(10): Use file: {VerifyXML_withSignedReport_file}	[MsgId: MMSG-17999]
VerifyXML_withSignedReport.c(14): Notify: Transaction "VerifyXML_withSignedReport" started.	[MsgId: MMSG-16999]
VerifyXML_withSignedReport.c(15): Error: HTTP status code 404 returned by the server	[MsgId: MERR-108974]
VerifyXML_withSignedReport.c(15): Error: SOAP request "VerifyXML_withSignedReport" execution failed	[MsgId: MERR-108964]
End auto log messages stack.	[MsgId: MMSG-10544]


Start auto log messages stack - Iteration 291.	[MsgId: MMSG-10545]
VerifyCADES_simple.c(3): web_cache_cleanup started  	[MsgId: MMSG-26355]
VerifyCADES_simple.c(3): web_cache_cleanup was successful  	[MsgId: MMSG-26392]
VerifyCADES_simple.c(4): web_cleanup_auto_headers started  	[MsgId: MMSG-26355]
VerifyCADES_simple.c(4): web_cleanup_auto_headers was successful  	[MsgId: MMSG-26392]
VerifyCADES_simple.c(5): web_cleanup_cookies started  	[MsgId: MMSG-26355]
VerifyCADES_simple.c(5): web_cleanup_cookies was successful  	[MsgId: MMSG-26392]
VerifyCADES_simple.c(7): C:\LR_DATA\300k/VerifyCADES_simple_44.xml	[MsgId: MMSG-17999]
VerifyCADES_simple.c(10): Use file: {VerifyCADES_simple_file}	[MsgId: MMSG-17999]
VerifyCADES_simple.c(14): Notify: Transaction "VerifyCADES_simple" started.	[MsgId: MMSG-16999]
VerifyCADES_simple.c(15): Error: HTTP status code 404 returned by the server	[MsgId: MERR-108974]
VerifyCADES_simple.c(15): Error: SOAP request "VerifyCADES_simple" execution failed	[MsgId: MERR-108964]
End auto log messages stack.	[MsgId: MMSG-10544]


Start auto log messages stack - Iteration 292.	[MsgId: MMSG-10545]
VerifyPAdES_withSignedReport.c(4): web_cleanup_auto_headers started  	[MsgId: MMSG-26355]
VerifyPAdES_withSignedReport.c(4): web_cleanup_auto_headers was successful  	[MsgId: MMSG-26392]
VerifyPAdES_withSignedReport.c(5): web_cleanup_cookies started  	[MsgId: MMSG-26355]
VerifyPAdES_withSignedReport.c(5): web_cleanup_cookies was successful  	[MsgId: MMSG-26392]
VerifyPAdES_withSignedReport.c(7): C:\LR_DATA\300k/VerifyPAdES_withSignedReport_390.xml	[MsgId: MMSG-17999]
VerifyPAdES_withSignedReport.c(10): Use file: {VerifyPAdES_withSignedReport_file}	[MsgId: MMSG-17999]
VerifyPAdES_withSignedReport.c(13): Notify: Transaction "VerifyPAdES_withSignedReport" started.	[MsgId: MMSG-16999]
VerifyPAdES_withSignedReport.c(14): Error: HTTP status code 404 returned by the server	[MsgId: MERR-108974]
VerifyPAdES_withSignedReport.c(14): Error: SOAP request "VerifyPAdES_withSignedReporte" execution failed	[MsgId: MERR-108964]
End auto log messages stack.	[MsgId: MMSG-10544]


Start auto log messages stack - Iteration 293.	[MsgId: MMSG-10545]
VerifyCMSSignatureDetached_simple.c(4): web_cleanup_auto_headers started  	[MsgId: MMSG-26355]
VerifyCMSSignatureDetached_simple.c(4): web_cleanup_auto_headers was successful  	[MsgId: MMSG-26392]
VerifyCMSSignatureDetached_simple.c(5): web_cleanup_cookies started  	[MsgId: MMSG-26355]
VerifyCMSSignatureDetached_simple.c(5): web_cleanup_cookies was successful  	[MsgId: MMSG-26392]
VerifyCMSSignatureDetached_simple.c(7): C:\LR_DATA\300k/VerifyCMSSignatureDetached_simple_128.xml	[MsgId: MMSG-17999]
VerifyCMSSignatureDetached_simple.c(10): Use file: {VerifyCMSSignatureDetached_simple_file}	[MsgId: MMSG-17999]
VerifyCMSSignatureDetached_simple.c(14): Notify: Transaction "VerifyCMSSignatureDetached_simple" started.	[MsgId: MMSG-16999]
VerifyCMSSignatureDetached_simple.c(15): Error: HTTP status code 404 returned by the server	[MsgId: MERR-108974]
VerifyCMSSignatureDetached_simple.c(15): Error: SOAP request "VerifyCMSSignatureDetached_simple" execution failed	[MsgId: MERR-108964]
End auto log messages stack.	[MsgId: MMSG-10544]


Start auto log messages stack - Iteration 294.	[MsgId: MMSG-10545]
VerifyPAdES_withSignedReport.c(4): web_cleanup_auto_headers started  	[MsgId: MMSG-26355]
VerifyPAdES_withSignedReport.c(4): web_cleanup_auto_headers was successful  	[MsgId: MMSG-26392]
VerifyPAdES_withSignedReport.c(5): web_cleanup_cookies started  	[MsgId: MMSG-26355]
VerifyPAdES_withSignedReport.c(5): web_cleanup_cookies was successful  	[MsgId: MMSG-26392]
VerifyPAdES_withSignedReport.c(7): C:\LR_DATA\300k/VerifyPAdES_withSignedReport_178.xml	[MsgId: MMSG-17999]
VerifyPAdES_withSignedReport.c(10): Use file: {VerifyPAdES_withSignedReport_file}	[MsgId: MMSG-17999]
VerifyPAdES_withSignedReport.c(13): Notify: Transaction "VerifyPAdES_withSignedReport" started.	[MsgId: MMSG-16999]
VerifyPAdES_withSignedReport.c(14): Error: HTTP status code 404 returned by the server	[MsgId: MERR-108974]
VerifyPAdES_withSignedReport.c(14): Error: SOAP request "VerifyPAdES_withSignedReporte" execution failed	[MsgId: MERR-108964]
End auto log messages stack.	[MsgId: MMSG-10544]


Start auto log messages stack - Iteration 295.	[MsgId: MMSG-10545]
Starting action VerifyXML_simple.	[MsgId: MMSG-15919]
VerifyXML_simple.c(3): web_cache_cleanup started  	[MsgId: MMSG-26355]
VerifyXML_simple.c(3): web_cache_cleanup was successful  	[MsgId: MMSG-26392]
VerifyXML_simple.c(4): web_cleanup_auto_headers started  	[MsgId: MMSG-26355]
VerifyXML_simple.c(4): web_cleanup_auto_headers was successful  	[MsgId: MMSG-26392]
VerifyXML_simple.c(5): web_cleanup_cookies started  	[MsgId: MMSG-26355]
VerifyXML_simple.c(5): web_cleanup_cookies was successful  	[MsgId: MMSG-26392]
VerifyXML_simple.c(7): C:\LR_DATA\300k/VerifyXML_simple_274.xml	[MsgId: MMSG-17999]
VerifyXML_simple.c(10): Use file: {VerifyXML_simple_file}	[MsgId: MMSG-17999]
VerifyXML_simple.c(14): Notify: Transaction "VerifyXML_simple" started.	[MsgId: MMSG-16999]
VerifyXML_simple.c(15): Error: HTTP status code 404 returned by the server	[MsgId: MERR-108974]
VerifyXML_simple.c(15): Error: SOAP request "VerifyXML_simple" execution failed	[MsgId: MERR-108964]
End auto log messages stack.	[MsgId: MMSG-10544]


Start auto log messages stack - Iteration 297.	[MsgId: MMSG-10545]
VerifyXAdES_simple.c(3): web_cache_cleanup started  	[MsgId: MMSG-26355]
VerifyXAdES_simple.c(3): web_cache_cleanup was successful  	[MsgId: MMSG-26392]
VerifyXAdES_simple.c(4): web_cleanup_auto_headers started  	[MsgId: MMSG-26355]
VerifyXAdES_simple.c(4): web_cleanup_auto_headers was successful  	[MsgId: MMSG-26392]
VerifyXAdES_simple.c(5): web_cleanup_cookies started  	[MsgId: MMSG-26355]
VerifyXAdES_simple.c(5): web_cleanup_cookies was successful  	[MsgId: MMSG-26392]
VerifyXAdES_simple.c(7): C:\LR_DATA\300k/VerifyXAdES_simple_4.xml	[MsgId: MMSG-17999]
VerifyXAdES_simple.c(10): Use file: {VerifyXAdES_simple_file}	[MsgId: MMSG-17999]
VerifyXAdES_simple.c(14): Notify: Transaction "VerifyXAdES_simple" started.	[MsgId: MMSG-16999]
VerifyXAdES_simple.c(15): Error: HTTP status code 404 returned by the server	[MsgId: MERR-108974]
VerifyXAdES_simple.c(15): Error: SOAP request "VerifyXAdES_simple" execution failed	[MsgId: MERR-108964]
End auto log messages stack.	[MsgId: MMSG-10544]


Start auto log messages stack - Iteration 299.	[MsgId: MMSG-10545]
VerifyXML_withSignedReport.c(3): web_cache_cleanup was successful  	[MsgId: MMSG-26392]
VerifyXML_withSignedReport.c(4): web_cleanup_auto_headers started  	[MsgId: MMSG-26355]
VerifyXML_withSignedReport.c(4): web_cleanup_auto_headers was successful  	[MsgId: MMSG-26392]
VerifyXML_withSignedReport.c(5): web_cleanup_cookies started  	[MsgId: MMSG-26355]
VerifyXML_withSignedReport.c(5): web_cleanup_cookies was successful  	[MsgId: MMSG-26392]
VerifyXML_withSignedReport.c(7): C:\LR_DATA\300k/VerifyXML_withSignedReport_146.xml	[MsgId: MMSG-17999]
VerifyXML_withSignedReport.c(10): Use file: {VerifyXML_withSignedReport_file}	[MsgId: MMSG-17999]
VerifyXML_withSignedReport.c(14): Notify: Transaction "VerifyXML_withSignedReport" started.	[MsgId: MMSG-16999]
VerifyXML_withSignedReport.c(15): Error: HTTP status code 404 returned by the server	[MsgId: MERR-108974]
VerifyXML_withSignedReport.c(15): Error: SOAP request "VerifyXML_withSignedReport" execution failed	[MsgId: MERR-108964]
End auto log messages stack.	[MsgId: MMSG-10544]


Start auto log messages stack - Iteration 300.	[MsgId: MMSG-10545]
VerifyCMSSignature_withSignedReport.c(4): web_cleanup_auto_headers started  	[MsgId: MMSG-26355]
VerifyCMSSignature_withSignedReport.c(4): web_cleanup_auto_headers was successful  	[MsgId: MMSG-26392]
VerifyCMSSignature_withSignedReport.c(5): web_cleanup_cookies started  	[MsgId: MMSG-26355]
VerifyCMSSignature_withSignedReport.c(5): web_cleanup_cookies was successful  	[MsgId: MMSG-26392]
VerifyCMSSignature_withSignedReport.c(7): C:\LR_DATA\300k/VerifyCMSSignature_withSignedReport_389.xml	[MsgId: MMSG-17999]
VerifyCMSSignature_withSignedReport.c(10): Use file: {VerifyCMSSignature_withSignedReport_file}	[MsgId: MMSG-17999]
VerifyCMSSignature_withSignedReport.c(13): Notify: Transaction "VerifyCMSSignature_withSignedReport" started.	[MsgId: MMSG-16999]
VerifyCMSSignature_withSignedReport.c(14): Error: HTTP status code 404 returned by the server	[MsgId: MERR-108974]
VerifyCMSSignature_withSignedReport.c(14): Error: SOAP request "VerifyCMSSignature_withSignedReport" execution failed	[MsgId: MERR-108964]
End auto log messages stack.	[MsgId: MMSG-10544]


Start auto log messages stack - Iteration 301.	[MsgId: MMSG-10545]
VerifyCMSSignatureDetached_withSignedReport.c(4): web_cleanup_auto_headers was successful  	[MsgId: MMSG-26392]
VerifyCMSSignatureDetached_withSignedReport.c(5): web_cleanup_cookies started  	[MsgId: MMSG-26355]
VerifyCMSSignatureDetached_withSignedReport.c(5): web_cleanup_cookies was successful  	[MsgId: MMSG-26392]
VerifyCMSSignatureDetached_withSignedReport.c(7): C:\LR_DATA\300k/VerifyCMSSignatureDetached_withSignedReport_167.xml	[MsgId: MMSG-17999]
VerifyCMSSignatureDetached_withSignedReport.c(10): Use file: {VerifyCMSSignatureDetached_withSignedReport_file}	[MsgId: MMSG-17999]
VerifyCMSSignatureDetached_withSignedReport.c(14): Notify: Transaction "VerifyCMSSignatureDetached_withSignedReport" started.	[MsgId: MMSG-16999]
VerifyCMSSignatureDetached_withSignedReport.c(15): Error: HTTP status code 404 returned by the server	[MsgId: MERR-108974]
VerifyCMSSignatureDetached_withSignedReport.c(15): Error: SOAP request "VerifyCMSSignatureDetached_withSignedReport" execution failed	[MsgId: MERR-108964]
End auto log messages stack.	[MsgId: MMSG-10544]


Start auto log messages stack - Iteration 302.	[MsgId: MMSG-10545]
VerifyXAdES_simple.c(3): web_cache_cleanup started  	[MsgId: MMSG-26355]
VerifyXAdES_simple.c(3): web_cache_cleanup was successful  	[MsgId: MMSG-26392]
VerifyXAdES_simple.c(4): web_cleanup_auto_headers started  	[MsgId: MMSG-26355]
VerifyXAdES_simple.c(4): web_cleanup_auto_headers was successful  	[MsgId: MMSG-26392]
VerifyXAdES_simple.c(5): web_cleanup_cookies started  	[MsgId: MMSG-26355]
VerifyXAdES_simple.c(5): web_cleanup_cookies was successful  	[MsgId: MMSG-26392]
VerifyXAdES_simple.c(7): C:\LR_DATA\300k/VerifyXAdES_simple_237.xml	[MsgId: MMSG-17999]
VerifyXAdES_simple.c(10): Use file: {VerifyXAdES_simple_file}	[MsgId: MMSG-17999]
VerifyXAdES_simple.c(14): Notify: Transaction "VerifyXAdES_simple" started.	[MsgId: MMSG-16999]
VerifyXAdES_simple.c(15): Error: HTTP status code 404 returned by the server	[MsgId: MERR-108974]
VerifyXAdES_simple.c(15): Error: SOAP request "VerifyXAdES_simple" execution failed	[MsgId: MERR-108964]
End auto log messages stack.	[MsgId: MMSG-10544]


Start auto log messages stack - Iteration 303.	[MsgId: MMSG-10545]
Starting action VerifyXML_simple.	[MsgId: MMSG-15919]
VerifyXML_simple.c(3): web_cache_cleanup started  	[MsgId: MMSG-26355]
VerifyXML_simple.c(3): web_cache_cleanup was successful  	[MsgId: MMSG-26392]
VerifyXML_simple.c(4): web_cleanup_auto_headers started  	[MsgId: MMSG-26355]
VerifyXML_simple.c(4): web_cleanup_auto_headers was successful  	[MsgId: MMSG-26392]
VerifyXML_simple.c(5): web_cleanup_cookies started  	[MsgId: MMSG-26355]
VerifyXML_simple.c(5): web_cleanup_cookies was successful  	[MsgId: MMSG-26392]
VerifyXML_simple.c(7): C:\LR_DATA\300k/VerifyXML_simple_347.xml	[MsgId: MMSG-17999]
VerifyXML_simple.c(10): Use file: {VerifyXML_simple_file}	[MsgId: MMSG-17999]
VerifyXML_simple.c(14): Notify: Transaction "VerifyXML_simple" started.	[MsgId: MMSG-16999]
VerifyXML_simple.c(15): Error: HTTP status code 404 returned by the server	[MsgId: MERR-108974]
VerifyXML_simple.c(15): Error: SOAP request "VerifyXML_simple" execution failed	[MsgId: MERR-108964]
End auto log messages stack.	[MsgId: MMSG-10544]


Start auto log messages stack - Iteration 304.	[MsgId: MMSG-10545]
VerifyCMSSignatureDetached_simple.c(4): web_cleanup_auto_headers started  	[MsgId: MMSG-26355]
VerifyCMSSignatureDetached_simple.c(4): web_cleanup_auto_headers was successful  	[MsgId: MMSG-26392]
VerifyCMSSignatureDetached_simple.c(5): web_cleanup_cookies started  	[MsgId: MMSG-26355]
VerifyCMSSignatureDetached_simple.c(5): web_cleanup_cookies was successful  	[MsgId: MMSG-26392]
VerifyCMSSignatureDetached_simple.c(7): C:\LR_DATA\300k/VerifyCMSSignatureDetached_simple_169.xml	[MsgId: MMSG-17999]
VerifyCMSSignatureDetached_simple.c(10): Use file: {VerifyCMSSignatureDetached_simple_file}	[MsgId: MMSG-17999]
VerifyCMSSignatureDetached_simple.c(14): Notify: Transaction "VerifyCMSSignatureDetached_simple" started.	[MsgId: MMSG-16999]
VerifyCMSSignatureDetached_simple.c(15): Error: HTTP status code 404 returned by the server	[MsgId: MERR-108974]
VerifyCMSSignatureDetached_simple.c(15): Error: SOAP request "VerifyCMSSignatureDetached_simple" execution failed	[MsgId: MERR-108964]
End auto log messages stack.	[MsgId: MMSG-10544]


Start auto log messages stack - Iteration 305.	[MsgId: MMSG-10545]
VerifyCMSSignature_withSignedReport.c(4): web_cleanup_auto_headers started  	[MsgId: MMSG-26355]
VerifyCMSSignature_withSignedReport.c(4): web_cleanup_auto_headers was successful  	[MsgId: MMSG-26392]
VerifyCMSSignature_withSignedReport.c(5): web_cleanup_cookies started  	[MsgId: MMSG-26355]
VerifyCMSSignature_withSignedReport.c(5): web_cleanup_cookies was successful  	[MsgId: MMSG-26392]
VerifyCMSSignature_withSignedReport.c(7): C:\LR_DATA\300k/VerifyCMSSignature_withSignedReport_137.xml	[MsgId: MMSG-17999]
VerifyCMSSignature_withSignedReport.c(10): Use file: {VerifyCMSSignature_withSignedReport_file}	[MsgId: MMSG-17999]
VerifyCMSSignature_withSignedReport.c(13): Notify: Transaction "VerifyCMSSignature_withSignedReport" started.	[MsgId: MMSG-16999]
VerifyCMSSignature_withSignedReport.c(14): Error: HTTP status code 404 returned by the server	[MsgId: MERR-108974]
VerifyCMSSignature_withSignedReport.c(14): Error: SOAP request "VerifyCMSSignature_withSignedReport" execution failed	[MsgId: MERR-108964]
End auto log messages stack.	[MsgId: MMSG-10544]


Start auto log messages stack - Iteration 307.	[MsgId: MMSG-10545]
VerifyCMSSignatureByHash_withSignedReport.c(4): web_cleanup_auto_headers was successful  	[MsgId: MMSG-26392]
VerifyCMSSignatureByHash_withSignedReport.c(5): web_cleanup_cookies started  	[MsgId: MMSG-26355]
VerifyCMSSignatureByHash_withSignedReport.c(5): web_cleanup_cookies was successful  	[MsgId: MMSG-26392]
VerifyCMSSignatureByHash_withSignedReport.c(7): C:\LR_DATA\300k/VerifyCMSSignatureByHash_withSignedReport_190.xml	[MsgId: MMSG-17999]
VerifyCMSSignatureByHash_withSignedReport.c(10): Use file: {VerifyCMSSignatureByHash_withSignedReport_file}	[MsgId: MMSG-17999]
VerifyCMSSignatureByHash_withSignedReport.c(14): Notify: Transaction "VerifyCMSSignatureByHash_withSignedReport" started.	[MsgId: MMSG-16999]
VerifyCMSSignatureByHash_withSignedReport.c(15): Error: HTTP status code 404 returned by the server	[MsgId: MERR-108974]
VerifyCMSSignatureByHash_withSignedReport.c(15): Error: SOAP request "VerifyCMSSignatureByHash_withSignedReport" execution failed	[MsgId: MERR-108964]
End auto log messages stack.	[MsgId: MMSG-10544]


Start auto log messages stack - Iteration 308.	[MsgId: MMSG-10545]
VerifyCMSSignatureDetached_withSignedReport.c(4): web_cleanup_auto_headers was successful  	[MsgId: MMSG-26392]
VerifyCMSSignatureDetached_withSignedReport.c(5): web_cleanup_cookies started  	[MsgId: MMSG-26355]
VerifyCMSSignatureDetached_withSignedReport.c(5): web_cleanup_cookies was successful  	[MsgId: MMSG-26392]
VerifyCMSSignatureDetached_withSignedReport.c(7): C:\LR_DATA\300k/VerifyCMSSignatureDetached_withSignedReport_297.xml	[MsgId: MMSG-17999]
VerifyCMSSignatureDetached_withSignedReport.c(10): Use file: {VerifyCMSSignatureDetached_withSignedReport_file}	[MsgId: MMSG-17999]
VerifyCMSSignatureDetached_withSignedReport.c(14): Notify: Transaction "VerifyCMSSignatureDetached_withSignedReport" started.	[MsgId: MMSG-16999]
VerifyCMSSignatureDetached_withSignedReport.c(15): Error: HTTP status code 404 returned by the server	[MsgId: MERR-108974]
VerifyCMSSignatureDetached_withSignedReport.c(15): Error: SOAP request "VerifyCMSSignatureDetached_withSignedReport" execution failed	[MsgId: MERR-108964]
End auto log messages stack.	[MsgId: MMSG-10544]


Start auto log messages stack - Iteration 416.	[MsgId: MMSG-10545]
VerifyCMSSignatureByHash_simple.c(4): web_cleanup_auto_headers started  	[MsgId: MMSG-26355]
VerifyCMSSignatureByHash_simple.c(4): web_cleanup_auto_headers was successful  	[MsgId: MMSG-26392]
VerifyCMSSignatureByHash_simple.c(5): web_cleanup_cookies started  	[MsgId: MMSG-26355]
VerifyCMSSignatureByHash_simple.c(5): web_cleanup_cookies was successful  	[MsgId: MMSG-26392]
VerifyCMSSignatureByHash_simple.c(7): C:\LR_DATA\300k/VerifyCMSSignatureByHash_simple_161.xml	[MsgId: MMSG-17999]
VerifyCMSSignatureByHash_simple.c(10): Use file: {VerifyCMSSignatureByHash_simple_file}	[MsgId: MMSG-17999]
VerifyCMSSignatureByHash_simple.c(13): Notify: Transaction "VerifyCMSSignatureByHash_simple" started.	[MsgId: MMSG-16999]
VerifyCMSSignatureByHash_simple.c(14): Error: HTTP status code 404 returned by the server	[MsgId: MERR-108974]
VerifyCMSSignatureByHash_simple.c(14): Error: SOAP request "VerifyCMSSignatureByHash_simple" execution failed	[MsgId: MERR-108964]
End auto log messages stack.	[MsgId: MMSG-10544]


Start auto log messages stack - Iteration 309.	[MsgId: MMSG-10545]
VerifyCADES_withSignedReport.c(4): web_cleanup_auto_headers started  	[MsgId: MMSG-26355]
VerifyCADES_withSignedReport.c(4): web_cleanup_auto_headers was successful  	[MsgId: MMSG-26392]
VerifyCADES_withSignedReport.c(5): web_cleanup_cookies started  	[MsgId: MMSG-26355]
VerifyCADES_withSignedReport.c(5): web_cleanup_cookies was successful  	[MsgId: MMSG-26392]
VerifyCADES_withSignedReport.c(7): C:\LR_DATA\300k/VerifyCADES_withSignedReport_221.xml	[MsgId: MMSG-17999]
VerifyCADES_withSignedReport.c(10): Use file: {VerifyCADES_withSignedReport_file}	[MsgId: MMSG-17999]
VerifyCADES_withSignedReport.c(14): Notify: Transaction "VerifyCADES_withSignedReport" started.	[MsgId: MMSG-16999]
VerifyCADES_withSignedReport.c(15): Error: HTTP status code 404 returned by the server	[MsgId: MERR-108974]
VerifyCADES_withSignedReport.c(15): Error: SOAP request "VerifyCADES_withSignedReport" execution failed	[MsgId: MERR-108964]
End auto log messages stack.	[MsgId: MMSG-10544]


Start auto log messages stack - Iteration 418.	[MsgId: MMSG-10545]
VerifyCMSSignature_withSignedReport.c(4): web_cleanup_auto_headers started  	[MsgId: MMSG-26355]
VerifyCMSSignature_withSignedReport.c(4): web_cleanup_auto_headers was successful  	[MsgId: MMSG-26392]
VerifyCMSSignature_withSignedReport.c(5): web_cleanup_cookies started  	[MsgId: MMSG-26355]
VerifyCMSSignature_withSignedReport.c(5): web_cleanup_cookies was successful  	[MsgId: MMSG-26392]
VerifyCMSSignature_withSignedReport.c(7): C:\LR_DATA\300k/VerifyCMSSignature_withSignedReport_16.xml	[MsgId: MMSG-17999]
VerifyCMSSignature_withSignedReport.c(10): Use file: {VerifyCMSSignature_withSignedReport_file}	[MsgId: MMSG-17999]
VerifyCMSSignature_withSignedReport.c(13): Notify: Transaction "VerifyCMSSignature_withSignedReport" started.	[MsgId: MMSG-16999]
VerifyCMSSignature_withSignedReport.c(14): Error: HTTP status code 404 returned by the server	[MsgId: MERR-108974]
VerifyCMSSignature_withSignedReport.c(14): Error: SOAP request "VerifyCMSSignature_withSignedReport" execution failed	[MsgId: MERR-108964]
End auto log messages stack.	[MsgId: MMSG-10544]


Start auto log messages stack - Iteration 310.	[MsgId: MMSG-10545]
VerifyXML_withSignedReport.c(3): web_cache_cleanup was successful  	[MsgId: MMSG-26392]
VerifyXML_withSignedReport.c(4): web_cleanup_auto_headers started  	[MsgId: MMSG-26355]
VerifyXML_withSignedReport.c(4): web_cleanup_auto_headers was successful  	[MsgId: MMSG-26392]
VerifyXML_withSignedReport.c(5): web_cleanup_cookies started  	[MsgId: MMSG-26355]
VerifyXML_withSignedReport.c(5): web_cleanup_cookies was successful  	[MsgId: MMSG-26392]
VerifyXML_withSignedReport.c(7): C:\LR_DATA\300k/VerifyXML_withSignedReport_395.xml	[MsgId: MMSG-17999]
VerifyXML_withSignedReport.c(10): Use file: {VerifyXML_withSignedReport_file}	[MsgId: MMSG-17999]
VerifyXML_withSignedReport.c(14): Notify: Transaction "VerifyXML_withSignedReport" started.	[MsgId: MMSG-16999]
VerifyXML_withSignedReport.c(15): Error: HTTP status code 404 returned by the server	[MsgId: MERR-108974]
VerifyXML_withSignedReport.c(15): Error: SOAP request "VerifyXML_withSignedReport" execution failed	[MsgId: MERR-108964]
End auto log messages stack.	[MsgId: MMSG-10544]


Start auto log messages stack - Iteration 419.	[MsgId: MMSG-10545]
Starting action VerifyXML_simple.	[MsgId: MMSG-15919]
VerifyXML_simple.c(3): web_cache_cleanup started  	[MsgId: MMSG-26355]
VerifyXML_simple.c(3): web_cache_cleanup was successful  	[MsgId: MMSG-26392]
VerifyXML_simple.c(4): web_cleanup_auto_headers started  	[MsgId: MMSG-26355]
VerifyXML_simple.c(4): web_cleanup_auto_headers was successful  	[MsgId: MMSG-26392]
VerifyXML_simple.c(5): web_cleanup_cookies started  	[MsgId: MMSG-26355]
VerifyXML_simple.c(5): web_cleanup_cookies was successful  	[MsgId: MMSG-26392]
VerifyXML_simple.c(7): C:\LR_DATA\300k/VerifyXML_simple_260.xml	[MsgId: MMSG-17999]
VerifyXML_simple.c(10): Use file: {VerifyXML_simple_file}	[MsgId: MMSG-17999]
VerifyXML_simple.c(14): Notify: Transaction "VerifyXML_simple" started.	[MsgId: MMSG-16999]
VerifyXML_simple.c(15): Error: HTTP status code 404 returned by the server	[MsgId: MERR-108974]
VerifyXML_simple.c(15): Error: SOAP request "VerifyXML_simple" execution failed	[MsgId: MERR-108964]
End auto log messages stack.	[MsgId: MMSG-10544]


Start auto log messages stack - Iteration 312.	[MsgId: MMSG-10545]
VerifyCMSSignatureDetached_withSignedReport.c(4): web_cleanup_auto_headers was successful  	[MsgId: MMSG-26392]
VerifyCMSSignatureDetached_withSignedReport.c(5): web_cleanup_cookies started  	[MsgId: MMSG-26355]
VerifyCMSSignatureDetached_withSignedReport.c(5): web_cleanup_cookies was successful  	[MsgId: MMSG-26392]
VerifyCMSSignatureDetached_withSignedReport.c(7): C:\LR_DATA\300k/VerifyCMSSignatureDetached_withSignedReport_275.xml	[MsgId: MMSG-17999]
VerifyCMSSignatureDetached_withSignedReport.c(10): Use file: {VerifyCMSSignatureDetached_withSignedReport_file}	[MsgId: MMSG-17999]
VerifyCMSSignatureDetached_withSignedReport.c(14): Notify: Transaction "VerifyCMSSignatureDetached_withSignedReport" started.	[MsgId: MMSG-16999]
VerifyCMSSignatureDetached_withSignedReport.c(15): Error: HTTP status code 404 returned by the server	[MsgId: MERR-108974]
VerifyCMSSignatureDetached_withSignedReport.c(15): Error: SOAP request "VerifyCMSSignatureDetached_withSignedReport" execution failed	[MsgId: MERR-108964]
End auto log messages stack.	[MsgId: MMSG-10544]


Start auto log messages stack - Iteration 313.	[MsgId: MMSG-10545]
Starting action VerifyXML_simple.	[MsgId: MMSG-15919]
VerifyXML_simple.c(3): web_cache_cleanup started  	[MsgId: MMSG-26355]
VerifyXML_simple.c(3): web_cache_cleanup was successful  	[MsgId: MMSG-26392]
VerifyXML_simple.c(4): web_cleanup_auto_headers started  	[MsgId: MMSG-26355]
VerifyXML_simple.c(4): web_cleanup_auto_headers was successful  	[MsgId: MMSG-26392]
VerifyXML_simple.c(5): web_cleanup_cookies started  	[MsgId: MMSG-26355]
VerifyXML_simple.c(5): web_cleanup_cookies was successful  	[MsgId: MMSG-26392]
VerifyXML_simple.c(7): C:\LR_DATA\300k/VerifyXML_simple_175.xml	[MsgId: MMSG-17999]
VerifyXML_simple.c(10): Use file: {VerifyXML_simple_file}	[MsgId: MMSG-17999]
VerifyXML_simple.c(14): Notify: Transaction "VerifyXML_simple" started.	[MsgId: MMSG-16999]
VerifyXML_simple.c(15): Error: HTTP status code 404 returned by the server	[MsgId: MERR-108974]
VerifyXML_simple.c(15): Error: SOAP request "VerifyXML_simple" execution failed	[MsgId: MERR-108964]
End auto log messages stack.	[MsgId: MMSG-10544]


Start auto log messages stack - Iteration 421.	[MsgId: MMSG-10545]
VerifyXAdES_withSignedReport.c(4): web_cleanup_auto_headers started  	[MsgId: MMSG-26355]
VerifyXAdES_withSignedReport.c(4): web_cleanup_auto_headers was successful  	[MsgId: MMSG-26392]
VerifyXAdES_withSignedReport.c(5): web_cleanup_cookies started  	[MsgId: MMSG-26355]
VerifyXAdES_withSignedReport.c(5): web_cleanup_cookies was successful  	[MsgId: MMSG-26392]
VerifyXAdES_withSignedReport.c(7): C:\LR_DATA\300k/VerifyXAdES_withSignedReport_243.xml	[MsgId: MMSG-17999]
VerifyXAdES_withSignedReport.c(10): Use file: {VerifyXAdES_withSignedReport_file}	[MsgId: MMSG-17999]
VerifyXAdES_withSignedReport.c(14): Notify: Transaction "VerifyXAdES_withSignedReport" started.	[MsgId: MMSG-16999]
VerifyXAdES_withSignedReport.c(15): Error: HTTP status code 404 returned by the server	[MsgId: MERR-108974]
VerifyXAdES_withSignedReport.c(15): Error: SOAP request "VerifyXAdES_withSignedReport" execution failed	[MsgId: MERR-108964]
End auto log messages stack.	[MsgId: MMSG-10544]


Start auto log messages stack - Iteration 422.	[MsgId: MMSG-10545]
VerifyCMSSignatureDetached_simple.c(4): web_cleanup_auto_headers started  	[MsgId: MMSG-26355]
VerifyCMSSignatureDetached_simple.c(4): web_cleanup_auto_headers was successful  	[MsgId: MMSG-26392]
VerifyCMSSignatureDetached_simple.c(5): web_cleanup_cookies started  	[MsgId: MMSG-26355]
VerifyCMSSignatureDetached_simple.c(5): web_cleanup_cookies was successful  	[MsgId: MMSG-26392]
VerifyCMSSignatureDetached_simple.c(7): C:\LR_DATA\300k/VerifyCMSSignatureDetached_simple_399.xml	[MsgId: MMSG-17999]
VerifyCMSSignatureDetached_simple.c(10): Use file: {VerifyCMSSignatureDetached_simple_file}	[MsgId: MMSG-17999]
VerifyCMSSignatureDetached_simple.c(14): Notify: Transaction "VerifyCMSSignatureDetached_simple" started.	[MsgId: MMSG-16999]
VerifyCMSSignatureDetached_simple.c(15): Error: HTTP status code 404 returned by the server	[MsgId: MERR-108974]
VerifyCMSSignatureDetached_simple.c(15): Error: SOAP request "VerifyCMSSignatureDetached_simple" execution failed	[MsgId: MERR-108964]
End auto log messages stack.	[MsgId: MMSG-10544]


Start auto log messages stack - Iteration 315.	[MsgId: MMSG-10545]
VerifyXAdES_withSignedReport.c(4): web_cleanup_auto_headers started  	[MsgId: MMSG-26355]
VerifyXAdES_withSignedReport.c(4): web_cleanup_auto_headers was successful  	[MsgId: MMSG-26392]
VerifyXAdES_withSignedReport.c(5): web_cleanup_cookies started  	[MsgId: MMSG-26355]
VerifyXAdES_withSignedReport.c(5): web_cleanup_cookies was successful  	[MsgId: MMSG-26392]
VerifyXAdES_withSignedReport.c(7): C:\LR_DATA\300k/VerifyXAdES_withSignedReport_282.xml	[MsgId: MMSG-17999]
VerifyXAdES_withSignedReport.c(10): Use file: {VerifyXAdES_withSignedReport_file}	[MsgId: MMSG-17999]
VerifyXAdES_withSignedReport.c(14): Notify: Transaction "VerifyXAdES_withSignedReport" started.	[MsgId: MMSG-16999]
VerifyXAdES_withSignedReport.c(15): Error: HTTP status code 404 returned by the server	[MsgId: MERR-108974]
VerifyXAdES_withSignedReport.c(15): Error: SOAP request "VerifyXAdES_withSignedReport" execution failed	[MsgId: MERR-108964]
End auto log messages stack.	[MsgId: MMSG-10544]


Start auto log messages stack - Iteration 423.	[MsgId: MMSG-10545]
VerifyCMSSignature_withSignedReport.c(4): web_cleanup_auto_headers started  	[MsgId: MMSG-26355]
VerifyCMSSignature_withSignedReport.c(4): web_cleanup_auto_headers was successful  	[MsgId: MMSG-26392]
VerifyCMSSignature_withSignedReport.c(5): web_cleanup_cookies started  	[MsgId: MMSG-26355]
VerifyCMSSignature_withSignedReport.c(5): web_cleanup_cookies was successful  	[MsgId: MMSG-26392]
VerifyCMSSignature_withSignedReport.c(7): C:\LR_DATA\300k/VerifyCMSSignature_withSignedReport_213.xml	[MsgId: MMSG-17999]
VerifyCMSSignature_withSignedReport.c(10): Use file: {VerifyCMSSignature_withSignedReport_file}	[MsgId: MMSG-17999]
VerifyCMSSignature_withSignedReport.c(13): Notify: Transaction "VerifyCMSSignature_withSignedReport" started.	[MsgId: MMSG-16999]
VerifyCMSSignature_withSignedReport.c(14): Error: HTTP status code 404 returned by the server	[MsgId: MERR-108974]
VerifyCMSSignature_withSignedReport.c(14): Error: SOAP request "VerifyCMSSignature_withSignedReport" execution failed	[MsgId: MERR-108964]
End auto log messages stack.	[MsgId: MMSG-10544]


Start auto log messages stack - Iteration 316.	[MsgId: MMSG-10545]
VerifyCMSSignature_simple.c(3): web_cache_cleanup was successful  	[MsgId: MMSG-26392]
VerifyCMSSignature_simple.c(4): web_cleanup_auto_headers started  	[MsgId: MMSG-26355]
VerifyCMSSignature_simple.c(4): web_cleanup_auto_headers was successful  	[MsgId: MMSG-26392]
VerifyCMSSignature_simple.c(5): web_cleanup_cookies started  	[MsgId: MMSG-26355]
VerifyCMSSignature_simple.c(5): web_cleanup_cookies was successful  	[MsgId: MMSG-26392]
VerifyCMSSignature_simple.c(7): C:\LR_DATA\300k/VerifyCMSSignature_simple_329.xml	[MsgId: MMSG-17999]
VerifyCMSSignature_simple.c(10): Use file: {VerifyCMSSignature_simple_file}	[MsgId: MMSG-17999]
VerifyCMSSignature_simple.c(14): Notify: Transaction "VerifyCMSSignature_simple" started.	[MsgId: MMSG-16999]
VerifyCMSSignature_simple.c(16): Error: HTTP status code 404 returned by the server	[MsgId: MERR-108974]
VerifyCMSSignature_simple.c(16): Error: SOAP request "VerifyCMSSignature_simple" execution failed	[MsgId: MERR-108964]
End auto log messages stack.	[MsgId: MMSG-10544]


Start auto log messages stack - Iteration 317.	[MsgId: MMSG-10545]
VerifyCMSSignatureByHash_withSignedReport.c(4): web_cleanup_auto_headers was successful  	[MsgId: MMSG-26392]
VerifyCMSSignatureByHash_withSignedReport.c(5): web_cleanup_cookies started  	[MsgId: MMSG-26355]
VerifyCMSSignatureByHash_withSignedReport.c(5): web_cleanup_cookies was successful  	[MsgId: MMSG-26392]
VerifyCMSSignatureByHash_withSignedReport.c(7): C:\LR_DATA\300k/VerifyCMSSignatureByHash_withSignedReport_283.xml	[MsgId: MMSG-17999]
VerifyCMSSignatureByHash_withSignedReport.c(10): Use file: {VerifyCMSSignatureByHash_withSignedReport_file}	[MsgId: MMSG-17999]
VerifyCMSSignatureByHash_withSignedReport.c(14): Notify: Transaction "VerifyCMSSignatureByHash_withSignedReport" started.	[MsgId: MMSG-16999]
VerifyCMSSignatureByHash_withSignedReport.c(15): Error: HTTP status code 404 returned by the server	[MsgId: MERR-108974]
VerifyCMSSignatureByHash_withSignedReport.c(15): Error: SOAP request "VerifyCMSSignatureByHash_withSignedReport" execution failed	[MsgId: MERR-108964]
End auto log messages stack.	[MsgId: MMSG-10544]


Start auto log messages stack - Iteration 427.	[MsgId: MMSG-10545]
VerifyCMSSignatureDetached_simple.c(4): web_cleanup_auto_headers started  	[MsgId: MMSG-26355]
VerifyCMSSignatureDetached_simple.c(4): web_cleanup_auto_headers was successful  	[MsgId: MMSG-26392]
VerifyCMSSignatureDetached_simple.c(5): web_cleanup_cookies started  	[MsgId: MMSG-26355]
VerifyCMSSignatureDetached_simple.c(5): web_cleanup_cookies was successful  	[MsgId: MMSG-26392]
VerifyCMSSignatureDetached_simple.c(7): C:\LR_DATA\300k/VerifyCMSSignatureDetached_simple_144.xml	[MsgId: MMSG-17999]
VerifyCMSSignatureDetached_simple.c(10): Use file: {VerifyCMSSignatureDetached_simple_file}	[MsgId: MMSG-17999]
VerifyCMSSignatureDetached_simple.c(14): Notify: Transaction "VerifyCMSSignatureDetached_simple" started.	[MsgId: MMSG-16999]
VerifyCMSSignatureDetached_simple.c(15): Error: HTTP status code 404 returned by the server	[MsgId: MERR-108974]
VerifyCMSSignatureDetached_simple.c(15): Error: SOAP request "VerifyCMSSignatureDetached_simple" execution failed	[MsgId: MERR-108964]
End auto log messages stack.	[MsgId: MMSG-10544]


Start auto log messages stack - Iteration 319.	[MsgId: MMSG-10545]
VerifyXAdES_simple.c(3): web_cache_cleanup started  	[MsgId: MMSG-26355]
VerifyXAdES_simple.c(3): web_cache_cleanup was successful  	[MsgId: MMSG-26392]
VerifyXAdES_simple.c(4): web_cleanup_auto_headers started  	[MsgId: MMSG-26355]
VerifyXAdES_simple.c(4): web_cleanup_auto_headers was successful  	[MsgId: MMSG-26392]
VerifyXAdES_simple.c(5): web_cleanup_cookies started  	[MsgId: MMSG-26355]
VerifyXAdES_simple.c(5): web_cleanup_cookies was successful  	[MsgId: MMSG-26392]
VerifyXAdES_simple.c(7): C:\LR_DATA\300k/VerifyXAdES_simple_160.xml	[MsgId: MMSG-17999]
VerifyXAdES_simple.c(10): Use file: {VerifyXAdES_simple_file}	[MsgId: MMSG-17999]
VerifyXAdES_simple.c(14): Notify: Transaction "VerifyXAdES_simple" started.	[MsgId: MMSG-16999]
VerifyXAdES_simple.c(15): Error: HTTP status code 404 returned by the server	[MsgId: MERR-108974]
VerifyXAdES_simple.c(15): Error: SOAP request "VerifyXAdES_simple" execution failed	[MsgId: MERR-108964]
End auto log messages stack.	[MsgId: MMSG-10544]


Start auto log messages stack - Iteration 322.	[MsgId: MMSG-10545]
VerifyPAdES_simple.c(3): web_cache_cleanup started  	[MsgId: MMSG-26355]
VerifyPAdES_simple.c(3): web_cache_cleanup was successful  	[MsgId: MMSG-26392]
VerifyPAdES_simple.c(4): web_cleanup_auto_headers started  	[MsgId: MMSG-26355]
VerifyPAdES_simple.c(4): web_cleanup_auto_headers was successful  	[MsgId: MMSG-26392]
VerifyPAdES_simple.c(5): web_cleanup_cookies started  	[MsgId: MMSG-26355]
VerifyPAdES_simple.c(5): web_cleanup_cookies was successful  	[MsgId: MMSG-26392]
VerifyPAdES_simple.c(7): C:\LR_DATA\300k/VerifyPAdES_simple_320.xml	[MsgId: MMSG-17999]
VerifyPAdES_simple.c(10): Use file: {VerifyPAdES_simple_file}	[MsgId: MMSG-17999]
VerifyPAdES_simple.c(14): Notify: Transaction "VerifyPAdES_simple" started.	[MsgId: MMSG-16999]
VerifyPAdES_simple.c(15): Error: HTTP status code 404 returned by the server	[MsgId: MERR-108974]
VerifyPAdES_simple.c(15): Error: SOAP request "VerifyPAdES_simple" execution failed	[MsgId: MERR-108964]
End auto log messages stack.	[MsgId: MMSG-10544]


Start auto log messages stack - Iteration 431.	[MsgId: MMSG-10545]
VerifyPAdES_withSignedReport.c(4): web_cleanup_auto_headers started  	[MsgId: MMSG-26355]
VerifyPAdES_withSignedReport.c(4): web_cleanup_auto_headers was successful  	[MsgId: MMSG-26392]
VerifyPAdES_withSignedReport.c(5): web_cleanup_cookies started  	[MsgId: MMSG-26355]
VerifyPAdES_withSignedReport.c(5): web_cleanup_cookies was successful  	[MsgId: MMSG-26392]
VerifyPAdES_withSignedReport.c(7): C:\LR_DATA\300k/VerifyPAdES_withSignedReport_11.xml	[MsgId: MMSG-17999]
VerifyPAdES_withSignedReport.c(10): Use file: {VerifyPAdES_withSignedReport_file}	[MsgId: MMSG-17999]
VerifyPAdES_withSignedReport.c(13): Notify: Transaction "VerifyPAdES_withSignedReport" started.	[MsgId: MMSG-16999]
VerifyPAdES_withSignedReport.c(14): Error: HTTP status code 404 returned by the server	[MsgId: MERR-108974]
VerifyPAdES_withSignedReport.c(14): Error: SOAP request "VerifyPAdES_withSignedReporte" execution failed	[MsgId: MERR-108964]
End auto log messages stack.	[MsgId: MMSG-10544]


Start auto log messages stack - Iteration 433.	[MsgId: MMSG-10545]
VerifyPAdES_withSignedReport.c(4): web_cleanup_auto_headers started  	[MsgId: MMSG-26355]
VerifyPAdES_withSignedReport.c(4): web_cleanup_auto_headers was successful  	[MsgId: MMSG-26392]
VerifyPAdES_withSignedReport.c(5): web_cleanup_cookies started  	[MsgId: MMSG-26355]
VerifyPAdES_withSignedReport.c(5): web_cleanup_cookies was successful  	[MsgId: MMSG-26392]
VerifyPAdES_withSignedReport.c(7): C:\LR_DATA\300k/VerifyPAdES_withSignedReport_93.xml	[MsgId: MMSG-17999]
VerifyPAdES_withSignedReport.c(10): Use file: {VerifyPAdES_withSignedReport_file}	[MsgId: MMSG-17999]
VerifyPAdES_withSignedReport.c(13): Notify: Transaction "VerifyPAdES_withSignedReport" started.	[MsgId: MMSG-16999]
VerifyPAdES_withSignedReport.c(14): Error: HTTP status code 404 returned by the server	[MsgId: MERR-108974]
VerifyPAdES_withSignedReport.c(14): Error: SOAP request "VerifyPAdES_withSignedReporte" execution failed	[MsgId: MERR-108964]
End auto log messages stack.	[MsgId: MMSG-10544]


Start auto log messages stack - Iteration 436.	[MsgId: MMSG-10545]
VerifyCMSSignatureDetached_simple.c(4): web_cleanup_auto_headers started  	[MsgId: MMSG-26355]
VerifyCMSSignatureDetached_simple.c(4): web_cleanup_auto_headers was successful  	[MsgId: MMSG-26392]
VerifyCMSSignatureDetached_simple.c(5): web_cleanup_cookies started  	[MsgId: MMSG-26355]
VerifyCMSSignatureDetached_simple.c(5): web_cleanup_cookies was successful  	[MsgId: MMSG-26392]
VerifyCMSSignatureDetached_simple.c(7): C:\LR_DATA\300k/VerifyCMSSignatureDetached_simple_213.xml	[MsgId: MMSG-17999]
VerifyCMSSignatureDetached_simple.c(10): Use file: {VerifyCMSSignatureDetached_simple_file}	[MsgId: MMSG-17999]
VerifyCMSSignatureDetached_simple.c(14): Notify: Transaction "VerifyCMSSignatureDetached_simple" started.	[MsgId: MMSG-16999]
VerifyCMSSignatureDetached_simple.c(15): Error: HTTP status code 404 returned by the server	[MsgId: MERR-108974]
VerifyCMSSignatureDetached_simple.c(15): Error: SOAP request "VerifyCMSSignatureDetached_simple" execution failed	[MsgId: MERR-108964]
End auto log messages stack.	[MsgId: MMSG-10544]


Start auto log messages stack - Iteration 437.	[MsgId: MMSG-10545]
Starting action VerifyXML_simple.	[MsgId: MMSG-15919]
VerifyXML_simple.c(3): web_cache_cleanup started  	[MsgId: MMSG-26355]
VerifyXML_simple.c(3): web_cache_cleanup was successful  	[MsgId: MMSG-26392]
VerifyXML_simple.c(4): web_cleanup_auto_headers started  	[MsgId: MMSG-26355]
VerifyXML_simple.c(4): web_cleanup_auto_headers was successful  	[MsgId: MMSG-26392]
VerifyXML_simple.c(5): web_cleanup_cookies started  	[MsgId: MMSG-26355]
VerifyXML_simple.c(5): web_cleanup_cookies was successful  	[MsgId: MMSG-26392]
VerifyXML_simple.c(7): C:\LR_DATA\300k/VerifyXML_simple_108.xml	[MsgId: MMSG-17999]
VerifyXML_simple.c(10): Use file: {VerifyXML_simple_file}	[MsgId: MMSG-17999]
VerifyXML_simple.c(14): Notify: Transaction "VerifyXML_simple" started.	[MsgId: MMSG-16999]
VerifyXML_simple.c(15): Error: HTTP status code 404 returned by the server	[MsgId: MERR-108974]
VerifyXML_simple.c(15): Error: SOAP request "VerifyXML_simple" execution failed	[MsgId: MERR-108964]
End auto log messages stack.	[MsgId: MMSG-10544]


Start auto log messages stack - Iteration 438.	[MsgId: MMSG-10545]
VerifyPAdES_simple.c(3): web_cache_cleanup started  	[MsgId: MMSG-26355]
VerifyPAdES_simple.c(3): web_cache_cleanup was successful  	[MsgId: MMSG-26392]
VerifyPAdES_simple.c(4): web_cleanup_auto_headers started  	[MsgId: MMSG-26355]
VerifyPAdES_simple.c(4): web_cleanup_auto_headers was successful  	[MsgId: MMSG-26392]
VerifyPAdES_simple.c(5): web_cleanup_cookies started  	[MsgId: MMSG-26355]
VerifyPAdES_simple.c(5): web_cleanup_cookies was successful  	[MsgId: MMSG-26392]
VerifyPAdES_simple.c(7): C:\LR_DATA\300k/VerifyPAdES_simple_290.xml	[MsgId: MMSG-17999]
VerifyPAdES_simple.c(10): Use file: {VerifyPAdES_simple_file}	[MsgId: MMSG-17999]
VerifyPAdES_simple.c(14): Notify: Transaction "VerifyPAdES_simple" started.	[MsgId: MMSG-16999]
VerifyPAdES_simple.c(15): Error: HTTP status code 404 returned by the server	[MsgId: MERR-108974]
VerifyPAdES_simple.c(15): Error: SOAP request "VerifyPAdES_simple" execution failed	[MsgId: MERR-108964]
End auto log messages stack.	[MsgId: MMSG-10544]


Start auto log messages stack - Iteration 439.	[MsgId: MMSG-10545]
VerifyPAdES_withSignedReport.c(4): web_cleanup_auto_headers started  	[MsgId: MMSG-26355]
VerifyPAdES_withSignedReport.c(4): web_cleanup_auto_headers was successful  	[MsgId: MMSG-26392]
VerifyPAdES_withSignedReport.c(5): web_cleanup_cookies started  	[MsgId: MMSG-26355]
VerifyPAdES_withSignedReport.c(5): web_cleanup_cookies was successful  	[MsgId: MMSG-26392]
VerifyPAdES_withSignedReport.c(7): C:\LR_DATA\300k/VerifyPAdES_withSignedReport_309.xml	[MsgId: MMSG-17999]
VerifyPAdES_withSignedReport.c(10): Use file: {VerifyPAdES_withSignedReport_file}	[MsgId: MMSG-17999]
VerifyPAdES_withSignedReport.c(13): Notify: Transaction "VerifyPAdES_withSignedReport" started.	[MsgId: MMSG-16999]
VerifyPAdES_withSignedReport.c(14): Error: HTTP status code 404 returned by the server	[MsgId: MERR-108974]
VerifyPAdES_withSignedReport.c(14): Error: SOAP request "VerifyPAdES_withSignedReporte" execution failed	[MsgId: MERR-108964]
End auto log messages stack.	[MsgId: MMSG-10544]


Start auto log messages stack - Iteration 447.	[MsgId: MMSG-10545]
VerifyCMSSignatureDetached_withSignedReport.c(4): web_cleanup_auto_headers was successful  	[MsgId: MMSG-26392]
VerifyCMSSignatureDetached_withSignedReport.c(5): web_cleanup_cookies started  	[MsgId: MMSG-26355]
VerifyCMSSignatureDetached_withSignedReport.c(5): web_cleanup_cookies was successful  	[MsgId: MMSG-26392]
VerifyCMSSignatureDetached_withSignedReport.c(7): C:\LR_DATA\300k/VerifyCMSSignatureDetached_withSignedReport_394.xml	[MsgId: MMSG-17999]
VerifyCMSSignatureDetached_withSignedReport.c(10): Use file: {VerifyCMSSignatureDetached_withSignedReport_file}	[MsgId: MMSG-17999]
VerifyCMSSignatureDetached_withSignedReport.c(14): Notify: Transaction "VerifyCMSSignatureDetached_withSignedReport" started.	[MsgId: MMSG-16999]
VerifyCMSSignatureDetached_withSignedReport.c(15): Error: HTTP status code 404 returned by the server	[MsgId: MERR-108974]
VerifyCMSSignatureDetached_withSignedReport.c(15): Error: SOAP request "VerifyCMSSignatureDetached_withSignedReport" execution failed	[MsgId: MERR-108964]
End auto log messages stack.	[MsgId: MMSG-10544]


Start auto log messages stack - Iteration 451.	[MsgId: MMSG-10545]
VerifyCMSSignatureByHash_simple.c(4): web_cleanup_auto_headers started  	[MsgId: MMSG-26355]
VerifyCMSSignatureByHash_simple.c(4): web_cleanup_auto_headers was successful  	[MsgId: MMSG-26392]
VerifyCMSSignatureByHash_simple.c(5): web_cleanup_cookies started  	[MsgId: MMSG-26355]
VerifyCMSSignatureByHash_simple.c(5): web_cleanup_cookies was successful  	[MsgId: MMSG-26392]
VerifyCMSSignatureByHash_simple.c(7): C:\LR_DATA\300k/VerifyCMSSignatureByHash_simple_113.xml	[MsgId: MMSG-17999]
VerifyCMSSignatureByHash_simple.c(10): Use file: {VerifyCMSSignatureByHash_simple_file}	[MsgId: MMSG-17999]
VerifyCMSSignatureByHash_simple.c(13): Notify: Transaction "VerifyCMSSignatureByHash_simple" started.	[MsgId: MMSG-16999]
VerifyCMSSignatureByHash_simple.c(14): Error: HTTP status code 404 returned by the server	[MsgId: MERR-108974]
VerifyCMSSignatureByHash_simple.c(14): Error: SOAP request "VerifyCMSSignatureByHash_simple" execution failed	[MsgId: MERR-108964]
End auto log messages stack.	[MsgId: MMSG-10544]


Start auto log messages stack - Iteration 452.	[MsgId: MMSG-10545]
VerifyCMSSignatureDetached_withSignedReport.c(4): web_cleanup_auto_headers was successful  	[MsgId: MMSG-26392]
VerifyCMSSignatureDetached_withSignedReport.c(5): web_cleanup_cookies started  	[MsgId: MMSG-26355]
VerifyCMSSignatureDetached_withSignedReport.c(5): web_cleanup_cookies was successful  	[MsgId: MMSG-26392]
VerifyCMSSignatureDetached_withSignedReport.c(7): C:\LR_DATA\300k/VerifyCMSSignatureDetached_withSignedReport_312.xml	[MsgId: MMSG-17999]
VerifyCMSSignatureDetached_withSignedReport.c(10): Use file: {VerifyCMSSignatureDetached_withSignedReport_file}	[MsgId: MMSG-17999]
VerifyCMSSignatureDetached_withSignedReport.c(14): Notify: Transaction "VerifyCMSSignatureDetached_withSignedReport" started.	[MsgId: MMSG-16999]
VerifyCMSSignatureDetached_withSignedReport.c(15): Error: HTTP status code 404 returned by the server	[MsgId: MERR-108974]
VerifyCMSSignatureDetached_withSignedReport.c(15): Error: SOAP request "VerifyCMSSignatureDetached_withSignedReport" execution failed	[MsgId: MERR-108964]
End auto log messages stack.	[MsgId: MMSG-10544]


Start auto log messages stack - Iteration 722.	[MsgId: MMSG-10545]
VerifyCMSSignatureDetached_simple.c(4): web_cleanup_auto_headers started  	[MsgId: MMSG-26355]
VerifyCMSSignatureDetached_simple.c(4): web_cleanup_auto_headers was successful  	[MsgId: MMSG-26392]
VerifyCMSSignatureDetached_simple.c(5): web_cleanup_cookies started  	[MsgId: MMSG-26355]
VerifyCMSSignatureDetached_simple.c(5): web_cleanup_cookies was successful  	[MsgId: MMSG-26392]
VerifyCMSSignatureDetached_simple.c(7): C:\LR_DATA\300k/VerifyCMSSignatureDetached_simple_131.xml	[MsgId: MMSG-17999]
VerifyCMSSignatureDetached_simple.c(10): Use file: {VerifyCMSSignatureDetached_simple_file}	[MsgId: MMSG-17999]
VerifyCMSSignatureDetached_simple.c(14): Notify: Transaction "VerifyCMSSignatureDetached_simple" started.	[MsgId: MMSG-16999]
VerifyCMSSignatureDetached_simple.c(15): Error: HTTP status code 404 returned by the server	[MsgId: MERR-108974]
VerifyCMSSignatureDetached_simple.c(15): Error: SOAP request "VerifyCMSSignatureDetached_simple" execution failed	[MsgId: MERR-108964]
End auto log messages stack.	[MsgId: MMSG-10544]


