VerifyCertificate_simple.c(13): Notify: Transaction "VerifyCertificate_simple" started.	[MsgId: MMSG-16999]
VerifyCertificate_simple.c(14): Error: HTTP status code 404 returned by the server	[MsgId: MERR-108974]
VerifyCertificate_simple.c(14): Error: SOAP request "VerifyCertificate_simple" execution failed	[MsgId: MERR-108964]
End auto log messages stack.	[MsgId: MMSG-10544]


Start auto log messages stack - Iteration 4186.	[MsgId: MMSG-10545]
VerifyCertificate_simple.c(3): web_cache_cleanup was successful  	[MsgId: MMSG-26392]
VerifyCertificate_simple.c(4): web_cleanup_auto_headers started  	[MsgId: MMSG-26355]
VerifyCertificate_simple.c(4): web_cleanup_auto_headers was successful  	[MsgId: MMSG-26392]
VerifyCertificate_simple.c(5): web_cleanup_cookies started  	[MsgId: MMSG-26355]
VerifyCertificate_simple.c(5): web_cleanup_cookies was successful  	[MsgId: MMSG-26392]
VerifyCertificate_simple.c(7): C:\LR_DATA\certs/VerifyCertificate_simple_1787.xml	[MsgId: MMSG-17999]
VerifyCertificate_simple.c(10): Use file: {VerifyCertificate_simple_file}	[MsgId: MMSG-17999]
VerifyCertificate_simple.c(13): Notify: Transaction "VerifyCertificate_simple" started.	[MsgId: MMSG-16999]
VerifyCertificate_simple.c(14): Error: HTTP status code 404 returned by the server	[MsgId: MERR-108974]
VerifyCertificate_simple.c(14): Error: SOAP request "VerifyCertificate_simple" execution failed	[MsgId: MERR-108964]
End auto log messages stack.	[MsgId: MMSG-10544]


Start auto log messages stack - Iteration 4187.	[MsgId: MMSG-10545]
VerifyCertificate_simple.c(3): web_cache_cleanup was successful  	[MsgId: MMSG-26392]
VerifyCertificate_simple.c(4): web_cleanup_auto_headers started  	[MsgId: MMSG-26355]
VerifyCertificate_simple.c(4): web_cleanup_auto_headers was successful  	[MsgId: MMSG-26392]
VerifyCertificate_simple.c(5): web_cleanup_cookies started  	[MsgId: MMSG-26355]
VerifyCertificate_simple.c(5): web_cleanup_cookies was successful  	[MsgId: MMSG-26392]
VerifyCertificate_simple.c(7): C:\LR_DATA\certs/VerifyCertificate_simple_3744.xml	[MsgId: MMSG-17999]
VerifyCertificate_simple.c(10): Use file: {VerifyCertificate_simple_file}	[MsgId: MMSG-17999]
VerifyCertificate_simple.c(13): Notify: Transaction "VerifyCertificate_simple" started.	[MsgId: MMSG-16999]
VerifyCertificate_simple.c(14): Error: HTTP status code 404 returned by the server	[MsgId: MERR-108974]
VerifyCertificate_simple.c(14): Error: SOAP request "VerifyCertificate_simple" execution failed	[MsgId: MERR-108964]
End auto log messages stack.	[MsgId: MMSG-10544]


Start auto log messages stack - Iteration 4188.	[MsgId: MMSG-10545]
VerifyCertificate_simple.c(3): web_cache_cleanup was successful  	[MsgId: MMSG-26392]
VerifyCertificate_simple.c(4): web_cleanup_auto_headers started  	[MsgId: MMSG-26355]
VerifyCertificate_simple.c(4): web_cleanup_auto_headers was successful  	[MsgId: MMSG-26392]
VerifyCertificate_simple.c(5): web_cleanup_cookies started  	[MsgId: MMSG-26355]
VerifyCertificate_simple.c(5): web_cleanup_cookies was successful  	[MsgId: MMSG-26392]
VerifyCertificate_simple.c(7): C:\LR_DATA\certs/VerifyCertificate_simple_2135.xml	[MsgId: MMSG-17999]
VerifyCertificate_simple.c(10): Use file: {VerifyCertificate_simple_file}	[MsgId: MMSG-17999]
VerifyCertificate_simple.c(13): Notify: Transaction "VerifyCertificate_simple" started.	[MsgId: MMSG-16999]
VerifyCertificate_simple.c(14): Error: HTTP status code 404 returned by the server	[MsgId: MERR-108974]
VerifyCertificate_simple.c(14): Error: SOAP request "VerifyCertificate_simple" execution failed	[MsgId: MERR-108964]
End auto log messages stack.	[MsgId: MMSG-10544]


Start auto log messages stack - Iteration 4189.	[MsgId: MMSG-10545]
VerifyCertificate_simple.c(3): web_cache_cleanup was successful  	[MsgId: MMSG-26392]
VerifyCertificate_simple.c(4): web_cleanup_auto_headers started  	[MsgId: MMSG-26355]
VerifyCertificate_simple.c(4): web_cleanup_auto_headers was successful  	[MsgId: MMSG-26392]
VerifyCertificate_simple.c(5): web_cleanup_cookies started  	[MsgId: MMSG-26355]
VerifyCertificate_simple.c(5): web_cleanup_cookies was successful  	[MsgId: MMSG-26392]
VerifyCertificate_simple.c(7): C:\LR_DATA\certs/VerifyCertificate_simple_4343.xml	[MsgId: MMSG-17999]
VerifyCertificate_simple.c(10): Use file: {VerifyCertificate_simple_file}	[MsgId: MMSG-17999]
VerifyCertificate_simple.c(13): Notify: Transaction "VerifyCertificate_simple" started.	[MsgId: MMSG-16999]
VerifyCertificate_simple.c(14): Error: HTTP status code 404 returned by the server	[MsgId: MERR-108974]
VerifyCertificate_simple.c(14): Error: SOAP request "VerifyCertificate_simple" execution failed	[MsgId: MERR-108964]
End auto log messages stack.	[MsgId: MMSG-10544]


Start auto log messages stack - Iteration 4189.	[MsgId: MMSG-10545]
VerifyCertificate_simple.c(14): Continuing after error in Vuser script.	[MsgId: MMSG-10678]
VerifyCertificate_simple.c(26): Notify: Transaction "VerifyCertificate_simple" ended with a "Fail" status (Duration: 0.0010 Wasted Time: 0.0002).	[MsgId: MMSG-16871]
VerifyCertificate_simple.c(26): Notify: Transaction "VerifyCertificate_simple" has 0 error message(s).	[MsgId: MMSG-16818]
VerifyCertificate_simple.c(27): Error: error: expected contains <Code>0</Code>, but got <soap:Envelope xmlns:soap="http://schemas.xmlsoap.org/soap/envelope/"><soap:Body><VerifyCertificateResponse xmlns="http://esv.server.rt.ru"><VerifyCertificateResult><Code>16</Code><Description>Алгоритм публичного ключа сертификата не соответствует ГОСТ 34.10-2012</Description></VerifyCertificateResult></VerifyCertificateResponse></soap:Body></soap:Envelope>	[MsgId: MERR-17999]
End auto log messages stack.	[MsgId: MMSG-10544]


Start auto log messages stack - Iteration 5942.	[MsgId: MMSG-10545]
VerifyCertificate_simple.c(3): web_cache_cleanup was successful  	[MsgId: MMSG-26392]
VerifyCertificate_simple.c(4): web_cleanup_auto_headers started  	[MsgId: MMSG-26355]
VerifyCertificate_simple.c(4): web_cleanup_auto_headers was successful  	[MsgId: MMSG-26392]
VerifyCertificate_simple.c(5): web_cleanup_cookies started  	[MsgId: MMSG-26355]
VerifyCertificate_simple.c(5): web_cleanup_cookies was successful  	[MsgId: MMSG-26392]
VerifyCertificate_simple.c(7): C:\LR_DATA\certs/VerifyCertificate_simple_3171.xml	[MsgId: MMSG-17999]
VerifyCertificate_simple.c(10): Use file: {VerifyCertificate_simple_file}	[MsgId: MMSG-17999]
VerifyCertificate_simple.c(13): Notify: Transaction "VerifyCertificate_simple" started.	[MsgId: MMSG-16999]
VerifyCertificate_simple.c(14): Error: HTTP status code 404 returned by the server	[MsgId: MERR-108974]
VerifyCertificate_simple.c(14): Error: SOAP request "VerifyCertificate_simple" execution failed	[MsgId: MERR-108964]
End auto log messages stack.	[MsgId: MMSG-10544]


Start auto log messages stack - Iteration 5943.	[MsgId: MMSG-10545]
VerifyCertificate_simple.c(3): web_cache_cleanup was successful  	[MsgId: MMSG-26392]
VerifyCertificate_simple.c(4): web_cleanup_auto_headers started  	[MsgId: MMSG-26355]
VerifyCertificate_simple.c(4): web_cleanup_auto_headers was successful  	[MsgId: MMSG-26392]
VerifyCertificate_simple.c(5): web_cleanup_cookies started  	[MsgId: MMSG-26355]
VerifyCertificate_simple.c(5): web_cleanup_cookies was successful  	[MsgId: MMSG-26392]
VerifyCertificate_simple.c(7): C:\LR_DATA\certs/VerifyCertificate_simple_3480.xml	[MsgId: MMSG-17999]
VerifyCertificate_simple.c(10): Use file: {VerifyCertificate_simple_file}	[MsgId: MMSG-17999]
VerifyCertificate_simple.c(13): Notify: Transaction "VerifyCertificate_simple" started.	[MsgId: MMSG-16999]
VerifyCertificate_simple.c(14): Error: HTTP status code 404 returned by the server	[MsgId: MERR-108974]
VerifyCertificate_simple.c(14): Error: SOAP request "VerifyCertificate_simple" execution failed	[MsgId: MERR-108964]
End auto log messages stack.	[MsgId: MMSG-10544]


Start auto log messages stack - Iteration 5944.	[MsgId: MMSG-10545]
VerifyCertificate_simple.c(3): web_cache_cleanup was successful  	[MsgId: MMSG-26392]
VerifyCertificate_simple.c(4): web_cleanup_auto_headers started  	[MsgId: MMSG-26355]
VerifyCertificate_simple.c(4): web_cleanup_auto_headers was successful  	[MsgId: MMSG-26392]
VerifyCertificate_simple.c(5): web_cleanup_cookies started  	[MsgId: MMSG-26355]
VerifyCertificate_simple.c(5): web_cleanup_cookies was successful  	[MsgId: MMSG-26392]
VerifyCertificate_simple.c(7): C:\LR_DATA\certs/VerifyCertificate_simple_2383.xml	[MsgId: MMSG-17999]
VerifyCertificate_simple.c(10): Use file: {VerifyCertificate_simple_file}	[MsgId: MMSG-17999]
VerifyCertificate_simple.c(13): Notify: Transaction "VerifyCertificate_simple" started.	[MsgId: MMSG-16999]
VerifyCertificate_simple.c(14): Error: HTTP status code 404 returned by the server	[MsgId: MERR-108974]
VerifyCertificate_simple.c(14): Error: SOAP request "VerifyCertificate_simple" execution failed	[MsgId: MERR-108964]
End auto log messages stack.	[MsgId: MMSG-10544]


Start auto log messages stack - Iteration 5945.	[MsgId: MMSG-10545]
VerifyCertificate_simple.c(3): web_cache_cleanup was successful  	[MsgId: MMSG-26392]
VerifyCertificate_simple.c(4): web_cleanup_auto_headers started  	[MsgId: MMSG-26355]
VerifyCertificate_simple.c(4): web_cleanup_auto_headers was successful  	[MsgId: MMSG-26392]
VerifyCertificate_simple.c(5): web_cleanup_cookies started  	[MsgId: MMSG-26355]
VerifyCertificate_simple.c(5): web_cleanup_cookies was successful  	[MsgId: MMSG-26392]
VerifyCertificate_simple.c(7): C:\LR_DATA\certs/VerifyCertificate_simple_2360.xml	[MsgId: MMSG-17999]
VerifyCertificate_simple.c(10): Use file: {VerifyCertificate_simple_file}	[MsgId: MMSG-17999]
VerifyCertificate_simple.c(13): Notify: Transaction "VerifyCertificate_simple" started.	[MsgId: MMSG-16999]
VerifyCertificate_simple.c(14): Error: HTTP status code 404 returned by the server	[MsgId: MERR-108974]
VerifyCertificate_simple.c(14): Error: SOAP request "VerifyCertificate_simple" execution failed	[MsgId: MERR-108964]
End auto log messages stack.	[MsgId: MMSG-10544]


Start auto log messages stack - Iteration 5946.	[MsgId: MMSG-10545]
VerifyCertificate_simple.c(3): web_cache_cleanup was successful  	[MsgId: MMSG-26392]
VerifyCertificate_simple.c(4): web_cleanup_auto_headers started  	[MsgId: MMSG-26355]
VerifyCertificate_simple.c(4): web_cleanup_auto_headers was successful  	[MsgId: MMSG-26392]
VerifyCertificate_simple.c(5): web_cleanup_cookies started  	[MsgId: MMSG-26355]
VerifyCertificate_simple.c(5): web_cleanup_cookies was successful  	[MsgId: MMSG-26392]
VerifyCertificate_simple.c(7): C:\LR_DATA\certs/VerifyCertificate_simple_4007.xml	[MsgId: MMSG-17999]
VerifyCertificate_simple.c(10): Use file: {VerifyCertificate_simple_file}	[MsgId: MMSG-17999]
VerifyCertificate_simple.c(13): Notify: Transaction "VerifyCertificate_simple" started.	[MsgId: MMSG-16999]
VerifyCertificate_simple.c(14): Error: HTTP status code 404 returned by the server	[MsgId: MERR-108974]
VerifyCertificate_simple.c(14): Error: SOAP request "VerifyCertificate_simple" execution failed	[MsgId: MERR-108964]
End auto log messages stack.	[MsgId: MMSG-10544]


Start auto log messages stack - Iteration 5947.	[MsgId: MMSG-10545]
VerifyCertificate_simple.c(3): web_cache_cleanup was successful  	[MsgId: MMSG-26392]
VerifyCertificate_simple.c(4): web_cleanup_auto_headers started  	[MsgId: MMSG-26355]
VerifyCertificate_simple.c(4): web_cleanup_auto_headers was successful  	[MsgId: MMSG-26392]
VerifyCertificate_simple.c(5): web_cleanup_cookies started  	[MsgId: MMSG-26355]
VerifyCertificate_simple.c(5): web_cleanup_cookies was successful  	[MsgId: MMSG-26392]
VerifyCertificate_simple.c(7): C:\LR_DATA\certs/VerifyCertificate_simple_598.xml	[MsgId: MMSG-17999]
VerifyCertificate_simple.c(10): Use file: {VerifyCertificate_simple_file}	[MsgId: MMSG-17999]
VerifyCertificate_simple.c(13): Notify: Transaction "VerifyCertificate_simple" started.	[MsgId: MMSG-16999]
VerifyCertificate_simple.c(14): Error: HTTP status code 404 returned by the server	[MsgId: MERR-108974]
VerifyCertificate_simple.c(14): Error: SOAP request "VerifyCertificate_simple" execution failed	[MsgId: MERR-108964]
End auto log messages stack.	[MsgId: MMSG-10544]


Start auto log messages stack - Iteration 5948.	[MsgId: MMSG-10545]
VerifyCertificate_simple.c(3): web_cache_cleanup was successful  	[MsgId: MMSG-26392]
VerifyCertificate_simple.c(4): web_cleanup_auto_headers started  	[MsgId: MMSG-26355]
VerifyCertificate_simple.c(4): web_cleanup_auto_headers was successful  	[MsgId: MMSG-26392]
VerifyCertificate_simple.c(5): web_cleanup_cookies started  	[MsgId: MMSG-26355]
VerifyCertificate_simple.c(5): web_cleanup_cookies was successful  	[MsgId: MMSG-26392]
VerifyCertificate_simple.c(7): C:\LR_DATA\certs/VerifyCertificate_simple_1340.xml	[MsgId: MMSG-17999]
VerifyCertificate_simple.c(10): Use file: {VerifyCertificate_simple_file}	[MsgId: MMSG-17999]
VerifyCertificate_simple.c(13): Notify: Transaction "VerifyCertificate_simple" started.	[MsgId: MMSG-16999]
VerifyCertificate_simple.c(14): Error: HTTP status code 404 returned by the server	[MsgId: MERR-108974]
VerifyCertificate_simple.c(14): Error: SOAP request "VerifyCertificate_simple" execution failed	[MsgId: MERR-108964]
End auto log messages stack.	[MsgId: MMSG-10544]


Start auto log messages stack - Iteration 5949.	[MsgId: MMSG-10545]
VerifyCertificate_simple.c(3): web_cache_cleanup was successful  	[MsgId: MMSG-26392]
VerifyCertificate_simple.c(4): web_cleanup_auto_headers started  	[MsgId: MMSG-26355]
VerifyCertificate_simple.c(4): web_cleanup_auto_headers was successful  	[MsgId: MMSG-26392]
VerifyCertificate_simple.c(5): web_cleanup_cookies started  	[MsgId: MMSG-26355]
VerifyCertificate_simple.c(5): web_cleanup_cookies was successful  	[MsgId: MMSG-26392]
VerifyCertificate_simple.c(7): C:\LR_DATA\certs/VerifyCertificate_simple_2286.xml	[MsgId: MMSG-17999]
VerifyCertificate_simple.c(10): Use file: {VerifyCertificate_simple_file}	[MsgId: MMSG-17999]
VerifyCertificate_simple.c(13): Notify: Transaction "VerifyCertificate_simple" started.	[MsgId: MMSG-16999]
VerifyCertificate_simple.c(14): Error: HTTP status code 404 returned by the server	[MsgId: MERR-108974]
VerifyCertificate_simple.c(14): Error: SOAP request "VerifyCertificate_simple" execution failed	[MsgId: MERR-108964]
End auto log messages stack.	[MsgId: MMSG-10544]


Start auto log messages stack - Iteration 5950.	[MsgId: MMSG-10545]
VerifyCertificate_simple.c(3): web_cache_cleanup was successful  	[MsgId: MMSG-26392]
VerifyCertificate_simple.c(4): web_cleanup_auto_headers started  	[MsgId: MMSG-26355]
VerifyCertificate_simple.c(4): web_cleanup_auto_headers was successful  	[MsgId: MMSG-26392]
VerifyCertificate_simple.c(5): web_cleanup_cookies started  	[MsgId: MMSG-26355]
VerifyCertificate_simple.c(5): web_cleanup_cookies was successful  	[MsgId: MMSG-26392]
VerifyCertificate_simple.c(7): C:\LR_DATA\certs/VerifyCertificate_simple_4030.xml	[MsgId: MMSG-17999]
VerifyCertificate_simple.c(10): Use file: {VerifyCertificate_simple_file}	[MsgId: MMSG-17999]
VerifyCertificate_simple.c(13): Notify: Transaction "VerifyCertificate_simple" started.	[MsgId: MMSG-16999]
VerifyCertificate_simple.c(14): Error: HTTP status code 404 returned by the server	[MsgId: MERR-108974]
VerifyCertificate_simple.c(14): Error: SOAP request "VerifyCertificate_simple" execution failed	[MsgId: MERR-108964]
End auto log messages stack.	[MsgId: MMSG-10544]


Start auto log messages stack - Iteration 5951.	[MsgId: MMSG-10545]
VerifyCertificate_simple.c(3): web_cache_cleanup was successful  	[MsgId: MMSG-26392]
VerifyCertificate_simple.c(4): web_cleanup_auto_headers started  	[MsgId: MMSG-26355]
VerifyCertificate_simple.c(4): web_cleanup_auto_headers was successful  	[MsgId: MMSG-26392]
VerifyCertificate_simple.c(5): web_cleanup_cookies started  	[MsgId: MMSG-26355]
VerifyCertificate_simple.c(5): web_cleanup_cookies was successful  	[MsgId: MMSG-26392]
VerifyCertificate_simple.c(7): C:\LR_DATA\certs/VerifyCertificate_simple_2189.xml	[MsgId: MMSG-17999]
VerifyCertificate_simple.c(10): Use file: {VerifyCertificate_simple_file}	[MsgId: MMSG-17999]
VerifyCertificate_simple.c(13): Notify: Transaction "VerifyCertificate_simple" started.	[MsgId: MMSG-16999]
VerifyCertificate_simple.c(14): Error: HTTP status code 404 returned by the server	[MsgId: MERR-108974]
VerifyCertificate_simple.c(14): Error: SOAP request "VerifyCertificate_simple" execution failed	[MsgId: MERR-108964]
End auto log messages stack.	[MsgId: MMSG-10544]


Start auto log messages stack - Iteration 5952.	[MsgId: MMSG-10545]
VerifyCertificate_simple.c(3): web_cache_cleanup was successful  	[MsgId: MMSG-26392]
VerifyCertificate_simple.c(4): web_cleanup_auto_headers started  	[MsgId: MMSG-26355]
VerifyCertificate_simple.c(4): web_cleanup_auto_headers was successful  	[MsgId: MMSG-26392]
VerifyCertificate_simple.c(5): web_cleanup_cookies started  	[MsgId: MMSG-26355]
VerifyCertificate_simple.c(5): web_cleanup_cookies was successful  	[MsgId: MMSG-26392]
VerifyCertificate_simple.c(7): C:\LR_DATA\certs/VerifyCertificate_simple_1151.xml	[MsgId: MMSG-17999]
VerifyCertificate_simple.c(10): Use file: {VerifyCertificate_simple_file}	[MsgId: MMSG-17999]
VerifyCertificate_simple.c(13): Notify: Transaction "VerifyCertificate_simple" started.	[MsgId: MMSG-16999]
VerifyCertificate_simple.c(14): Error: HTTP status code 404 returned by the server	[MsgId: MERR-108974]
VerifyCertificate_simple.c(14): Error: SOAP request "VerifyCertificate_simple" execution failed	[MsgId: MERR-108964]
End auto log messages stack.	[MsgId: MMSG-10544]


Start auto log messages stack - Iteration 5953.	[MsgId: MMSG-10545]
VerifyCertificate_simple.c(3): web_cache_cleanup was successful  	[MsgId: MMSG-26392]
VerifyCertificate_simple.c(4): web_cleanup_auto_headers started  	[MsgId: MMSG-26355]
VerifyCertificate_simple.c(4): web_cleanup_auto_headers was successful  	[MsgId: MMSG-26392]
VerifyCertificate_simple.c(5): web_cleanup_cookies started  	[MsgId: MMSG-26355]
VerifyCertificate_simple.c(5): web_cleanup_cookies was successful  	[MsgId: MMSG-26392]
VerifyCertificate_simple.c(7): C:\LR_DATA\certs/VerifyCertificate_simple_3150.xml	[MsgId: MMSG-17999]
VerifyCertificate_simple.c(10): Use file: {VerifyCertificate_simple_file}	[MsgId: MMSG-17999]
VerifyCertificate_simple.c(13): Notify: Transaction "VerifyCertificate_simple" started.	[MsgId: MMSG-16999]
VerifyCertificate_simple.c(14): Error: HTTP status code 404 returned by the server	[MsgId: MERR-108974]
VerifyCertificate_simple.c(14): Error: SOAP request "VerifyCertificate_simple" execution failed	[MsgId: MERR-108964]
End auto log messages stack.	[MsgId: MMSG-10544]


Start auto log messages stack - Iteration 5954.	[MsgId: MMSG-10545]
VerifyCertificate_simple.c(3): web_cache_cleanup was successful  	[MsgId: MMSG-26392]
VerifyCertificate_simple.c(4): web_cleanup_auto_headers started  	[MsgId: MMSG-26355]
VerifyCertificate_simple.c(4): web_cleanup_auto_headers was successful  	[MsgId: MMSG-26392]
VerifyCertificate_simple.c(5): web_cleanup_cookies started  	[MsgId: MMSG-26355]
VerifyCertificate_simple.c(5): web_cleanup_cookies was successful  	[MsgId: MMSG-26392]
VerifyCertificate_simple.c(7): C:\LR_DATA\certs/VerifyCertificate_simple_1395.xml	[MsgId: MMSG-17999]
VerifyCertificate_simple.c(10): Use file: {VerifyCertificate_simple_file}	[MsgId: MMSG-17999]
VerifyCertificate_simple.c(13): Notify: Transaction "VerifyCertificate_simple" started.	[MsgId: MMSG-16999]
VerifyCertificate_simple.c(14): Error: HTTP status code 404 returned by the server	[MsgId: MERR-108974]
VerifyCertificate_simple.c(14): Error: SOAP request "VerifyCertificate_simple" execution failed	[MsgId: MERR-108964]
End auto log messages stack.	[MsgId: MMSG-10544]


Start auto log messages stack - Iteration 5955.	[MsgId: MMSG-10545]
VerifyCertificate_simple.c(3): web_cache_cleanup was successful  	[MsgId: MMSG-26392]
VerifyCertificate_simple.c(4): web_cleanup_auto_headers started  	[MsgId: MMSG-26355]
VerifyCertificate_simple.c(4): web_cleanup_auto_headers was successful  	[MsgId: MMSG-26392]
VerifyCertificate_simple.c(5): web_cleanup_cookies started  	[MsgId: MMSG-26355]
VerifyCertificate_simple.c(5): web_cleanup_cookies was successful  	[MsgId: MMSG-26392]
VerifyCertificate_simple.c(7): C:\LR_DATA\certs/VerifyCertificate_simple_1752.xml	[MsgId: MMSG-17999]
VerifyCertificate_simple.c(10): Use file: {VerifyCertificate_simple_file}	[MsgId: MMSG-17999]
VerifyCertificate_simple.c(13): Notify: Transaction "VerifyCertificate_simple" started.	[MsgId: MMSG-16999]
VerifyCertificate_simple.c(14): Error: HTTP status code 404 returned by the server	[MsgId: MERR-108974]
VerifyCertificate_simple.c(14): Error: SOAP request "VerifyCertificate_simple" execution failed	[MsgId: MERR-108964]
End auto log messages stack.	[MsgId: MMSG-10544]


Start auto log messages stack - Iteration 5956.	[MsgId: MMSG-10545]
VerifyCertificate_simple.c(3): web_cache_cleanup was successful  	[MsgId: MMSG-26392]
VerifyCertificate_simple.c(4): web_cleanup_auto_headers started  	[MsgId: MMSG-26355]
VerifyCertificate_simple.c(4): web_cleanup_auto_headers was successful  	[MsgId: MMSG-26392]
VerifyCertificate_simple.c(5): web_cleanup_cookies started  	[MsgId: MMSG-26355]
VerifyCertificate_simple.c(5): web_cleanup_cookies was successful  	[MsgId: MMSG-26392]
VerifyCertificate_simple.c(7): C:\LR_DATA\certs/VerifyCertificate_simple_3767.xml	[MsgId: MMSG-17999]
VerifyCertificate_simple.c(10): Use file: {VerifyCertificate_simple_file}	[MsgId: MMSG-17999]
VerifyCertificate_simple.c(13): Notify: Transaction "VerifyCertificate_simple" started.	[MsgId: MMSG-16999]
VerifyCertificate_simple.c(14): Error: HTTP status code 404 returned by the server	[MsgId: MERR-108974]
VerifyCertificate_simple.c(14): Error: SOAP request "VerifyCertificate_simple" execution failed	[MsgId: MERR-108964]
End auto log messages stack.	[MsgId: MMSG-10544]


Start auto log messages stack - Iteration 5957.	[MsgId: MMSG-10545]
VerifyCertificate_simple.c(3): web_cache_cleanup was successful  	[MsgId: MMSG-26392]
VerifyCertificate_simple.c(4): web_cleanup_auto_headers started  	[MsgId: MMSG-26355]
VerifyCertificate_simple.c(4): web_cleanup_auto_headers was successful  	[MsgId: MMSG-26392]
VerifyCertificate_simple.c(5): web_cleanup_cookies started  	[MsgId: MMSG-26355]
VerifyCertificate_simple.c(5): web_cleanup_cookies was successful  	[MsgId: MMSG-26392]
VerifyCertificate_simple.c(7): C:\LR_DATA\certs/VerifyCertificate_simple_4892.xml	[MsgId: MMSG-17999]
VerifyCertificate_simple.c(10): Use file: {VerifyCertificate_simple_file}	[MsgId: MMSG-17999]
VerifyCertificate_simple.c(13): Notify: Transaction "VerifyCertificate_simple" started.	[MsgId: MMSG-16999]
VerifyCertificate_simple.c(14): Error: HTTP status code 404 returned by the server	[MsgId: MERR-108974]
VerifyCertificate_simple.c(14): Error: SOAP request "VerifyCertificate_simple" execution failed	[MsgId: MERR-108964]
End auto log messages stack.	[MsgId: MMSG-10544]


Start auto log messages stack - Iteration 5958.	[MsgId: MMSG-10545]
VerifyCertificate_simple.c(3): web_cache_cleanup was successful  	[MsgId: MMSG-26392]
VerifyCertificate_simple.c(4): web_cleanup_auto_headers started  	[MsgId: MMSG-26355]
VerifyCertificate_simple.c(4): web_cleanup_auto_headers was successful  	[MsgId: MMSG-26392]
VerifyCertificate_simple.c(5): web_cleanup_cookies started  	[MsgId: MMSG-26355]
VerifyCertificate_simple.c(5): web_cleanup_cookies was successful  	[MsgId: MMSG-26392]
VerifyCertificate_simple.c(7): C:\LR_DATA\certs/VerifyCertificate_simple_2444.xml	[MsgId: MMSG-17999]
VerifyCertificate_simple.c(10): Use file: {VerifyCertificate_simple_file}	[MsgId: MMSG-17999]
VerifyCertificate_simple.c(13): Notify: Transaction "VerifyCertificate_simple" started.	[MsgId: MMSG-16999]
VerifyCertificate_simple.c(14): Error: HTTP status code 404 returned by the server	[MsgId: MERR-108974]
VerifyCertificate_simple.c(14): Error: SOAP request "VerifyCertificate_simple" execution failed	[MsgId: MERR-108964]
End auto log messages stack.	[MsgId: MMSG-10544]


Start auto log messages stack - Iteration 5959.	[MsgId: MMSG-10545]
VerifyCertificate_simple.c(3): web_cache_cleanup was successful  	[MsgId: MMSG-26392]
VerifyCertificate_simple.c(4): web_cleanup_auto_headers started  	[MsgId: MMSG-26355]
VerifyCertificate_simple.c(4): web_cleanup_auto_headers was successful  	[MsgId: MMSG-26392]
VerifyCertificate_simple.c(5): web_cleanup_cookies started  	[MsgId: MMSG-26355]
VerifyCertificate_simple.c(5): web_cleanup_cookies was successful  	[MsgId: MMSG-26392]
VerifyCertificate_simple.c(7): C:\LR_DATA\certs/VerifyCertificate_simple_3663.xml	[MsgId: MMSG-17999]
VerifyCertificate_simple.c(10): Use file: {VerifyCertificate_simple_file}	[MsgId: MMSG-17999]
VerifyCertificate_simple.c(13): Notify: Transaction "VerifyCertificate_simple" started.	[MsgId: MMSG-16999]
VerifyCertificate_simple.c(14): Error: HTTP status code 404 returned by the server	[MsgId: MERR-108974]
VerifyCertificate_simple.c(14): Error: SOAP request "VerifyCertificate_simple" execution failed	[MsgId: MERR-108964]
End auto log messages stack.	[MsgId: MMSG-10544]


Start auto log messages stack - Iteration 5960.	[MsgId: MMSG-10545]
VerifyCertificate_simple.c(3): web_cache_cleanup was successful  	[MsgId: MMSG-26392]
VerifyCertificate_simple.c(4): web_cleanup_auto_headers started  	[MsgId: MMSG-26355]
VerifyCertificate_simple.c(4): web_cleanup_auto_headers was successful  	[MsgId: MMSG-26392]
VerifyCertificate_simple.c(5): web_cleanup_cookies started  	[MsgId: MMSG-26355]
VerifyCertificate_simple.c(5): web_cleanup_cookies was successful  	[MsgId: MMSG-26392]
VerifyCertificate_simple.c(7): C:\LR_DATA\certs/VerifyCertificate_simple_2435.xml	[MsgId: MMSG-17999]
VerifyCertificate_simple.c(10): Use file: {VerifyCertificate_simple_file}	[MsgId: MMSG-17999]
VerifyCertificate_simple.c(13): Notify: Transaction "VerifyCertificate_simple" started.	[MsgId: MMSG-16999]
VerifyCertificate_simple.c(14): Error: HTTP status code 404 returned by the server	[MsgId: MERR-108974]
VerifyCertificate_simple.c(14): Error: SOAP request "VerifyCertificate_simple" execution failed	[MsgId: MERR-108964]
End auto log messages stack.	[MsgId: MMSG-10544]


Start auto log messages stack - Iteration 5961.	[MsgId: MMSG-10545]
VerifyCertificate_simple.c(3): web_cache_cleanup was successful  	[MsgId: MMSG-26392]
VerifyCertificate_simple.c(4): web_cleanup_auto_headers started  	[MsgId: MMSG-26355]
VerifyCertificate_simple.c(4): web_cleanup_auto_headers was successful  	[MsgId: MMSG-26392]
VerifyCertificate_simple.c(5): web_cleanup_cookies started  	[MsgId: MMSG-26355]
VerifyCertificate_simple.c(5): web_cleanup_cookies was successful  	[MsgId: MMSG-26392]
VerifyCertificate_simple.c(7): C:\LR_DATA\certs/VerifyCertificate_simple_1947.xml	[MsgId: MMSG-17999]
VerifyCertificate_simple.c(10): Use file: {VerifyCertificate_simple_file}	[MsgId: MMSG-17999]
VerifyCertificate_simple.c(13): Notify: Transaction "VerifyCertificate_simple" started.	[MsgId: MMSG-16999]
VerifyCertificate_simple.c(14): Error: HTTP status code 404 returned by the server	[MsgId: MERR-108974]
VerifyCertificate_simple.c(14): Error: SOAP request "VerifyCertificate_simple" execution failed	[MsgId: MERR-108964]
End auto log messages stack.	[MsgId: MMSG-10544]


Start auto log messages stack - Iteration 5962.	[MsgId: MMSG-10545]
VerifyCertificate_simple.c(3): web_cache_cleanup was successful  	[MsgId: MMSG-26392]
VerifyCertificate_simple.c(4): web_cleanup_auto_headers started  	[MsgId: MMSG-26355]
VerifyCertificate_simple.c(4): web_cleanup_auto_headers was successful  	[MsgId: MMSG-26392]
VerifyCertificate_simple.c(5): web_cleanup_cookies started  	[MsgId: MMSG-26355]
VerifyCertificate_simple.c(5): web_cleanup_cookies was successful  	[MsgId: MMSG-26392]
VerifyCertificate_simple.c(7): C:\LR_DATA\certs/VerifyCertificate_simple_753.xml	[MsgId: MMSG-17999]
VerifyCertificate_simple.c(10): Use file: {VerifyCertificate_simple_file}	[MsgId: MMSG-17999]
VerifyCertificate_simple.c(13): Notify: Transaction "VerifyCertificate_simple" started.	[MsgId: MMSG-16999]
VerifyCertificate_simple.c(14): Error: HTTP status code 404 returned by the server	[MsgId: MERR-108974]
VerifyCertificate_simple.c(14): Error: SOAP request "VerifyCertificate_simple" execution failed	[MsgId: MERR-108964]
End auto log messages stack.	[MsgId: MMSG-10544]


Start auto log messages stack - Iteration 5963.	[MsgId: MMSG-10545]
VerifyCertificate_simple.c(3): web_cache_cleanup was successful  	[MsgId: MMSG-26392]
VerifyCertificate_simple.c(4): web_cleanup_auto_headers started  	[MsgId: MMSG-26355]
VerifyCertificate_simple.c(4): web_cleanup_auto_headers was successful  	[MsgId: MMSG-26392]
VerifyCertificate_simple.c(5): web_cleanup_cookies started  	[MsgId: MMSG-26355]
VerifyCertificate_simple.c(5): web_cleanup_cookies was successful  	[MsgId: MMSG-26392]
VerifyCertificate_simple.c(7): C:\LR_DATA\certs/VerifyCertificate_simple_624.xml	[MsgId: MMSG-17999]
VerifyCertificate_simple.c(10): Use file: {VerifyCertificate_simple_file}	[MsgId: MMSG-17999]
VerifyCertificate_simple.c(13): Notify: Transaction "VerifyCertificate_simple" started.	[MsgId: MMSG-16999]
VerifyCertificate_simple.c(14): Error: HTTP status code 404 returned by the server	[MsgId: MERR-108974]
VerifyCertificate_simple.c(14): Error: SOAP request "VerifyCertificate_simple" execution failed	[MsgId: MERR-108964]
End auto log messages stack.	[MsgId: MMSG-10544]


Start auto log messages stack - Iteration 5964.	[MsgId: MMSG-10545]
VerifyCertificate_simple.c(3): web_cache_cleanup was successful  	[MsgId: MMSG-26392]
VerifyCertificate_simple.c(4): web_cleanup_auto_headers started  	[MsgId: MMSG-26355]
VerifyCertificate_simple.c(4): web_cleanup_auto_headers was successful  	[MsgId: MMSG-26392]
VerifyCertificate_simple.c(5): web_cleanup_cookies started  	[MsgId: MMSG-26355]
VerifyCertificate_simple.c(5): web_cleanup_cookies was successful  	[MsgId: MMSG-26392]
VerifyCertificate_simple.c(7): C:\LR_DATA\certs/VerifyCertificate_simple_1107.xml	[MsgId: MMSG-17999]
VerifyCertificate_simple.c(10): Use file: {VerifyCertificate_simple_file}	[MsgId: MMSG-17999]
VerifyCertificate_simple.c(13): Notify: Transaction "VerifyCertificate_simple" started.	[MsgId: MMSG-16999]
VerifyCertificate_simple.c(14): Error: HTTP status code 404 returned by the server	[MsgId: MERR-108974]
VerifyCertificate_simple.c(14): Error: SOAP request "VerifyCertificate_simple" execution failed	[MsgId: MERR-108964]
End auto log messages stack.	[MsgId: MMSG-10544]


Start auto log messages stack - Iteration 5965.	[MsgId: MMSG-10545]
VerifyCertificate_simple.c(3): web_cache_cleanup was successful  	[MsgId: MMSG-26392]
VerifyCertificate_simple.c(4): web_cleanup_auto_headers started  	[MsgId: MMSG-26355]
VerifyCertificate_simple.c(4): web_cleanup_auto_headers was successful  	[MsgId: MMSG-26392]
VerifyCertificate_simple.c(5): web_cleanup_cookies started  	[MsgId: MMSG-26355]
VerifyCertificate_simple.c(5): web_cleanup_cookies was successful  	[MsgId: MMSG-26392]
VerifyCertificate_simple.c(7): C:\LR_DATA\certs/VerifyCertificate_simple_556.xml	[MsgId: MMSG-17999]
VerifyCertificate_simple.c(10): Use file: {VerifyCertificate_simple_file}	[MsgId: MMSG-17999]
VerifyCertificate_simple.c(13): Notify: Transaction "VerifyCertificate_simple" started.	[MsgId: MMSG-16999]
VerifyCertificate_simple.c(14): Error: HTTP status code 404 returned by the server	[MsgId: MERR-108974]
VerifyCertificate_simple.c(14): Error: SOAP request "VerifyCertificate_simple" execution failed	[MsgId: MERR-108964]
End auto log messages stack.	[MsgId: MMSG-10544]


Start auto log messages stack - Iteration 5965.	[MsgId: MMSG-10545]
VerifyCertificate_simple.c(14): Continuing after error in Vuser script.	[MsgId: MMSG-10678]
VerifyCertificate_simple.c(26): Notify: Transaction "VerifyCertificate_simple" ended with a "Fail" status (Duration: 0.0009 Wasted Time: 0.0002).	[MsgId: MMSG-16871]
VerifyCertificate_simple.c(26): Notify: Transaction "VerifyCertificate_simple" has 0 error message(s).	[MsgId: MMSG-16818]
VerifyCertificate_simple.c(27): Error: error: expected contains <Code>15</Code>, but got <soap:Envelope xmlns:soap="http://schemas.xmlsoap.org/soap/envelope/"><soap:Body><VerifyCertificateResponse xmlns="http://esv.server.rt.ru"><VerifyCertificateResult><Code>16</Code><Description>Алгоритм публичного ключа сертификата не соответствует ГОСТ 34.10-2012</Description></VerifyCertificateResult></VerifyCertificateResponse></soap:Body></soap:Envelope>	[MsgId: MERR-17999]
End auto log messages stack.	[MsgId: MMSG-10544]


Start auto log messages stack - Iteration 6911.	[MsgId: MMSG-10545]
VerifyCertificate_simple.c(3): web_cache_cleanup was successful  	[MsgId: MMSG-26392]
VerifyCertificate_simple.c(4): web_cleanup_auto_headers started  	[MsgId: MMSG-26355]
VerifyCertificate_simple.c(4): web_cleanup_auto_headers was successful  	[MsgId: MMSG-26392]
VerifyCertificate_simple.c(5): web_cleanup_cookies started  	[MsgId: MMSG-26355]
VerifyCertificate_simple.c(5): web_cleanup_cookies was successful  	[MsgId: MMSG-26392]
VerifyCertificate_simple.c(7): C:\LR_DATA\certs/VerifyCertificate_simple_706.xml	[MsgId: MMSG-17999]
VerifyCertificate_simple.c(10): Use file: {VerifyCertificate_simple_file}	[MsgId: MMSG-17999]
VerifyCertificate_simple.c(13): Notify: Transaction "VerifyCertificate_simple" started.	[MsgId: MMSG-16999]
VerifyCertificate_simple.c(14): Error: HTTP status code 404 returned by the server	[MsgId: MERR-108974]
VerifyCertificate_simple.c(14): Error: SOAP request "VerifyCertificate_simple" execution failed	[MsgId: MERR-108964]
End auto log messages stack.	[MsgId: MMSG-10544]


Start auto log messages stack - Iteration 6912.	[MsgId: MMSG-10545]
VerifyCertificate_simple.c(3): web_cache_cleanup was successful  	[MsgId: MMSG-26392]
VerifyCertificate_simple.c(4): web_cleanup_auto_headers started  	[MsgId: MMSG-26355]
VerifyCertificate_simple.c(4): web_cleanup_auto_headers was successful  	[MsgId: MMSG-26392]
VerifyCertificate_simple.c(5): web_cleanup_cookies started  	[MsgId: MMSG-26355]
VerifyCertificate_simple.c(5): web_cleanup_cookies was successful  	[MsgId: MMSG-26392]
VerifyCertificate_simple.c(7): C:\LR_DATA\certs/VerifyCertificate_simple_1598.xml	[MsgId: MMSG-17999]
VerifyCertificate_simple.c(10): Use file: {VerifyCertificate_simple_file}	[MsgId: MMSG-17999]
VerifyCertificate_simple.c(13): Notify: Transaction "VerifyCertificate_simple" started.	[MsgId: MMSG-16999]
VerifyCertificate_simple.c(14): Error: HTTP status code 404 returned by the server	[MsgId: MERR-108974]
VerifyCertificate_simple.c(14): Error: SOAP request "VerifyCertificate_simple" execution failed	[MsgId: MERR-108964]
End auto log messages stack.	[MsgId: MMSG-10544]


Start auto log messages stack - Iteration 6913.	[MsgId: MMSG-10545]
VerifyCertificate_simple.c(3): web_cache_cleanup was successful  	[MsgId: MMSG-26392]
VerifyCertificate_simple.c(4): web_cleanup_auto_headers started  	[MsgId: MMSG-26355]
VerifyCertificate_simple.c(4): web_cleanup_auto_headers was successful  	[MsgId: MMSG-26392]
VerifyCertificate_simple.c(5): web_cleanup_cookies started  	[MsgId: MMSG-26355]
VerifyCertificate_simple.c(5): web_cleanup_cookies was successful  	[MsgId: MMSG-26392]
VerifyCertificate_simple.c(7): C:\LR_DATA\certs/VerifyCertificate_simple_2437.xml	[MsgId: MMSG-17999]
VerifyCertificate_simple.c(10): Use file: {VerifyCertificate_simple_file}	[MsgId: MMSG-17999]
VerifyCertificate_simple.c(13): Notify: Transaction "VerifyCertificate_simple" started.	[MsgId: MMSG-16999]
VerifyCertificate_simple.c(14): Error: HTTP status code 404 returned by the server	[MsgId: MERR-108974]
VerifyCertificate_simple.c(14): Error: SOAP request "VerifyCertificate_simple" execution failed	[MsgId: MERR-108964]
End auto log messages stack.	[MsgId: MMSG-10544]


Start auto log messages stack - Iteration 6914.	[MsgId: MMSG-10545]
VerifyCertificate_simple.c(3): web_cache_cleanup was successful  	[MsgId: MMSG-26392]
VerifyCertificate_simple.c(4): web_cleanup_auto_headers started  	[MsgId: MMSG-26355]
VerifyCertificate_simple.c(4): web_cleanup_auto_headers was successful  	[MsgId: MMSG-26392]
VerifyCertificate_simple.c(5): web_cleanup_cookies started  	[MsgId: MMSG-26355]
VerifyCertificate_simple.c(5): web_cleanup_cookies was successful  	[MsgId: MMSG-26392]
VerifyCertificate_simple.c(7): C:\LR_DATA\certs/VerifyCertificate_simple_3503.xml	[MsgId: MMSG-17999]
VerifyCertificate_simple.c(10): Use file: {VerifyCertificate_simple_file}	[MsgId: MMSG-17999]
VerifyCertificate_simple.c(13): Notify: Transaction "VerifyCertificate_simple" started.	[MsgId: MMSG-16999]
VerifyCertificate_simple.c(14): Error: HTTP status code 404 returned by the server	[MsgId: MERR-108974]
VerifyCertificate_simple.c(14): Error: SOAP request "VerifyCertificate_simple" execution failed	[MsgId: MERR-108964]
End auto log messages stack.	[MsgId: MMSG-10544]


Start auto log messages stack - Iteration 6915.	[MsgId: MMSG-10545]
VerifyCertificate_simple.c(3): web_cache_cleanup was successful  	[MsgId: MMSG-26392]
VerifyCertificate_simple.c(4): web_cleanup_auto_headers started  	[MsgId: MMSG-26355]
VerifyCertificate_simple.c(4): web_cleanup_auto_headers was successful  	[MsgId: MMSG-26392]
VerifyCertificate_simple.c(5): web_cleanup_cookies started  	[MsgId: MMSG-26355]
VerifyCertificate_simple.c(5): web_cleanup_cookies was successful  	[MsgId: MMSG-26392]
VerifyCertificate_simple.c(7): C:\LR_DATA\certs/VerifyCertificate_simple_1411.xml	[MsgId: MMSG-17999]
VerifyCertificate_simple.c(10): Use file: {VerifyCertificate_simple_file}	[MsgId: MMSG-17999]
VerifyCertificate_simple.c(13): Notify: Transaction "VerifyCertificate_simple" started.	[MsgId: MMSG-16999]
VerifyCertificate_simple.c(14): Error: HTTP status code 404 returned by the server	[MsgId: MERR-108974]
VerifyCertificate_simple.c(14): Error: SOAP request "VerifyCertificate_simple" execution failed	[MsgId: MERR-108964]
End auto log messages stack.	[MsgId: MMSG-10544]


Start auto log messages stack - Iteration 6916.	[MsgId: MMSG-10545]
VerifyCertificate_simple.c(3): web_cache_cleanup was successful  	[MsgId: MMSG-26392]
VerifyCertificate_simple.c(4): web_cleanup_auto_headers started  	[MsgId: MMSG-26355]
VerifyCertificate_simple.c(4): web_cleanup_auto_headers was successful  	[MsgId: MMSG-26392]
VerifyCertificate_simple.c(5): web_cleanup_cookies started  	[MsgId: MMSG-26355]
VerifyCertificate_simple.c(5): web_cleanup_cookies was successful  	[MsgId: MMSG-26392]
VerifyCertificate_simple.c(7): C:\LR_DATA\certs/VerifyCertificate_simple_1683.xml	[MsgId: MMSG-17999]
VerifyCertificate_simple.c(10): Use file: {VerifyCertificate_simple_file}	[MsgId: MMSG-17999]
VerifyCertificate_simple.c(13): Notify: Transaction "VerifyCertificate_simple" started.	[MsgId: MMSG-16999]
VerifyCertificate_simple.c(14): Error: HTTP status code 404 returned by the server	[MsgId: MERR-108974]
VerifyCertificate_simple.c(14): Error: SOAP request "VerifyCertificate_simple" execution failed	[MsgId: MERR-108964]
End auto log messages stack.	[MsgId: MMSG-10544]


Start auto log messages stack - Iteration 6917.	[MsgId: MMSG-10545]
VerifyCertificate_simple.c(3): web_cache_cleanup was successful  	[MsgId: MMSG-26392]
VerifyCertificate_simple.c(4): web_cleanup_auto_headers started  	[MsgId: MMSG-26355]
VerifyCertificate_simple.c(4): web_cleanup_auto_headers was successful  	[MsgId: MMSG-26392]
VerifyCertificate_simple.c(5): web_cleanup_cookies started  	[MsgId: MMSG-26355]
VerifyCertificate_simple.c(5): web_cleanup_cookies was successful  	[MsgId: MMSG-26392]
VerifyCertificate_simple.c(7): C:\LR_DATA\certs/VerifyCertificate_simple_4037.xml	[MsgId: MMSG-17999]
VerifyCertificate_simple.c(10): Use file: {VerifyCertificate_simple_file}	[MsgId: MMSG-17999]
VerifyCertificate_simple.c(13): Notify: Transaction "VerifyCertificate_simple" started.	[MsgId: MMSG-16999]
VerifyCertificate_simple.c(14): Error: HTTP status code 404 returned by the server	[MsgId: MERR-108974]
VerifyCertificate_simple.c(14): Error: SOAP request "VerifyCertificate_simple" execution failed	[MsgId: MERR-108964]
End auto log messages stack.	[MsgId: MMSG-10544]


Start auto log messages stack - Iteration 6918.	[MsgId: MMSG-10545]
VerifyCertificate_simple.c(3): web_cache_cleanup was successful  	[MsgId: MMSG-26392]
VerifyCertificate_simple.c(4): web_cleanup_auto_headers started  	[MsgId: MMSG-26355]
VerifyCertificate_simple.c(4): web_cleanup_auto_headers was successful  	[MsgId: MMSG-26392]
VerifyCertificate_simple.c(5): web_cleanup_cookies started  	[MsgId: MMSG-26355]
VerifyCertificate_simple.c(5): web_cleanup_cookies was successful  	[MsgId: MMSG-26392]
VerifyCertificate_simple.c(7): C:\LR_DATA\certs/VerifyCertificate_simple_2099.xml	[MsgId: MMSG-17999]
VerifyCertificate_simple.c(10): Use file: {VerifyCertificate_simple_file}	[MsgId: MMSG-17999]
VerifyCertificate_simple.c(13): Notify: Transaction "VerifyCertificate_simple" started.	[MsgId: MMSG-16999]
VerifyCertificate_simple.c(14): Error: HTTP status code 404 returned by the server	[MsgId: MERR-108974]
VerifyCertificate_simple.c(14): Error: SOAP request "VerifyCertificate_simple" execution failed	[MsgId: MERR-108964]
End auto log messages stack.	[MsgId: MMSG-10544]


Start auto log messages stack - Iteration 6919.	[MsgId: MMSG-10545]
VerifyCertificate_simple.c(3): web_cache_cleanup was successful  	[MsgId: MMSG-26392]
VerifyCertificate_simple.c(4): web_cleanup_auto_headers started  	[MsgId: MMSG-26355]
VerifyCertificate_simple.c(4): web_cleanup_auto_headers was successful  	[MsgId: MMSG-26392]
VerifyCertificate_simple.c(5): web_cleanup_cookies started  	[MsgId: MMSG-26355]
VerifyCertificate_simple.c(5): web_cleanup_cookies was successful  	[MsgId: MMSG-26392]
VerifyCertificate_simple.c(7): C:\LR_DATA\certs/VerifyCertificate_simple_3245.xml	[MsgId: MMSG-17999]
VerifyCertificate_simple.c(10): Use file: {VerifyCertificate_simple_file}	[MsgId: MMSG-17999]
VerifyCertificate_simple.c(13): Notify: Transaction "VerifyCertificate_simple" started.	[MsgId: MMSG-16999]
VerifyCertificate_simple.c(14): Error: HTTP status code 404 returned by the server	[MsgId: MERR-108974]
VerifyCertificate_simple.c(14): Error: SOAP request "VerifyCertificate_simple" execution failed	[MsgId: MERR-108964]
End auto log messages stack.	[MsgId: MMSG-10544]


Start auto log messages stack - Iteration 6920.	[MsgId: MMSG-10545]
VerifyCertificate_simple.c(3): web_cache_cleanup was successful  	[MsgId: MMSG-26392]
VerifyCertificate_simple.c(4): web_cleanup_auto_headers started  	[MsgId: MMSG-26355]
VerifyCertificate_simple.c(4): web_cleanup_auto_headers was successful  	[MsgId: MMSG-26392]
VerifyCertificate_simple.c(5): web_cleanup_cookies started  	[MsgId: MMSG-26355]
VerifyCertificate_simple.c(5): web_cleanup_cookies was successful  	[MsgId: MMSG-26392]
VerifyCertificate_simple.c(7): C:\LR_DATA\certs/VerifyCertificate_simple_3856.xml	[MsgId: MMSG-17999]
VerifyCertificate_simple.c(10): Use file: {VerifyCertificate_simple_file}	[MsgId: MMSG-17999]
VerifyCertificate_simple.c(13): Notify: Transaction "VerifyCertificate_simple" started.	[MsgId: MMSG-16999]
VerifyCertificate_simple.c(14): Error: HTTP status code 404 returned by the server	[MsgId: MERR-108974]
VerifyCertificate_simple.c(14): Error: SOAP request "VerifyCertificate_simple" execution failed	[MsgId: MERR-108964]
End auto log messages stack.	[MsgId: MMSG-10544]


Start auto log messages stack - Iteration 6921.	[MsgId: MMSG-10545]
VerifyCertificate_simple.c(3): web_cache_cleanup was successful  	[MsgId: MMSG-26392]
VerifyCertificate_simple.c(4): web_cleanup_auto_headers started  	[MsgId: MMSG-26355]
VerifyCertificate_simple.c(4): web_cleanup_auto_headers was successful  	[MsgId: MMSG-26392]
VerifyCertificate_simple.c(5): web_cleanup_cookies started  	[MsgId: MMSG-26355]
VerifyCertificate_simple.c(5): web_cleanup_cookies was successful  	[MsgId: MMSG-26392]
VerifyCertificate_simple.c(7): C:\LR_DATA\certs/VerifyCertificate_simple_4353.xml	[MsgId: MMSG-17999]
VerifyCertificate_simple.c(10): Use file: {VerifyCertificate_simple_file}	[MsgId: MMSG-17999]
VerifyCertificate_simple.c(13): Notify: Transaction "VerifyCertificate_simple" started.	[MsgId: MMSG-16999]
VerifyCertificate_simple.c(14): Error: HTTP status code 404 returned by the server	[MsgId: MERR-108974]
VerifyCertificate_simple.c(14): Error: SOAP request "VerifyCertificate_simple" execution failed	[MsgId: MERR-108964]
End auto log messages stack.	[MsgId: MMSG-10544]


Start auto log messages stack - Iteration 6921.	[MsgId: MMSG-10545]
VerifyCertificate_simple.c(14): Continuing after error in Vuser script.	[MsgId: MMSG-10678]
VerifyCertificate_simple.c(26): Notify: Transaction "VerifyCertificate_simple" ended with a "Fail" status (Duration: 0.0025 Wasted Time: 0.0003).	[MsgId: MMSG-16871]
VerifyCertificate_simple.c(26): Notify: Transaction "VerifyCertificate_simple" has 0 error message(s).	[MsgId: MMSG-16818]
VerifyCertificate_simple.c(27): Error: error: expected contains <Code>0</Code>, but got <soap:Envelope xmlns:soap="http://schemas.xmlsoap.org/soap/envelope/"><soap:Body><VerifyCertificateResponse xmlns="http://esv.server.rt.ru"><VerifyCertificateResult><Code>16</Code><Description>Алгоритм публичного ключа сертификата не соответствует ГОСТ 34.10-2012</Description></VerifyCertificateResult></VerifyCertificateResponse></soap:Body></soap:Envelope>	[MsgId: MERR-17999]
End auto log messages stack.	[MsgId: MMSG-10544]


