Start auto log messages stack - Iteration 27313.	[MsgId: MMSG-10545]
VerifyCertificate_simple.c(3): web_cache_cleanup was successful  	[MsgId: MMSG-26392]
VerifyCertificate_simple.c(4): web_cleanup_auto_headers started  	[MsgId: MMSG-26355]
VerifyCertificate_simple.c(4): web_cleanup_auto_headers was successful  	[MsgId: MMSG-26392]
VerifyCertificate_simple.c(5): web_cleanup_cookies started  	[MsgId: MMSG-26355]
VerifyCertificate_simple.c(5): web_cleanup_cookies was successful  	[MsgId: MMSG-26392]
VerifyCertificate_simple.c(7): C:\LR_DATA\certs/VerifyCertificate_simple_4676.xml	[MsgId: MMSG-17999]
VerifyCertificate_simple.c(10): Use file: {VerifyCertificate_simple_file}	[MsgId: MMSG-17999]
VerifyCertificate_simple.c(13): Notify: Transaction "VerifyCertificate_simple" started.	[MsgId: MMSG-16999]
VerifyCertificate_simple.c(14): Error: HTTP status code 404 returned by the server	[MsgId: MERR-108974]
VerifyCertificate_simple.c(14): Error: SOAP request "VerifyCertificate_simple" execution failed	[MsgId: MERR-108964]
End auto log messages stack.	[MsgId: MMSG-10544]


Start auto log messages stack - Iteration 29184.	[MsgId: MMSG-10545]
VerifyCertificate_simple.c(3): web_cache_cleanup was successful  	[MsgId: MMSG-26392]
VerifyCertificate_simple.c(4): web_cleanup_auto_headers started  	[MsgId: MMSG-26355]
VerifyCertificate_simple.c(4): web_cleanup_auto_headers was successful  	[MsgId: MMSG-26392]
VerifyCertificate_simple.c(5): web_cleanup_cookies started  	[MsgId: MMSG-26355]
VerifyCertificate_simple.c(5): web_cleanup_cookies was successful  	[MsgId: MMSG-26392]
VerifyCertificate_simple.c(7): C:\LR_DATA\certs/VerifyCertificate_simple_733.xml	[MsgId: MMSG-17999]
VerifyCertificate_simple.c(10): Use file: {VerifyCertificate_simple_file}	[MsgId: MMSG-17999]
VerifyCertificate_simple.c(13): Notify: Transaction "VerifyCertificate_simple" started.	[MsgId: MMSG-16999]
VerifyCertificate_simple.c(14): Error: HTTP status code 404 returned by the server	[MsgId: MERR-108974]
VerifyCertificate_simple.c(14): Error: SOAP request "VerifyCertificate_simple" execution failed	[MsgId: MERR-108964]
End auto log messages stack.	[MsgId: MMSG-10544]


Start auto log messages stack - Iteration 32728.	[MsgId: MMSG-10545]
Start auto log messages stack - Iteration 31769.	[MsgId: MMSG-10545]
VerifyCertificate_simple.c(3): web_cache_cleanup was successful  	[MsgId: MMSG-26392]
VerifyCertificate_simple.c(4): web_cleanup_auto_headers started  	[MsgId: MMSG-26355]
VerifyCertificate_simple.c(4): web_cleanup_auto_headers was successful  	[MsgId: MMSG-26392]
VerifyCertificate_simple.c(5): web_cleanup_cookies started  	[MsgId: MMSG-26355]
VerifyCertificate_simple.c(5): web_cleanup_cookies was successful  	[MsgId: MMSG-26392]
VerifyCertificate_simple.c(7): C:\LR_DATA\certs/VerifyCertificate_simple_3843.xml	[MsgId: MMSG-17999]
VerifyCertificate_simple.c(3): web_cache_cleanup was successful  	[MsgId: MMSG-26392]
VerifyCertificate_simple.c(4): web_cleanup_auto_headers started  	[MsgId: MMSG-26355]
VerifyCertificate_simple.c(4): web_cleanup_auto_headers was successful  	[MsgId: MMSG-26392]
VerifyCertificate_simple.c(10): Use file: {VerifyCertificate_simple_file}	[MsgId: MMSG-17999]
VerifyCertificate_simple.c(5): web_cleanup_cookies started  	[MsgId: MMSG-26355]
VerifyCertificate_simple.c(13): Notify: Transaction "VerifyCertificate_simple" started.	[MsgId: MMSG-16999]
VerifyCertificate_simple.c(5): web_cleanup_cookies was successful  	[MsgId: MMSG-26392]
VerifyCertificate_simple.c(14): Error: HTTP status code 404 returned by the server	[MsgId: MERR-108974]
VerifyCertificate_simple.c(7): C:\LR_DATA\certs/VerifyCertificate_simple_1850.xml	[MsgId: MMSG-17999]
VerifyCertificate_simple.c(10): Use file: {VerifyCertificate_simple_file}	[MsgId: MMSG-17999]
VerifyCertificate_simple.c(14): Error: SOAP request "VerifyCertificate_simple" execution failed	[MsgId: MERR-108964]
VerifyCertificate_simple.c(13): Notify: Transaction "VerifyCertificate_simple" started.	[MsgId: MMSG-16999]
VerifyCertificate_simple.c(14): Error: HTTP status code 404 returned by the server	[MsgId: MERR-108974]
VerifyCertificate_simple.c(14): Error: SOAP request "VerifyCertificate_simple" execution failed	[MsgId: MERR-108964]
End auto log messages stack.	[MsgId: MMSG-10544]
End auto log messages stack.	[MsgId: MMSG-10544]




Start auto log messages stack - Iteration 168090.	[MsgId: MMSG-10545]
VerifyCertificate_simple.c(3): web_cache_cleanup was successful  	[MsgId: MMSG-26392]
VerifyCertificate_simple.c(4): web_cleanup_auto_headers started  	[MsgId: MMSG-26355]
VerifyCertificate_simple.c(4): web_cleanup_auto_headers was successful  	[MsgId: MMSG-26392]
VerifyCertificate_simple.c(5): web_cleanup_cookies started  	[MsgId: MMSG-26355]
VerifyCertificate_simple.c(5): web_cleanup_cookies was successful  	[MsgId: MMSG-26392]
VerifyCertificate_simple.c(7): C:\LR_DATA\certs/VerifyCertificate_simple_555.xml	[MsgId: MMSG-17999]
VerifyCertificate_simple.c(10): Use file: {VerifyCertificate_simple_file}	[MsgId: MMSG-17999]
VerifyCertificate_simple.c(13): Notify: Transaction "VerifyCertificate_simple" started.	[MsgId: MMSG-16999]
VerifyCertificate_simple.c(14): Error: HTTP status code 404 returned by the server	[MsgId: MERR-108974]
VerifyCertificate_simple.c(14): Error: SOAP request "VerifyCertificate_simple" execution failed	[MsgId: MERR-108964]
End auto log messages stack.	[MsgId: MMSG-10544]


Start auto log messages stack - Iteration 190468.	[MsgId: MMSG-10545]
VerifyCertificate_simple.c(3): web_cache_cleanup was successful  	[MsgId: MMSG-26392]
VerifyCertificate_simple.c(4): web_cleanup_auto_headers started  	[MsgId: MMSG-26355]
VerifyCertificate_simple.c(4): web_cleanup_auto_headers was successful  	[MsgId: MMSG-26392]
VerifyCertificate_simple.c(5): web_cleanup_cookies started  	[MsgId: MMSG-26355]
VerifyCertificate_simple.c(5): web_cleanup_cookies was successful  	[MsgId: MMSG-26392]
VerifyCertificate_simple.c(7): C:\LR_DATA\certs/VerifyCertificate_simple_1226.xml	[MsgId: MMSG-17999]
VerifyCertificate_simple.c(10): Use file: {VerifyCertificate_simple_file}	[MsgId: MMSG-17999]
VerifyCertificate_simple.c(13): Notify: Transaction "VerifyCertificate_simple" started.	[MsgId: MMSG-16999]
VerifyCertificate_simple.c(14): Error: HTTP status code 404 returned by the server	[MsgId: MERR-108974]
VerifyCertificate_simple.c(14): Error: SOAP request "VerifyCertificate_simple" execution failed	[MsgId: MERR-108964]
End auto log messages stack.	[MsgId: MMSG-10544]


Start auto log messages stack - Iteration 194473.	[MsgId: MMSG-10545]
VerifyCertificate_simple.c(3): web_cache_cleanup was successful  	[MsgId: MMSG-26392]
VerifyCertificate_simple.c(4): web_cleanup_auto_headers started  	[MsgId: MMSG-26355]
VerifyCertificate_simple.c(4): web_cleanup_auto_headers was successful  	[MsgId: MMSG-26392]
VerifyCertificate_simple.c(5): web_cleanup_cookies started  	[MsgId: MMSG-26355]
VerifyCertificate_simple.c(5): web_cleanup_cookies was successful  	[MsgId: MMSG-26392]
VerifyCertificate_simple.c(7): C:\LR_DATA\certs/VerifyCertificate_simple_3289.xml	[MsgId: MMSG-17999]
VerifyCertificate_simple.c(10): Use file: {VerifyCertificate_simple_file}	[MsgId: MMSG-17999]
VerifyCertificate_simple.c(13): Notify: Transaction "VerifyCertificate_simple" started.	[MsgId: MMSG-16999]
VerifyCertificate_simple.c(14): Error: HTTP status code 404 returned by the server	[MsgId: MERR-108974]
VerifyCertificate_simple.c(14): Error: SOAP request "VerifyCertificate_simple" execution failed	[MsgId: MERR-108964]
End auto log messages stack.	[MsgId: MMSG-10544]


Start auto log messages stack - Iteration 244084.	[MsgId: MMSG-10545]
VerifyCertificate_simple.c(3): web_cache_cleanup was successful  	[MsgId: MMSG-26392]
VerifyCertificate_simple.c(4): web_cleanup_auto_headers started  	[MsgId: MMSG-26355]
VerifyCertificate_simple.c(4): web_cleanup_auto_headers was successful  	[MsgId: MMSG-26392]
VerifyCertificate_simple.c(5): web_cleanup_cookies started  	[MsgId: MMSG-26355]
VerifyCertificate_simple.c(5): web_cleanup_cookies was successful  	[MsgId: MMSG-26392]
VerifyCertificate_simple.c(7): C:\LR_DATA\certs/VerifyCertificate_simple_1544.xml	[MsgId: MMSG-17999]
VerifyCertificate_simple.c(10): Use file: {VerifyCertificate_simple_file}	[MsgId: MMSG-17999]
VerifyCertificate_simple.c(13): Notify: Transaction "VerifyCertificate_simple" started.	[MsgId: MMSG-16999]
VerifyCertificate_simple.c(14): Error: HTTP status code 404 returned by the server	[MsgId: MERR-108974]
VerifyCertificate_simple.c(14): Error: SOAP request "VerifyCertificate_simple" execution failed	[MsgId: MERR-108964]
End auto log messages stack.	[MsgId: MMSG-10544]


Start auto log messages stack - Iteration 257721.	[MsgId: MMSG-10545]
VerifyCertificate_simple.c(3): web_cache_cleanup was successful  	[MsgId: MMSG-26392]
VerifyCertificate_simple.c(4): web_cleanup_auto_headers started  	[MsgId: MMSG-26355]
VerifyCertificate_simple.c(4): web_cleanup_auto_headers was successful  	[MsgId: MMSG-26392]
VerifyCertificate_simple.c(5): web_cleanup_cookies started  	[MsgId: MMSG-26355]
VerifyCertificate_simple.c(5): web_cleanup_cookies was successful  	[MsgId: MMSG-26392]
VerifyCertificate_simple.c(7): C:\LR_DATA\certs/VerifyCertificate_simple_438.xml	[MsgId: MMSG-17999]
VerifyCertificate_simple.c(10): Use file: {VerifyCertificate_simple_file}	[MsgId: MMSG-17999]
VerifyCertificate_simple.c(13): Notify: Transaction "VerifyCertificate_simple" started.	[MsgId: MMSG-16999]
VerifyCertificate_simple.c(14): Error: HTTP status code 404 returned by the server	[MsgId: MERR-108974]
VerifyCertificate_simple.c(14): Error: SOAP request "VerifyCertificate_simple" execution failed	[MsgId: MERR-108964]
End auto log messages stack.	[MsgId: MMSG-10544]


Start auto log messages stack - Iteration 257721.	[MsgId: MMSG-10545]
VerifyCertificate_simple.c(14): Continuing after error in Vuser script.	[MsgId: MMSG-10678]
VerifyCertificate_simple.c(25): Notify: Transaction "VerifyCertificate_simple" ended with a "Fail" status (Duration: 0.0534 Wasted Time: 0.0008).	[MsgId: MMSG-16871]
VerifyCertificate_simple.c(25): Notify: Transaction "VerifyCertificate_simple" has 0 error message(s).	[MsgId: MMSG-16818]
VerifyCertificate_simple.c(26): Error: error: expected contains <Code>16</Code>, but got <soap:Envelope xmlns:soap="http://schemas.xmlsoap.org/soap/envelope/"><soap:Body><VerifyCertificateResponse xmlns="http://esv.server.rt.ru"><VerifyCertificateResult><Code>0</Code><Description>ДЕЙСТВИТЕЛЕН, сертификат выдан аккредитованным удостоверяющим центром</Description></VerifyCertificateResult></VerifyCertificateResponse></soap:Body></soap:Envelope>	[MsgId: MERR-17999]
End auto log messages stack.	[MsgId: MMSG-10544]


Start auto log messages stack - Iteration 301642.	[MsgId: MMSG-10545]
VerifyCertificate_simple.c(3): web_cache_cleanup was successful  	[MsgId: MMSG-26392]
VerifyCertificate_simple.c(4): web_cleanup_auto_headers started  	[MsgId: MMSG-26355]
VerifyCertificate_simple.c(4): web_cleanup_auto_headers was successful  	[MsgId: MMSG-26392]
VerifyCertificate_simple.c(5): web_cleanup_cookies started  	[MsgId: MMSG-26355]
VerifyCertificate_simple.c(5): web_cleanup_cookies was successful  	[MsgId: MMSG-26392]
VerifyCertificate_simple.c(7): C:\LR_DATA\certs/VerifyCertificate_simple_994.xml	[MsgId: MMSG-17999]
VerifyCertificate_simple.c(10): Use file: {VerifyCertificate_simple_file}	[MsgId: MMSG-17999]
VerifyCertificate_simple.c(13): Notify: Transaction "VerifyCertificate_simple" started.	[MsgId: MMSG-16999]
VerifyCertificate_simple.c(14): Error: HTTP status code 404 returned by the server	[MsgId: MERR-108974]
VerifyCertificate_simple.c(14): Error: SOAP request "VerifyCertificate_simple" execution failed	[MsgId: MERR-108964]
End auto log messages stack.	[MsgId: MMSG-10544]


Start auto log messages stack - Iteration 298179.	[MsgId: MMSG-10545]
VerifyCertificate_simple.c(3): web_cache_cleanup was successful  	[MsgId: MMSG-26392]
VerifyCertificate_simple.c(4): web_cleanup_auto_headers started  	[MsgId: MMSG-26355]
VerifyCertificate_simple.c(4): web_cleanup_auto_headers was successful  	[MsgId: MMSG-26392]
VerifyCertificate_simple.c(5): web_cleanup_cookies started  	[MsgId: MMSG-26355]
VerifyCertificate_simple.c(5): web_cleanup_cookies was successful  	[MsgId: MMSG-26392]
VerifyCertificate_simple.c(7): C:\LR_DATA\certs/VerifyCertificate_simple_871.xml	[MsgId: MMSG-17999]
VerifyCertificate_simple.c(10): Use file: {VerifyCertificate_simple_file}	[MsgId: MMSG-17999]
VerifyCertificate_simple.c(13): Notify: Transaction "VerifyCertificate_simple" started.	[MsgId: MMSG-16999]
VerifyCertificate_simple.c(14): Error: HTTP status code 404 returned by the server	[MsgId: MERR-108974]
VerifyCertificate_simple.c(14): Error: SOAP request "VerifyCertificate_simple" execution failed	[MsgId: MERR-108964]
End auto log messages stack.	[MsgId: MMSG-10544]


Start auto log messages stack - Iteration 402253.	[MsgId: MMSG-10545]
VerifyCertificate_simple.c(3): web_cache_cleanup was successful  	[MsgId: MMSG-26392]
VerifyCertificate_simple.c(4): web_cleanup_auto_headers started  	[MsgId: MMSG-26355]
VerifyCertificate_simple.c(4): web_cleanup_auto_headers was successful  	[MsgId: MMSG-26392]
VerifyCertificate_simple.c(5): web_cleanup_cookies started  	[MsgId: MMSG-26355]
VerifyCertificate_simple.c(5): web_cleanup_cookies was successful  	[MsgId: MMSG-26392]
VerifyCertificate_simple.c(7): C:\LR_DATA\certs/VerifyCertificate_simple_3064.xml	[MsgId: MMSG-17999]
VerifyCertificate_simple.c(10): Use file: {VerifyCertificate_simple_file}	[MsgId: MMSG-17999]
VerifyCertificate_simple.c(13): Notify: Transaction "VerifyCertificate_simple" started.	[MsgId: MMSG-16999]
VerifyCertificate_simple.c(14): Error: HTTP status code 404 returned by the server	[MsgId: MERR-108974]
VerifyCertificate_simple.c(14): Error: SOAP request "VerifyCertificate_simple" execution failed	[MsgId: MERR-108964]
End auto log messages stack.	[MsgId: MMSG-10544]


