Error: missing newline in G:\GUC Load\ESVLoad_Serts\VerifyCertificate_withSignedReport.csv
Error: missing newline in G:\GUC Load\ESVLoad_Serts\VerifyCertificate_simple.csv
Virtual User Script started at: 14.02.2020 9:53:44
Starting action vuser_init.
Ending action vuser_init.
Running Vuser...
Starting iteration 1.
Starting action VerifyCertificate_simple.
VerifyCertificate_simple.c(3): web_cache_cleanup started  	[MsgId: MMSG-26355]
VerifyCertificate_simple.c(3): web_cache_cleanup was successful  	[MsgId: MMSG-26392]
VerifyCertificate_simple.c(4): web_cleanup_auto_headers started  	[MsgId: MMSG-26355]
VerifyCertificate_simple.c(4): web_cleanup_auto_headers was successful  	[MsgId: MMSG-26392]
VerifyCertificate_simple.c(5): web_cleanup_cookies started  	[MsgId: MMSG-26355]
VerifyCertificate_simple.c(5): web_cleanup_cookies was successful  	[MsgId: MMSG-26392]
VerifyCertificate_simple.c(7): G:\LR_DATA\certs/VerifyCertificate_simple_0.xml
VerifyCertificate_simple.c(10): Use file: {VerifyCertificate_simple_file}
VerifyCertificate_simple.c(12): Notify: Transaction "VerifyCertificate_simple" started.
VerifyCertificate_simple.c(13): SOAP request "VerifyCertificate_simple" started
VerifyCertificate_simple.c(13): SOAP request "VerifyCertificate_simple" was successful
VerifyCertificate_simple.c(30): Notify: Transaction "VerifyCertificate_simple" ended with a "Pass" status (Duration: 0,4459 Wasted Time: 0,0447).
Ending action VerifyCertificate_simple.
Starting action VerifyCertificate_withSignedReport.
VerifyCertificate_withSignedReport.c(3): web_cache_cleanup started  	[MsgId: MMSG-26355]
VerifyCertificate_withSignedReport.c(3): web_cache_cleanup was successful  	[MsgId: MMSG-26392]
VerifyCertificate_withSignedReport.c(4): web_cleanup_auto_headers started  	[MsgId: MMSG-26355]
VerifyCertificate_withSignedReport.c(4): web_cleanup_auto_headers was successful  	[MsgId: MMSG-26392]
VerifyCertificate_withSignedReport.c(5): web_cleanup_cookies started  	[MsgId: MMSG-26355]
VerifyCertificate_withSignedReport.c(5): web_cleanup_cookies was successful  	[MsgId: MMSG-26392]
VerifyCertificate_withSignedReport.c(7): G:\LR_DATA\certs/VerifyCertificate_withSignedReport_0.xml
VerifyCertificate_withSignedReport.c(10): Use file: {VerifyCertificate_withSignedReport_file}
VerifyCertificate_withSignedReport.c(12): Notify: Transaction "VerifyCertificate_withSignedReport" started.
VerifyCertificate_withSignedReport.c(13): SOAP request "VerifyCertificate_withSignedReport" started
VerifyCertificate_withSignedReport.c(13): SOAP request "VerifyCertificate_withSignedReport" was successful
VerifyCertificate_withSignedReport.c(30): Notify: Transaction "VerifyCertificate_withSignedReport" ended with a "Pass" status (Duration: 0,5550 Wasted Time: 0,0014).
Ending action VerifyCertificate_withSignedReport.
Ending iteration 1.
Starting iteration 2.
Starting action VerifyCertificate_simple.
VerifyCertificate_simple.c(3): web_cache_cleanup started  	[MsgId: MMSG-26355]
VerifyCertificate_simple.c(3): web_cache_cleanup was successful  	[MsgId: MMSG-26392]
VerifyCertificate_simple.c(4): web_cleanup_auto_headers started  	[MsgId: MMSG-26355]
VerifyCertificate_simple.c(4): web_cleanup_auto_headers was successful  	[MsgId: MMSG-26392]
VerifyCertificate_simple.c(5): web_cleanup_cookies started  	[MsgId: MMSG-26355]
VerifyCertificate_simple.c(5): web_cleanup_cookies was successful  	[MsgId: MMSG-26392]
VerifyCertificate_simple.c(7): G:\LR_DATA\certs/VerifyCertificate_simple_1.xml
VerifyCertificate_simple.c(10): Use file: {VerifyCertificate_simple_file}
VerifyCertificate_simple.c(12): Notify: Transaction "VerifyCertificate_simple" started.
VerifyCertificate_simple.c(13): SOAP request "VerifyCertificate_simple" started
VerifyCertificate_simple.c(13): SOAP request "VerifyCertificate_simple" was successful
VerifyCertificate_simple.c(30): Notify: Transaction "VerifyCertificate_simple" ended with a "Pass" status (Duration: 0,3680 Wasted Time: 0,0015).
Ending action VerifyCertificate_simple.
Starting action VerifyCertificate_withSignedReport.
VerifyCertificate_withSignedReport.c(3): web_cache_cleanup started  	[MsgId: MMSG-26355]
VerifyCertificate_withSignedReport.c(3): web_cache_cleanup was successful  	[MsgId: MMSG-26392]
VerifyCertificate_withSignedReport.c(4): web_cleanup_auto_headers started  	[MsgId: MMSG-26355]
VerifyCertificate_withSignedReport.c(4): web_cleanup_auto_headers was successful  	[MsgId: MMSG-26392]
VerifyCertificate_withSignedReport.c(5): web_cleanup_cookies started  	[MsgId: MMSG-26355]
VerifyCertificate_withSignedReport.c(5): web_cleanup_cookies was successful  	[MsgId: MMSG-26392]
VerifyCertificate_withSignedReport.c(7): G:\LR_DATA\certs/VerifyCertificate_withSignedReport_1.xml
VerifyCertificate_withSignedReport.c(10): Use file: {VerifyCertificate_withSignedReport_file}
VerifyCertificate_withSignedReport.c(12): Notify: Transaction "VerifyCertificate_withSignedReport" started.
VerifyCertificate_withSignedReport.c(13): SOAP request "VerifyCertificate_withSignedReport" started
VerifyCertificate_withSignedReport.c(13): SOAP request "VerifyCertificate_withSignedReport" was successful
VerifyCertificate_withSignedReport.c(30): Notify: Transaction "VerifyCertificate_withSignedReport" ended with a "Pass" status (Duration: 0,5387 Wasted Time: 0,0007).
Ending action VerifyCertificate_withSignedReport.
Ending iteration 2.
Starting iteration 3.
Starting action VerifyCertificate_simple.
VerifyCertificate_simple.c(3): web_cache_cleanup started  	[MsgId: MMSG-26355]
VerifyCertificate_simple.c(3): web_cache_cleanup was successful  	[MsgId: MMSG-26392]
VerifyCertificate_simple.c(4): web_cleanup_auto_headers started  	[MsgId: MMSG-26355]
VerifyCertificate_simple.c(4): web_cleanup_auto_headers was successful  	[MsgId: MMSG-26392]
VerifyCertificate_simple.c(5): web_cleanup_cookies started  	[MsgId: MMSG-26355]
VerifyCertificate_simple.c(5): web_cleanup_cookies was successful  	[MsgId: MMSG-26392]
VerifyCertificate_simple.c(7): G:\LR_DATA\certs/VerifyCertificate_simple_2.xml
VerifyCertificate_simple.c(10): Use file: {VerifyCertificate_simple_file}
VerifyCertificate_simple.c(12): Notify: Transaction "VerifyCertificate_simple" started.
VerifyCertificate_simple.c(13): SOAP request "VerifyCertificate_simple" started
VerifyCertificate_simple.c(13): SOAP request "VerifyCertificate_simple" was successful
VerifyCertificate_simple.c(30): Notify: Transaction "VerifyCertificate_simple" ended with a "Pass" status (Duration: 0,3549 Wasted Time: 0,0008).
Ending action VerifyCertificate_simple.
Starting action VerifyCertificate_withSignedReport.
VerifyCertificate_withSignedReport.c(3): web_cache_cleanup started  	[MsgId: MMSG-26355]
VerifyCertificate_withSignedReport.c(3): web_cache_cleanup was successful  	[MsgId: MMSG-26392]
VerifyCertificate_withSignedReport.c(4): web_cleanup_auto_headers started  	[MsgId: MMSG-26355]
VerifyCertificate_withSignedReport.c(4): web_cleanup_auto_headers was successful  	[MsgId: MMSG-26392]
VerifyCertificate_withSignedReport.c(5): web_cleanup_cookies started  	[MsgId: MMSG-26355]
VerifyCertificate_withSignedReport.c(5): web_cleanup_cookies was successful  	[MsgId: MMSG-26392]
VerifyCertificate_withSignedReport.c(7): G:\LR_DATA\certs/VerifyCertificate_withSignedReport_2.xml
VerifyCertificate_withSignedReport.c(10): Use file: {VerifyCertificate_withSignedReport_file}
VerifyCertificate_withSignedReport.c(12): Notify: Transaction "VerifyCertificate_withSignedReport" started.
VerifyCertificate_withSignedReport.c(13): SOAP request "VerifyCertificate_withSignedReport" started
VerifyCertificate_withSignedReport.c(13): SOAP request "VerifyCertificate_withSignedReport" was successful
VerifyCertificate_withSignedReport.c(30): Notify: Transaction "VerifyCertificate_withSignedReport" ended with a "Pass" status (Duration: 0,5279 Wasted Time: 0,0015).
Ending action VerifyCertificate_withSignedReport.
Ending iteration 3.
Starting iteration 4.
Starting action VerifyCertificate_simple.
VerifyCertificate_simple.c(3): web_cache_cleanup started  	[MsgId: MMSG-26355]
VerifyCertificate_simple.c(3): web_cache_cleanup was successful  	[MsgId: MMSG-26392]
VerifyCertificate_simple.c(4): web_cleanup_auto_headers started  	[MsgId: MMSG-26355]
VerifyCertificate_simple.c(4): web_cleanup_auto_headers was successful  	[MsgId: MMSG-26392]
VerifyCertificate_simple.c(5): web_cleanup_cookies started  	[MsgId: MMSG-26355]
VerifyCertificate_simple.c(5): web_cleanup_cookies was successful  	[MsgId: MMSG-26392]
VerifyCertificate_simple.c(7): G:\LR_DATA\certs/VerifyCertificate_simple_3.xml
VerifyCertificate_simple.c(10): Use file: {VerifyCertificate_simple_file}
VerifyCertificate_simple.c(12): Notify: Transaction "VerifyCertificate_simple" started.
VerifyCertificate_simple.c(13): SOAP request "VerifyCertificate_simple" started
VerifyCertificate_simple.c(13): SOAP request "VerifyCertificate_simple" was successful
VerifyCertificate_simple.c(30): Notify: Transaction "VerifyCertificate_simple" ended with a "Pass" status (Duration: 0,3959 Wasted Time: 0,0016).
Ending action VerifyCertificate_simple.
Starting action VerifyCertificate_withSignedReport.
VerifyCertificate_withSignedReport.c(3): web_cache_cleanup started  	[MsgId: MMSG-26355]
VerifyCertificate_withSignedReport.c(3): web_cache_cleanup was successful  	[MsgId: MMSG-26392]
VerifyCertificate_withSignedReport.c(4): web_cleanup_auto_headers started  	[MsgId: MMSG-26355]
VerifyCertificate_withSignedReport.c(4): web_cleanup_auto_headers was successful  	[MsgId: MMSG-26392]
VerifyCertificate_withSignedReport.c(5): web_cleanup_cookies started  	[MsgId: MMSG-26355]
VerifyCertificate_withSignedReport.c(5): web_cleanup_cookies was successful  	[MsgId: MMSG-26392]
VerifyCertificate_withSignedReport.c(7): G:\LR_DATA\certs/VerifyCertificate_withSignedReport_3.xml
VerifyCertificate_withSignedReport.c(10): Use file: {VerifyCertificate_withSignedReport_file}
VerifyCertificate_withSignedReport.c(12): Notify: Transaction "VerifyCertificate_withSignedReport" started.
VerifyCertificate_withSignedReport.c(13): SOAP request "VerifyCertificate_withSignedReport" started
VerifyCertificate_withSignedReport.c(13): SOAP request "VerifyCertificate_withSignedReport" was successful
VerifyCertificate_withSignedReport.c(30): Notify: Transaction "VerifyCertificate_withSignedReport" ended with a "Pass" status (Duration: 0,5440 Wasted Time: 0,0012).
Ending action VerifyCertificate_withSignedReport.
Ending iteration 4.
Starting iteration 5.
Starting action VerifyCertificate_simple.
VerifyCertificate_simple.c(3): web_cache_cleanup started  	[MsgId: MMSG-26355]
VerifyCertificate_simple.c(3): web_cache_cleanup was successful  	[MsgId: MMSG-26392]
VerifyCertificate_simple.c(4): web_cleanup_auto_headers started  	[MsgId: MMSG-26355]
VerifyCertificate_simple.c(4): web_cleanup_auto_headers was successful  	[MsgId: MMSG-26392]
VerifyCertificate_simple.c(5): web_cleanup_cookies started  	[MsgId: MMSG-26355]
VerifyCertificate_simple.c(5): web_cleanup_cookies was successful  	[MsgId: MMSG-26392]
VerifyCertificate_simple.c(7): G:\LR_DATA\certs/VerifyCertificate_simple_4.xml
VerifyCertificate_simple.c(10): Use file: {VerifyCertificate_simple_file}
VerifyCertificate_simple.c(12): Notify: Transaction "VerifyCertificate_simple" started.
VerifyCertificate_simple.c(13): SOAP request "VerifyCertificate_simple" started
VerifyCertificate_simple.c(13): SOAP request "VerifyCertificate_simple" was successful
VerifyCertificate_simple.c(30): Notify: Transaction "VerifyCertificate_simple" ended with a "Pass" status (Duration: 0,3907 Wasted Time: 0,0017).
Ending action VerifyCertificate_simple.
Starting action VerifyCertificate_withSignedReport.
VerifyCertificate_withSignedReport.c(3): web_cache_cleanup started  	[MsgId: MMSG-26355]
VerifyCertificate_withSignedReport.c(3): web_cache_cleanup was successful  	[MsgId: MMSG-26392]
VerifyCertificate_withSignedReport.c(4): web_cleanup_auto_headers started  	[MsgId: MMSG-26355]
VerifyCertificate_withSignedReport.c(4): web_cleanup_auto_headers was successful  	[MsgId: MMSG-26392]
VerifyCertificate_withSignedReport.c(5): web_cleanup_cookies started  	[MsgId: MMSG-26355]
VerifyCertificate_withSignedReport.c(5): web_cleanup_cookies was successful  	[MsgId: MMSG-26392]
VerifyCertificate_withSignedReport.c(7): G:\LR_DATA\certs/VerifyCertificate_withSignedReport_4.xml
VerifyCertificate_withSignedReport.c(10): Use file: {VerifyCertificate_withSignedReport_file}
VerifyCertificate_withSignedReport.c(12): Notify: Transaction "VerifyCertificate_withSignedReport" started.
VerifyCertificate_withSignedReport.c(13): SOAP request "VerifyCertificate_withSignedReport" started
VerifyCertificate_withSignedReport.c(13): SOAP request "VerifyCertificate_withSignedReport" was successful
VerifyCertificate_withSignedReport.c(30): Notify: Transaction "VerifyCertificate_withSignedReport" ended with a "Pass" status (Duration: 0,5690 Wasted Time: 0,0012).
Ending action VerifyCertificate_withSignedReport.
Ending iteration 5.
Starting iteration 6.
Starting action VerifyCertificate_simple.
VerifyCertificate_simple.c(3): web_cache_cleanup started  	[MsgId: MMSG-26355]
VerifyCertificate_simple.c(3): web_cache_cleanup was successful  	[MsgId: MMSG-26392]
VerifyCertificate_simple.c(4): web_cleanup_auto_headers started  	[MsgId: MMSG-26355]
VerifyCertificate_simple.c(4): web_cleanup_auto_headers was successful  	[MsgId: MMSG-26392]
VerifyCertificate_simple.c(5): web_cleanup_cookies started  	[MsgId: MMSG-26355]
VerifyCertificate_simple.c(5): web_cleanup_cookies was successful  	[MsgId: MMSG-26392]
VerifyCertificate_simple.c(7): G:\LR_DATA\certs/VerifyCertificate_simple_5.xml
VerifyCertificate_simple.c(10): Use file: {VerifyCertificate_simple_file}
VerifyCertificate_simple.c(12): Notify: Transaction "VerifyCertificate_simple" started.
VerifyCertificate_simple.c(13): SOAP request "VerifyCertificate_simple" started
VerifyCertificate_simple.c(13): SOAP request "VerifyCertificate_simple" was successful
VerifyCertificate_simple.c(30): Notify: Transaction "VerifyCertificate_simple" ended with a "Pass" status (Duration: 0,4009 Wasted Time: 0,0017).
Ending action VerifyCertificate_simple.
Starting action VerifyCertificate_withSignedReport.
VerifyCertificate_withSignedReport.c(3): web_cache_cleanup started  	[MsgId: MMSG-26355]
VerifyCertificate_withSignedReport.c(3): web_cache_cleanup was successful  	[MsgId: MMSG-26392]
VerifyCertificate_withSignedReport.c(4): web_cleanup_auto_headers started  	[MsgId: MMSG-26355]
VerifyCertificate_withSignedReport.c(4): web_cleanup_auto_headers was successful  	[MsgId: MMSG-26392]
VerifyCertificate_withSignedReport.c(5): web_cleanup_cookies started  	[MsgId: MMSG-26355]
VerifyCertificate_withSignedReport.c(5): web_cleanup_cookies was successful  	[MsgId: MMSG-26392]
VerifyCertificate_withSignedReport.c(7): G:\LR_DATA\certs/VerifyCertificate_withSignedReport_5.xml
VerifyCertificate_withSignedReport.c(10): Use file: {VerifyCertificate_withSignedReport_file}
VerifyCertificate_withSignedReport.c(12): Notify: Transaction "VerifyCertificate_withSignedReport" started.
VerifyCertificate_withSignedReport.c(13): SOAP request "VerifyCertificate_withSignedReport" started
VerifyCertificate_withSignedReport.c(13): SOAP request "VerifyCertificate_withSignedReport" was successful
VerifyCertificate_withSignedReport.c(30): Notify: Transaction "VerifyCertificate_withSignedReport" ended with a "Pass" status (Duration: 0,5109 Wasted Time: 0,0008).
Ending action VerifyCertificate_withSignedReport.
Ending iteration 6.
Starting iteration 7.
Starting action VerifyCertificate_simple.
VerifyCertificate_simple.c(3): web_cache_cleanup started  	[MsgId: MMSG-26355]
VerifyCertificate_simple.c(3): web_cache_cleanup was successful  	[MsgId: MMSG-26392]
VerifyCertificate_simple.c(4): web_cleanup_auto_headers started  	[MsgId: MMSG-26355]
VerifyCertificate_simple.c(4): web_cleanup_auto_headers was successful  	[MsgId: MMSG-26392]
VerifyCertificate_simple.c(5): web_cleanup_cookies started  	[MsgId: MMSG-26355]
VerifyCertificate_simple.c(5): web_cleanup_cookies was successful  	[MsgId: MMSG-26392]
VerifyCertificate_simple.c(7): G:\LR_DATA\certs/VerifyCertificate_simple_6.xml
VerifyCertificate_simple.c(10): Use file: {VerifyCertificate_simple_file}
VerifyCertificate_simple.c(12): Notify: Transaction "VerifyCertificate_simple" started.
VerifyCertificate_simple.c(13): SOAP request "VerifyCertificate_simple" started
VerifyCertificate_simple.c(13): SOAP request "VerifyCertificate_simple" was successful
VerifyCertificate_simple.c(30): Notify: Transaction "VerifyCertificate_simple" ended with a "Pass" status (Duration: 0,3677 Wasted Time: 0,0007).
Ending action VerifyCertificate_simple.
Starting action VerifyCertificate_withSignedReport.
VerifyCertificate_withSignedReport.c(3): web_cache_cleanup started  	[MsgId: MMSG-26355]
VerifyCertificate_withSignedReport.c(3): web_cache_cleanup was successful  	[MsgId: MMSG-26392]
VerifyCertificate_withSignedReport.c(4): web_cleanup_auto_headers started  	[MsgId: MMSG-26355]
VerifyCertificate_withSignedReport.c(4): web_cleanup_auto_headers was successful  	[MsgId: MMSG-26392]
VerifyCertificate_withSignedReport.c(5): web_cleanup_cookies started  	[MsgId: MMSG-26355]
VerifyCertificate_withSignedReport.c(5): web_cleanup_cookies was successful  	[MsgId: MMSG-26392]
VerifyCertificate_withSignedReport.c(7): G:\LR_DATA\certs/VerifyCertificate_withSignedReport_6.xml
VerifyCertificate_withSignedReport.c(10): Use file: {VerifyCertificate_withSignedReport_file}
VerifyCertificate_withSignedReport.c(12): Notify: Transaction "VerifyCertificate_withSignedReport" started.
VerifyCertificate_withSignedReport.c(13): SOAP request "VerifyCertificate_withSignedReport" started
VerifyCertificate_withSignedReport.c(13): SOAP request "VerifyCertificate_withSignedReport" was successful
VerifyCertificate_withSignedReport.c(30): Notify: Transaction "VerifyCertificate_withSignedReport" ended with a "Pass" status (Duration: 0,5237 Wasted Time: 0,0009).
Ending action VerifyCertificate_withSignedReport.
Ending iteration 7.
Starting iteration 8.
Starting action VerifyCertificate_simple.
VerifyCertificate_simple.c(3): web_cache_cleanup started  	[MsgId: MMSG-26355]
VerifyCertificate_simple.c(3): web_cache_cleanup was successful  	[MsgId: MMSG-26392]
VerifyCertificate_simple.c(4): web_cleanup_auto_headers started  	[MsgId: MMSG-26355]
VerifyCertificate_simple.c(4): web_cleanup_auto_headers was successful  	[MsgId: MMSG-26392]
VerifyCertificate_simple.c(5): web_cleanup_cookies started  	[MsgId: MMSG-26355]
VerifyCertificate_simple.c(5): web_cleanup_cookies was successful  	[MsgId: MMSG-26392]
VerifyCertificate_simple.c(7): G:\LR_DATA\certs/VerifyCertificate_simple_7.xml
VerifyCertificate_simple.c(10): Use file: {VerifyCertificate_simple_file}
VerifyCertificate_simple.c(12): Notify: Transaction "VerifyCertificate_simple" started.
VerifyCertificate_simple.c(13): SOAP request "VerifyCertificate_simple" started
VerifyCertificate_simple.c(13): SOAP request "VerifyCertificate_simple" was successful
VerifyCertificate_simple.c(30): Notify: Transaction "VerifyCertificate_simple" ended with a "Pass" status (Duration: 0,4057 Wasted Time: 0,0014).
Ending action VerifyCertificate_simple.
Starting action VerifyCertificate_withSignedReport.
VerifyCertificate_withSignedReport.c(3): web_cache_cleanup started  	[MsgId: MMSG-26355]
VerifyCertificate_withSignedReport.c(3): web_cache_cleanup was successful  	[MsgId: MMSG-26392]
VerifyCertificate_withSignedReport.c(4): web_cleanup_auto_headers started  	[MsgId: MMSG-26355]
VerifyCertificate_withSignedReport.c(4): web_cleanup_auto_headers was successful  	[MsgId: MMSG-26392]
VerifyCertificate_withSignedReport.c(5): web_cleanup_cookies started  	[MsgId: MMSG-26355]
VerifyCertificate_withSignedReport.c(5): web_cleanup_cookies was successful  	[MsgId: MMSG-26392]
VerifyCertificate_withSignedReport.c(7): G:\LR_DATA\certs/VerifyCertificate_withSignedReport_7.xml
VerifyCertificate_withSignedReport.c(10): Use file: {VerifyCertificate_withSignedReport_file}
VerifyCertificate_withSignedReport.c(12): Notify: Transaction "VerifyCertificate_withSignedReport" started.
VerifyCertificate_withSignedReport.c(13): SOAP request "VerifyCertificate_withSignedReport" started
VerifyCertificate_withSignedReport.c(13): SOAP request "VerifyCertificate_withSignedReport" was successful
VerifyCertificate_withSignedReport.c(30): Notify: Transaction "VerifyCertificate_withSignedReport" ended with a "Pass" status (Duration: 0,5668 Wasted Time: 0,0013).
Ending action VerifyCertificate_withSignedReport.
Ending iteration 8.
Starting iteration 9.
Starting action VerifyCertificate_simple.
VerifyCertificate_simple.c(3): web_cache_cleanup started  	[MsgId: MMSG-26355]
VerifyCertificate_simple.c(3): web_cache_cleanup was successful  	[MsgId: MMSG-26392]
VerifyCertificate_simple.c(4): web_cleanup_auto_headers started  	[MsgId: MMSG-26355]
VerifyCertificate_simple.c(4): web_cleanup_auto_headers was successful  	[MsgId: MMSG-26392]
VerifyCertificate_simple.c(5): web_cleanup_cookies started  	[MsgId: MMSG-26355]
VerifyCertificate_simple.c(5): web_cleanup_cookies was successful  	[MsgId: MMSG-26392]
VerifyCertificate_simple.c(7): G:\LR_DATA\certs/VerifyCertificate_simple_8.xml
VerifyCertificate_simple.c(10): Use file: {VerifyCertificate_simple_file}
VerifyCertificate_simple.c(12): Notify: Transaction "VerifyCertificate_simple" started.
VerifyCertificate_simple.c(13): SOAP request "VerifyCertificate_simple" started
VerifyCertificate_simple.c(13): SOAP request "VerifyCertificate_simple" was successful
VerifyCertificate_simple.c(30): Notify: Transaction "VerifyCertificate_simple" ended with a "Pass" status (Duration: 0,3769 Wasted Time: 0,0007).
Ending action VerifyCertificate_simple.
Starting action VerifyCertificate_withSignedReport.
VerifyCertificate_withSignedReport.c(3): web_cache_cleanup started  	[MsgId: MMSG-26355]
VerifyCertificate_withSignedReport.c(3): web_cache_cleanup was successful  	[MsgId: MMSG-26392]
VerifyCertificate_withSignedReport.c(4): web_cleanup_auto_headers started  	[MsgId: MMSG-26355]
VerifyCertificate_withSignedReport.c(4): web_cleanup_auto_headers was successful  	[MsgId: MMSG-26392]
VerifyCertificate_withSignedReport.c(5): web_cleanup_cookies started  	[MsgId: MMSG-26355]
VerifyCertificate_withSignedReport.c(5): web_cleanup_cookies was successful  	[MsgId: MMSG-26392]
VerifyCertificate_withSignedReport.c(7): G:\LR_DATA\certs/VerifyCertificate_withSignedReport_8.xml
VerifyCertificate_withSignedReport.c(10): Use file: {VerifyCertificate_withSignedReport_file}
VerifyCertificate_withSignedReport.c(12): Notify: Transaction "VerifyCertificate_withSignedReport" started.
VerifyCertificate_withSignedReport.c(13): SOAP request "VerifyCertificate_withSignedReport" started
VerifyCertificate_withSignedReport.c(13): SOAP request "VerifyCertificate_withSignedReport" was successful
VerifyCertificate_withSignedReport.c(30): Notify: Transaction "VerifyCertificate_withSignedReport" ended with a "Pass" status (Duration: 0,5630 Wasted Time: 0,0014).
Ending action VerifyCertificate_withSignedReport.
Ending iteration 9.
Starting iteration 10.
Starting action VerifyCertificate_simple.
VerifyCertificate_simple.c(3): web_cache_cleanup started  	[MsgId: MMSG-26355]
VerifyCertificate_simple.c(3): web_cache_cleanup was successful  	[MsgId: MMSG-26392]
VerifyCertificate_simple.c(4): web_cleanup_auto_headers started  	[MsgId: MMSG-26355]
VerifyCertificate_simple.c(4): web_cleanup_auto_headers was successful  	[MsgId: MMSG-26392]
VerifyCertificate_simple.c(5): web_cleanup_cookies started  	[MsgId: MMSG-26355]
VerifyCertificate_simple.c(5): web_cleanup_cookies was successful  	[MsgId: MMSG-26392]
VerifyCertificate_simple.c(7): G:\LR_DATA\certs/VerifyCertificate_simple_9.xml
VerifyCertificate_simple.c(10): Use file: {VerifyCertificate_simple_file}
VerifyCertificate_simple.c(12): Notify: Transaction "VerifyCertificate_simple" started.
VerifyCertificate_simple.c(13): SOAP request "VerifyCertificate_simple" started
VerifyCertificate_simple.c(13): SOAP request "VerifyCertificate_simple" was successful
VerifyCertificate_simple.c(24): Notify: Transaction "VerifyCertificate_simple" ended with a "Fail" status (Duration: 0,4207 Wasted Time: 0,0019).
VerifyCertificate_simple.c(24): Notify: Transaction "VerifyCertificate_simple" has 0 error message(s).
VerifyCertificate_simple.c(25): Error: error: expected contains <Code>0</Code>, but got <soap:Envelope xmlns:soap="http://schemas.xmlsoap.org/soap/envelope/"><soap:Body><VerifyCertificateResponse xmlns="http://esv.server.rt.ru"><VerifyCertificateResult><Code>15</Code><Description>Сертификат был выдан не аккредитованным УЦ</Description></VerifyCertificateResult></VerifyCertificateResponse></soap:Body></soap:Envelope>
Ending Vuser...
Starting action vuser_end.
Ending action vuser_end.
Vuser Terminated.
Warning: Extension LrXml.dll reports error -1 on call to function ExtPerThreadTerminate
Warning: Vuser failed to terminate extension.
