Start auto log messages stack - Iteration 1.	[MsgId: MMSG-10545]
VerifyCertificate_simple.c(3): web_cache_cleanup was successful  	[MsgId: MMSG-26392]
VerifyCertificate_simple.c(4): web_cleanup_auto_headers started  	[MsgId: MMSG-26355]
VerifyCertificate_simple.c(4): web_cleanup_auto_headers was successful  	[MsgId: MMSG-26392]
VerifyCertificate_simple.c(5): web_cleanup_cookies started  	[MsgId: MMSG-26355]
VerifyCertificate_simple.c(5): web_cleanup_cookies was successful  	[MsgId: MMSG-26392]
VerifyCertificate_simple.c(7): C:\LR_DATA\certs/VerifyCertificate_simple_1970.xml	[MsgId: MMSG-17999]
VerifyCertificate_simple.c(10): Use file: {VerifyCertificate_simple_file}	[MsgId: MMSG-17999]
VerifyCertificate_simple.c(13): Notify: Transaction "VerifyCertificate_simple" started.	[MsgId: MMSG-16999]
VerifyCertificate_simple.c(14): Error: HTTP status code 404 returned by the server	[MsgId: MERR-108974]
VerifyCertificate_simple.c(14): Error: SOAP request "VerifyCertificate_simple" execution failed	[MsgId: MERR-108964]
End auto log messages stack.	[MsgId: MMSG-10544]


Start auto log messages stack - Iteration 1.	[MsgId: MMSG-10545]
VerifyCertificate_simple.c(14): Continuing after error in Vuser script.	[MsgId: MMSG-10678]
VerifyCertificate_simple.c(26): Notify: Transaction "VerifyCertificate_simple" ended with a "Fail" status (Duration: 0.0029 Wasted Time: 0.0011).	[MsgId: MMSG-16871]
VerifyCertificate_simple.c(26): Notify: Transaction "VerifyCertificate_simple" has 0 error message(s).	[MsgId: MMSG-16818]
VerifyCertificate_simple.c(27): Error: error: expected contains <Code>16</Code>, but got {result}	[MsgId: MERR-17999]
End auto log messages stack.	[MsgId: MMSG-10544]


Start auto log messages stack - Iteration 2.	[MsgId: MMSG-10545]
VerifyCertificate_simple.c(3): web_cache_cleanup was successful  	[MsgId: MMSG-26392]
VerifyCertificate_simple.c(4): web_cleanup_auto_headers started  	[MsgId: MMSG-26355]
VerifyCertificate_simple.c(4): web_cleanup_auto_headers was successful  	[MsgId: MMSG-26392]
VerifyCertificate_simple.c(5): web_cleanup_cookies started  	[MsgId: MMSG-26355]
VerifyCertificate_simple.c(5): web_cleanup_cookies was successful  	[MsgId: MMSG-26392]
VerifyCertificate_simple.c(7): C:\LR_DATA\certs/VerifyCertificate_simple_4032.xml	[MsgId: MMSG-17999]
VerifyCertificate_simple.c(10): Use file: {VerifyCertificate_simple_file}	[MsgId: MMSG-17999]
VerifyCertificate_simple.c(13): Notify: Transaction "VerifyCertificate_simple" started.	[MsgId: MMSG-16999]
VerifyCertificate_simple.c(14): Error: HTTP status code 404 returned by the server	[MsgId: MERR-108974]
VerifyCertificate_simple.c(14): Error: SOAP request "VerifyCertificate_simple" execution failed	[MsgId: MERR-108964]
End auto log messages stack.	[MsgId: MMSG-10544]


Start auto log messages stack - Iteration 3.	[MsgId: MMSG-10545]
VerifyCertificate_simple.c(3): web_cache_cleanup was successful  	[MsgId: MMSG-26392]
VerifyCertificate_simple.c(4): web_cleanup_auto_headers started  	[MsgId: MMSG-26355]
VerifyCertificate_simple.c(4): web_cleanup_auto_headers was successful  	[MsgId: MMSG-26392]
VerifyCertificate_simple.c(5): web_cleanup_cookies started  	[MsgId: MMSG-26355]
VerifyCertificate_simple.c(5): web_cleanup_cookies was successful  	[MsgId: MMSG-26392]
VerifyCertificate_simple.c(7): C:\LR_DATA\certs/VerifyCertificate_simple_640.xml	[MsgId: MMSG-17999]
VerifyCertificate_simple.c(10): Use file: {VerifyCertificate_simple_file}	[MsgId: MMSG-17999]
VerifyCertificate_simple.c(13): Notify: Transaction "VerifyCertificate_simple" started.	[MsgId: MMSG-16999]
VerifyCertificate_simple.c(14): Error: HTTP status code 404 returned by the server	[MsgId: MERR-108974]
VerifyCertificate_simple.c(14): Error: SOAP request "VerifyCertificate_simple" execution failed	[MsgId: MERR-108964]
End auto log messages stack.	[MsgId: MMSG-10544]


Start auto log messages stack - Iteration 4.	[MsgId: MMSG-10545]
VerifyCertificate_simple.c(3): web_cache_cleanup was successful  	[MsgId: MMSG-26392]
VerifyCertificate_simple.c(4): web_cleanup_auto_headers started  	[MsgId: MMSG-26355]
VerifyCertificate_simple.c(4): web_cleanup_auto_headers was successful  	[MsgId: MMSG-26392]
VerifyCertificate_simple.c(5): web_cleanup_cookies started  	[MsgId: MMSG-26355]
VerifyCertificate_simple.c(5): web_cleanup_cookies was successful  	[MsgId: MMSG-26392]
VerifyCertificate_simple.c(7): C:\LR_DATA\certs/VerifyCertificate_simple_4318.xml	[MsgId: MMSG-17999]
VerifyCertificate_simple.c(10): Use file: {VerifyCertificate_simple_file}	[MsgId: MMSG-17999]
VerifyCertificate_simple.c(13): Notify: Transaction "VerifyCertificate_simple" started.	[MsgId: MMSG-16999]
VerifyCertificate_simple.c(14): Error: HTTP status code 404 returned by the server	[MsgId: MERR-108974]
VerifyCertificate_simple.c(14): Error: SOAP request "VerifyCertificate_simple" execution failed	[MsgId: MERR-108964]
End auto log messages stack.	[MsgId: MMSG-10544]


Start auto log messages stack - Iteration 4.	[MsgId: MMSG-10545]
VerifyCertificate_simple.c(14): Continuing after error in Vuser script.	[MsgId: MMSG-10678]
VerifyCertificate_simple.c(26): Notify: Transaction "VerifyCertificate_simple" ended with a "Fail" status (Duration: 0.0024 Wasted Time: 0.0004).	[MsgId: MMSG-16871]
VerifyCertificate_simple.c(26): Notify: Transaction "VerifyCertificate_simple" has 0 error message(s).	[MsgId: MMSG-16818]
VerifyCertificate_simple.c(27): Error: error: expected contains <Code>0</Code>, but got <soap:Envelope xmlns:soap="http://schemas.xmlsoap.org/soap/envelope/"><soap:Body><VerifyCertificateResponse xmlns="http://esv.server.rt.ru"><VerifyCertificateResult><Code>16</Code><Description>Алгоритм публичного ключа сертификата не соответствует ГОСТ 34.10-2012</Description></VerifyCertificateResult></VerifyCertificateResponse></soap:Body></soap:Envelope>	[MsgId: MERR-17999]
End auto log messages stack.	[MsgId: MMSG-10544]


Start auto log messages stack - Iteration 4.	[MsgId: MMSG-10545]
VerifyCertificate_simple.c(3): web_cache_cleanup was successful  	[MsgId: MMSG-26392]
VerifyCertificate_simple.c(4): web_cleanup_auto_headers started  	[MsgId: MMSG-26355]
VerifyCertificate_simple.c(4): web_cleanup_auto_headers was successful  	[MsgId: MMSG-26392]
VerifyCertificate_simple.c(5): web_cleanup_cookies started  	[MsgId: MMSG-26355]
VerifyCertificate_simple.c(5): web_cleanup_cookies was successful  	[MsgId: MMSG-26392]
VerifyCertificate_simple.c(7): C:\LR_DATA\certs/VerifyCertificate_simple_1554.xml	[MsgId: MMSG-17999]
VerifyCertificate_simple.c(10): Use file: {VerifyCertificate_simple_file}	[MsgId: MMSG-17999]
VerifyCertificate_simple.c(13): Notify: Transaction "VerifyCertificate_simple" started.	[MsgId: MMSG-16999]
VerifyCertificate_simple.c(14): Error: HTTP status code 404 returned by the server	[MsgId: MERR-108974]
VerifyCertificate_simple.c(14): Error: SOAP request "VerifyCertificate_simple" execution failed	[MsgId: MERR-108964]
End auto log messages stack.	[MsgId: MMSG-10544]


Start auto log messages stack - Iteration 5.	[MsgId: MMSG-10545]
VerifyCertificate_simple.c(3): web_cache_cleanup was successful  	[MsgId: MMSG-26392]
VerifyCertificate_simple.c(4): web_cleanup_auto_headers started  	[MsgId: MMSG-26355]
VerifyCertificate_simple.c(4): web_cleanup_auto_headers was successful  	[MsgId: MMSG-26392]
VerifyCertificate_simple.c(5): web_cleanup_cookies started  	[MsgId: MMSG-26355]
VerifyCertificate_simple.c(5): web_cleanup_cookies was successful  	[MsgId: MMSG-26392]
VerifyCertificate_simple.c(7): C:\LR_DATA\certs/VerifyCertificate_simple_1132.xml	[MsgId: MMSG-17999]
VerifyCertificate_simple.c(10): Use file: {VerifyCertificate_simple_file}	[MsgId: MMSG-17999]
VerifyCertificate_simple.c(13): Notify: Transaction "VerifyCertificate_simple" started.	[MsgId: MMSG-16999]
VerifyCertificate_simple.c(14): Error: HTTP status code 404 returned by the server	[MsgId: MERR-108974]
VerifyCertificate_simple.c(14): Error: SOAP request "VerifyCertificate_simple" execution failed	[MsgId: MERR-108964]
End auto log messages stack.	[MsgId: MMSG-10544]


Start auto log messages stack - Iteration 6.	[MsgId: MMSG-10545]
VerifyCertificate_simple.c(3): web_cache_cleanup was successful  	[MsgId: MMSG-26392]
VerifyCertificate_simple.c(4): web_cleanup_auto_headers started  	[MsgId: MMSG-26355]
VerifyCertificate_simple.c(4): web_cleanup_auto_headers was successful  	[MsgId: MMSG-26392]
VerifyCertificate_simple.c(5): web_cleanup_cookies started  	[MsgId: MMSG-26355]
VerifyCertificate_simple.c(5): web_cleanup_cookies was successful  	[MsgId: MMSG-26392]
VerifyCertificate_simple.c(7): C:\LR_DATA\certs/VerifyCertificate_simple_1969.xml	[MsgId: MMSG-17999]
VerifyCertificate_simple.c(10): Use file: {VerifyCertificate_simple_file}	[MsgId: MMSG-17999]
VerifyCertificate_simple.c(13): Notify: Transaction "VerifyCertificate_simple" started.	[MsgId: MMSG-16999]
VerifyCertificate_simple.c(14): Error: HTTP status code 404 returned by the server	[MsgId: MERR-108974]
VerifyCertificate_simple.c(14): Error: SOAP request "VerifyCertificate_simple" execution failed	[MsgId: MERR-108964]
End auto log messages stack.	[MsgId: MMSG-10544]


Start auto log messages stack - Iteration 7.	[MsgId: MMSG-10545]
VerifyCertificate_simple.c(3): web_cache_cleanup was successful  	[MsgId: MMSG-26392]
VerifyCertificate_simple.c(4): web_cleanup_auto_headers started  	[MsgId: MMSG-26355]
VerifyCertificate_simple.c(4): web_cleanup_auto_headers was successful  	[MsgId: MMSG-26392]
VerifyCertificate_simple.c(5): web_cleanup_cookies started  	[MsgId: MMSG-26355]
VerifyCertificate_simple.c(5): web_cleanup_cookies was successful  	[MsgId: MMSG-26392]
VerifyCertificate_simple.c(7): C:\LR_DATA\certs/VerifyCertificate_simple_4397.xml	[MsgId: MMSG-17999]
VerifyCertificate_simple.c(10): Use file: {VerifyCertificate_simple_file}	[MsgId: MMSG-17999]
VerifyCertificate_simple.c(13): Notify: Transaction "VerifyCertificate_simple" started.	[MsgId: MMSG-16999]
VerifyCertificate_simple.c(14): Error: HTTP status code 404 returned by the server	[MsgId: MERR-108974]
VerifyCertificate_simple.c(14): Error: SOAP request "VerifyCertificate_simple" execution failed	[MsgId: MERR-108964]
End auto log messages stack.	[MsgId: MMSG-10544]


Start auto log messages stack - Iteration 7.	[MsgId: MMSG-10545]
VerifyCertificate_simple.c(14): Continuing after error in Vuser script.	[MsgId: MMSG-10678]
VerifyCertificate_simple.c(26): Notify: Transaction "VerifyCertificate_simple" ended with a "Fail" status (Duration: 0.0011 Wasted Time: 0.0003).	[MsgId: MMSG-16871]
VerifyCertificate_simple.c(26): Notify: Transaction "VerifyCertificate_simple" has 0 error message(s).	[MsgId: MMSG-16818]
VerifyCertificate_simple.c(27): Error: error: expected contains <Code>0</Code>, but got <soap:Envelope xmlns:soap="http://schemas.xmlsoap.org/soap/envelope/"><soap:Body><VerifyCertificateResponse xmlns="http://esv.server.rt.ru"><VerifyCertificateResult><Code>16</Code><Description>Алгоритм публичного ключа сертификата не соответствует ГОСТ 34.10-2012</Description></VerifyCertificateResult></VerifyCertificateResponse></soap:Body></soap:Envelope>	[MsgId: MERR-17999]
End auto log messages stack.	[MsgId: MMSG-10544]


Start auto log messages stack - Iteration 4.	[MsgId: MMSG-10545]
VerifyCertificate_simple.c(3): web_cache_cleanup was successful  	[MsgId: MMSG-26392]
VerifyCertificate_simple.c(4): web_cleanup_auto_headers started  	[MsgId: MMSG-26355]
VerifyCertificate_simple.c(4): web_cleanup_auto_headers was successful  	[MsgId: MMSG-26392]
VerifyCertificate_simple.c(5): web_cleanup_cookies started  	[MsgId: MMSG-26355]
VerifyCertificate_simple.c(5): web_cleanup_cookies was successful  	[MsgId: MMSG-26392]
VerifyCertificate_simple.c(7): C:\LR_DATA\certs/VerifyCertificate_simple_4252.xml	[MsgId: MMSG-17999]
VerifyCertificate_simple.c(10): Use file: {VerifyCertificate_simple_file}	[MsgId: MMSG-17999]
VerifyCertificate_simple.c(13): Notify: Transaction "VerifyCertificate_simple" started.	[MsgId: MMSG-16999]
VerifyCertificate_simple.c(14): Error: HTTP status code 404 returned by the server	[MsgId: MERR-108974]
VerifyCertificate_simple.c(14): Error: SOAP request "VerifyCertificate_simple" execution failed	[MsgId: MERR-108964]
End auto log messages stack.	[MsgId: MMSG-10544]


Start auto log messages stack - Iteration 5.	[MsgId: MMSG-10545]
VerifyCertificate_simple.c(3): web_cache_cleanup was successful  	[MsgId: MMSG-26392]
VerifyCertificate_simple.c(4): web_cleanup_auto_headers started  	[MsgId: MMSG-26355]
VerifyCertificate_simple.c(4): web_cleanup_auto_headers was successful  	[MsgId: MMSG-26392]
VerifyCertificate_simple.c(5): web_cleanup_cookies started  	[MsgId: MMSG-26355]
VerifyCertificate_simple.c(5): web_cleanup_cookies was successful  	[MsgId: MMSG-26392]
VerifyCertificate_simple.c(7): C:\LR_DATA\certs/VerifyCertificate_simple_3949.xml	[MsgId: MMSG-17999]
VerifyCertificate_simple.c(10): Use file: {VerifyCertificate_simple_file}	[MsgId: MMSG-17999]
VerifyCertificate_simple.c(13): Notify: Transaction "VerifyCertificate_simple" started.	[MsgId: MMSG-16999]
VerifyCertificate_simple.c(14): Error: HTTP status code 404 returned by the server	[MsgId: MERR-108974]
VerifyCertificate_simple.c(14): Error: SOAP request "VerifyCertificate_simple" execution failed	[MsgId: MERR-108964]
End auto log messages stack.	[MsgId: MMSG-10544]


Start auto log messages stack - Iteration 5.	[MsgId: MMSG-10545]
VerifyCertificate_simple.c(14): Continuing after error in Vuser script.	[MsgId: MMSG-10678]
VerifyCertificate_simple.c(26): Notify: Transaction "VerifyCertificate_simple" ended with a "Fail" status (Duration: 0.0014 Wasted Time: 0.0003).	[MsgId: MMSG-16871]
VerifyCertificate_simple.c(26): Notify: Transaction "VerifyCertificate_simple" has 0 error message(s).	[MsgId: MMSG-16818]
VerifyCertificate_simple.c(27): Error: error: expected contains <Code>16</Code>, but got <soap:Envelope xmlns:soap="http://schemas.xmlsoap.org/soap/envelope/"><soap:Body><VerifyCertificateResponse xmlns="http://esv.server.rt.ru"><VerifyCertificateResult><Code>0</Code><Description>ДЕЙСТВИТЕЛЕН, сертификат выдан аккредитованным удостоверяющим центром</Description></VerifyCertificateResult></VerifyCertificateResponse></soap:Body></soap:Envelope>	[MsgId: MERR-17999]
End auto log messages stack.	[MsgId: MMSG-10544]


