Start auto log messages stack - Iteration 209490.	[MsgId: MMSG-10545]
Start auto log messages stack - Iteration 305341.	[MsgId: MMSG-10545]
Start auto log messages stack - Iteration 223054.	[MsgId: MMSG-10545]
VerifyCertificate_simple.c(3): web_cache_cleanup was successful  	[MsgId: MMSG-26392]
VerifyCertificate_simple.c(4): web_cleanup_auto_headers started  	[MsgId: MMSG-26355]
VerifyCertificate_simple.c(4): web_cleanup_auto_headers was successful  	[MsgId: MMSG-26392]
VerifyCertificate_simple.c(5): web_cleanup_cookies started  	[MsgId: MMSG-26355]
VerifyCertificate_simple.c(5): web_cleanup_cookies was successful  	[MsgId: MMSG-26392]
VerifyCertificate_simple.c(3): web_cache_cleanup was successful  	[MsgId: MMSG-26392]
VerifyCertificate_simple.c(7): C:\LR_DATA\certs/VerifyCertificate_simple_1951.xml	[MsgId: MMSG-17999]
VerifyCertificate_simple.c(4): web_cleanup_auto_headers started  	[MsgId: MMSG-26355]
VerifyCertificate_simple.c(4): web_cleanup_auto_headers was successful  	[MsgId: MMSG-26392]
VerifyCertificate_simple.c(5): web_cleanup_cookies started  	[MsgId: MMSG-26355]
VerifyCertificate_simple.c(5): web_cleanup_cookies was successful  	[MsgId: MMSG-26392]
VerifyCertificate_simple.c(7): C:\LR_DATA\certs/VerifyCertificate_simple_3504.xml	[MsgId: MMSG-17999]
VerifyCertificate_simple.c(3): web_cache_cleanup was successful  	[MsgId: MMSG-26392]
VerifyCertificate_simple.c(4): web_cleanup_auto_headers started  	[MsgId: MMSG-26355]
VerifyCertificate_simple.c(4): web_cleanup_auto_headers was successful  	[MsgId: MMSG-26392]
VerifyCertificate_simple.c(5): web_cleanup_cookies started  	[MsgId: MMSG-26355]
VerifyCertificate_simple.c(5): web_cleanup_cookies was successful  	[MsgId: MMSG-26392]
VerifyCertificate_simple.c(7): C:\LR_DATA\certs/VerifyCertificate_simple_340.xml	[MsgId: MMSG-17999]
VerifyCertificate_simple.c(10): Use file: {VerifyCertificate_simple_file}	[MsgId: MMSG-17999]
VerifyCertificate_simple.c(13): Notify: Transaction "VerifyCertificate_simple" started.	[MsgId: MMSG-16999]
VerifyCertificate_simple.c(14): Error: HTTP status code 404 returned by the server	[MsgId: MERR-108974]
VerifyCertificate_simple.c(10): Use file: {VerifyCertificate_simple_file}	[MsgId: MMSG-17999]
VerifyCertificate_simple.c(13): Notify: Transaction "VerifyCertificate_simple" started.	[MsgId: MMSG-16999]
VerifyCertificate_simple.c(14): Error: HTTP status code 404 returned by the server	[MsgId: MERR-108974]
VerifyCertificate_simple.c(10): Use file: {VerifyCertificate_simple_file}	[MsgId: MMSG-17999]
VerifyCertificate_simple.c(13): Notify: Transaction "VerifyCertificate_simple" started.	[MsgId: MMSG-16999]
VerifyCertificate_simple.c(14): Error: HTTP status code 404 returned by the server	[MsgId: MERR-108974]
VerifyCertificate_simple.c(14): Error: SOAP request "VerifyCertificate_simple" execution failed	[MsgId: MERR-108964]
VerifyCertificate_simple.c(14): Error: SOAP request "VerifyCertificate_simple" execution failed	[MsgId: MERR-108964]
VerifyCertificate_simple.c(14): Error: SOAP request "VerifyCertificate_simple" execution failed	[MsgId: MERR-108964]
End auto log messages stack.	[MsgId: MMSG-10544]
End auto log messages stack.	[MsgId: MMSG-10544]
End auto log messages stack.	[MsgId: MMSG-10544]






Start auto log messages stack - Iteration 295329.	[MsgId: MMSG-10545]
VerifyCertificate_simple.c(3): web_cache_cleanup was successful  	[MsgId: MMSG-26392]
VerifyCertificate_simple.c(4): web_cleanup_auto_headers started  	[MsgId: MMSG-26355]
VerifyCertificate_simple.c(4): web_cleanup_auto_headers was successful  	[MsgId: MMSG-26392]
VerifyCertificate_simple.c(5): web_cleanup_cookies started  	[MsgId: MMSG-26355]
VerifyCertificate_simple.c(5): web_cleanup_cookies was successful  	[MsgId: MMSG-26392]
VerifyCertificate_simple.c(7): C:\LR_DATA\certs/VerifyCertificate_simple_3457.xml	[MsgId: MMSG-17999]
VerifyCertificate_simple.c(10): Use file: {VerifyCertificate_simple_file}	[MsgId: MMSG-17999]
VerifyCertificate_simple.c(13): Notify: Transaction "VerifyCertificate_simple" started.	[MsgId: MMSG-16999]
VerifyCertificate_simple.c(14): Error: HTTP status code 404 returned by the server	[MsgId: MERR-108974]
VerifyCertificate_simple.c(14): Error: SOAP request "VerifyCertificate_simple" execution failed	[MsgId: MERR-108964]
End auto log messages stack.	[MsgId: MMSG-10544]


Start auto log messages stack - Iteration 331796.	[MsgId: MMSG-10545]
VerifyCertificate_simple.c(3): web_cache_cleanup was successful  	[MsgId: MMSG-26392]
VerifyCertificate_simple.c(4): web_cleanup_auto_headers started  	[MsgId: MMSG-26355]
VerifyCertificate_simple.c(4): web_cleanup_auto_headers was successful  	[MsgId: MMSG-26392]
VerifyCertificate_simple.c(5): web_cleanup_cookies started  	[MsgId: MMSG-26355]
VerifyCertificate_simple.c(5): web_cleanup_cookies was successful  	[MsgId: MMSG-26392]
VerifyCertificate_simple.c(7): C:\LR_DATA\certs/VerifyCertificate_simple_1874.xml	[MsgId: MMSG-17999]
VerifyCertificate_simple.c(10): Use file: {VerifyCertificate_simple_file}	[MsgId: MMSG-17999]
VerifyCertificate_simple.c(13): Notify: Transaction "VerifyCertificate_simple" started.	[MsgId: MMSG-16999]
VerifyCertificate_simple.c(14): Error: HTTP status code 404 returned by the server	[MsgId: MERR-108974]
VerifyCertificate_simple.c(14): Error: SOAP request "VerifyCertificate_simple" execution failed	[MsgId: MERR-108964]
End auto log messages stack.	[MsgId: MMSG-10544]


Start auto log messages stack - Iteration 287132.	[MsgId: MMSG-10545]
VerifyCertificate_simple.c(3): web_cache_cleanup was successful  	[MsgId: MMSG-26392]
VerifyCertificate_simple.c(4): web_cleanup_auto_headers started  	[MsgId: MMSG-26355]
VerifyCertificate_simple.c(4): web_cleanup_auto_headers was successful  	[MsgId: MMSG-26392]
VerifyCertificate_simple.c(5): web_cleanup_cookies started  	[MsgId: MMSG-26355]
VerifyCertificate_simple.c(5): web_cleanup_cookies was successful  	[MsgId: MMSG-26392]
VerifyCertificate_simple.c(7): C:\LR_DATA\certs/VerifyCertificate_simple_4025.xml	[MsgId: MMSG-17999]
VerifyCertificate_simple.c(10): Use file: {VerifyCertificate_simple_file}	[MsgId: MMSG-17999]
VerifyCertificate_simple.c(13): Notify: Transaction "VerifyCertificate_simple" started.	[MsgId: MMSG-16999]
VerifyCertificate_simple.c(14): Error: HTTP status code 404 returned by the server	[MsgId: MERR-108974]
VerifyCertificate_simple.c(14): Error: SOAP request "VerifyCertificate_simple" execution failed	[MsgId: MERR-108964]
End auto log messages stack.	[MsgId: MMSG-10544]


Start auto log messages stack - Iteration 381355.	[MsgId: MMSG-10545]
VerifyCertificate_simple.c(3): web_cache_cleanup was successful  	[MsgId: MMSG-26392]
VerifyCertificate_simple.c(4): web_cleanup_auto_headers started  	[MsgId: MMSG-26355]
VerifyCertificate_simple.c(4): web_cleanup_auto_headers was successful  	[MsgId: MMSG-26392]
VerifyCertificate_simple.c(5): web_cleanup_cookies started  	[MsgId: MMSG-26355]
VerifyCertificate_simple.c(5): web_cleanup_cookies was successful  	[MsgId: MMSG-26392]
VerifyCertificate_simple.c(7): C:\LR_DATA\certs/VerifyCertificate_simple_3921.xml	[MsgId: MMSG-17999]
VerifyCertificate_simple.c(10): Use file: {VerifyCertificate_simple_file}	[MsgId: MMSG-17999]
VerifyCertificate_simple.c(13): Notify: Transaction "VerifyCertificate_simple" started.	[MsgId: MMSG-16999]
VerifyCertificate_simple.c(14): Error: HTTP status code 404 returned by the server	[MsgId: MERR-108974]
VerifyCertificate_simple.c(14): Error: SOAP request "VerifyCertificate_simple" execution failed	[MsgId: MERR-108964]
End auto log messages stack.	[MsgId: MMSG-10544]


Start auto log messages stack - Iteration 391206.	[MsgId: MMSG-10545]
Start auto log messages stack - Iteration 320070.	[MsgId: MMSG-10545]
VerifyCertificate_simple.c(3): web_cache_cleanup was successful  	[MsgId: MMSG-26392]
VerifyCertificate_simple.c(4): web_cleanup_auto_headers started  	[MsgId: MMSG-26355]
VerifyCertificate_simple.c(4): web_cleanup_auto_headers was successful  	[MsgId: MMSG-26392]
VerifyCertificate_simple.c(5): web_cleanup_cookies started  	[MsgId: MMSG-26355]
VerifyCertificate_simple.c(5): web_cleanup_cookies was successful  	[MsgId: MMSG-26392]
VerifyCertificate_simple.c(7): C:\LR_DATA\certs/VerifyCertificate_simple_479.xml	[MsgId: MMSG-17999]
VerifyCertificate_simple.c(10): Use file: {VerifyCertificate_simple_file}	[MsgId: MMSG-17999]
VerifyCertificate_simple.c(13): Notify: Transaction "VerifyCertificate_simple" started.	[MsgId: MMSG-16999]
VerifyCertificate_simple.c(14): Error: HTTP status code 404 returned by the server	[MsgId: MERR-108974]
VerifyCertificate_simple.c(14): Error: SOAP request "VerifyCertificate_simple" execution failed	[MsgId: MERR-108964]
End auto log messages stack.	[MsgId: MMSG-10544]


Start auto log messages stack - Iteration 352831.	[MsgId: MMSG-10545]
VerifyCertificate_simple.c(3): web_cache_cleanup was successful  	[MsgId: MMSG-26392]
VerifyCertificate_simple.c(4): web_cleanup_auto_headers started  	[MsgId: MMSG-26355]
VerifyCertificate_simple.c(4): web_cleanup_auto_headers was successful  	[MsgId: MMSG-26392]
VerifyCertificate_simple.c(5): web_cleanup_cookies started  	[MsgId: MMSG-26355]
VerifyCertificate_simple.c(5): web_cleanup_cookies was successful  	[MsgId: MMSG-26392]
VerifyCertificate_simple.c(3): web_cache_cleanup was successful  	[MsgId: MMSG-26392]
VerifyCertificate_simple.c(7): C:\LR_DATA\certs/VerifyCertificate_simple_2278.xml	[MsgId: MMSG-17999]
VerifyCertificate_simple.c(4): web_cleanup_auto_headers started  	[MsgId: MMSG-26355]
VerifyCertificate_simple.c(4): web_cleanup_auto_headers was successful  	[MsgId: MMSG-26392]
VerifyCertificate_simple.c(5): web_cleanup_cookies started  	[MsgId: MMSG-26355]
VerifyCertificate_simple.c(5): web_cleanup_cookies was successful  	[MsgId: MMSG-26392]
VerifyCertificate_simple.c(7): C:\LR_DATA\certs/VerifyCertificate_simple_2525.xml	[MsgId: MMSG-17999]
VerifyCertificate_simple.c(10): Use file: {VerifyCertificate_simple_file}	[MsgId: MMSG-17999]
VerifyCertificate_simple.c(13): Notify: Transaction "VerifyCertificate_simple" started.	[MsgId: MMSG-16999]
VerifyCertificate_simple.c(14): Error: HTTP status code 404 returned by the server	[MsgId: MERR-108974]
VerifyCertificate_simple.c(10): Use file: {VerifyCertificate_simple_file}	[MsgId: MMSG-17999]
VerifyCertificate_simple.c(13): Notify: Transaction "VerifyCertificate_simple" started.	[MsgId: MMSG-16999]
VerifyCertificate_simple.c(14): Error: HTTP status code 404 returned by the server	[MsgId: MERR-108974]
VerifyCertificate_simple.c(14): Error: SOAP request "VerifyCertificate_simple" execution failed	[MsgId: MERR-108964]
End auto log messages stack.	[MsgId: MMSG-10544]


VerifyCertificate_simple.c(14): Error: SOAP request "VerifyCertificate_simple" execution failed	[MsgId: MERR-108964]
End auto log messages stack.	[MsgId: MMSG-10544]


Start auto log messages stack - Iteration 369427.	[MsgId: MMSG-10545]
VerifyCertificate_simple.c(3): web_cache_cleanup was successful  	[MsgId: MMSG-26392]
VerifyCertificate_simple.c(4): web_cleanup_auto_headers started  	[MsgId: MMSG-26355]
VerifyCertificate_simple.c(4): web_cleanup_auto_headers was successful  	[MsgId: MMSG-26392]
VerifyCertificate_simple.c(5): web_cleanup_cookies started  	[MsgId: MMSG-26355]
VerifyCertificate_simple.c(5): web_cleanup_cookies was successful  	[MsgId: MMSG-26392]
VerifyCertificate_simple.c(7): C:\LR_DATA\certs/VerifyCertificate_simple_2548.xml	[MsgId: MMSG-17999]
VerifyCertificate_simple.c(10): Use file: {VerifyCertificate_simple_file}	[MsgId: MMSG-17999]
VerifyCertificate_simple.c(13): Notify: Transaction "VerifyCertificate_simple" started.	[MsgId: MMSG-16999]
VerifyCertificate_simple.c(14): Error: HTTP status code 404 returned by the server	[MsgId: MERR-108974]
VerifyCertificate_simple.c(14): Error: SOAP request "VerifyCertificate_simple" execution failed	[MsgId: MERR-108964]
End auto log messages stack.	[MsgId: MMSG-10544]


Start auto log messages stack - Iteration 378960.	[MsgId: MMSG-10545]
VerifyCertificate_simple.c(3): web_cache_cleanup was successful  	[MsgId: MMSG-26392]
VerifyCertificate_simple.c(4): web_cleanup_auto_headers started  	[MsgId: MMSG-26355]
VerifyCertificate_simple.c(4): web_cleanup_auto_headers was successful  	[MsgId: MMSG-26392]
VerifyCertificate_simple.c(5): web_cleanup_cookies started  	[MsgId: MMSG-26355]
VerifyCertificate_simple.c(5): web_cleanup_cookies was successful  	[MsgId: MMSG-26392]
VerifyCertificate_simple.c(7): C:\LR_DATA\certs/VerifyCertificate_simple_2778.xml	[MsgId: MMSG-17999]
VerifyCertificate_simple.c(10): Use file: {VerifyCertificate_simple_file}	[MsgId: MMSG-17999]
VerifyCertificate_simple.c(13): Notify: Transaction "VerifyCertificate_simple" started.	[MsgId: MMSG-16999]
VerifyCertificate_simple.c(14): Error: HTTP status code 404 returned by the server	[MsgId: MERR-108974]
VerifyCertificate_simple.c(14): Error: SOAP request "VerifyCertificate_simple" execution failed	[MsgId: MERR-108964]
End auto log messages stack.	[MsgId: MMSG-10544]


Start auto log messages stack - Iteration 380697.	[MsgId: MMSG-10545]
VerifyCertificate_simple.c(3): web_cache_cleanup was successful  	[MsgId: MMSG-26392]
VerifyCertificate_simple.c(4): web_cleanup_auto_headers started  	[MsgId: MMSG-26355]
VerifyCertificate_simple.c(4): web_cleanup_auto_headers was successful  	[MsgId: MMSG-26392]
VerifyCertificate_simple.c(5): web_cleanup_cookies started  	[MsgId: MMSG-26355]
VerifyCertificate_simple.c(5): web_cleanup_cookies was successful  	[MsgId: MMSG-26392]
VerifyCertificate_simple.c(7): C:\LR_DATA\certs/VerifyCertificate_simple_4594.xml	[MsgId: MMSG-17999]
VerifyCertificate_simple.c(10): Use file: {VerifyCertificate_simple_file}	[MsgId: MMSG-17999]
VerifyCertificate_simple.c(13): Notify: Transaction "VerifyCertificate_simple" started.	[MsgId: MMSG-16999]
VerifyCertificate_simple.c(14): Error: HTTP status code 404 returned by the server	[MsgId: MERR-108974]
VerifyCertificate_simple.c(14): Error: SOAP request "VerifyCertificate_simple" execution failed	[MsgId: MERR-108964]
End auto log messages stack.	[MsgId: MMSG-10544]


Start auto log messages stack - Iteration 517464.	[MsgId: MMSG-10545]
VerifyCertificate_simple.c(3): web_cache_cleanup was successful  	[MsgId: MMSG-26392]
VerifyCertificate_simple.c(4): web_cleanup_auto_headers started  	[MsgId: MMSG-26355]
VerifyCertificate_simple.c(4): web_cleanup_auto_headers was successful  	[MsgId: MMSG-26392]
VerifyCertificate_simple.c(5): web_cleanup_cookies started  	[MsgId: MMSG-26355]
VerifyCertificate_simple.c(5): web_cleanup_cookies was successful  	[MsgId: MMSG-26392]
VerifyCertificate_simple.c(7): C:\LR_DATA\certs/VerifyCertificate_simple_655.xml	[MsgId: MMSG-17999]
VerifyCertificate_simple.c(10): Use file: {VerifyCertificate_simple_file}	[MsgId: MMSG-17999]
VerifyCertificate_simple.c(13): Notify: Transaction "VerifyCertificate_simple" started.	[MsgId: MMSG-16999]
VerifyCertificate_simple.c(14): Error: HTTP status code 404 returned by the server	[MsgId: MERR-108974]
VerifyCertificate_simple.c(14): Error: SOAP request "VerifyCertificate_simple" execution failed	[MsgId: MERR-108964]
End auto log messages stack.	[MsgId: MMSG-10544]


Start auto log messages stack - Iteration 564270.	[MsgId: MMSG-10545]
VerifyCertificate_simple.c(3): web_cache_cleanup was successful  	[MsgId: MMSG-26392]
VerifyCertificate_simple.c(4): web_cleanup_auto_headers started  	[MsgId: MMSG-26355]
VerifyCertificate_simple.c(4): web_cleanup_auto_headers was successful  	[MsgId: MMSG-26392]
VerifyCertificate_simple.c(5): web_cleanup_cookies started  	[MsgId: MMSG-26355]
VerifyCertificate_simple.c(5): web_cleanup_cookies was successful  	[MsgId: MMSG-26392]
VerifyCertificate_simple.c(7): C:\LR_DATA\certs/VerifyCertificate_simple_2690.xml	[MsgId: MMSG-17999]
VerifyCertificate_simple.c(10): Use file: {VerifyCertificate_simple_file}	[MsgId: MMSG-17999]
VerifyCertificate_simple.c(13): Notify: Transaction "VerifyCertificate_simple" started.	[MsgId: MMSG-16999]
VerifyCertificate_simple.c(14): Error: HTTP status code 404 returned by the server	[MsgId: MERR-108974]
VerifyCertificate_simple.c(14): Error: SOAP request "VerifyCertificate_simple" execution failed	[MsgId: MERR-108964]
End auto log messages stack.	[MsgId: MMSG-10544]


Start auto log messages stack - Iteration 600789.	[MsgId: MMSG-10545]
VerifyCertificate_simple.c(3): web_cache_cleanup was successful  	[MsgId: MMSG-26392]
VerifyCertificate_simple.c(4): web_cleanup_auto_headers started  	[MsgId: MMSG-26355]
VerifyCertificate_simple.c(4): web_cleanup_auto_headers was successful  	[MsgId: MMSG-26392]
VerifyCertificate_simple.c(5): web_cleanup_cookies started  	[MsgId: MMSG-26355]
VerifyCertificate_simple.c(5): web_cleanup_cookies was successful  	[MsgId: MMSG-26392]
VerifyCertificate_simple.c(7): C:\LR_DATA\certs/VerifyCertificate_simple_2806.xml	[MsgId: MMSG-17999]
VerifyCertificate_simple.c(10): Use file: {VerifyCertificate_simple_file}	[MsgId: MMSG-17999]
VerifyCertificate_simple.c(13): Notify: Transaction "VerifyCertificate_simple" started.	[MsgId: MMSG-16999]
VerifyCertificate_simple.c(14): Error: HTTP status code 404 returned by the server	[MsgId: MERR-108974]
VerifyCertificate_simple.c(14): Error: SOAP request "VerifyCertificate_simple" execution failed	[MsgId: MERR-108964]
End auto log messages stack.	[MsgId: MMSG-10544]


