Start auto log messages stack - Iteration 1.	[MsgId: MMSG-10545]
VerifyCertificate_simple.c(3): web_cache_cleanup was successful  	[MsgId: MMSG-26392]
VerifyCertificate_simple.c(4): web_cleanup_auto_headers started  	[MsgId: MMSG-26355]
VerifyCertificate_simple.c(4): web_cleanup_auto_headers was successful  	[MsgId: MMSG-26392]
VerifyCertificate_simple.c(5): web_cleanup_cookies started  	[MsgId: MMSG-26355]
VerifyCertificate_simple.c(5): web_cleanup_cookies was successful  	[MsgId: MMSG-26392]
VerifyCertificate_simple.c(7): C:\LR_DATA\certs/VerifyCertificate_simple_3477.xml	[MsgId: MMSG-17999]
VerifyCertificate_simple.c(10): Use file: {VerifyCertificate_simple_file}	[MsgId: MMSG-17999]
VerifyCertificate_simple.c(13): Notify: Transaction "VerifyCertificate_simple" started.	[MsgId: MMSG-16999]
VerifyCertificate_simple.c(14): Error: HTTP status code 404 returned by the server	[MsgId: MERR-108974]
VerifyCertificate_simple.c(14): Error: SOAP request "VerifyCertificate_simple" execution failed	[MsgId: MERR-108964]
End auto log messages stack.	[MsgId: MMSG-10544]


Start auto log messages stack - Iteration 1.	[MsgId: MMSG-10545]
VerifyCertificate_simple.c(14): Continuing after error in Vuser script.	[MsgId: MMSG-10678]
VerifyCertificate_simple.c(26): Notify: Transaction "VerifyCertificate_simple" ended with a "Fail" status (Duration: 0.0092 Wasted Time: 0.0039).	[MsgId: MMSG-16871]
VerifyCertificate_simple.c(26): Notify: Transaction "VerifyCertificate_simple" has 0 error message(s).	[MsgId: MMSG-16818]
VerifyCertificate_simple.c(27): Error: error: expected contains <Code>16</Code>, but got {result}	[MsgId: MERR-17999]
End auto log messages stack.	[MsgId: MMSG-10544]


Start auto log messages stack - Iteration 1.	[MsgId: MMSG-10545]
VerifyCertificate_simple.c(3): web_cache_cleanup was successful  	[MsgId: MMSG-26392]
VerifyCertificate_simple.c(4): web_cleanup_auto_headers started  	[MsgId: MMSG-26355]
VerifyCertificate_simple.c(4): web_cleanup_auto_headers was successful  	[MsgId: MMSG-26392]
VerifyCertificate_simple.c(5): web_cleanup_cookies started  	[MsgId: MMSG-26355]
VerifyCertificate_simple.c(5): web_cleanup_cookies was successful  	[MsgId: MMSG-26392]
VerifyCertificate_simple.c(7): C:\LR_DATA\certs/VerifyCertificate_simple_135.xml	[MsgId: MMSG-17999]
VerifyCertificate_simple.c(10): Use file: {VerifyCertificate_simple_file}	[MsgId: MMSG-17999]
VerifyCertificate_simple.c(13): Notify: Transaction "VerifyCertificate_simple" started.	[MsgId: MMSG-16999]
VerifyCertificate_simple.c(14): Error: HTTP status code 404 returned by the server	[MsgId: MERR-108974]
VerifyCertificate_simple.c(14): Error: SOAP request "VerifyCertificate_simple" execution failed	[MsgId: MERR-108964]
End auto log messages stack.	[MsgId: MMSG-10544]


Start auto log messages stack - Iteration 1.	[MsgId: MMSG-10545]
VerifyCertificate_simple.c(14): Continuing after error in Vuser script.	[MsgId: MMSG-10678]
VerifyCertificate_simple.c(26): Notify: Transaction "VerifyCertificate_simple" ended with a "Fail" status (Duration: 0.0045 Wasted Time: 0.0006).	[MsgId: MMSG-16871]
VerifyCertificate_simple.c(26): Notify: Transaction "VerifyCertificate_simple" has 0 error message(s).	[MsgId: MMSG-16818]
VerifyCertificate_simple.c(27): Error: error: expected contains <Code>16</Code>, but got {result}	[MsgId: MERR-17999]
End auto log messages stack.	[MsgId: MMSG-10544]


Start auto log messages stack - Iteration 1.	[MsgId: MMSG-10545]
VerifyCertificate_simple.c(3): web_cache_cleanup was successful  	[MsgId: MMSG-26392]
VerifyCertificate_simple.c(4): web_cleanup_auto_headers started  	[MsgId: MMSG-26355]
VerifyCertificate_simple.c(4): web_cleanup_auto_headers was successful  	[MsgId: MMSG-26392]
VerifyCertificate_simple.c(5): web_cleanup_cookies started  	[MsgId: MMSG-26355]
VerifyCertificate_simple.c(5): web_cleanup_cookies was successful  	[MsgId: MMSG-26392]
VerifyCertificate_simple.c(7): C:\LR_DATA\certs/VerifyCertificate_simple_4126.xml	[MsgId: MMSG-17999]
VerifyCertificate_simple.c(10): Use file: {VerifyCertificate_simple_file}	[MsgId: MMSG-17999]
VerifyCertificate_simple.c(13): Notify: Transaction "VerifyCertificate_simple" started.	[MsgId: MMSG-16999]
VerifyCertificate_simple.c(14): Error: HTTP status code 404 returned by the server	[MsgId: MERR-108974]
VerifyCertificate_simple.c(14): Error: SOAP request "VerifyCertificate_simple" execution failed	[MsgId: MERR-108964]
End auto log messages stack.	[MsgId: MMSG-10544]


Start auto log messages stack - Iteration 1.	[MsgId: MMSG-10545]
VerifyCertificate_simple.c(14): Continuing after error in Vuser script.	[MsgId: MMSG-10678]
VerifyCertificate_simple.c(26): Notify: Transaction "VerifyCertificate_simple" ended with a "Fail" status (Duration: 0.0048 Wasted Time: 0.0005).	[MsgId: MMSG-16871]
VerifyCertificate_simple.c(26): Notify: Transaction "VerifyCertificate_simple" has 0 error message(s).	[MsgId: MMSG-16818]
VerifyCertificate_simple.c(27): Error: error: expected contains <Code>16</Code>, but got {result}	[MsgId: MERR-17999]
End auto log messages stack.	[MsgId: MMSG-10544]


Start auto log messages stack - Iteration 1.	[MsgId: MMSG-10545]
Start auto log messages stack - Iteration 2.	[MsgId: MMSG-10545]
Start auto log messages stack - Iteration 2.	[MsgId: MMSG-10545]
VerifyCertificate_simple.c(3): web_cache_cleanup was successful  	[MsgId: MMSG-26392]
VerifyCertificate_simple.c(4): web_cleanup_auto_headers started  	[MsgId: MMSG-26355]
VerifyCertificate_simple.c(4): web_cleanup_auto_headers was successful  	[MsgId: MMSG-26392]
VerifyCertificate_simple.c(5): web_cleanup_cookies started  	[MsgId: MMSG-26355]
VerifyCertificate_simple.c(5): web_cleanup_cookies was successful  	[MsgId: MMSG-26392]
VerifyCertificate_simple.c(7): C:\LR_DATA\certs/VerifyCertificate_simple_3935.xml	[MsgId: MMSG-17999]
VerifyCertificate_simple.c(10): Use file: {VerifyCertificate_simple_file}	[MsgId: MMSG-17999]
VerifyCertificate_simple.c(13): Notify: Transaction "VerifyCertificate_simple" started.	[MsgId: MMSG-16999]
Start auto log messages stack - Iteration 1.	[MsgId: MMSG-10545]
VerifyCertificate_simple.c(14): Error: HTTP status code 404 returned by the server	[MsgId: MERR-108974]
VerifyCertificate_simple.c(14): Error: SOAP request "VerifyCertificate_simple" execution failed	[MsgId: MERR-108964]
End auto log messages stack.	[MsgId: MMSG-10544]


Start auto log messages stack - Iteration 1.	[MsgId: MMSG-10545]
VerifyCertificate_simple.c(14): Continuing after error in Vuser script.	[MsgId: MMSG-10678]
VerifyCertificate_simple.c(26): Notify: Transaction "VerifyCertificate_simple" ended with a "Fail" status (Duration: 0.0063 Wasted Time: 0.0005).	[MsgId: MMSG-16871]
VerifyCertificate_simple.c(26): Notify: Transaction "VerifyCertificate_simple" has 0 error message(s).	[MsgId: MMSG-16818]
VerifyCertificate_simple.c(27): Error: error: expected contains <Code>16</Code>, but got {result}	[MsgId: MERR-17999]
End auto log messages stack.	[MsgId: MMSG-10544]


VerifyCertificate_simple.c(3): web_cache_cleanup was successful  	[MsgId: MMSG-26392]
VerifyCertificate_simple.c(4): web_cleanup_auto_headers started  	[MsgId: MMSG-26355]
VerifyCertificate_simple.c(4): web_cleanup_auto_headers was successful  	[MsgId: MMSG-26392]
VerifyCertificate_simple.c(5): web_cleanup_cookies started  	[MsgId: MMSG-26355]
VerifyCertificate_simple.c(5): web_cleanup_cookies was successful  	[MsgId: MMSG-26392]
VerifyCertificate_simple.c(7): C:\LR_DATA\certs/VerifyCertificate_simple_1385.xml	[MsgId: MMSG-17999]
VerifyCertificate_simple.c(10): Use file: {VerifyCertificate_simple_file}	[MsgId: MMSG-17999]
VerifyCertificate_simple.c(13): Notify: Transaction "VerifyCertificate_simple" started.	[MsgId: MMSG-16999]
VerifyCertificate_simple.c(14): Error: HTTP status code 404 returned by the server	[MsgId: MERR-108974]
VerifyCertificate_simple.c(14): Error: SOAP request "VerifyCertificate_simple" execution failed	[MsgId: MERR-108964]
VerifyCertificate_simple.c(3): web_cache_cleanup was successful  	[MsgId: MMSG-26392]
End auto log messages stack.	[MsgId: MMSG-10544]
VerifyCertificate_simple.c(4): web_cleanup_auto_headers started  	[MsgId: MMSG-26355]
VerifyCertificate_simple.c(4): web_cleanup_auto_headers was successful  	[MsgId: MMSG-26392]
VerifyCertificate_simple.c(5): web_cleanup_cookies started  	[MsgId: MMSG-26355]
VerifyCertificate_simple.c(5): web_cleanup_cookies was successful  	[MsgId: MMSG-26392]
VerifyCertificate_simple.c(7): C:\LR_DATA\certs/VerifyCertificate_simple_49.xml	[MsgId: MMSG-17999]


VerifyCertificate_simple.c(10): Use file: {VerifyCertificate_simple_file}	[MsgId: MMSG-17999]
VerifyCertificate_simple.c(13): Notify: Transaction "VerifyCertificate_simple" started.	[MsgId: MMSG-16999]
VerifyCertificate_simple.c(14): Error: HTTP status code 404 returned by the server	[MsgId: MERR-108974]
VerifyCertificate_simple.c(14): Error: SOAP request "VerifyCertificate_simple" execution failed	[MsgId: MERR-108964]
End auto log messages stack.	[MsgId: MMSG-10544]


VerifyCertificate_simple.c(3): web_cache_cleanup was successful  	[MsgId: MMSG-26392]
VerifyCertificate_simple.c(4): web_cleanup_auto_headers started  	[MsgId: MMSG-26355]
VerifyCertificate_simple.c(4): web_cleanup_auto_headers was successful  	[MsgId: MMSG-26392]
VerifyCertificate_simple.c(5): web_cleanup_cookies started  	[MsgId: MMSG-26355]
VerifyCertificate_simple.c(5): web_cleanup_cookies was successful  	[MsgId: MMSG-26392]
VerifyCertificate_simple.c(7): C:\LR_DATA\certs/VerifyCertificate_simple_3551.xml	[MsgId: MMSG-17999]
VerifyCertificate_simple.c(10): Use file: {VerifyCertificate_simple_file}	[MsgId: MMSG-17999]
VerifyCertificate_simple.c(13): Notify: Transaction "VerifyCertificate_simple" started.	[MsgId: MMSG-16999]
VerifyCertificate_simple.c(14): Error: HTTP status code 404 returned by the server	[MsgId: MERR-108974]
VerifyCertificate_simple.c(14): Error: SOAP request "VerifyCertificate_simple" execution failed	[MsgId: MERR-108964]
End auto log messages stack.	[MsgId: MMSG-10544]


Start auto log messages stack - Iteration 1.	[MsgId: MMSG-10545]
VerifyCertificate_simple.c(14): Continuing after error in Vuser script.	[MsgId: MMSG-10678]
VerifyCertificate_simple.c(26): Notify: Transaction "VerifyCertificate_simple" ended with a "Fail" status (Duration: 0.0091 Wasted Time: 0.0025).	[MsgId: MMSG-16871]
VerifyCertificate_simple.c(26): Notify: Transaction "VerifyCertificate_simple" has 0 error message(s).	[MsgId: MMSG-16818]
VerifyCertificate_simple.c(27): Error: error: expected contains <Code>16</Code>, but got {result}	[MsgId: MERR-17999]
End auto log messages stack.	[MsgId: MMSG-10544]


Start auto log messages stack - Iteration 3.	[MsgId: MMSG-10545]
VerifyCertificate_simple.c(3): web_cache_cleanup was successful  	[MsgId: MMSG-26392]
VerifyCertificate_simple.c(4): web_cleanup_auto_headers started  	[MsgId: MMSG-26355]
VerifyCertificate_simple.c(4): web_cleanup_auto_headers was successful  	[MsgId: MMSG-26392]
VerifyCertificate_simple.c(5): web_cleanup_cookies started  	[MsgId: MMSG-26355]
VerifyCertificate_simple.c(5): web_cleanup_cookies was successful  	[MsgId: MMSG-26392]
VerifyCertificate_simple.c(7): C:\LR_DATA\certs/VerifyCertificate_simple_3544.xml	[MsgId: MMSG-17999]
VerifyCertificate_simple.c(10): Use file: {VerifyCertificate_simple_file}	[MsgId: MMSG-17999]
VerifyCertificate_simple.c(13): Notify: Transaction "VerifyCertificate_simple" started.	[MsgId: MMSG-16999]
VerifyCertificate_simple.c(14): Error: HTTP status code 404 returned by the server	[MsgId: MERR-108974]
VerifyCertificate_simple.c(14): Error: SOAP request "VerifyCertificate_simple" execution failed	[MsgId: MERR-108964]
End auto log messages stack.	[MsgId: MMSG-10544]


Start auto log messages stack - Iteration 2.	[MsgId: MMSG-10545]
VerifyCertificate_simple.c(3): web_cache_cleanup was successful  	[MsgId: MMSG-26392]
VerifyCertificate_simple.c(4): web_cleanup_auto_headers started  	[MsgId: MMSG-26355]
VerifyCertificate_simple.c(4): web_cleanup_auto_headers was successful  	[MsgId: MMSG-26392]
VerifyCertificate_simple.c(5): web_cleanup_cookies started  	[MsgId: MMSG-26355]
VerifyCertificate_simple.c(5): web_cleanup_cookies was successful  	[MsgId: MMSG-26392]
VerifyCertificate_simple.c(7): C:\LR_DATA\certs/VerifyCertificate_simple_1297.xml	[MsgId: MMSG-17999]
VerifyCertificate_simple.c(10): Use file: {VerifyCertificate_simple_file}	[MsgId: MMSG-17999]
VerifyCertificate_simple.c(13): Notify: Transaction "VerifyCertificate_simple" started.	[MsgId: MMSG-16999]
VerifyCertificate_simple.c(14): Error: HTTP status code 404 returned by the server	[MsgId: MERR-108974]
VerifyCertificate_simple.c(14): Error: SOAP request "VerifyCertificate_simple" execution failed	[MsgId: MERR-108964]
End auto log messages stack.	[MsgId: MMSG-10544]


Start auto log messages stack - Iteration 4.	[MsgId: MMSG-10545]
VerifyCertificate_simple.c(3): web_cache_cleanup was successful  	[MsgId: MMSG-26392]
VerifyCertificate_simple.c(4): web_cleanup_auto_headers started  	[MsgId: MMSG-26355]
VerifyCertificate_simple.c(4): web_cleanup_auto_headers was successful  	[MsgId: MMSG-26392]
VerifyCertificate_simple.c(5): web_cleanup_cookies started  	[MsgId: MMSG-26355]
VerifyCertificate_simple.c(5): web_cleanup_cookies was successful  	[MsgId: MMSG-26392]
VerifyCertificate_simple.c(7): C:\LR_DATA\certs/VerifyCertificate_simple_518.xml	[MsgId: MMSG-17999]
VerifyCertificate_simple.c(10): Use file: {VerifyCertificate_simple_file}	[MsgId: MMSG-17999]
VerifyCertificate_simple.c(13): Notify: Transaction "VerifyCertificate_simple" started.	[MsgId: MMSG-16999]
VerifyCertificate_simple.c(14): Error: HTTP status code 404 returned by the server	[MsgId: MERR-108974]
VerifyCertificate_simple.c(14): Error: SOAP request "VerifyCertificate_simple" execution failed	[MsgId: MERR-108964]
End auto log messages stack.	[MsgId: MMSG-10544]


Start auto log messages stack - Iteration 1.	[MsgId: MMSG-10545]
VerifyCertificate_simple.c(3): web_cache_cleanup was successful  	[MsgId: MMSG-26392]
VerifyCertificate_simple.c(4): web_cleanup_auto_headers started  	[MsgId: MMSG-26355]
VerifyCertificate_simple.c(4): web_cleanup_auto_headers was successful  	[MsgId: MMSG-26392]
VerifyCertificate_simple.c(5): web_cleanup_cookies started  	[MsgId: MMSG-26355]
VerifyCertificate_simple.c(5): web_cleanup_cookies was successful  	[MsgId: MMSG-26392]
VerifyCertificate_simple.c(7): C:\LR_DATA\certs/VerifyCertificate_simple_831.xml	[MsgId: MMSG-17999]
VerifyCertificate_simple.c(10): Use file: {VerifyCertificate_simple_file}	[MsgId: MMSG-17999]
VerifyCertificate_simple.c(13): Notify: Transaction "VerifyCertificate_simple" started.	[MsgId: MMSG-16999]
VerifyCertificate_simple.c(14): Error: HTTP status code 404 returned by the server	[MsgId: MERR-108974]
VerifyCertificate_simple.c(14): Error: SOAP request "VerifyCertificate_simple" execution failed	[MsgId: MERR-108964]
End auto log messages stack.	[MsgId: MMSG-10544]


Start auto log messages stack - Iteration 1.	[MsgId: MMSG-10545]
VerifyCertificate_simple.c(14): Continuing after error in Vuser script.	[MsgId: MMSG-10678]
VerifyCertificate_simple.c(26): Notify: Transaction "VerifyCertificate_simple" ended with a "Fail" status (Duration: 0.0032 Wasted Time: 0.0005).	[MsgId: MMSG-16871]
VerifyCertificate_simple.c(26): Notify: Transaction "VerifyCertificate_simple" has 0 error message(s).	[MsgId: MMSG-16818]
VerifyCertificate_simple.c(27): Error: error: expected contains <Code>16</Code>, but got {result}	[MsgId: MERR-17999]
Start auto log messages stack - Iteration 5.	[MsgId: MMSG-10545]
VerifyCertificate_simple.c(3): web_cache_cleanup was successful  	[MsgId: MMSG-26392]
VerifyCertificate_simple.c(4): web_cleanup_auto_headers started  	[MsgId: MMSG-26355]
VerifyCertificate_simple.c(4): web_cleanup_auto_headers was successful  	[MsgId: MMSG-26392]
VerifyCertificate_simple.c(5): web_cleanup_cookies started  	[MsgId: MMSG-26355]
End auto log messages stack.	[MsgId: MMSG-10544]
VerifyCertificate_simple.c(5): web_cleanup_cookies was successful  	[MsgId: MMSG-26392]


VerifyCertificate_simple.c(7): C:\LR_DATA\certs/VerifyCertificate_simple_4025.xml	[MsgId: MMSG-17999]
VerifyCertificate_simple.c(10): Use file: {VerifyCertificate_simple_file}	[MsgId: MMSG-17999]
VerifyCertificate_simple.c(13): Notify: Transaction "VerifyCertificate_simple" started.	[MsgId: MMSG-16999]
VerifyCertificate_simple.c(14): Error: HTTP status code 404 returned by the server	[MsgId: MERR-108974]
VerifyCertificate_simple.c(14): Error: SOAP request "VerifyCertificate_simple" execution failed	[MsgId: MERR-108964]
End auto log messages stack.	[MsgId: MMSG-10544]


Start auto log messages stack - Iteration 3.	[MsgId: MMSG-10545]
VerifyCertificate_simple.c(3): web_cache_cleanup was successful  	[MsgId: MMSG-26392]
VerifyCertificate_simple.c(4): web_cleanup_auto_headers started  	[MsgId: MMSG-26355]
VerifyCertificate_simple.c(4): web_cleanup_auto_headers was successful  	[MsgId: MMSG-26392]
VerifyCertificate_simple.c(5): web_cleanup_cookies started  	[MsgId: MMSG-26355]
VerifyCertificate_simple.c(5): web_cleanup_cookies was successful  	[MsgId: MMSG-26392]
VerifyCertificate_simple.c(7): C:\LR_DATA\certs/VerifyCertificate_simple_1059.xml	[MsgId: MMSG-17999]
VerifyCertificate_simple.c(10): Use file: {VerifyCertificate_simple_file}	[MsgId: MMSG-17999]
VerifyCertificate_simple.c(13): Notify: Transaction "VerifyCertificate_simple" started.	[MsgId: MMSG-16999]
VerifyCertificate_simple.c(14): Error: HTTP status code 404 returned by the server	[MsgId: MERR-108974]
VerifyCertificate_simple.c(14): Error: SOAP request "VerifyCertificate_simple" execution failed	[MsgId: MERR-108964]
End auto log messages stack.	[MsgId: MMSG-10544]


Start auto log messages stack - Iteration 6.	[MsgId: MMSG-10545]
VerifyCertificate_simple.c(3): web_cache_cleanup was successful  	[MsgId: MMSG-26392]
VerifyCertificate_simple.c(4): web_cleanup_auto_headers started  	[MsgId: MMSG-26355]
VerifyCertificate_simple.c(4): web_cleanup_auto_headers was successful  	[MsgId: MMSG-26392]
VerifyCertificate_simple.c(5): web_cleanup_cookies started  	[MsgId: MMSG-26355]
VerifyCertificate_simple.c(5): web_cleanup_cookies was successful  	[MsgId: MMSG-26392]
VerifyCertificate_simple.c(7): C:\LR_DATA\certs/VerifyCertificate_simple_1920.xml	[MsgId: MMSG-17999]
VerifyCertificate_simple.c(10): Use file: {VerifyCertificate_simple_file}	[MsgId: MMSG-17999]
VerifyCertificate_simple.c(13): Notify: Transaction "VerifyCertificate_simple" started.	[MsgId: MMSG-16999]
VerifyCertificate_simple.c(14): Error: HTTP status code 404 returned by the server	[MsgId: MERR-108974]
VerifyCertificate_simple.c(14): Error: SOAP request "VerifyCertificate_simple" execution failed	[MsgId: MERR-108964]
End auto log messages stack.	[MsgId: MMSG-10544]


Start auto log messages stack - Iteration 4.	[MsgId: MMSG-10545]
VerifyCertificate_simple.c(3): web_cache_cleanup was successful  	[MsgId: MMSG-26392]
VerifyCertificate_simple.c(4): web_cleanup_auto_headers started  	[MsgId: MMSG-26355]
VerifyCertificate_simple.c(4): web_cleanup_auto_headers was successful  	[MsgId: MMSG-26392]
VerifyCertificate_simple.c(5): web_cleanup_cookies started  	[MsgId: MMSG-26355]
VerifyCertificate_simple.c(5): web_cleanup_cookies was successful  	[MsgId: MMSG-26392]
VerifyCertificate_simple.c(7): C:\LR_DATA\certs/VerifyCertificate_simple_3550.xml	[MsgId: MMSG-17999]
VerifyCertificate_simple.c(10): Use file: {VerifyCertificate_simple_file}	[MsgId: MMSG-17999]
VerifyCertificate_simple.c(13): Notify: Transaction "VerifyCertificate_simple" started.	[MsgId: MMSG-16999]
VerifyCertificate_simple.c(14): Error: HTTP status code 404 returned by the server	[MsgId: MERR-108974]
VerifyCertificate_simple.c(14): Error: SOAP request "VerifyCertificate_simple" execution failed	[MsgId: MERR-108964]
End auto log messages stack.	[MsgId: MMSG-10544]


Start auto log messages stack - Iteration 4.	[MsgId: MMSG-10545]
VerifyCertificate_simple.c(3): web_cache_cleanup was successful  	[MsgId: MMSG-26392]
VerifyCertificate_simple.c(4): web_cleanup_auto_headers started  	[MsgId: MMSG-26355]
VerifyCertificate_simple.c(4): web_cleanup_auto_headers was successful  	[MsgId: MMSG-26392]
VerifyCertificate_simple.c(5): web_cleanup_cookies started  	[MsgId: MMSG-26355]
VerifyCertificate_simple.c(5): web_cleanup_cookies was successful  	[MsgId: MMSG-26392]
VerifyCertificate_simple.c(7): C:\LR_DATA\certs/VerifyCertificate_simple_741.xml	[MsgId: MMSG-17999]
VerifyCertificate_simple.c(10): Use file: {VerifyCertificate_simple_file}	[MsgId: MMSG-17999]
VerifyCertificate_simple.c(13): Notify: Transaction "VerifyCertificate_simple" started.	[MsgId: MMSG-16999]
VerifyCertificate_simple.c(14): Error: HTTP status code 404 returned by the server	[MsgId: MERR-108974]
VerifyCertificate_simple.c(14): Error: SOAP request "VerifyCertificate_simple" execution failed	[MsgId: MERR-108964]
End auto log messages stack.	[MsgId: MMSG-10544]


Start auto log messages stack - Iteration 4.	[MsgId: MMSG-10545]
VerifyCertificate_simple.c(14): Continuing after error in Vuser script.	[MsgId: MMSG-10678]
VerifyCertificate_simple.c(26): Notify: Transaction "VerifyCertificate_simple" ended with a "Fail" status (Duration: 0.0035 Wasted Time: 0.0006).	[MsgId: MMSG-16871]
VerifyCertificate_simple.c(26): Notify: Transaction "VerifyCertificate_simple" has 0 error message(s).	[MsgId: MMSG-16818]
VerifyCertificate_simple.c(27): Error: error: expected contains <Code>16</Code>, but got <soap:Envelope xmlns:soap="http://schemas.xmlsoap.org/soap/envelope/"><soap:Body><VerifyCertificateResponse xmlns="http://esv.server.rt.ru"><VerifyCertificateResult><Code>0</Code><Description>ДЕЙСТВИТЕЛЕН, сертификат выдан аккредитованным удостоверяющим центром</Description></VerifyCertificateResult></VerifyCertificateResponse></soap:Body></soap:Envelope>	[MsgId: MERR-17999]
End auto log messages stack.	[MsgId: MMSG-10544]


Start auto log messages stack - Iteration 2.	[MsgId: MMSG-10545]
VerifyCertificate_simple.c(3): web_cache_cleanup was successful  	[MsgId: MMSG-26392]
VerifyCertificate_simple.c(4): web_cleanup_auto_headers started  	[MsgId: MMSG-26355]
VerifyCertificate_simple.c(4): web_cleanup_auto_headers was successful  	[MsgId: MMSG-26392]
VerifyCertificate_simple.c(5): web_cleanup_cookies started  	[MsgId: MMSG-26355]
VerifyCertificate_simple.c(5): web_cleanup_cookies was successful  	[MsgId: MMSG-26392]
VerifyCertificate_simple.c(7): C:\LR_DATA\certs/VerifyCertificate_simple_4249.xml	[MsgId: MMSG-17999]
VerifyCertificate_simple.c(10): Use file: {VerifyCertificate_simple_file}	[MsgId: MMSG-17999]
VerifyCertificate_simple.c(13): Notify: Transaction "VerifyCertificate_simple" started.	[MsgId: MMSG-16999]
VerifyCertificate_simple.c(14): Error: HTTP status code 404 returned by the server	[MsgId: MERR-108974]
VerifyCertificate_simple.c(14): Error: SOAP request "VerifyCertificate_simple" execution failed	[MsgId: MERR-108964]
End auto log messages stack.	[MsgId: MMSG-10544]


Start auto log messages stack - Iteration 2.	[MsgId: MMSG-10545]
VerifyCertificate_simple.c(14): Continuing after error in Vuser script.	[MsgId: MMSG-10678]
VerifyCertificate_simple.c(26): Notify: Transaction "VerifyCertificate_simple" ended with a "Fail" status (Duration: 0.0068 Wasted Time: 0.0004).	[MsgId: MMSG-16871]
VerifyCertificate_simple.c(26): Notify: Transaction "VerifyCertificate_simple" has 0 error message(s).	[MsgId: MMSG-16818]
VerifyCertificate_simple.c(27): Error: error: expected contains <Code>0</Code>, but got <soap:Envelope xmlns:soap="http://schemas.xmlsoap.org/soap/envelope/"><soap:Body><VerifyCertificateResponse xmlns="http://esv.server.rt.ru"><VerifyCertificateResult><Code>16</Code><Description>Алгоритм публичного ключа сертификата не соответствует ГОСТ 34.10-2012</Description></VerifyCertificateResult></VerifyCertificateResponse></soap:Body></soap:Envelope>	[MsgId: MERR-17999]
End auto log messages stack.	[MsgId: MMSG-10544]


Start auto log messages stack - Iteration 4.	[MsgId: MMSG-10545]
VerifyCertificate_simple.c(3): web_cache_cleanup was successful  	[MsgId: MMSG-26392]
VerifyCertificate_simple.c(4): web_cleanup_auto_headers started  	[MsgId: MMSG-26355]
VerifyCertificate_simple.c(4): web_cleanup_auto_headers was successful  	[MsgId: MMSG-26392]
VerifyCertificate_simple.c(5): web_cleanup_cookies started  	[MsgId: MMSG-26355]
VerifyCertificate_simple.c(5): web_cleanup_cookies was successful  	[MsgId: MMSG-26392]
VerifyCertificate_simple.c(7): C:\LR_DATA\certs/VerifyCertificate_simple_240.xml	[MsgId: MMSG-17999]
VerifyCertificate_simple.c(10): Use file: {VerifyCertificate_simple_file}	[MsgId: MMSG-17999]
VerifyCertificate_simple.c(13): Notify: Transaction "VerifyCertificate_simple" started.	[MsgId: MMSG-16999]
VerifyCertificate_simple.c(14): Error: HTTP status code 404 returned by the server	[MsgId: MERR-108974]
VerifyCertificate_simple.c(14): Error: SOAP request "VerifyCertificate_simple" execution failed	[MsgId: MERR-108964]
End auto log messages stack.	[MsgId: MMSG-10544]


Start auto log messages stack - Iteration 7.	[MsgId: MMSG-10545]
VerifyCertificate_simple.c(3): web_cache_cleanup was successful  	[MsgId: MMSG-26392]
VerifyCertificate_simple.c(4): web_cleanup_auto_headers started  	[MsgId: MMSG-26355]
VerifyCertificate_simple.c(4): web_cleanup_auto_headers was successful  	[MsgId: MMSG-26392]
VerifyCertificate_simple.c(5): web_cleanup_cookies started  	[MsgId: MMSG-26355]
VerifyCertificate_simple.c(5): web_cleanup_cookies was successful  	[MsgId: MMSG-26392]
VerifyCertificate_simple.c(7): C:\LR_DATA\certs/VerifyCertificate_simple_719.xml	[MsgId: MMSG-17999]
VerifyCertificate_simple.c(10): Use file: {VerifyCertificate_simple_file}	[MsgId: MMSG-17999]
VerifyCertificate_simple.c(13): Notify: Transaction "VerifyCertificate_simple" started.	[MsgId: MMSG-16999]
VerifyCertificate_simple.c(14): Error: HTTP status code 404 returned by the server	[MsgId: MERR-108974]
VerifyCertificate_simple.c(14): Error: SOAP request "VerifyCertificate_simple" execution failed	[MsgId: MERR-108964]
End auto log messages stack.	[MsgId: MMSG-10544]


Start auto log messages stack - Iteration 6.	[MsgId: MMSG-10545]
VerifyCertificate_simple.c(3): web_cache_cleanup was successful  	[MsgId: MMSG-26392]
VerifyCertificate_simple.c(4): web_cleanup_auto_headers started  	[MsgId: MMSG-26355]
VerifyCertificate_simple.c(4): web_cleanup_auto_headers was successful  	[MsgId: MMSG-26392]
VerifyCertificate_simple.c(5): web_cleanup_cookies started  	[MsgId: MMSG-26355]
VerifyCertificate_simple.c(5): web_cleanup_cookies was successful  	[MsgId: MMSG-26392]
VerifyCertificate_simple.c(7): C:\LR_DATA\certs/VerifyCertificate_simple_4114.xml	[MsgId: MMSG-17999]
VerifyCertificate_simple.c(10): Use file: {VerifyCertificate_simple_file}	[MsgId: MMSG-17999]
VerifyCertificate_simple.c(13): Notify: Transaction "VerifyCertificate_simple" started.	[MsgId: MMSG-16999]
VerifyCertificate_simple.c(14): Error: HTTP status code 404 returned by the server	[MsgId: MERR-108974]
VerifyCertificate_simple.c(14): Error: SOAP request "VerifyCertificate_simple" execution failed	[MsgId: MERR-108964]
End auto log messages stack.	[MsgId: MMSG-10544]


Start auto log messages stack - Iteration 6.	[MsgId: MMSG-10545]
VerifyCertificate_simple.c(3): web_cache_cleanup was successful  	[MsgId: MMSG-26392]
VerifyCertificate_simple.c(4): web_cleanup_auto_headers started  	[MsgId: MMSG-26355]
VerifyCertificate_simple.c(4): web_cleanup_auto_headers was successful  	[MsgId: MMSG-26392]
VerifyCertificate_simple.c(5): web_cleanup_cookies started  	[MsgId: MMSG-26355]
VerifyCertificate_simple.c(5): web_cleanup_cookies was successful  	[MsgId: MMSG-26392]
VerifyCertificate_simple.c(7): C:\LR_DATA\certs/VerifyCertificate_simple_1884.xml	[MsgId: MMSG-17999]
VerifyCertificate_simple.c(10): Use file: {VerifyCertificate_simple_file}	[MsgId: MMSG-17999]
VerifyCertificate_simple.c(13): Notify: Transaction "VerifyCertificate_simple" started.	[MsgId: MMSG-16999]
VerifyCertificate_simple.c(14): Error: HTTP status code 404 returned by the server	[MsgId: MERR-108974]
VerifyCertificate_simple.c(14): Error: SOAP request "VerifyCertificate_simple" execution failed	[MsgId: MERR-108964]
End auto log messages stack.	[MsgId: MMSG-10544]


Start auto log messages stack - Iteration 6.	[MsgId: MMSG-10545]
Start auto log messages stack - Iteration 11.	[MsgId: MMSG-10545]
VerifyCertificate_simple.c(3): web_cache_cleanup was successful  	[MsgId: MMSG-26392]
VerifyCertificate_simple.c(14): Continuing after error in Vuser script.	[MsgId: MMSG-10678]
VerifyCertificate_simple.c(4): web_cleanup_auto_headers started  	[MsgId: MMSG-26355]
VerifyCertificate_simple.c(4): web_cleanup_auto_headers was successful  	[MsgId: MMSG-26392]
VerifyCertificate_simple.c(26): Notify: Transaction "VerifyCertificate_simple" ended with a "Fail" status (Duration: 0.0115 Wasted Time: 0.0003).	[MsgId: MMSG-16871]
VerifyCertificate_simple.c(5): web_cleanup_cookies started  	[MsgId: MMSG-26355]
VerifyCertificate_simple.c(26): Notify: Transaction "VerifyCertificate_simple" has 0 error message(s).	[MsgId: MMSG-16818]
VerifyCertificate_simple.c(27): Error: error: expected contains <Code>16</Code>, but got <soap:Envelope xmlns:soap="http://schemas.xmlsoap.org/soap/envelope/"><soap:Body><VerifyCertificateResponse xmlns="http://esv.server.rt.ru"><VerifyCertificateResult><Code>0</Code><Description>ДЕЙСТВИТЕЛЕН, сертификат выдан аккредитованным удостоверяющим центром</Description></VerifyCertificateResult></VerifyCertificateResponse></soap:Body></soap:Envelope>	[MsgId: MERR-17999]
VerifyCertificate_simple.c(5): web_cleanup_cookies was successful  	[MsgId: MMSG-26392]
VerifyCertificate_simple.c(7): C:\LR_DATA\certs/VerifyCertificate_simple_1748.xml	[MsgId: MMSG-17999]
VerifyCertificate_simple.c(10): Use file: {VerifyCertificate_simple_file}	[MsgId: MMSG-17999]
VerifyCertificate_simple.c(13): Notify: Transaction "VerifyCertificate_simple" started.	[MsgId: MMSG-16999]
VerifyCertificate_simple.c(14): Error: HTTP status code 404 returned by the server	[MsgId: MERR-108974]
End auto log messages stack.	[MsgId: MMSG-10544]


VerifyCertificate_simple.c(14): Error: SOAP request "VerifyCertificate_simple" execution failed	[MsgId: MERR-108964]
End auto log messages stack.	[MsgId: MMSG-10544]


Start auto log messages stack - Iteration 13.	[MsgId: MMSG-10545]
VerifyCertificate_simple.c(3): web_cache_cleanup was successful  	[MsgId: MMSG-26392]
VerifyCertificate_simple.c(4): web_cleanup_auto_headers started  	[MsgId: MMSG-26355]
VerifyCertificate_simple.c(4): web_cleanup_auto_headers was successful  	[MsgId: MMSG-26392]
VerifyCertificate_simple.c(5): web_cleanup_cookies started  	[MsgId: MMSG-26355]
VerifyCertificate_simple.c(5): web_cleanup_cookies was successful  	[MsgId: MMSG-26392]
VerifyCertificate_simple.c(7): C:\LR_DATA\certs/VerifyCertificate_simple_2627.xml	[MsgId: MMSG-17999]
VerifyCertificate_simple.c(10): Use file: {VerifyCertificate_simple_file}	[MsgId: MMSG-17999]
VerifyCertificate_simple.c(13): Notify: Transaction "VerifyCertificate_simple" started.	[MsgId: MMSG-16999]
VerifyCertificate_simple.c(14): Error: HTTP status code 404 returned by the server	[MsgId: MERR-108974]
VerifyCertificate_simple.c(14): Error: SOAP request "VerifyCertificate_simple" execution failed	[MsgId: MERR-108964]
End auto log messages stack.	[MsgId: MMSG-10544]


Start auto log messages stack - Iteration 8.	[MsgId: MMSG-10545]
VerifyCertificate_simple.c(3): web_cache_cleanup was successful  	[MsgId: MMSG-26392]
VerifyCertificate_simple.c(4): web_cleanup_auto_headers started  	[MsgId: MMSG-26355]
VerifyCertificate_simple.c(4): web_cleanup_auto_headers was successful  	[MsgId: MMSG-26392]
VerifyCertificate_simple.c(5): web_cleanup_cookies started  	[MsgId: MMSG-26355]
VerifyCertificate_simple.c(5): web_cleanup_cookies was successful  	[MsgId: MMSG-26392]
VerifyCertificate_simple.c(7): C:\LR_DATA\certs/VerifyCertificate_simple_2918.xml	[MsgId: MMSG-17999]
VerifyCertificate_simple.c(10): Use file: {VerifyCertificate_simple_file}	[MsgId: MMSG-17999]
VerifyCertificate_simple.c(13): Notify: Transaction "VerifyCertificate_simple" started.	[MsgId: MMSG-16999]
VerifyCertificate_simple.c(14): Error: HTTP status code 404 returned by the server	[MsgId: MERR-108974]
VerifyCertificate_simple.c(14): Error: SOAP request "VerifyCertificate_simple" execution failed	[MsgId: MERR-108964]
End auto log messages stack.	[MsgId: MMSG-10544]


Start auto log messages stack - Iteration 14.	[MsgId: MMSG-10545]
VerifyCertificate_simple.c(3): web_cache_cleanup was successful  	[MsgId: MMSG-26392]
VerifyCertificate_simple.c(4): web_cleanup_auto_headers started  	[MsgId: MMSG-26355]
VerifyCertificate_simple.c(4): web_cleanup_auto_headers was successful  	[MsgId: MMSG-26392]
VerifyCertificate_simple.c(5): web_cleanup_cookies started  	[MsgId: MMSG-26355]
VerifyCertificate_simple.c(5): web_cleanup_cookies was successful  	[MsgId: MMSG-26392]
VerifyCertificate_simple.c(7): C:\LR_DATA\certs/VerifyCertificate_simple_4535.xml	[MsgId: MMSG-17999]
VerifyCertificate_simple.c(10): Use file: {VerifyCertificate_simple_file}	[MsgId: MMSG-17999]
VerifyCertificate_simple.c(13): Notify: Transaction "VerifyCertificate_simple" started.	[MsgId: MMSG-16999]
VerifyCertificate_simple.c(14): Error: HTTP status code 404 returned by the server	[MsgId: MERR-108974]
VerifyCertificate_simple.c(14): Error: SOAP request "VerifyCertificate_simple" execution failed	[MsgId: MERR-108964]
End auto log messages stack.	[MsgId: MMSG-10544]


Start auto log messages stack - Iteration 17.	[MsgId: MMSG-10545]
VerifyCertificate_simple.c(3): web_cache_cleanup was successful  	[MsgId: MMSG-26392]
VerifyCertificate_simple.c(4): web_cleanup_auto_headers started  	[MsgId: MMSG-26355]
VerifyCertificate_simple.c(4): web_cleanup_auto_headers was successful  	[MsgId: MMSG-26392]
VerifyCertificate_simple.c(5): web_cleanup_cookies started  	[MsgId: MMSG-26355]
VerifyCertificate_simple.c(5): web_cleanup_cookies was successful  	[MsgId: MMSG-26392]
VerifyCertificate_simple.c(7): C:\LR_DATA\certs/VerifyCertificate_simple_2988.xml	[MsgId: MMSG-17999]
VerifyCertificate_simple.c(10): Use file: {VerifyCertificate_simple_file}	[MsgId: MMSG-17999]
VerifyCertificate_simple.c(13): Notify: Transaction "VerifyCertificate_simple" started.	[MsgId: MMSG-16999]
VerifyCertificate_simple.c(14): Error: HTTP status code 404 returned by the server	[MsgId: MERR-108974]
VerifyCertificate_simple.c(14): Error: SOAP request "VerifyCertificate_simple" execution failed	[MsgId: MERR-108964]
End auto log messages stack.	[MsgId: MMSG-10544]


Start auto log messages stack - Iteration 15.	[MsgId: MMSG-10545]
VerifyCertificate_simple.c(3): web_cache_cleanup was successful  	[MsgId: MMSG-26392]
VerifyCertificate_simple.c(4): web_cleanup_auto_headers started  	[MsgId: MMSG-26355]
VerifyCertificate_simple.c(4): web_cleanup_auto_headers was successful  	[MsgId: MMSG-26392]
VerifyCertificate_simple.c(5): web_cleanup_cookies started  	[MsgId: MMSG-26355]
VerifyCertificate_simple.c(5): web_cleanup_cookies was successful  	[MsgId: MMSG-26392]
VerifyCertificate_simple.c(7): C:\LR_DATA\certs/VerifyCertificate_simple_2990.xml	[MsgId: MMSG-17999]
VerifyCertificate_simple.c(10): Use file: {VerifyCertificate_simple_file}	[MsgId: MMSG-17999]
VerifyCertificate_simple.c(13): Notify: Transaction "VerifyCertificate_simple" started.	[MsgId: MMSG-16999]
VerifyCertificate_simple.c(14): Error: HTTP status code 404 returned by the server	[MsgId: MERR-108974]
VerifyCertificate_simple.c(14): Error: SOAP request "VerifyCertificate_simple" execution failed	[MsgId: MERR-108964]
End auto log messages stack.	[MsgId: MMSG-10544]


Start auto log messages stack - Iteration 14.	[MsgId: MMSG-10545]
VerifyCertificate_simple.c(3): web_cache_cleanup was successful  	[MsgId: MMSG-26392]
VerifyCertificate_simple.c(4): web_cleanup_auto_headers started  	[MsgId: MMSG-26355]
VerifyCertificate_simple.c(4): web_cleanup_auto_headers was successful  	[MsgId: MMSG-26392]
VerifyCertificate_simple.c(5): web_cleanup_cookies started  	[MsgId: MMSG-26355]
VerifyCertificate_simple.c(5): web_cleanup_cookies was successful  	[MsgId: MMSG-26392]
VerifyCertificate_simple.c(7): C:\LR_DATA\certs/VerifyCertificate_simple_63.xml	[MsgId: MMSG-17999]
VerifyCertificate_simple.c(10): Use file: {VerifyCertificate_simple_file}	[MsgId: MMSG-17999]
VerifyCertificate_simple.c(13): Notify: Transaction "VerifyCertificate_simple" started.	[MsgId: MMSG-16999]
VerifyCertificate_simple.c(14): Error: HTTP status code 404 returned by the server	[MsgId: MERR-108974]
VerifyCertificate_simple.c(14): Error: SOAP request "VerifyCertificate_simple" execution failed	[MsgId: MERR-108964]
End auto log messages stack.	[MsgId: MMSG-10544]


Start auto log messages stack - Iteration 17.	[MsgId: MMSG-10545]
VerifyCertificate_simple.c(3): web_cache_cleanup was successful  	[MsgId: MMSG-26392]
VerifyCertificate_simple.c(4): web_cleanup_auto_headers started  	[MsgId: MMSG-26355]
VerifyCertificate_simple.c(4): web_cleanup_auto_headers was successful  	[MsgId: MMSG-26392]
VerifyCertificate_simple.c(5): web_cleanup_cookies started  	[MsgId: MMSG-26355]
VerifyCertificate_simple.c(5): web_cleanup_cookies was successful  	[MsgId: MMSG-26392]
VerifyCertificate_simple.c(7): C:\LR_DATA\certs/VerifyCertificate_simple_4693.xml	[MsgId: MMSG-17999]
VerifyCertificate_simple.c(10): Use file: {VerifyCertificate_simple_file}	[MsgId: MMSG-17999]
VerifyCertificate_simple.c(13): Notify: Transaction "VerifyCertificate_simple" started.	[MsgId: MMSG-16999]
VerifyCertificate_simple.c(14): Error: HTTP status code 404 returned by the server	[MsgId: MERR-108974]
VerifyCertificate_simple.c(14): Error: SOAP request "VerifyCertificate_simple" execution failed	[MsgId: MERR-108964]
End auto log messages stack.	[MsgId: MMSG-10544]


Start auto log messages stack - Iteration 18.	[MsgId: MMSG-10545]
VerifyCertificate_simple.c(3): web_cache_cleanup was successful  	[MsgId: MMSG-26392]
VerifyCertificate_simple.c(4): web_cleanup_auto_headers started  	[MsgId: MMSG-26355]
VerifyCertificate_simple.c(4): web_cleanup_auto_headers was successful  	[MsgId: MMSG-26392]
VerifyCertificate_simple.c(5): web_cleanup_cookies started  	[MsgId: MMSG-26355]
VerifyCertificate_simple.c(5): web_cleanup_cookies was successful  	[MsgId: MMSG-26392]
VerifyCertificate_simple.c(7): C:\LR_DATA\certs/VerifyCertificate_simple_4496.xml	[MsgId: MMSG-17999]
VerifyCertificate_simple.c(10): Use file: {VerifyCertificate_simple_file}	[MsgId: MMSG-17999]
VerifyCertificate_simple.c(13): Notify: Transaction "VerifyCertificate_simple" started.	[MsgId: MMSG-16999]
VerifyCertificate_simple.c(14): Error: HTTP status code 404 returned by the server	[MsgId: MERR-108974]
VerifyCertificate_simple.c(14): Error: SOAP request "VerifyCertificate_simple" execution failed	[MsgId: MERR-108964]
End auto log messages stack.	[MsgId: MMSG-10544]


Start auto log messages stack - Iteration 20.	[MsgId: MMSG-10545]
VerifyCertificate_simple.c(3): web_cache_cleanup was successful  	[MsgId: MMSG-26392]
VerifyCertificate_simple.c(4): web_cleanup_auto_headers started  	[MsgId: MMSG-26355]
VerifyCertificate_simple.c(4): web_cleanup_auto_headers was successful  	[MsgId: MMSG-26392]
VerifyCertificate_simple.c(5): web_cleanup_cookies started  	[MsgId: MMSG-26355]
VerifyCertificate_simple.c(5): web_cleanup_cookies was successful  	[MsgId: MMSG-26392]
VerifyCertificate_simple.c(7): C:\LR_DATA\certs/VerifyCertificate_simple_3705.xml	[MsgId: MMSG-17999]
VerifyCertificate_simple.c(10): Use file: {VerifyCertificate_simple_file}	[MsgId: MMSG-17999]
VerifyCertificate_simple.c(13): Notify: Transaction "VerifyCertificate_simple" started.	[MsgId: MMSG-16999]
VerifyCertificate_simple.c(14): Error: HTTP status code 404 returned by the server	[MsgId: MERR-108974]
VerifyCertificate_simple.c(14): Error: SOAP request "VerifyCertificate_simple" execution failed	[MsgId: MERR-108964]
End auto log messages stack.	[MsgId: MMSG-10544]


Start auto log messages stack - Iteration 17.	[MsgId: MMSG-10545]
VerifyCertificate_simple.c(3): web_cache_cleanup was successful  	[MsgId: MMSG-26392]
VerifyCertificate_simple.c(4): web_cleanup_auto_headers started  	[MsgId: MMSG-26355]
VerifyCertificate_simple.c(4): web_cleanup_auto_headers was successful  	[MsgId: MMSG-26392]
VerifyCertificate_simple.c(5): web_cleanup_cookies started  	[MsgId: MMSG-26355]
VerifyCertificate_simple.c(5): web_cleanup_cookies was successful  	[MsgId: MMSG-26392]
VerifyCertificate_simple.c(7): C:\LR_DATA\certs/VerifyCertificate_simple_4010.xml	[MsgId: MMSG-17999]
VerifyCertificate_simple.c(10): Use file: {VerifyCertificate_simple_file}	[MsgId: MMSG-17999]
VerifyCertificate_simple.c(13): Notify: Transaction "VerifyCertificate_simple" started.	[MsgId: MMSG-16999]
VerifyCertificate_simple.c(14): Error: HTTP status code 404 returned by the server	[MsgId: MERR-108974]
VerifyCertificate_simple.c(14): Error: SOAP request "VerifyCertificate_simple" execution failed	[MsgId: MERR-108964]
End auto log messages stack.	[MsgId: MMSG-10544]


Start auto log messages stack - Iteration 21.	[MsgId: MMSG-10545]
VerifyCertificate_simple.c(3): web_cache_cleanup was successful  	[MsgId: MMSG-26392]
VerifyCertificate_simple.c(4): web_cleanup_auto_headers started  	[MsgId: MMSG-26355]
VerifyCertificate_simple.c(4): web_cleanup_auto_headers was successful  	[MsgId: MMSG-26392]
VerifyCertificate_simple.c(5): web_cleanup_cookies started  	[MsgId: MMSG-26355]
VerifyCertificate_simple.c(5): web_cleanup_cookies was successful  	[MsgId: MMSG-26392]
VerifyCertificate_simple.c(7): C:\LR_DATA\certs/VerifyCertificate_simple_4951.xml	[MsgId: MMSG-17999]
VerifyCertificate_simple.c(10): Use file: {VerifyCertificate_simple_file}	[MsgId: MMSG-17999]
VerifyCertificate_simple.c(13): Notify: Transaction "VerifyCertificate_simple" started.	[MsgId: MMSG-16999]
VerifyCertificate_simple.c(14): Error: HTTP status code 404 returned by the server	[MsgId: MERR-108974]
VerifyCertificate_simple.c(14): Error: SOAP request "VerifyCertificate_simple" execution failed	[MsgId: MERR-108964]
End auto log messages stack.	[MsgId: MMSG-10544]


Start auto log messages stack - Iteration 22.	[MsgId: MMSG-10545]
VerifyCertificate_simple.c(3): web_cache_cleanup was successful  	[MsgId: MMSG-26392]
VerifyCertificate_simple.c(4): web_cleanup_auto_headers started  	[MsgId: MMSG-26355]
VerifyCertificate_simple.c(4): web_cleanup_auto_headers was successful  	[MsgId: MMSG-26392]
VerifyCertificate_simple.c(5): web_cleanup_cookies started  	[MsgId: MMSG-26355]
VerifyCertificate_simple.c(5): web_cleanup_cookies was successful  	[MsgId: MMSG-26392]
VerifyCertificate_simple.c(7): C:\LR_DATA\certs/VerifyCertificate_simple_3416.xml	[MsgId: MMSG-17999]
VerifyCertificate_simple.c(10): Use file: {VerifyCertificate_simple_file}	[MsgId: MMSG-17999]
VerifyCertificate_simple.c(13): Notify: Transaction "VerifyCertificate_simple" started.	[MsgId: MMSG-16999]
VerifyCertificate_simple.c(14): Error: HTTP status code 404 returned by the server	[MsgId: MERR-108974]
VerifyCertificate_simple.c(14): Error: SOAP request "VerifyCertificate_simple" execution failed	[MsgId: MERR-108964]
End auto log messages stack.	[MsgId: MMSG-10544]


Start auto log messages stack - Iteration 23.	[MsgId: MMSG-10545]
VerifyCertificate_simple.c(3): web_cache_cleanup was successful  	[MsgId: MMSG-26392]
VerifyCertificate_simple.c(4): web_cleanup_auto_headers started  	[MsgId: MMSG-26355]
VerifyCertificate_simple.c(4): web_cleanup_auto_headers was successful  	[MsgId: MMSG-26392]
VerifyCertificate_simple.c(5): web_cleanup_cookies started  	[MsgId: MMSG-26355]
VerifyCertificate_simple.c(5): web_cleanup_cookies was successful  	[MsgId: MMSG-26392]
VerifyCertificate_simple.c(7): C:\LR_DATA\certs/VerifyCertificate_simple_4716.xml	[MsgId: MMSG-17999]
VerifyCertificate_simple.c(10): Use file: {VerifyCertificate_simple_file}	[MsgId: MMSG-17999]
VerifyCertificate_simple.c(13): Notify: Transaction "VerifyCertificate_simple" started.	[MsgId: MMSG-16999]
VerifyCertificate_simple.c(14): Error: HTTP status code 404 returned by the server	[MsgId: MERR-108974]
VerifyCertificate_simple.c(14): Error: SOAP request "VerifyCertificate_simple" execution failed	[MsgId: MERR-108964]
End auto log messages stack.	[MsgId: MMSG-10544]


Start auto log messages stack - Iteration 23.	[MsgId: MMSG-10545]
VerifyCertificate_simple.c(14): Continuing after error in Vuser script.	[MsgId: MMSG-10678]
VerifyCertificate_simple.c(26): Notify: Transaction "VerifyCertificate_simple" ended with a "Fail" status (Duration: 0.0016 Wasted Time: 0.0005).	[MsgId: MMSG-16871]
VerifyCertificate_simple.c(26): Notify: Transaction "VerifyCertificate_simple" has 0 error message(s).	[MsgId: MMSG-16818]
VerifyCertificate_simple.c(27): Error: error: expected contains <Code>16</Code>, but got <soap:Envelope xmlns:soap="http://schemas.xmlsoap.org/soap/envelope/"><soap:Body><VerifyCertificateResponse xmlns="http://esv.server.rt.ru"><VerifyCertificateResult><Code>0</Code><Description>ДЕЙСТВИТЕЛЕН, сертификат выдан аккредитованным удостоверяющим центром</Description></VerifyCertificateResult></VerifyCertificateResponse></soap:Body></soap:Envelope>	[MsgId: MERR-17999]
End auto log messages stack.	[MsgId: MMSG-10544]


Start auto log messages stack - Iteration 25.	[MsgId: MMSG-10545]
VerifyCertificate_simple.c(3): web_cache_cleanup was successful  	[MsgId: MMSG-26392]
VerifyCertificate_simple.c(4): web_cleanup_auto_headers started  	[MsgId: MMSG-26355]
VerifyCertificate_simple.c(4): web_cleanup_auto_headers was successful  	[MsgId: MMSG-26392]
VerifyCertificate_simple.c(5): web_cleanup_cookies started  	[MsgId: MMSG-26355]
VerifyCertificate_simple.c(5): web_cleanup_cookies was successful  	[MsgId: MMSG-26392]
VerifyCertificate_simple.c(7): C:\LR_DATA\certs/VerifyCertificate_simple_507.xml	[MsgId: MMSG-17999]
VerifyCertificate_simple.c(10): Use file: {VerifyCertificate_simple_file}	[MsgId: MMSG-17999]
VerifyCertificate_simple.c(13): Notify: Transaction "VerifyCertificate_simple" started.	[MsgId: MMSG-16999]
VerifyCertificate_simple.c(14): Error: HTTP status code 404 returned by the server	[MsgId: MERR-108974]
VerifyCertificate_simple.c(14): Error: SOAP request "VerifyCertificate_simple" execution failed	[MsgId: MERR-108964]
End auto log messages stack.	[MsgId: MMSG-10544]


Start auto log messages stack - Iteration 23.	[MsgId: MMSG-10545]
VerifyCertificate_simple.c(3): web_cache_cleanup was successful  	[MsgId: MMSG-26392]
VerifyCertificate_simple.c(4): web_cleanup_auto_headers started  	[MsgId: MMSG-26355]
VerifyCertificate_simple.c(4): web_cleanup_auto_headers was successful  	[MsgId: MMSG-26392]
VerifyCertificate_simple.c(5): web_cleanup_cookies started  	[MsgId: MMSG-26355]
VerifyCertificate_simple.c(5): web_cleanup_cookies was successful  	[MsgId: MMSG-26392]
VerifyCertificate_simple.c(7): C:\LR_DATA\certs/VerifyCertificate_simple_3024.xml	[MsgId: MMSG-17999]
VerifyCertificate_simple.c(10): Use file: {VerifyCertificate_simple_file}	[MsgId: MMSG-17999]
VerifyCertificate_simple.c(13): Notify: Transaction "VerifyCertificate_simple" started.	[MsgId: MMSG-16999]
VerifyCertificate_simple.c(14): Error: HTTP status code 404 returned by the server	[MsgId: MERR-108974]
VerifyCertificate_simple.c(14): Error: SOAP request "VerifyCertificate_simple" execution failed	[MsgId: MERR-108964]
End auto log messages stack.	[MsgId: MMSG-10544]


Start auto log messages stack - Iteration 22.	[MsgId: MMSG-10545]
VerifyCertificate_simple.c(3): web_cache_cleanup was successful  	[MsgId: MMSG-26392]
VerifyCertificate_simple.c(4): web_cleanup_auto_headers started  	[MsgId: MMSG-26355]
VerifyCertificate_simple.c(4): web_cleanup_auto_headers was successful  	[MsgId: MMSG-26392]
VerifyCertificate_simple.c(5): web_cleanup_cookies started  	[MsgId: MMSG-26355]
VerifyCertificate_simple.c(5): web_cleanup_cookies was successful  	[MsgId: MMSG-26392]
VerifyCertificate_simple.c(7): C:\LR_DATA\certs/VerifyCertificate_simple_4170.xml	[MsgId: MMSG-17999]
VerifyCertificate_simple.c(10): Use file: {VerifyCertificate_simple_file}	[MsgId: MMSG-17999]
VerifyCertificate_simple.c(13): Notify: Transaction "VerifyCertificate_simple" started.	[MsgId: MMSG-16999]
VerifyCertificate_simple.c(14): Error: HTTP status code 404 returned by the server	[MsgId: MERR-108974]
VerifyCertificate_simple.c(14): Error: SOAP request "VerifyCertificate_simple" execution failed	[MsgId: MERR-108964]
End auto log messages stack.	[MsgId: MMSG-10544]


Start auto log messages stack - Iteration 22.	[MsgId: MMSG-10545]
VerifyCertificate_simple.c(14): Continuing after error in Vuser script.	[MsgId: MMSG-10678]
VerifyCertificate_simple.c(26): Notify: Transaction "VerifyCertificate_simple" ended with a "Fail" status (Duration: 0.0132 Wasted Time: 0.0003).	[MsgId: MMSG-16871]
VerifyCertificate_simple.c(26): Notify: Transaction "VerifyCertificate_simple" has 0 error message(s).	[MsgId: MMSG-16818]
VerifyCertificate_simple.c(27): Error: error: expected contains <Code>16</Code>, but got <soap:Envelope xmlns:soap="http://schemas.xmlsoap.org/soap/envelope/"><soap:Body><VerifyCertificateResponse xmlns="http://esv.server.rt.ru"><VerifyCertificateResult><Code>0</Code><Description>ДЕЙСТВИТЕЛЕН, сертификат выдан аккредитованным удостоверяющим центром</Description></VerifyCertificateResult></VerifyCertificateResponse></soap:Body></soap:Envelope>	[MsgId: MERR-17999]
End auto log messages stack.	[MsgId: MMSG-10544]


Start auto log messages stack - Iteration 28.	[MsgId: MMSG-10545]
VerifyCertificate_simple.c(3): web_cache_cleanup was successful  	[MsgId: MMSG-26392]
VerifyCertificate_simple.c(4): web_cleanup_auto_headers started  	[MsgId: MMSG-26355]
VerifyCertificate_simple.c(4): web_cleanup_auto_headers was successful  	[MsgId: MMSG-26392]
VerifyCertificate_simple.c(5): web_cleanup_cookies started  	[MsgId: MMSG-26355]
VerifyCertificate_simple.c(5): web_cleanup_cookies was successful  	[MsgId: MMSG-26392]
VerifyCertificate_simple.c(7): C:\LR_DATA\certs/VerifyCertificate_simple_347.xml	[MsgId: MMSG-17999]
VerifyCertificate_simple.c(10): Use file: {VerifyCertificate_simple_file}	[MsgId: MMSG-17999]
VerifyCertificate_simple.c(13): Notify: Transaction "VerifyCertificate_simple" started.	[MsgId: MMSG-16999]
VerifyCertificate_simple.c(14): Error: HTTP status code 404 returned by the server	[MsgId: MERR-108974]
VerifyCertificate_simple.c(14): Error: SOAP request "VerifyCertificate_simple" execution failed	[MsgId: MERR-108964]
End auto log messages stack.	[MsgId: MMSG-10544]


Start auto log messages stack - Iteration 32.	[MsgId: MMSG-10545]
VerifyCertificate_simple.c(3): web_cache_cleanup was successful  	[MsgId: MMSG-26392]
VerifyCertificate_simple.c(4): web_cleanup_auto_headers started  	[MsgId: MMSG-26355]
VerifyCertificate_simple.c(4): web_cleanup_auto_headers was successful  	[MsgId: MMSG-26392]
VerifyCertificate_simple.c(5): web_cleanup_cookies started  	[MsgId: MMSG-26355]
VerifyCertificate_simple.c(5): web_cleanup_cookies was successful  	[MsgId: MMSG-26392]
VerifyCertificate_simple.c(7): C:\LR_DATA\certs/VerifyCertificate_simple_3459.xml	[MsgId: MMSG-17999]
VerifyCertificate_simple.c(10): Use file: {VerifyCertificate_simple_file}	[MsgId: MMSG-17999]
VerifyCertificate_simple.c(13): Notify: Transaction "VerifyCertificate_simple" started.	[MsgId: MMSG-16999]
VerifyCertificate_simple.c(14): Error: HTTP status code 404 returned by the server	[MsgId: MERR-108974]
VerifyCertificate_simple.c(14): Error: SOAP request "VerifyCertificate_simple" execution failed	[MsgId: MERR-108964]
End auto log messages stack.	[MsgId: MMSG-10544]


Start auto log messages stack - Iteration 36.	[MsgId: MMSG-10545]
VerifyCertificate_simple.c(3): web_cache_cleanup was successful  	[MsgId: MMSG-26392]
VerifyCertificate_simple.c(4): web_cleanup_auto_headers started  	[MsgId: MMSG-26355]
VerifyCertificate_simple.c(4): web_cleanup_auto_headers was successful  	[MsgId: MMSG-26392]
VerifyCertificate_simple.c(5): web_cleanup_cookies started  	[MsgId: MMSG-26355]
VerifyCertificate_simple.c(5): web_cleanup_cookies was successful  	[MsgId: MMSG-26392]
VerifyCertificate_simple.c(7): C:\LR_DATA\certs/VerifyCertificate_simple_553.xml	[MsgId: MMSG-17999]
VerifyCertificate_simple.c(10): Use file: {VerifyCertificate_simple_file}	[MsgId: MMSG-17999]
VerifyCertificate_simple.c(13): Notify: Transaction "VerifyCertificate_simple" started.	[MsgId: MMSG-16999]
VerifyCertificate_simple.c(14): Error: HTTP status code 404 returned by the server	[MsgId: MERR-108974]
VerifyCertificate_simple.c(14): Error: SOAP request "VerifyCertificate_simple" execution failed	[MsgId: MERR-108964]
End auto log messages stack.	[MsgId: MMSG-10544]


Start auto log messages stack - Iteration 37.	[MsgId: MMSG-10545]
VerifyCertificate_simple.c(3): web_cache_cleanup was successful  	[MsgId: MMSG-26392]
VerifyCertificate_simple.c(4): web_cleanup_auto_headers started  	[MsgId: MMSG-26355]
VerifyCertificate_simple.c(4): web_cleanup_auto_headers was successful  	[MsgId: MMSG-26392]
VerifyCertificate_simple.c(5): web_cleanup_cookies started  	[MsgId: MMSG-26355]
VerifyCertificate_simple.c(5): web_cleanup_cookies was successful  	[MsgId: MMSG-26392]
VerifyCertificate_simple.c(7): C:\LR_DATA\certs/VerifyCertificate_simple_1597.xml	[MsgId: MMSG-17999]
VerifyCertificate_simple.c(10): Use file: {VerifyCertificate_simple_file}	[MsgId: MMSG-17999]
VerifyCertificate_simple.c(13): Notify: Transaction "VerifyCertificate_simple" started.	[MsgId: MMSG-16999]
VerifyCertificate_simple.c(14): Error: HTTP status code 404 returned by the server	[MsgId: MERR-108974]
VerifyCertificate_simple.c(14): Error: SOAP request "VerifyCertificate_simple" execution failed	[MsgId: MERR-108964]
End auto log messages stack.	[MsgId: MMSG-10544]


Start auto log messages stack - Iteration 38.	[MsgId: MMSG-10545]
VerifyCertificate_simple.c(3): web_cache_cleanup was successful  	[MsgId: MMSG-26392]
VerifyCertificate_simple.c(4): web_cleanup_auto_headers started  	[MsgId: MMSG-26355]
VerifyCertificate_simple.c(4): web_cleanup_auto_headers was successful  	[MsgId: MMSG-26392]
VerifyCertificate_simple.c(5): web_cleanup_cookies started  	[MsgId: MMSG-26355]
VerifyCertificate_simple.c(5): web_cleanup_cookies was successful  	[MsgId: MMSG-26392]
VerifyCertificate_simple.c(7): C:\LR_DATA\certs/VerifyCertificate_simple_2191.xml	[MsgId: MMSG-17999]
VerifyCertificate_simple.c(10): Use file: {VerifyCertificate_simple_file}	[MsgId: MMSG-17999]
VerifyCertificate_simple.c(13): Notify: Transaction "VerifyCertificate_simple" started.	[MsgId: MMSG-16999]
VerifyCertificate_simple.c(14): Error: HTTP status code 404 returned by the server	[MsgId: MERR-108974]
VerifyCertificate_simple.c(14): Error: SOAP request "VerifyCertificate_simple" execution failed	[MsgId: MERR-108964]
End auto log messages stack.	[MsgId: MMSG-10544]


Start auto log messages stack - Iteration 39.	[MsgId: MMSG-10545]
VerifyCertificate_simple.c(3): web_cache_cleanup was successful  	[MsgId: MMSG-26392]
VerifyCertificate_simple.c(4): web_cleanup_auto_headers started  	[MsgId: MMSG-26355]
VerifyCertificate_simple.c(4): web_cleanup_auto_headers was successful  	[MsgId: MMSG-26392]
VerifyCertificate_simple.c(5): web_cleanup_cookies started  	[MsgId: MMSG-26355]
VerifyCertificate_simple.c(5): web_cleanup_cookies was successful  	[MsgId: MMSG-26392]
VerifyCertificate_simple.c(7): C:\LR_DATA\certs/VerifyCertificate_simple_2489.xml	[MsgId: MMSG-17999]
VerifyCertificate_simple.c(10): Use file: {VerifyCertificate_simple_file}	[MsgId: MMSG-17999]
VerifyCertificate_simple.c(13): Notify: Transaction "VerifyCertificate_simple" started.	[MsgId: MMSG-16999]
VerifyCertificate_simple.c(14): Error: HTTP status code 404 returned by the server	[MsgId: MERR-108974]
VerifyCertificate_simple.c(14): Error: SOAP request "VerifyCertificate_simple" execution failed	[MsgId: MERR-108964]
End auto log messages stack.	[MsgId: MMSG-10544]


Start auto log messages stack - Iteration 29.	[MsgId: MMSG-10545]
VerifyCertificate_simple.c(3): web_cache_cleanup was successful  	[MsgId: MMSG-26392]
VerifyCertificate_simple.c(4): web_cleanup_auto_headers started  	[MsgId: MMSG-26355]
VerifyCertificate_simple.c(4): web_cleanup_auto_headers was successful  	[MsgId: MMSG-26392]
VerifyCertificate_simple.c(5): web_cleanup_cookies started  	[MsgId: MMSG-26355]
VerifyCertificate_simple.c(5): web_cleanup_cookies was successful  	[MsgId: MMSG-26392]
VerifyCertificate_simple.c(7): C:\LR_DATA\certs/VerifyCertificate_simple_3772.xml	[MsgId: MMSG-17999]
VerifyCertificate_simple.c(10): Use file: {VerifyCertificate_simple_file}	[MsgId: MMSG-17999]
VerifyCertificate_simple.c(13): Notify: Transaction "VerifyCertificate_simple" started.	[MsgId: MMSG-16999]
VerifyCertificate_simple.c(14): Error: HTTP status code 404 returned by the server	[MsgId: MERR-108974]
VerifyCertificate_simple.c(14): Error: SOAP request "VerifyCertificate_simple" execution failed	[MsgId: MERR-108964]
End auto log messages stack.	[MsgId: MMSG-10544]


Start auto log messages stack - Iteration 34.	[MsgId: MMSG-10545]
VerifyCertificate_simple.c(3): web_cache_cleanup was successful  	[MsgId: MMSG-26392]
VerifyCertificate_simple.c(4): web_cleanup_auto_headers started  	[MsgId: MMSG-26355]
VerifyCertificate_simple.c(4): web_cleanup_auto_headers was successful  	[MsgId: MMSG-26392]
VerifyCertificate_simple.c(5): web_cleanup_cookies started  	[MsgId: MMSG-26355]
VerifyCertificate_simple.c(5): web_cleanup_cookies was successful  	[MsgId: MMSG-26392]
VerifyCertificate_simple.c(7): C:\LR_DATA\certs/VerifyCertificate_simple_1716.xml	[MsgId: MMSG-17999]
VerifyCertificate_simple.c(10): Use file: {VerifyCertificate_simple_file}	[MsgId: MMSG-17999]
VerifyCertificate_simple.c(13): Notify: Transaction "VerifyCertificate_simple" started.	[MsgId: MMSG-16999]
VerifyCertificate_simple.c(14): Error: HTTP status code 404 returned by the server	[MsgId: MERR-108974]
VerifyCertificate_simple.c(14): Error: SOAP request "VerifyCertificate_simple" execution failed	[MsgId: MERR-108964]
End auto log messages stack.	[MsgId: MMSG-10544]


Start auto log messages stack - Iteration 31.	[MsgId: MMSG-10545]
VerifyCertificate_simple.c(3): web_cache_cleanup was successful  	[MsgId: MMSG-26392]
VerifyCertificate_simple.c(4): web_cleanup_auto_headers started  	[MsgId: MMSG-26355]
VerifyCertificate_simple.c(4): web_cleanup_auto_headers was successful  	[MsgId: MMSG-26392]
VerifyCertificate_simple.c(5): web_cleanup_cookies started  	[MsgId: MMSG-26355]
VerifyCertificate_simple.c(5): web_cleanup_cookies was successful  	[MsgId: MMSG-26392]
VerifyCertificate_simple.c(7): C:\LR_DATA\certs/VerifyCertificate_simple_225.xml	[MsgId: MMSG-17999]
VerifyCertificate_simple.c(10): Use file: {VerifyCertificate_simple_file}	[MsgId: MMSG-17999]
VerifyCertificate_simple.c(13): Notify: Transaction "VerifyCertificate_simple" started.	[MsgId: MMSG-16999]
VerifyCertificate_simple.c(14): Error: HTTP status code 404 returned by the server	[MsgId: MERR-108974]
VerifyCertificate_simple.c(14): Error: SOAP request "VerifyCertificate_simple" execution failed	[MsgId: MERR-108964]
End auto log messages stack.	[MsgId: MMSG-10544]


Start auto log messages stack - Iteration 43.	[MsgId: MMSG-10545]
VerifyCertificate_simple.c(3): web_cache_cleanup was successful  	[MsgId: MMSG-26392]
VerifyCertificate_simple.c(4): web_cleanup_auto_headers started  	[MsgId: MMSG-26355]
VerifyCertificate_simple.c(4): web_cleanup_auto_headers was successful  	[MsgId: MMSG-26392]
VerifyCertificate_simple.c(5): web_cleanup_cookies started  	[MsgId: MMSG-26355]
VerifyCertificate_simple.c(5): web_cleanup_cookies was successful  	[MsgId: MMSG-26392]
VerifyCertificate_simple.c(7): C:\LR_DATA\certs/VerifyCertificate_simple_4749.xml	[MsgId: MMSG-17999]
VerifyCertificate_simple.c(10): Use file: {VerifyCertificate_simple_file}	[MsgId: MMSG-17999]
VerifyCertificate_simple.c(13): Notify: Transaction "VerifyCertificate_simple" started.	[MsgId: MMSG-16999]
VerifyCertificate_simple.c(14): Error: HTTP status code 404 returned by the server	[MsgId: MERR-108974]
VerifyCertificate_simple.c(14): Error: SOAP request "VerifyCertificate_simple" execution failed	[MsgId: MERR-108964]
End auto log messages stack.	[MsgId: MMSG-10544]


Start auto log messages stack - Iteration 44.	[MsgId: MMSG-10545]
VerifyCertificate_simple.c(3): web_cache_cleanup was successful  	[MsgId: MMSG-26392]
VerifyCertificate_simple.c(4): web_cleanup_auto_headers started  	[MsgId: MMSG-26355]
VerifyCertificate_simple.c(4): web_cleanup_auto_headers was successful  	[MsgId: MMSG-26392]
VerifyCertificate_simple.c(5): web_cleanup_cookies started  	[MsgId: MMSG-26355]
VerifyCertificate_simple.c(5): web_cleanup_cookies was successful  	[MsgId: MMSG-26392]
VerifyCertificate_simple.c(7): C:\LR_DATA\certs/VerifyCertificate_simple_3335.xml	[MsgId: MMSG-17999]
VerifyCertificate_simple.c(10): Use file: {VerifyCertificate_simple_file}	[MsgId: MMSG-17999]
VerifyCertificate_simple.c(13): Notify: Transaction "VerifyCertificate_simple" started.	[MsgId: MMSG-16999]
VerifyCertificate_simple.c(14): Error: HTTP status code 404 returned by the server	[MsgId: MERR-108974]
VerifyCertificate_simple.c(14): Error: SOAP request "VerifyCertificate_simple" execution failed	[MsgId: MERR-108964]
End auto log messages stack.	[MsgId: MMSG-10544]


Start auto log messages stack - Iteration 33.	[MsgId: MMSG-10545]
VerifyCertificate_simple.c(3): web_cache_cleanup was successful  	[MsgId: MMSG-26392]
VerifyCertificate_simple.c(4): web_cleanup_auto_headers started  	[MsgId: MMSG-26355]
VerifyCertificate_simple.c(4): web_cleanup_auto_headers was successful  	[MsgId: MMSG-26392]
VerifyCertificate_simple.c(5): web_cleanup_cookies started  	[MsgId: MMSG-26355]
VerifyCertificate_simple.c(5): web_cleanup_cookies was successful  	[MsgId: MMSG-26392]
VerifyCertificate_simple.c(7): C:\LR_DATA\certs/VerifyCertificate_simple_3000.xml	[MsgId: MMSG-17999]
VerifyCertificate_simple.c(10): Use file: {VerifyCertificate_simple_file}	[MsgId: MMSG-17999]
VerifyCertificate_simple.c(13): Notify: Transaction "VerifyCertificate_simple" started.	[MsgId: MMSG-16999]
VerifyCertificate_simple.c(14): Error: HTTP status code 404 returned by the server	[MsgId: MERR-108974]
VerifyCertificate_simple.c(14): Error: SOAP request "VerifyCertificate_simple" execution failed	[MsgId: MERR-108964]
End auto log messages stack.	[MsgId: MMSG-10544]


Start auto log messages stack - Iteration 36.	[MsgId: MMSG-10545]
VerifyCertificate_simple.c(3): web_cache_cleanup was successful  	[MsgId: MMSG-26392]
VerifyCertificate_simple.c(4): web_cleanup_auto_headers started  	[MsgId: MMSG-26355]
VerifyCertificate_simple.c(4): web_cleanup_auto_headers was successful  	[MsgId: MMSG-26392]
VerifyCertificate_simple.c(5): web_cleanup_cookies started  	[MsgId: MMSG-26355]
VerifyCertificate_simple.c(5): web_cleanup_cookies was successful  	[MsgId: MMSG-26392]
VerifyCertificate_simple.c(7): C:\LR_DATA\certs/VerifyCertificate_simple_1545.xml	[MsgId: MMSG-17999]
VerifyCertificate_simple.c(10): Use file: {VerifyCertificate_simple_file}	[MsgId: MMSG-17999]
VerifyCertificate_simple.c(13): Notify: Transaction "VerifyCertificate_simple" started.	[MsgId: MMSG-16999]
VerifyCertificate_simple.c(14): Error: HTTP status code 404 returned by the server	[MsgId: MERR-108974]
VerifyCertificate_simple.c(14): Error: SOAP request "VerifyCertificate_simple" execution failed	[MsgId: MERR-108964]
End auto log messages stack.	[MsgId: MMSG-10544]


Start auto log messages stack - Iteration 37.	[MsgId: MMSG-10545]
VerifyCertificate_simple.c(3): web_cache_cleanup was successful  	[MsgId: MMSG-26392]
VerifyCertificate_simple.c(4): web_cleanup_auto_headers started  	[MsgId: MMSG-26355]
VerifyCertificate_simple.c(4): web_cleanup_auto_headers was successful  	[MsgId: MMSG-26392]
VerifyCertificate_simple.c(5): web_cleanup_cookies started  	[MsgId: MMSG-26355]
VerifyCertificate_simple.c(5): web_cleanup_cookies was successful  	[MsgId: MMSG-26392]
VerifyCertificate_simple.c(7): C:\LR_DATA\certs/VerifyCertificate_simple_533.xml	[MsgId: MMSG-17999]
VerifyCertificate_simple.c(10): Use file: {VerifyCertificate_simple_file}	[MsgId: MMSG-17999]
VerifyCertificate_simple.c(13): Notify: Transaction "VerifyCertificate_simple" started.	[MsgId: MMSG-16999]
VerifyCertificate_simple.c(14): Error: HTTP status code 404 returned by the server	[MsgId: MERR-108974]
VerifyCertificate_simple.c(14): Error: SOAP request "VerifyCertificate_simple" execution failed	[MsgId: MERR-108964]
End auto log messages stack.	[MsgId: MMSG-10544]


Start auto log messages stack - Iteration 36.	[MsgId: MMSG-10545]
VerifyCertificate_simple.c(3): web_cache_cleanup was successful  	[MsgId: MMSG-26392]
VerifyCertificate_simple.c(4): web_cleanup_auto_headers started  	[MsgId: MMSG-26355]
VerifyCertificate_simple.c(4): web_cleanup_auto_headers was successful  	[MsgId: MMSG-26392]
VerifyCertificate_simple.c(5): web_cleanup_cookies started  	[MsgId: MMSG-26355]
VerifyCertificate_simple.c(5): web_cleanup_cookies was successful  	[MsgId: MMSG-26392]
VerifyCertificate_simple.c(7): C:\LR_DATA\certs/VerifyCertificate_simple_1561.xml	[MsgId: MMSG-17999]
VerifyCertificate_simple.c(10): Use file: {VerifyCertificate_simple_file}	[MsgId: MMSG-17999]
VerifyCertificate_simple.c(13): Notify: Transaction "VerifyCertificate_simple" started.	[MsgId: MMSG-16999]
VerifyCertificate_simple.c(14): Error: HTTP status code 404 returned by the server	[MsgId: MERR-108974]
VerifyCertificate_simple.c(14): Error: SOAP request "VerifyCertificate_simple" execution failed	[MsgId: MERR-108964]
End auto log messages stack.	[MsgId: MMSG-10544]


Start auto log messages stack - Iteration 37.	[MsgId: MMSG-10545]
VerifyCertificate_simple.c(3): web_cache_cleanup was successful  	[MsgId: MMSG-26392]
VerifyCertificate_simple.c(4): web_cleanup_auto_headers started  	[MsgId: MMSG-26355]
VerifyCertificate_simple.c(4): web_cleanup_auto_headers was successful  	[MsgId: MMSG-26392]
VerifyCertificate_simple.c(5): web_cleanup_cookies started  	[MsgId: MMSG-26355]
VerifyCertificate_simple.c(5): web_cleanup_cookies was successful  	[MsgId: MMSG-26392]
VerifyCertificate_simple.c(7): C:\LR_DATA\certs/VerifyCertificate_simple_4861.xml	[MsgId: MMSG-17999]
VerifyCertificate_simple.c(10): Use file: {VerifyCertificate_simple_file}	[MsgId: MMSG-17999]
VerifyCertificate_simple.c(13): Notify: Transaction "VerifyCertificate_simple" started.	[MsgId: MMSG-16999]
VerifyCertificate_simple.c(14): Error: HTTP status code 404 returned by the server	[MsgId: MERR-108974]
VerifyCertificate_simple.c(14): Error: SOAP request "VerifyCertificate_simple" execution failed	[MsgId: MERR-108964]
End auto log messages stack.	[MsgId: MMSG-10544]


Start auto log messages stack - Iteration 38.	[MsgId: MMSG-10545]
VerifyCertificate_simple.c(3): web_cache_cleanup was successful  	[MsgId: MMSG-26392]
VerifyCertificate_simple.c(4): web_cleanup_auto_headers started  	[MsgId: MMSG-26355]
VerifyCertificate_simple.c(4): web_cleanup_auto_headers was successful  	[MsgId: MMSG-26392]
VerifyCertificate_simple.c(5): web_cleanup_cookies started  	[MsgId: MMSG-26355]
VerifyCertificate_simple.c(5): web_cleanup_cookies was successful  	[MsgId: MMSG-26392]
VerifyCertificate_simple.c(7): C:\LR_DATA\certs/VerifyCertificate_simple_3222.xml	[MsgId: MMSG-17999]
VerifyCertificate_simple.c(10): Use file: {VerifyCertificate_simple_file}	[MsgId: MMSG-17999]
VerifyCertificate_simple.c(13): Notify: Transaction "VerifyCertificate_simple" started.	[MsgId: MMSG-16999]
VerifyCertificate_simple.c(14): Error: HTTP status code 404 returned by the server	[MsgId: MERR-108974]
VerifyCertificate_simple.c(14): Error: SOAP request "VerifyCertificate_simple" execution failed	[MsgId: MERR-108964]
End auto log messages stack.	[MsgId: MMSG-10544]


Start auto log messages stack - Iteration 39.	[MsgId: MMSG-10545]
VerifyCertificate_simple.c(3): web_cache_cleanup was successful  	[MsgId: MMSG-26392]
VerifyCertificate_simple.c(4): web_cleanup_auto_headers started  	[MsgId: MMSG-26355]
VerifyCertificate_simple.c(4): web_cleanup_auto_headers was successful  	[MsgId: MMSG-26392]
VerifyCertificate_simple.c(5): web_cleanup_cookies started  	[MsgId: MMSG-26355]
VerifyCertificate_simple.c(5): web_cleanup_cookies was successful  	[MsgId: MMSG-26392]
VerifyCertificate_simple.c(7): C:\LR_DATA\certs/VerifyCertificate_simple_2343.xml	[MsgId: MMSG-17999]
VerifyCertificate_simple.c(10): Use file: {VerifyCertificate_simple_file}	[MsgId: MMSG-17999]
VerifyCertificate_simple.c(13): Notify: Transaction "VerifyCertificate_simple" started.	[MsgId: MMSG-16999]
VerifyCertificate_simple.c(14): Error: HTTP status code 404 returned by the server	[MsgId: MERR-108974]
VerifyCertificate_simple.c(14): Error: SOAP request "VerifyCertificate_simple" execution failed	[MsgId: MERR-108964]
End auto log messages stack.	[MsgId: MMSG-10544]


Start auto log messages stack - Iteration 39.	[MsgId: MMSG-10545]
VerifyCertificate_simple.c(14): Continuing after error in Vuser script.	[MsgId: MMSG-10678]
VerifyCertificate_simple.c(26): Notify: Transaction "VerifyCertificate_simple" ended with a "Fail" status (Duration: 0.0012 Wasted Time: 0.0003).	[MsgId: MMSG-16871]
VerifyCertificate_simple.c(26): Notify: Transaction "VerifyCertificate_simple" has 0 error message(s).	[MsgId: MMSG-16818]
VerifyCertificate_simple.c(27): Error: error: expected contains <Code>0</Code>, but got <soap:Envelope xmlns:soap="http://schemas.xmlsoap.org/soap/envelope/"><soap:Body><VerifyCertificateResponse xmlns="http://esv.server.rt.ru"><VerifyCertificateResult><Code>16</Code><Description>Алгоритм публичного ключа сертификата не соответствует ГОСТ 34.10-2012</Description></VerifyCertificateResult></VerifyCertificateResponse></soap:Body></soap:Envelope>	[MsgId: MERR-17999]
End auto log messages stack.	[MsgId: MMSG-10544]


Start auto log messages stack - Iteration 50.	[MsgId: MMSG-10545]
VerifyCertificate_simple.c(3): web_cache_cleanup was successful  	[MsgId: MMSG-26392]
VerifyCertificate_simple.c(4): web_cleanup_auto_headers started  	[MsgId: MMSG-26355]
VerifyCertificate_simple.c(4): web_cleanup_auto_headers was successful  	[MsgId: MMSG-26392]
VerifyCertificate_simple.c(5): web_cleanup_cookies started  	[MsgId: MMSG-26355]
VerifyCertificate_simple.c(5): web_cleanup_cookies was successful  	[MsgId: MMSG-26392]
VerifyCertificate_simple.c(7): C:\LR_DATA\certs/VerifyCertificate_simple_2249.xml	[MsgId: MMSG-17999]
VerifyCertificate_simple.c(10): Use file: {VerifyCertificate_simple_file}	[MsgId: MMSG-17999]
VerifyCertificate_simple.c(13): Notify: Transaction "VerifyCertificate_simple" started.	[MsgId: MMSG-16999]
VerifyCertificate_simple.c(14): Error: HTTP status code 404 returned by the server	[MsgId: MERR-108974]
VerifyCertificate_simple.c(14): Error: SOAP request "VerifyCertificate_simple" execution failed	[MsgId: MERR-108964]
End auto log messages stack.	[MsgId: MMSG-10544]


Start auto log messages stack - Iteration 46.	[MsgId: MMSG-10545]
VerifyCertificate_simple.c(3): web_cache_cleanup was successful  	[MsgId: MMSG-26392]
VerifyCertificate_simple.c(4): web_cleanup_auto_headers started  	[MsgId: MMSG-26355]
VerifyCertificate_simple.c(4): web_cleanup_auto_headers was successful  	[MsgId: MMSG-26392]
VerifyCertificate_simple.c(5): web_cleanup_cookies started  	[MsgId: MMSG-26355]
VerifyCertificate_simple.c(5): web_cleanup_cookies was successful  	[MsgId: MMSG-26392]
VerifyCertificate_simple.c(7): C:\LR_DATA\certs/VerifyCertificate_simple_4050.xml	[MsgId: MMSG-17999]
VerifyCertificate_simple.c(10): Use file: {VerifyCertificate_simple_file}	[MsgId: MMSG-17999]
VerifyCertificate_simple.c(13): Notify: Transaction "VerifyCertificate_simple" started.	[MsgId: MMSG-16999]
VerifyCertificate_simple.c(14): Error: HTTP status code 404 returned by the server	[MsgId: MERR-108974]
VerifyCertificate_simple.c(14): Error: SOAP request "VerifyCertificate_simple" execution failed	[MsgId: MERR-108964]
End auto log messages stack.	[MsgId: MMSG-10544]


Start auto log messages stack - Iteration 46.	[MsgId: MMSG-10545]
VerifyCertificate_simple.c(14): Continuing after error in Vuser script.	[MsgId: MMSG-10678]
VerifyCertificate_simple.c(26): Notify: Transaction "VerifyCertificate_simple" ended with a "Fail" status (Duration: 0.0011 Wasted Time: 0.0002).	[MsgId: MMSG-16871]
VerifyCertificate_simple.c(26): Notify: Transaction "VerifyCertificate_simple" has 0 error message(s).	[MsgId: MMSG-16818]
VerifyCertificate_simple.c(27): Error: error: expected contains <Code>16</Code>, but got <soap:Envelope xmlns:soap="http://schemas.xmlsoap.org/soap/envelope/"><soap:Body><VerifyCertificateResponse xmlns="http://esv.server.rt.ru"><VerifyCertificateResult><Code>0</Code><Description>ДЕЙСТВИТЕЛЕН, сертификат выдан аккредитованным удостоверяющим центром</Description></VerifyCertificateResult></VerifyCertificateResponse></soap:Body></soap:Envelope>	[MsgId: MERR-17999]
End auto log messages stack.	[MsgId: MMSG-10544]


Start auto log messages stack - Iteration 55.	[MsgId: MMSG-10545]
VerifyCertificate_simple.c(3): web_cache_cleanup was successful  	[MsgId: MMSG-26392]
VerifyCertificate_simple.c(4): web_cleanup_auto_headers started  	[MsgId: MMSG-26355]
VerifyCertificate_simple.c(4): web_cleanup_auto_headers was successful  	[MsgId: MMSG-26392]
VerifyCertificate_simple.c(5): web_cleanup_cookies started  	[MsgId: MMSG-26355]
VerifyCertificate_simple.c(5): web_cleanup_cookies was successful  	[MsgId: MMSG-26392]
VerifyCertificate_simple.c(7): C:\LR_DATA\certs/VerifyCertificate_simple_3690.xml	[MsgId: MMSG-17999]
VerifyCertificate_simple.c(10): Use file: {VerifyCertificate_simple_file}	[MsgId: MMSG-17999]
VerifyCertificate_simple.c(13): Notify: Transaction "VerifyCertificate_simple" started.	[MsgId: MMSG-16999]
VerifyCertificate_simple.c(14): Error: HTTP status code 404 returned by the server	[MsgId: MERR-108974]
VerifyCertificate_simple.c(14): Error: SOAP request "VerifyCertificate_simple" execution failed	[MsgId: MERR-108964]
End auto log messages stack.	[MsgId: MMSG-10544]


Start auto log messages stack - Iteration 56.	[MsgId: MMSG-10545]
VerifyCertificate_simple.c(3): web_cache_cleanup was successful  	[MsgId: MMSG-26392]
VerifyCertificate_simple.c(4): web_cleanup_auto_headers started  	[MsgId: MMSG-26355]
VerifyCertificate_simple.c(4): web_cleanup_auto_headers was successful  	[MsgId: MMSG-26392]
VerifyCertificate_simple.c(5): web_cleanup_cookies started  	[MsgId: MMSG-26355]
VerifyCertificate_simple.c(5): web_cleanup_cookies was successful  	[MsgId: MMSG-26392]
VerifyCertificate_simple.c(7): C:\LR_DATA\certs/VerifyCertificate_simple_3009.xml	[MsgId: MMSG-17999]
VerifyCertificate_simple.c(10): Use file: {VerifyCertificate_simple_file}	[MsgId: MMSG-17999]
VerifyCertificate_simple.c(13): Notify: Transaction "VerifyCertificate_simple" started.	[MsgId: MMSG-16999]
VerifyCertificate_simple.c(14): Error: HTTP status code 404 returned by the server	[MsgId: MERR-108974]
VerifyCertificate_simple.c(14): Error: SOAP request "VerifyCertificate_simple" execution failed	[MsgId: MERR-108964]
End auto log messages stack.	[MsgId: MMSG-10544]


Start auto log messages stack - Iteration 58.	[MsgId: MMSG-10545]
VerifyCertificate_simple.c(3): web_cache_cleanup was successful  	[MsgId: MMSG-26392]
VerifyCertificate_simple.c(4): web_cleanup_auto_headers started  	[MsgId: MMSG-26355]
VerifyCertificate_simple.c(4): web_cleanup_auto_headers was successful  	[MsgId: MMSG-26392]
VerifyCertificate_simple.c(5): web_cleanup_cookies started  	[MsgId: MMSG-26355]
VerifyCertificate_simple.c(5): web_cleanup_cookies was successful  	[MsgId: MMSG-26392]
VerifyCertificate_simple.c(7): C:\LR_DATA\certs/VerifyCertificate_simple_1556.xml	[MsgId: MMSG-17999]
VerifyCertificate_simple.c(10): Use file: {VerifyCertificate_simple_file}	[MsgId: MMSG-17999]
VerifyCertificate_simple.c(13): Notify: Transaction "VerifyCertificate_simple" started.	[MsgId: MMSG-16999]
VerifyCertificate_simple.c(14): Error: HTTP status code 404 returned by the server	[MsgId: MERR-108974]
VerifyCertificate_simple.c(14): Error: SOAP request "VerifyCertificate_simple" execution failed	[MsgId: MERR-108964]
End auto log messages stack.	[MsgId: MMSG-10544]


Start auto log messages stack - Iteration 58.	[MsgId: MMSG-10545]
VerifyCertificate_simple.c(14): Continuing after error in Vuser script.	[MsgId: MMSG-10678]
VerifyCertificate_simple.c(26): Notify: Transaction "VerifyCertificate_simple" ended with a "Fail" status (Duration: 0.0011 Wasted Time: 0.0002).	[MsgId: MMSG-16871]
VerifyCertificate_simple.c(26): Notify: Transaction "VerifyCertificate_simple" has 0 error message(s).	[MsgId: MMSG-16818]
VerifyCertificate_simple.c(27): Error: error: expected contains <Code>0</Code>, but got <soap:Envelope xmlns:soap="http://schemas.xmlsoap.org/soap/envelope/"><soap:Body><VerifyCertificateResponse xmlns="http://esv.server.rt.ru"><VerifyCertificateResult><Code>16</Code><Description>Алгоритм публичного ключа сертификата не соответствует ГОСТ 34.10-2012</Description></VerifyCertificateResult></VerifyCertificateResponse></soap:Body></soap:Envelope>	[MsgId: MERR-17999]
End auto log messages stack.	[MsgId: MMSG-10544]


