Start auto log messages stack - Iteration 326.	[MsgId: MMSG-10545]
VerifyCertificate_withSignedReport.c(4): web_cleanup_auto_headers started  	[MsgId: MMSG-26355]
VerifyCertificate_withSignedReport.c(4): web_cleanup_auto_headers was successful  	[MsgId: MMSG-26392]
VerifyCertificate_withSignedReport.c(5): web_cleanup_cookies started  	[MsgId: MMSG-26355]
VerifyCertificate_withSignedReport.c(5): web_cleanup_cookies was successful  	[MsgId: MMSG-26392]
VerifyCertificate_withSignedReport.c(7): C:\LR_DATA\certs/VerifyCertificate_withSignedReport_3888.xml	[MsgId: MMSG-17999]
VerifyCertificate_withSignedReport.c(10): Use file: {VerifyCertificate_withSignedReport_file}	[MsgId: MMSG-17999]
VerifyCertificate_withSignedReport.c(13): Notify: Transaction "VerifyCertificate_withSignedReport" started.	[MsgId: MMSG-16999]
VerifyCertificate_withSignedReport.c(15): Error: HTTP status code 404 returned by the server	[MsgId: MERR-108974]
VerifyCertificate_withSignedReport.c(15): Error: SOAP request "VerifyCertificate_withSignedReport" execution failed	[MsgId: MERR-108964]
End auto log messages stack.	[MsgId: MMSG-10544]


Start auto log messages stack - Iteration 328.	[MsgId: MMSG-10545]
VerifyCertificate_withSignedReport.c(4): web_cleanup_auto_headers started  	[MsgId: MMSG-26355]
VerifyCertificate_withSignedReport.c(4): web_cleanup_auto_headers was successful  	[MsgId: MMSG-26392]
VerifyCertificate_withSignedReport.c(5): web_cleanup_cookies started  	[MsgId: MMSG-26355]
VerifyCertificate_withSignedReport.c(5): web_cleanup_cookies was successful  	[MsgId: MMSG-26392]
VerifyCertificate_withSignedReport.c(7): C:\LR_DATA\certs/VerifyCertificate_withSignedReport_1105.xml	[MsgId: MMSG-17999]
VerifyCertificate_withSignedReport.c(10): Use file: {VerifyCertificate_withSignedReport_file}	[MsgId: MMSG-17999]
VerifyCertificate_withSignedReport.c(13): Notify: Transaction "VerifyCertificate_withSignedReport" started.	[MsgId: MMSG-16999]
VerifyCertificate_withSignedReport.c(15): Error: HTTP status code 404 returned by the server	[MsgId: MERR-108974]
VerifyCertificate_withSignedReport.c(15): Error: SOAP request "VerifyCertificate_withSignedReport" execution failed	[MsgId: MERR-108964]
End auto log messages stack.	[MsgId: MMSG-10544]


Start auto log messages stack - Iteration 330.	[MsgId: MMSG-10545]
VerifyCertificate_withSignedReport.c(4): web_cleanup_auto_headers started  	[MsgId: MMSG-26355]
VerifyCertificate_withSignedReport.c(4): web_cleanup_auto_headers was successful  	[MsgId: MMSG-26392]
VerifyCertificate_withSignedReport.c(5): web_cleanup_cookies started  	[MsgId: MMSG-26355]
VerifyCertificate_withSignedReport.c(5): web_cleanup_cookies was successful  	[MsgId: MMSG-26392]
VerifyCertificate_withSignedReport.c(7): C:\LR_DATA\certs/VerifyCertificate_withSignedReport_546.xml	[MsgId: MMSG-17999]
VerifyCertificate_withSignedReport.c(10): Use file: {VerifyCertificate_withSignedReport_file}	[MsgId: MMSG-17999]
VerifyCertificate_withSignedReport.c(13): Notify: Transaction "VerifyCertificate_withSignedReport" started.	[MsgId: MMSG-16999]
VerifyCertificate_withSignedReport.c(15): Error: HTTP status code 404 returned by the server	[MsgId: MERR-108974]
VerifyCertificate_withSignedReport.c(15): Error: SOAP request "VerifyCertificate_withSignedReport" execution failed	[MsgId: MERR-108964]
End auto log messages stack.	[MsgId: MMSG-10544]


Start auto log messages stack - Iteration 331.	[MsgId: MMSG-10545]
VerifyCertificate_withSignedReport.c(4): web_cleanup_auto_headers started  	[MsgId: MMSG-26355]
VerifyCertificate_withSignedReport.c(4): web_cleanup_auto_headers was successful  	[MsgId: MMSG-26392]
VerifyCertificate_withSignedReport.c(5): web_cleanup_cookies started  	[MsgId: MMSG-26355]
VerifyCertificate_withSignedReport.c(5): web_cleanup_cookies was successful  	[MsgId: MMSG-26392]
VerifyCertificate_withSignedReport.c(7): C:\LR_DATA\certs/VerifyCertificate_withSignedReport_1659.xml	[MsgId: MMSG-17999]
VerifyCertificate_withSignedReport.c(10): Use file: {VerifyCertificate_withSignedReport_file}	[MsgId: MMSG-17999]
VerifyCertificate_withSignedReport.c(13): Notify: Transaction "VerifyCertificate_withSignedReport" started.	[MsgId: MMSG-16999]
VerifyCertificate_withSignedReport.c(15): Error: HTTP status code 404 returned by the server	[MsgId: MERR-108974]
VerifyCertificate_withSignedReport.c(15): Error: SOAP request "VerifyCertificate_withSignedReport" execution failed	[MsgId: MERR-108964]
End auto log messages stack.	[MsgId: MMSG-10544]


Start auto log messages stack - Iteration 333.	[MsgId: MMSG-10545]
VerifyCertificate_withSignedReport.c(4): web_cleanup_auto_headers started  	[MsgId: MMSG-26355]
VerifyCertificate_withSignedReport.c(4): web_cleanup_auto_headers was successful  	[MsgId: MMSG-26392]
VerifyCertificate_withSignedReport.c(5): web_cleanup_cookies started  	[MsgId: MMSG-26355]
VerifyCertificate_withSignedReport.c(5): web_cleanup_cookies was successful  	[MsgId: MMSG-26392]
VerifyCertificate_withSignedReport.c(7): C:\LR_DATA\certs/VerifyCertificate_withSignedReport_3559.xml	[MsgId: MMSG-17999]
VerifyCertificate_withSignedReport.c(10): Use file: {VerifyCertificate_withSignedReport_file}	[MsgId: MMSG-17999]
VerifyCertificate_withSignedReport.c(13): Notify: Transaction "VerifyCertificate_withSignedReport" started.	[MsgId: MMSG-16999]
VerifyCertificate_withSignedReport.c(15): Error: HTTP status code 404 returned by the server	[MsgId: MERR-108974]
VerifyCertificate_withSignedReport.c(15): Error: SOAP request "VerifyCertificate_withSignedReport" execution failed	[MsgId: MERR-108964]
End auto log messages stack.	[MsgId: MMSG-10544]


Start auto log messages stack - Iteration 334.	[MsgId: MMSG-10545]
VerifyCertificate_withSignedReport.c(4): web_cleanup_auto_headers started  	[MsgId: MMSG-26355]
VerifyCertificate_withSignedReport.c(4): web_cleanup_auto_headers was successful  	[MsgId: MMSG-26392]
VerifyCertificate_withSignedReport.c(5): web_cleanup_cookies started  	[MsgId: MMSG-26355]
VerifyCertificate_withSignedReport.c(5): web_cleanup_cookies was successful  	[MsgId: MMSG-26392]
VerifyCertificate_withSignedReport.c(7): C:\LR_DATA\certs/VerifyCertificate_withSignedReport_885.xml	[MsgId: MMSG-17999]
VerifyCertificate_withSignedReport.c(10): Use file: {VerifyCertificate_withSignedReport_file}	[MsgId: MMSG-17999]
VerifyCertificate_withSignedReport.c(13): Notify: Transaction "VerifyCertificate_withSignedReport" started.	[MsgId: MMSG-16999]
VerifyCertificate_withSignedReport.c(15): Error: HTTP status code 404 returned by the server	[MsgId: MERR-108974]
VerifyCertificate_withSignedReport.c(15): Error: SOAP request "VerifyCertificate_withSignedReport" execution failed	[MsgId: MERR-108964]
End auto log messages stack.	[MsgId: MMSG-10544]


Start auto log messages stack - Iteration 335.	[MsgId: MMSG-10545]
VerifyCertificate_withSignedReport.c(4): web_cleanup_auto_headers started  	[MsgId: MMSG-26355]
VerifyCertificate_withSignedReport.c(4): web_cleanup_auto_headers was successful  	[MsgId: MMSG-26392]
VerifyCertificate_withSignedReport.c(5): web_cleanup_cookies started  	[MsgId: MMSG-26355]
VerifyCertificate_withSignedReport.c(5): web_cleanup_cookies was successful  	[MsgId: MMSG-26392]
VerifyCertificate_withSignedReport.c(7): C:\LR_DATA\certs/VerifyCertificate_withSignedReport_1899.xml	[MsgId: MMSG-17999]
VerifyCertificate_withSignedReport.c(10): Use file: {VerifyCertificate_withSignedReport_file}	[MsgId: MMSG-17999]
VerifyCertificate_withSignedReport.c(13): Notify: Transaction "VerifyCertificate_withSignedReport" started.	[MsgId: MMSG-16999]
VerifyCertificate_withSignedReport.c(15): Error: HTTP status code 404 returned by the server	[MsgId: MERR-108974]
VerifyCertificate_withSignedReport.c(15): Error: SOAP request "VerifyCertificate_withSignedReport" execution failed	[MsgId: MERR-108964]
End auto log messages stack.	[MsgId: MMSG-10544]


Start auto log messages stack - Iteration 336.	[MsgId: MMSG-10545]
VerifyCertificate_withSignedReport.c(4): web_cleanup_auto_headers started  	[MsgId: MMSG-26355]
VerifyCertificate_withSignedReport.c(4): web_cleanup_auto_headers was successful  	[MsgId: MMSG-26392]
VerifyCertificate_withSignedReport.c(5): web_cleanup_cookies started  	[MsgId: MMSG-26355]
VerifyCertificate_withSignedReport.c(5): web_cleanup_cookies was successful  	[MsgId: MMSG-26392]
VerifyCertificate_withSignedReport.c(7): C:\LR_DATA\certs/VerifyCertificate_withSignedReport_1933.xml	[MsgId: MMSG-17999]
VerifyCertificate_withSignedReport.c(10): Use file: {VerifyCertificate_withSignedReport_file}	[MsgId: MMSG-17999]
VerifyCertificate_withSignedReport.c(13): Notify: Transaction "VerifyCertificate_withSignedReport" started.	[MsgId: MMSG-16999]
VerifyCertificate_withSignedReport.c(15): Error: HTTP status code 404 returned by the server	[MsgId: MERR-108974]
VerifyCertificate_withSignedReport.c(15): Error: SOAP request "VerifyCertificate_withSignedReport" execution failed	[MsgId: MERR-108964]
End auto log messages stack.	[MsgId: MMSG-10544]


Start auto log messages stack - Iteration 337.	[MsgId: MMSG-10545]
VerifyCertificate_withSignedReport.c(4): web_cleanup_auto_headers started  	[MsgId: MMSG-26355]
VerifyCertificate_withSignedReport.c(4): web_cleanup_auto_headers was successful  	[MsgId: MMSG-26392]
VerifyCertificate_withSignedReport.c(5): web_cleanup_cookies started  	[MsgId: MMSG-26355]
VerifyCertificate_withSignedReport.c(5): web_cleanup_cookies was successful  	[MsgId: MMSG-26392]
VerifyCertificate_withSignedReport.c(7): C:\LR_DATA\certs/VerifyCertificate_withSignedReport_2288.xml	[MsgId: MMSG-17999]
VerifyCertificate_withSignedReport.c(10): Use file: {VerifyCertificate_withSignedReport_file}	[MsgId: MMSG-17999]
VerifyCertificate_withSignedReport.c(13): Notify: Transaction "VerifyCertificate_withSignedReport" started.	[MsgId: MMSG-16999]
VerifyCertificate_withSignedReport.c(15): Error: HTTP status code 404 returned by the server	[MsgId: MERR-108974]
VerifyCertificate_withSignedReport.c(15): Error: SOAP request "VerifyCertificate_withSignedReport" execution failed	[MsgId: MERR-108964]
End auto log messages stack.	[MsgId: MMSG-10544]


Start auto log messages stack - Iteration 338.	[MsgId: MMSG-10545]
VerifyCertificate_withSignedReport.c(4): web_cleanup_auto_headers started  	[MsgId: MMSG-26355]
VerifyCertificate_withSignedReport.c(4): web_cleanup_auto_headers was successful  	[MsgId: MMSG-26392]
VerifyCertificate_withSignedReport.c(5): web_cleanup_cookies started  	[MsgId: MMSG-26355]
VerifyCertificate_withSignedReport.c(5): web_cleanup_cookies was successful  	[MsgId: MMSG-26392]
VerifyCertificate_withSignedReport.c(7): C:\LR_DATA\certs/VerifyCertificate_withSignedReport_1409.xml	[MsgId: MMSG-17999]
VerifyCertificate_withSignedReport.c(10): Use file: {VerifyCertificate_withSignedReport_file}	[MsgId: MMSG-17999]
VerifyCertificate_withSignedReport.c(13): Notify: Transaction "VerifyCertificate_withSignedReport" started.	[MsgId: MMSG-16999]
VerifyCertificate_withSignedReport.c(15): Error: HTTP status code 404 returned by the server	[MsgId: MERR-108974]
VerifyCertificate_withSignedReport.c(15): Error: SOAP request "VerifyCertificate_withSignedReport" execution failed	[MsgId: MERR-108964]
End auto log messages stack.	[MsgId: MMSG-10544]


Start auto log messages stack - Iteration 339.	[MsgId: MMSG-10545]
VerifyCertificate_withSignedReport.c(4): web_cleanup_auto_headers started  	[MsgId: MMSG-26355]
VerifyCertificate_withSignedReport.c(4): web_cleanup_auto_headers was successful  	[MsgId: MMSG-26392]
VerifyCertificate_withSignedReport.c(5): web_cleanup_cookies started  	[MsgId: MMSG-26355]
VerifyCertificate_withSignedReport.c(5): web_cleanup_cookies was successful  	[MsgId: MMSG-26392]
VerifyCertificate_withSignedReport.c(7): C:\LR_DATA\certs/VerifyCertificate_withSignedReport_2671.xml	[MsgId: MMSG-17999]
VerifyCertificate_withSignedReport.c(10): Use file: {VerifyCertificate_withSignedReport_file}	[MsgId: MMSG-17999]
VerifyCertificate_withSignedReport.c(13): Notify: Transaction "VerifyCertificate_withSignedReport" started.	[MsgId: MMSG-16999]
VerifyCertificate_withSignedReport.c(15): Error: HTTP status code 404 returned by the server	[MsgId: MERR-108974]
VerifyCertificate_withSignedReport.c(15): Error: SOAP request "VerifyCertificate_withSignedReport" execution failed	[MsgId: MERR-108964]
End auto log messages stack.	[MsgId: MMSG-10544]


Start auto log messages stack - Iteration 340.	[MsgId: MMSG-10545]
VerifyCertificate_withSignedReport.c(4): web_cleanup_auto_headers started  	[MsgId: MMSG-26355]
VerifyCertificate_withSignedReport.c(4): web_cleanup_auto_headers was successful  	[MsgId: MMSG-26392]
VerifyCertificate_withSignedReport.c(5): web_cleanup_cookies started  	[MsgId: MMSG-26355]
VerifyCertificate_withSignedReport.c(5): web_cleanup_cookies was successful  	[MsgId: MMSG-26392]
VerifyCertificate_withSignedReport.c(7): C:\LR_DATA\certs/VerifyCertificate_withSignedReport_2871.xml	[MsgId: MMSG-17999]
VerifyCertificate_withSignedReport.c(10): Use file: {VerifyCertificate_withSignedReport_file}	[MsgId: MMSG-17999]
VerifyCertificate_withSignedReport.c(13): Notify: Transaction "VerifyCertificate_withSignedReport" started.	[MsgId: MMSG-16999]
VerifyCertificate_withSignedReport.c(15): Error: HTTP status code 404 returned by the server	[MsgId: MERR-108974]
VerifyCertificate_withSignedReport.c(15): Error: SOAP request "VerifyCertificate_withSignedReport" execution failed	[MsgId: MERR-108964]
End auto log messages stack.	[MsgId: MMSG-10544]


Start auto log messages stack - Iteration 342.	[MsgId: MMSG-10545]
VerifyCertificate_withSignedReport.c(4): web_cleanup_auto_headers started  	[MsgId: MMSG-26355]
VerifyCertificate_withSignedReport.c(4): web_cleanup_auto_headers was successful  	[MsgId: MMSG-26392]
VerifyCertificate_withSignedReport.c(5): web_cleanup_cookies started  	[MsgId: MMSG-26355]
VerifyCertificate_withSignedReport.c(5): web_cleanup_cookies was successful  	[MsgId: MMSG-26392]
VerifyCertificate_withSignedReport.c(7): C:\LR_DATA\certs/VerifyCertificate_withSignedReport_3392.xml	[MsgId: MMSG-17999]
VerifyCertificate_withSignedReport.c(10): Use file: {VerifyCertificate_withSignedReport_file}	[MsgId: MMSG-17999]
VerifyCertificate_withSignedReport.c(13): Notify: Transaction "VerifyCertificate_withSignedReport" started.	[MsgId: MMSG-16999]
VerifyCertificate_withSignedReport.c(15): Error: HTTP status code 404 returned by the server	[MsgId: MERR-108974]
VerifyCertificate_withSignedReport.c(15): Error: SOAP request "VerifyCertificate_withSignedReport" execution failed	[MsgId: MERR-108964]
End auto log messages stack.	[MsgId: MMSG-10544]


Start auto log messages stack - Iteration 343.	[MsgId: MMSG-10545]
VerifyCertificate_withSignedReport.c(4): web_cleanup_auto_headers started  	[MsgId: MMSG-26355]
VerifyCertificate_withSignedReport.c(4): web_cleanup_auto_headers was successful  	[MsgId: MMSG-26392]
VerifyCertificate_withSignedReport.c(5): web_cleanup_cookies started  	[MsgId: MMSG-26355]
VerifyCertificate_withSignedReport.c(5): web_cleanup_cookies was successful  	[MsgId: MMSG-26392]
VerifyCertificate_withSignedReport.c(7): C:\LR_DATA\certs/VerifyCertificate_withSignedReport_258.xml	[MsgId: MMSG-17999]
VerifyCertificate_withSignedReport.c(10): Use file: {VerifyCertificate_withSignedReport_file}	[MsgId: MMSG-17999]
VerifyCertificate_withSignedReport.c(13): Notify: Transaction "VerifyCertificate_withSignedReport" started.	[MsgId: MMSG-16999]
VerifyCertificate_withSignedReport.c(15): Error: HTTP status code 404 returned by the server	[MsgId: MERR-108974]
VerifyCertificate_withSignedReport.c(15): Error: SOAP request "VerifyCertificate_withSignedReport" execution failed	[MsgId: MERR-108964]
End auto log messages stack.	[MsgId: MMSG-10544]


Start auto log messages stack - Iteration 347.	[MsgId: MMSG-10545]
VerifyCertificate_withSignedReport.c(4): web_cleanup_auto_headers started  	[MsgId: MMSG-26355]
VerifyCertificate_withSignedReport.c(4): web_cleanup_auto_headers was successful  	[MsgId: MMSG-26392]
VerifyCertificate_withSignedReport.c(5): web_cleanup_cookies started  	[MsgId: MMSG-26355]
VerifyCertificate_withSignedReport.c(5): web_cleanup_cookies was successful  	[MsgId: MMSG-26392]
VerifyCertificate_withSignedReport.c(7): C:\LR_DATA\certs/VerifyCertificate_withSignedReport_1971.xml	[MsgId: MMSG-17999]
VerifyCertificate_withSignedReport.c(10): Use file: {VerifyCertificate_withSignedReport_file}	[MsgId: MMSG-17999]
VerifyCertificate_withSignedReport.c(13): Notify: Transaction "VerifyCertificate_withSignedReport" started.	[MsgId: MMSG-16999]
VerifyCertificate_withSignedReport.c(15): Error: HTTP status code 404 returned by the server	[MsgId: MERR-108974]
VerifyCertificate_withSignedReport.c(15): Error: SOAP request "VerifyCertificate_withSignedReport" execution failed	[MsgId: MERR-108964]
End auto log messages stack.	[MsgId: MMSG-10544]


Start auto log messages stack - Iteration 350.	[MsgId: MMSG-10545]
VerifyCertificate_withSignedReport.c(4): web_cleanup_auto_headers started  	[MsgId: MMSG-26355]
VerifyCertificate_withSignedReport.c(4): web_cleanup_auto_headers was successful  	[MsgId: MMSG-26392]
VerifyCertificate_withSignedReport.c(5): web_cleanup_cookies started  	[MsgId: MMSG-26355]
VerifyCertificate_withSignedReport.c(5): web_cleanup_cookies was successful  	[MsgId: MMSG-26392]
VerifyCertificate_withSignedReport.c(7): C:\LR_DATA\certs/VerifyCertificate_withSignedReport_612.xml	[MsgId: MMSG-17999]
VerifyCertificate_withSignedReport.c(10): Use file: {VerifyCertificate_withSignedReport_file}	[MsgId: MMSG-17999]
VerifyCertificate_withSignedReport.c(13): Notify: Transaction "VerifyCertificate_withSignedReport" started.	[MsgId: MMSG-16999]
VerifyCertificate_withSignedReport.c(15): Error: HTTP status code 404 returned by the server	[MsgId: MERR-108974]
VerifyCertificate_withSignedReport.c(15): Error: SOAP request "VerifyCertificate_withSignedReport" execution failed	[MsgId: MERR-108964]
End auto log messages stack.	[MsgId: MMSG-10544]


Start auto log messages stack - Iteration 351.	[MsgId: MMSG-10545]
VerifyCertificate_withSignedReport.c(4): web_cleanup_auto_headers started  	[MsgId: MMSG-26355]
VerifyCertificate_withSignedReport.c(4): web_cleanup_auto_headers was successful  	[MsgId: MMSG-26392]
VerifyCertificate_withSignedReport.c(5): web_cleanup_cookies started  	[MsgId: MMSG-26355]
VerifyCertificate_withSignedReport.c(5): web_cleanup_cookies was successful  	[MsgId: MMSG-26392]
VerifyCertificate_withSignedReport.c(7): C:\LR_DATA\certs/VerifyCertificate_withSignedReport_3099.xml	[MsgId: MMSG-17999]
VerifyCertificate_withSignedReport.c(10): Use file: {VerifyCertificate_withSignedReport_file}	[MsgId: MMSG-17999]
VerifyCertificate_withSignedReport.c(13): Notify: Transaction "VerifyCertificate_withSignedReport" started.	[MsgId: MMSG-16999]
VerifyCertificate_withSignedReport.c(15): Error: HTTP status code 404 returned by the server	[MsgId: MERR-108974]
VerifyCertificate_withSignedReport.c(15): Error: SOAP request "VerifyCertificate_withSignedReport" execution failed	[MsgId: MERR-108964]
End auto log messages stack.	[MsgId: MMSG-10544]


Start auto log messages stack - Iteration 352.	[MsgId: MMSG-10545]
VerifyCertificate_withSignedReport.c(4): web_cleanup_auto_headers started  	[MsgId: MMSG-26355]
VerifyCertificate_withSignedReport.c(4): web_cleanup_auto_headers was successful  	[MsgId: MMSG-26392]
VerifyCertificate_withSignedReport.c(5): web_cleanup_cookies started  	[MsgId: MMSG-26355]
VerifyCertificate_withSignedReport.c(5): web_cleanup_cookies was successful  	[MsgId: MMSG-26392]
VerifyCertificate_withSignedReport.c(7): C:\LR_DATA\certs/VerifyCertificate_withSignedReport_1244.xml	[MsgId: MMSG-17999]
VerifyCertificate_withSignedReport.c(10): Use file: {VerifyCertificate_withSignedReport_file}	[MsgId: MMSG-17999]
VerifyCertificate_withSignedReport.c(13): Notify: Transaction "VerifyCertificate_withSignedReport" started.	[MsgId: MMSG-16999]
VerifyCertificate_withSignedReport.c(15): Error: HTTP status code 404 returned by the server	[MsgId: MERR-108974]
VerifyCertificate_withSignedReport.c(15): Error: SOAP request "VerifyCertificate_withSignedReport" execution failed	[MsgId: MERR-108964]
End auto log messages stack.	[MsgId: MMSG-10544]


