Virtual User Script started at: 12/19/2021 13:19:47
Starting action vuser_init.
Ending action vuser_init.
Running Vuser...
Starting iteration 1.
Starting action VerifyCertificate_withSignedReport.
VerifyCertificate_withSignedReport.c(3): web_cache_cleanup started  	[MsgId: MMSG-26355]
VerifyCertificate_withSignedReport.c(3): web_cache_cleanup was successful  	[MsgId: MMSG-26392]
VerifyCertificate_withSignedReport.c(4): web_cleanup_auto_headers started  	[MsgId: MMSG-26355]
VerifyCertificate_withSignedReport.c(4): web_cleanup_auto_headers was successful  	[MsgId: MMSG-26392]
VerifyCertificate_withSignedReport.c(5): web_cleanup_cookies started  	[MsgId: MMSG-26355]
VerifyCertificate_withSignedReport.c(5): web_cleanup_cookies was successful  	[MsgId: MMSG-26392]
VerifyCertificate_withSignedReport.c(7): C:\LR_DATA\certs/VerifyCertificate_withSignedReport_115.xml
VerifyCertificate_withSignedReport.c(10): Use file: {VerifyCertificate_withSignedReport_file}
VerifyCertificate_withSignedReport.c(13): Notify: Transaction "VerifyCertificate_withSignedReport" started.
VerifyCertificate_withSignedReport.c(15): SOAP request "VerifyCertificate_withSignedReport" started
VerifyCertificate_withSignedReport.c(15): SOAP request "VerifyCertificate_withSignedReport" was successful
VerifyCertificate_withSignedReport.c(31): Notify: Transaction "VerifyCertificate_withSignedReport" ended with a "Pass" status (Duration: 4.3338 Wasted Time: 0.0468).
Ending action VerifyCertificate_withSignedReport.
Ending iteration 1.
Ending Vuser...
Starting action vuser_end.
Ending action vuser_end.
Vuser Terminated.
Warning: Extension LrXml.dll reports error -1 on call to function ExtPerThreadTerminate
Warning: Vuser failed to terminate extension.
