Start auto log messages stack - Iteration 358.	[MsgId: MMSG-10545]
VerifyCMSSignatureByHash_withSignedReport.c(4): web_cleanup_auto_headers was successful  	[MsgId: MMSG-26392]
VerifyCMSSignatureByHash_withSignedReport.c(5): web_cleanup_cookies started  	[MsgId: MMSG-26355]
VerifyCMSSignatureByHash_withSignedReport.c(5): web_cleanup_cookies was successful  	[MsgId: MMSG-26392]
VerifyCMSSignatureByHash_withSignedReport.c(7): C:\LR_DATA\10k/VerifyCMSSignatureByHash_withSignedReport_0.xml	[MsgId: MMSG-17999]
VerifyCMSSignatureByHash_withSignedReport.c(10): Use file: {VerifyCMSSignatureByHash_withSignedReport_file}	[MsgId: MMSG-17999]
VerifyCMSSignatureByHash_withSignedReport.c(14): Notify: Transaction "VerifyCMSSignatureByHash_withSignedReport" started.	[MsgId: MMSG-16999]
VerifyCMSSignatureByHash_withSignedReport.c(15): Error: HTTP status code 404 returned by the server	[MsgId: MERR-108974]
VerifyCMSSignatureByHash_withSignedReport.c(15): Error: SOAP request "VerifyCMSSignatureByHash_withSignedReport" execution failed	[MsgId: MERR-108964]
End auto log messages stack.	[MsgId: MMSG-10544]


Start auto log messages stack - Iteration 360.	[MsgId: MMSG-10545]
VerifyCMSSignatureDetached_withSignedReport.c(4): web_cleanup_auto_headers was successful  	[MsgId: MMSG-26392]
VerifyCMSSignatureDetached_withSignedReport.c(5): web_cleanup_cookies started  	[MsgId: MMSG-26355]
VerifyCMSSignatureDetached_withSignedReport.c(5): web_cleanup_cookies was successful  	[MsgId: MMSG-26392]
VerifyCMSSignatureDetached_withSignedReport.c(7): C:\LR_DATA\10k/VerifyCMSSignatureDetached_withSignedReport_26.xml	[MsgId: MMSG-17999]
VerifyCMSSignatureDetached_withSignedReport.c(10): Use file: {VerifyCMSSignatureDetached_withSignedReport_file}	[MsgId: MMSG-17999]
VerifyCMSSignatureDetached_withSignedReport.c(14): Notify: Transaction "VerifyCMSSignatureDetached_withSignedReport" started.	[MsgId: MMSG-16999]
VerifyCMSSignatureDetached_withSignedReport.c(15): Error: HTTP status code 404 returned by the server	[MsgId: MERR-108974]
VerifyCMSSignatureDetached_withSignedReport.c(15): Error: SOAP request "VerifyCMSSignatureDetached_withSignedReport" execution failed	[MsgId: MERR-108964]
End auto log messages stack.	[MsgId: MMSG-10544]


Start auto log messages stack - Iteration 361.	[MsgId: MMSG-10545]
VerifyXML_withSignedReport.c(3): web_cache_cleanup was successful  	[MsgId: MMSG-26392]
VerifyXML_withSignedReport.c(4): web_cleanup_auto_headers started  	[MsgId: MMSG-26355]
VerifyXML_withSignedReport.c(4): web_cleanup_auto_headers was successful  	[MsgId: MMSG-26392]
VerifyXML_withSignedReport.c(5): web_cleanup_cookies started  	[MsgId: MMSG-26355]
VerifyXML_withSignedReport.c(5): web_cleanup_cookies was successful  	[MsgId: MMSG-26392]
VerifyXML_withSignedReport.c(7): C:\LR_DATA\10k/VerifyXML_withSignedReport_0.xml	[MsgId: MMSG-17999]
VerifyXML_withSignedReport.c(10): Use file: {VerifyXML_withSignedReport_file}	[MsgId: MMSG-17999]
VerifyXML_withSignedReport.c(14): Notify: Transaction "VerifyXML_withSignedReport" started.	[MsgId: MMSG-16999]
VerifyXML_withSignedReport.c(15): Error: HTTP status code 404 returned by the server	[MsgId: MERR-108974]
VerifyXML_withSignedReport.c(15): Error: SOAP request "VerifyXML_withSignedReport" execution failed	[MsgId: MERR-108964]
End auto log messages stack.	[MsgId: MMSG-10544]


Start auto log messages stack - Iteration 362.	[MsgId: MMSG-10545]
VerifyXAdES_withSignedReport.c(4): web_cleanup_auto_headers started  	[MsgId: MMSG-26355]
VerifyXAdES_withSignedReport.c(4): web_cleanup_auto_headers was successful  	[MsgId: MMSG-26392]
VerifyXAdES_withSignedReport.c(5): web_cleanup_cookies started  	[MsgId: MMSG-26355]
VerifyXAdES_withSignedReport.c(5): web_cleanup_cookies was successful  	[MsgId: MMSG-26392]
VerifyXAdES_withSignedReport.c(7): C:\LR_DATA\10k/VerifyXAdES_withSignedReport_5.xml	[MsgId: MMSG-17999]
VerifyXAdES_withSignedReport.c(10): Use file: {VerifyXAdES_withSignedReport_file}	[MsgId: MMSG-17999]
VerifyXAdES_withSignedReport.c(14): Notify: Transaction "VerifyXAdES_withSignedReport" started.	[MsgId: MMSG-16999]
VerifyXAdES_withSignedReport.c(15): Error: HTTP status code 404 returned by the server	[MsgId: MERR-108974]
VerifyXAdES_withSignedReport.c(15): Error: SOAP request "VerifyXAdES_withSignedReport" execution failed	[MsgId: MERR-108964]
End auto log messages stack.	[MsgId: MMSG-10544]


Start auto log messages stack - Iteration 365.	[MsgId: MMSG-10545]
VerifyCMSSignature_withSignedReport.c(4): web_cleanup_auto_headers started  	[MsgId: MMSG-26355]
VerifyCMSSignature_withSignedReport.c(4): web_cleanup_auto_headers was successful  	[MsgId: MMSG-26392]
VerifyCMSSignature_withSignedReport.c(5): web_cleanup_cookies started  	[MsgId: MMSG-26355]
VerifyCMSSignature_withSignedReport.c(5): web_cleanup_cookies was successful  	[MsgId: MMSG-26392]
VerifyCMSSignature_withSignedReport.c(7): C:\LR_DATA\10k/VerifyCMSSignature_withSignedReport_95.xml	[MsgId: MMSG-17999]
VerifyCMSSignature_withSignedReport.c(10): Use file: {VerifyCMSSignature_withSignedReport_file}	[MsgId: MMSG-17999]
VerifyCMSSignature_withSignedReport.c(13): Notify: Transaction "VerifyCMSSignature_withSignedReport" started.	[MsgId: MMSG-16999]
VerifyCMSSignature_withSignedReport.c(14): Error: HTTP status code 404 returned by the server	[MsgId: MERR-108974]
VerifyCMSSignature_withSignedReport.c(14): Error: SOAP request "VerifyCMSSignature_withSignedReport" execution failed	[MsgId: MERR-108964]
End auto log messages stack.	[MsgId: MMSG-10544]


Start auto log messages stack - Iteration 366.	[MsgId: MMSG-10545]
VerifyCMSSignatureByHash_withSignedReport.c(4): web_cleanup_auto_headers was successful  	[MsgId: MMSG-26392]
VerifyCMSSignatureByHash_withSignedReport.c(5): web_cleanup_cookies started  	[MsgId: MMSG-26355]
VerifyCMSSignatureByHash_withSignedReport.c(5): web_cleanup_cookies was successful  	[MsgId: MMSG-26392]
VerifyCMSSignatureByHash_withSignedReport.c(7): C:\LR_DATA\10k/VerifyCMSSignatureByHash_withSignedReport_7.xml	[MsgId: MMSG-17999]
VerifyCMSSignatureByHash_withSignedReport.c(10): Use file: {VerifyCMSSignatureByHash_withSignedReport_file}	[MsgId: MMSG-17999]
VerifyCMSSignatureByHash_withSignedReport.c(14): Notify: Transaction "VerifyCMSSignatureByHash_withSignedReport" started.	[MsgId: MMSG-16999]
VerifyCMSSignatureByHash_withSignedReport.c(15): Error: HTTP status code 404 returned by the server	[MsgId: MERR-108974]
VerifyCMSSignatureByHash_withSignedReport.c(15): Error: SOAP request "VerifyCMSSignatureByHash_withSignedReport" execution failed	[MsgId: MERR-108964]
End auto log messages stack.	[MsgId: MMSG-10544]


Start auto log messages stack - Iteration 367.	[MsgId: MMSG-10545]
VerifyCMSSignature_simple.c(3): web_cache_cleanup was successful  	[MsgId: MMSG-26392]
VerifyCMSSignature_simple.c(4): web_cleanup_auto_headers started  	[MsgId: MMSG-26355]
VerifyCMSSignature_simple.c(4): web_cleanup_auto_headers was successful  	[MsgId: MMSG-26392]
VerifyCMSSignature_simple.c(5): web_cleanup_cookies started  	[MsgId: MMSG-26355]
VerifyCMSSignature_simple.c(5): web_cleanup_cookies was successful  	[MsgId: MMSG-26392]
VerifyCMSSignature_simple.c(7): C:\LR_DATA\10k/VerifyCMSSignature_simple_66.xml	[MsgId: MMSG-17999]
VerifyCMSSignature_simple.c(10): Use file: {VerifyCMSSignature_simple_file}	[MsgId: MMSG-17999]
VerifyCMSSignature_simple.c(14): Notify: Transaction "VerifyCMSSignature_simple" started.	[MsgId: MMSG-16999]
VerifyCMSSignature_simple.c(16): Error: HTTP status code 404 returned by the server	[MsgId: MERR-108974]
VerifyCMSSignature_simple.c(16): Error: SOAP request "VerifyCMSSignature_simple" execution failed	[MsgId: MERR-108964]
End auto log messages stack.	[MsgId: MMSG-10544]


Start auto log messages stack - Iteration 368.	[MsgId: MMSG-10545]
VerifyCMSSignatureDetached_withSignedReport.c(4): web_cleanup_auto_headers was successful  	[MsgId: MMSG-26392]
VerifyCMSSignatureDetached_withSignedReport.c(5): web_cleanup_cookies started  	[MsgId: MMSG-26355]
VerifyCMSSignatureDetached_withSignedReport.c(5): web_cleanup_cookies was successful  	[MsgId: MMSG-26392]
VerifyCMSSignatureDetached_withSignedReport.c(7): C:\LR_DATA\10k/VerifyCMSSignatureDetached_withSignedReport_71.xml	[MsgId: MMSG-17999]
VerifyCMSSignatureDetached_withSignedReport.c(10): Use file: {VerifyCMSSignatureDetached_withSignedReport_file}	[MsgId: MMSG-17999]
VerifyCMSSignatureDetached_withSignedReport.c(14): Notify: Transaction "VerifyCMSSignatureDetached_withSignedReport" started.	[MsgId: MMSG-16999]
VerifyCMSSignatureDetached_withSignedReport.c(15): Error: HTTP status code 404 returned by the server	[MsgId: MERR-108974]
VerifyCMSSignatureDetached_withSignedReport.c(15): Error: SOAP request "VerifyCMSSignatureDetached_withSignedReport" execution failed	[MsgId: MERR-108964]
End auto log messages stack.	[MsgId: MMSG-10544]


Start auto log messages stack - Iteration 369.	[MsgId: MMSG-10545]
VerifyXAdES_withSignedReport.c(4): web_cleanup_auto_headers started  	[MsgId: MMSG-26355]
VerifyXAdES_withSignedReport.c(4): web_cleanup_auto_headers was successful  	[MsgId: MMSG-26392]
VerifyXAdES_withSignedReport.c(5): web_cleanup_cookies started  	[MsgId: MMSG-26355]
VerifyXAdES_withSignedReport.c(5): web_cleanup_cookies was successful  	[MsgId: MMSG-26392]
VerifyXAdES_withSignedReport.c(7): C:\LR_DATA\10k/VerifyXAdES_withSignedReport_64.xml	[MsgId: MMSG-17999]
VerifyXAdES_withSignedReport.c(10): Use file: {VerifyXAdES_withSignedReport_file}	[MsgId: MMSG-17999]
VerifyXAdES_withSignedReport.c(14): Notify: Transaction "VerifyXAdES_withSignedReport" started.	[MsgId: MMSG-16999]
VerifyXAdES_withSignedReport.c(15): Error: HTTP status code 404 returned by the server	[MsgId: MERR-108974]
VerifyXAdES_withSignedReport.c(15): Error: SOAP request "VerifyXAdES_withSignedReport" execution failed	[MsgId: MERR-108964]
End auto log messages stack.	[MsgId: MMSG-10544]


Start auto log messages stack - Iteration 371.	[MsgId: MMSG-10545]
VerifyXAdES_withSignedReport.c(4): web_cleanup_auto_headers started  	[MsgId: MMSG-26355]
VerifyXAdES_withSignedReport.c(4): web_cleanup_auto_headers was successful  	[MsgId: MMSG-26392]
VerifyXAdES_withSignedReport.c(5): web_cleanup_cookies started  	[MsgId: MMSG-26355]
VerifyXAdES_withSignedReport.c(5): web_cleanup_cookies was successful  	[MsgId: MMSG-26392]
VerifyXAdES_withSignedReport.c(7): C:\LR_DATA\10k/VerifyXAdES_withSignedReport_82.xml	[MsgId: MMSG-17999]
VerifyXAdES_withSignedReport.c(10): Use file: {VerifyXAdES_withSignedReport_file}	[MsgId: MMSG-17999]
VerifyXAdES_withSignedReport.c(14): Notify: Transaction "VerifyXAdES_withSignedReport" started.	[MsgId: MMSG-16999]
VerifyXAdES_withSignedReport.c(15): Error: HTTP status code 404 returned by the server	[MsgId: MERR-108974]
VerifyXAdES_withSignedReport.c(15): Error: SOAP request "VerifyXAdES_withSignedReport" execution failed	[MsgId: MERR-108964]
End auto log messages stack.	[MsgId: MMSG-10544]


Start auto log messages stack - Iteration 373.	[MsgId: MMSG-10545]
VerifyPAdES_withSignedReport.c(4): web_cleanup_auto_headers started  	[MsgId: MMSG-26355]
VerifyPAdES_withSignedReport.c(4): web_cleanup_auto_headers was successful  	[MsgId: MMSG-26392]
VerifyPAdES_withSignedReport.c(5): web_cleanup_cookies started  	[MsgId: MMSG-26355]
VerifyPAdES_withSignedReport.c(5): web_cleanup_cookies was successful  	[MsgId: MMSG-26392]
VerifyPAdES_withSignedReport.c(7): C:\LR_DATA\10k/VerifyPAdES_withSignedReport_3.xml	[MsgId: MMSG-17999]
VerifyPAdES_withSignedReport.c(10): Use file: {VerifyPAdES_withSignedReport_file}	[MsgId: MMSG-17999]
VerifyPAdES_withSignedReport.c(13): Notify: Transaction "VerifyPAdES_withSignedReport" started.	[MsgId: MMSG-16999]
VerifyPAdES_withSignedReport.c(14): Error: HTTP status code 404 returned by the server	[MsgId: MERR-108974]
VerifyPAdES_withSignedReport.c(14): Error: SOAP request "VerifyPAdES_withSignedReporte" execution failed	[MsgId: MERR-108964]
End auto log messages stack.	[MsgId: MMSG-10544]


Start auto log messages stack - Iteration 374.	[MsgId: MMSG-10545]
VerifyPAdES_simple.c(3): web_cache_cleanup started  	[MsgId: MMSG-26355]
VerifyPAdES_simple.c(3): web_cache_cleanup was successful  	[MsgId: MMSG-26392]
VerifyPAdES_simple.c(4): web_cleanup_auto_headers started  	[MsgId: MMSG-26355]
VerifyPAdES_simple.c(4): web_cleanup_auto_headers was successful  	[MsgId: MMSG-26392]
VerifyPAdES_simple.c(5): web_cleanup_cookies started  	[MsgId: MMSG-26355]
VerifyPAdES_simple.c(5): web_cleanup_cookies was successful  	[MsgId: MMSG-26392]
VerifyPAdES_simple.c(7): C:\LR_DATA\10k/VerifyPAdES_simple_6.xml	[MsgId: MMSG-17999]
VerifyPAdES_simple.c(10): Use file: {VerifyPAdES_simple_file}	[MsgId: MMSG-17999]
VerifyPAdES_simple.c(14): Notify: Transaction "VerifyPAdES_simple" started.	[MsgId: MMSG-16999]
VerifyPAdES_simple.c(15): Error: HTTP status code 404 returned by the server	[MsgId: MERR-108974]
VerifyPAdES_simple.c(15): Error: SOAP request "VerifyPAdES_simple" execution failed	[MsgId: MERR-108964]
End auto log messages stack.	[MsgId: MMSG-10544]


Start auto log messages stack - Iteration 378.	[MsgId: MMSG-10545]
VerifyCMSSignature_withSignedReport.c(4): web_cleanup_auto_headers started  	[MsgId: MMSG-26355]
VerifyCMSSignature_withSignedReport.c(4): web_cleanup_auto_headers was successful  	[MsgId: MMSG-26392]
VerifyCMSSignature_withSignedReport.c(5): web_cleanup_cookies started  	[MsgId: MMSG-26355]
VerifyCMSSignature_withSignedReport.c(5): web_cleanup_cookies was successful  	[MsgId: MMSG-26392]
VerifyCMSSignature_withSignedReport.c(7): C:\LR_DATA\10k/VerifyCMSSignature_withSignedReport_16.xml	[MsgId: MMSG-17999]
VerifyCMSSignature_withSignedReport.c(10): Use file: {VerifyCMSSignature_withSignedReport_file}	[MsgId: MMSG-17999]
VerifyCMSSignature_withSignedReport.c(13): Notify: Transaction "VerifyCMSSignature_withSignedReport" started.	[MsgId: MMSG-16999]
VerifyCMSSignature_withSignedReport.c(14): Error: HTTP status code 404 returned by the server	[MsgId: MERR-108974]
VerifyCMSSignature_withSignedReport.c(14): Error: SOAP request "VerifyCMSSignature_withSignedReport" execution failed	[MsgId: MERR-108964]
End auto log messages stack.	[MsgId: MMSG-10544]


Start auto log messages stack - Iteration 381.	[MsgId: MMSG-10545]
Starting action VerifyXML_simple.	[MsgId: MMSG-15919]
VerifyXML_simple.c(3): web_cache_cleanup started  	[MsgId: MMSG-26355]
VerifyXML_simple.c(3): web_cache_cleanup was successful  	[MsgId: MMSG-26392]
VerifyXML_simple.c(4): web_cleanup_auto_headers started  	[MsgId: MMSG-26355]
VerifyXML_simple.c(4): web_cleanup_auto_headers was successful  	[MsgId: MMSG-26392]
VerifyXML_simple.c(5): web_cleanup_cookies started  	[MsgId: MMSG-26355]
VerifyXML_simple.c(5): web_cleanup_cookies was successful  	[MsgId: MMSG-26392]
VerifyXML_simple.c(7): C:\LR_DATA\10k/VerifyXML_simple_41.xml	[MsgId: MMSG-17999]
VerifyXML_simple.c(10): Use file: {VerifyXML_simple_file}	[MsgId: MMSG-17999]
VerifyXML_simple.c(14): Notify: Transaction "VerifyXML_simple" started.	[MsgId: MMSG-16999]
VerifyXML_simple.c(15): Error: HTTP status code 404 returned by the server	[MsgId: MERR-108974]
VerifyXML_simple.c(15): Error: SOAP request "VerifyXML_simple" execution failed	[MsgId: MERR-108964]
End auto log messages stack.	[MsgId: MMSG-10544]


Start auto log messages stack - Iteration 383.	[MsgId: MMSG-10545]
VerifyPAdES_withSignedReport.c(4): web_cleanup_auto_headers started  	[MsgId: MMSG-26355]
VerifyPAdES_withSignedReport.c(4): web_cleanup_auto_headers was successful  	[MsgId: MMSG-26392]
VerifyPAdES_withSignedReport.c(5): web_cleanup_cookies started  	[MsgId: MMSG-26355]
VerifyPAdES_withSignedReport.c(5): web_cleanup_cookies was successful  	[MsgId: MMSG-26392]
VerifyPAdES_withSignedReport.c(7): C:\LR_DATA\10k/VerifyPAdES_withSignedReport_12.xml	[MsgId: MMSG-17999]
VerifyPAdES_withSignedReport.c(10): Use file: {VerifyPAdES_withSignedReport_file}	[MsgId: MMSG-17999]
VerifyPAdES_withSignedReport.c(13): Notify: Transaction "VerifyPAdES_withSignedReport" started.	[MsgId: MMSG-16999]
VerifyPAdES_withSignedReport.c(14): Error: HTTP status code 404 returned by the server	[MsgId: MERR-108974]
VerifyPAdES_withSignedReport.c(14): Error: SOAP request "VerifyPAdES_withSignedReporte" execution failed	[MsgId: MERR-108964]
End auto log messages stack.	[MsgId: MMSG-10544]


Start auto log messages stack - Iteration 386.	[MsgId: MMSG-10545]
VerifyCMSSignature_withSignedReport.c(4): web_cleanup_auto_headers started  	[MsgId: MMSG-26355]
VerifyCMSSignature_withSignedReport.c(4): web_cleanup_auto_headers was successful  	[MsgId: MMSG-26392]
VerifyCMSSignature_withSignedReport.c(5): web_cleanup_cookies started  	[MsgId: MMSG-26355]
VerifyCMSSignature_withSignedReport.c(5): web_cleanup_cookies was successful  	[MsgId: MMSG-26392]
VerifyCMSSignature_withSignedReport.c(7): C:\LR_DATA\10k/VerifyCMSSignature_withSignedReport_79.xml	[MsgId: MMSG-17999]
VerifyCMSSignature_withSignedReport.c(10): Use file: {VerifyCMSSignature_withSignedReport_file}	[MsgId: MMSG-17999]
VerifyCMSSignature_withSignedReport.c(13): Notify: Transaction "VerifyCMSSignature_withSignedReport" started.	[MsgId: MMSG-16999]
VerifyCMSSignature_withSignedReport.c(14): Error: HTTP status code 404 returned by the server	[MsgId: MERR-108974]
VerifyCMSSignature_withSignedReport.c(14): Error: SOAP request "VerifyCMSSignature_withSignedReport" execution failed	[MsgId: MERR-108964]
End auto log messages stack.	[MsgId: MMSG-10544]


Start auto log messages stack - Iteration 387.	[MsgId: MMSG-10545]
Starting action VerifyXML_simple.	[MsgId: MMSG-15919]
VerifyXML_simple.c(3): web_cache_cleanup started  	[MsgId: MMSG-26355]
VerifyXML_simple.c(3): web_cache_cleanup was successful  	[MsgId: MMSG-26392]
VerifyXML_simple.c(4): web_cleanup_auto_headers started  	[MsgId: MMSG-26355]
VerifyXML_simple.c(4): web_cleanup_auto_headers was successful  	[MsgId: MMSG-26392]
VerifyXML_simple.c(5): web_cleanup_cookies started  	[MsgId: MMSG-26355]
VerifyXML_simple.c(5): web_cleanup_cookies was successful  	[MsgId: MMSG-26392]
VerifyXML_simple.c(7): C:\LR_DATA\10k/VerifyXML_simple_85.xml	[MsgId: MMSG-17999]
VerifyXML_simple.c(10): Use file: {VerifyXML_simple_file}	[MsgId: MMSG-17999]
VerifyXML_simple.c(14): Notify: Transaction "VerifyXML_simple" started.	[MsgId: MMSG-16999]
VerifyXML_simple.c(15): Error: HTTP status code 404 returned by the server	[MsgId: MERR-108974]
VerifyXML_simple.c(15): Error: SOAP request "VerifyXML_simple" execution failed	[MsgId: MERR-108964]
End auto log messages stack.	[MsgId: MMSG-10544]


Start auto log messages stack - Iteration 389.	[MsgId: MMSG-10545]
VerifyXML_withSignedReport.c(3): web_cache_cleanup was successful  	[MsgId: MMSG-26392]
VerifyXML_withSignedReport.c(4): web_cleanup_auto_headers started  	[MsgId: MMSG-26355]
VerifyXML_withSignedReport.c(4): web_cleanup_auto_headers was successful  	[MsgId: MMSG-26392]
VerifyXML_withSignedReport.c(5): web_cleanup_cookies started  	[MsgId: MMSG-26355]
VerifyXML_withSignedReport.c(5): web_cleanup_cookies was successful  	[MsgId: MMSG-26392]
VerifyXML_withSignedReport.c(7): C:\LR_DATA\10k/VerifyXML_withSignedReport_13.xml	[MsgId: MMSG-17999]
VerifyXML_withSignedReport.c(10): Use file: {VerifyXML_withSignedReport_file}	[MsgId: MMSG-17999]
VerifyXML_withSignedReport.c(14): Notify: Transaction "VerifyXML_withSignedReport" started.	[MsgId: MMSG-16999]
VerifyXML_withSignedReport.c(15): Error: HTTP status code 404 returned by the server	[MsgId: MERR-108974]
VerifyXML_withSignedReport.c(15): Error: SOAP request "VerifyXML_withSignedReport" execution failed	[MsgId: MERR-108964]
End auto log messages stack.	[MsgId: MMSG-10544]


Start auto log messages stack - Iteration 390.	[MsgId: MMSG-10545]
VerifyCADES_simple.c(3): web_cache_cleanup started  	[MsgId: MMSG-26355]
VerifyCADES_simple.c(3): web_cache_cleanup was successful  	[MsgId: MMSG-26392]
VerifyCADES_simple.c(4): web_cleanup_auto_headers started  	[MsgId: MMSG-26355]
VerifyCADES_simple.c(4): web_cleanup_auto_headers was successful  	[MsgId: MMSG-26392]
VerifyCADES_simple.c(5): web_cleanup_cookies started  	[MsgId: MMSG-26355]
VerifyCADES_simple.c(5): web_cleanup_cookies was successful  	[MsgId: MMSG-26392]
VerifyCADES_simple.c(7): C:\LR_DATA\10k/VerifyCADES_simple_75.xml	[MsgId: MMSG-17999]
VerifyCADES_simple.c(10): Use file: {VerifyCADES_simple_file}	[MsgId: MMSG-17999]
VerifyCADES_simple.c(14): Notify: Transaction "VerifyCADES_simple" started.	[MsgId: MMSG-16999]
VerifyCADES_simple.c(15): Error: HTTP status code 404 returned by the server	[MsgId: MERR-108974]
VerifyCADES_simple.c(15): Error: SOAP request "VerifyCADES_simple" execution failed	[MsgId: MERR-108964]
End auto log messages stack.	[MsgId: MMSG-10544]


Start auto log messages stack - Iteration 393.	[MsgId: MMSG-10545]
VerifyPAdES_withSignedReport.c(4): web_cleanup_auto_headers started  	[MsgId: MMSG-26355]
VerifyPAdES_withSignedReport.c(4): web_cleanup_auto_headers was successful  	[MsgId: MMSG-26392]
VerifyPAdES_withSignedReport.c(5): web_cleanup_cookies started  	[MsgId: MMSG-26355]
VerifyPAdES_withSignedReport.c(5): web_cleanup_cookies was successful  	[MsgId: MMSG-26392]
VerifyPAdES_withSignedReport.c(7): C:\LR_DATA\10k/VerifyPAdES_withSignedReport_8.xml	[MsgId: MMSG-17999]
VerifyPAdES_withSignedReport.c(10): Use file: {VerifyPAdES_withSignedReport_file}	[MsgId: MMSG-17999]
VerifyPAdES_withSignedReport.c(13): Notify: Transaction "VerifyPAdES_withSignedReport" started.	[MsgId: MMSG-16999]
VerifyPAdES_withSignedReport.c(14): Error: HTTP status code 404 returned by the server	[MsgId: MERR-108974]
VerifyPAdES_withSignedReport.c(14): Error: SOAP request "VerifyPAdES_withSignedReporte" execution failed	[MsgId: MERR-108964]
End auto log messages stack.	[MsgId: MMSG-10544]


Start auto log messages stack - Iteration 394.	[MsgId: MMSG-10545]
VerifyCMSSignature_simple.c(3): web_cache_cleanup was successful  	[MsgId: MMSG-26392]
VerifyCMSSignature_simple.c(4): web_cleanup_auto_headers started  	[MsgId: MMSG-26355]
VerifyCMSSignature_simple.c(4): web_cleanup_auto_headers was successful  	[MsgId: MMSG-26392]
VerifyCMSSignature_simple.c(5): web_cleanup_cookies started  	[MsgId: MMSG-26355]
VerifyCMSSignature_simple.c(5): web_cleanup_cookies was successful  	[MsgId: MMSG-26392]
VerifyCMSSignature_simple.c(7): C:\LR_DATA\10k/VerifyCMSSignature_simple_93.xml	[MsgId: MMSG-17999]
VerifyCMSSignature_simple.c(10): Use file: {VerifyCMSSignature_simple_file}	[MsgId: MMSG-17999]
VerifyCMSSignature_simple.c(14): Notify: Transaction "VerifyCMSSignature_simple" started.	[MsgId: MMSG-16999]
VerifyCMSSignature_simple.c(16): Error: HTTP status code 404 returned by the server	[MsgId: MERR-108974]
VerifyCMSSignature_simple.c(16): Error: SOAP request "VerifyCMSSignature_simple" execution failed	[MsgId: MERR-108964]
End auto log messages stack.	[MsgId: MMSG-10544]


