Start auto log messages stack - Iteration 182.	[MsgId: MMSG-10545]
VerifyCMSSignature_withSignedReport.c(4): web_cleanup_auto_headers started  	[MsgId: MMSG-26355]
VerifyCMSSignature_withSignedReport.c(4): web_cleanup_auto_headers was successful  	[MsgId: MMSG-26392]
VerifyCMSSignature_withSignedReport.c(5): web_cleanup_cookies started  	[MsgId: MMSG-26355]
VerifyCMSSignature_withSignedReport.c(5): web_cleanup_cookies was successful  	[MsgId: MMSG-26392]
VerifyCMSSignature_withSignedReport.c(7): C:\LR_DATA\5120/VerifyCMSSignature_withSignedReport_44.xml	[MsgId: MMSG-17999]
VerifyCMSSignature_withSignedReport.c(10): Use file: {VerifyCMSSignature_withSignedReport_file}	[MsgId: MMSG-17999]
VerifyCMSSignature_withSignedReport.c(13): Notify: Transaction "VerifyCMSSignature_withSignedReport" started.	[MsgId: MMSG-16999]
VerifyCMSSignature_withSignedReport.c(14): Error: HTTP status code 404 returned by the server	[MsgId: MERR-108974]
VerifyCMSSignature_withSignedReport.c(14): Error: SOAP request "VerifyCMSSignature_withSignedReport" execution failed	[MsgId: MERR-108964]
End auto log messages stack.	[MsgId: MMSG-10544]


Start auto log messages stack - Iteration 190.	[MsgId: MMSG-10545]
VerifyCMSSignatureDetached_withSignedReport.c(4): web_cleanup_auto_headers was successful  	[MsgId: MMSG-26392]
VerifyCMSSignatureDetached_withSignedReport.c(5): web_cleanup_cookies started  	[MsgId: MMSG-26355]
VerifyCMSSignatureDetached_withSignedReport.c(5): web_cleanup_cookies was successful  	[MsgId: MMSG-26392]
VerifyCMSSignatureDetached_withSignedReport.c(7): C:\LR_DATA\5120/VerifyCMSSignatureDetached_withSignedReport_198.xml	[MsgId: MMSG-17999]
VerifyCMSSignatureDetached_withSignedReport.c(10): Use file: {VerifyCMSSignatureDetached_withSignedReport_file}	[MsgId: MMSG-17999]
VerifyCMSSignatureDetached_withSignedReport.c(14): Notify: Transaction "VerifyCMSSignatureDetached_withSignedReport" started.	[MsgId: MMSG-16999]
VerifyCMSSignatureDetached_withSignedReport.c(15): Error: HTTP status code 404 returned by the server	[MsgId: MERR-108974]
VerifyCMSSignatureDetached_withSignedReport.c(15): Error: SOAP request "VerifyCMSSignatureDetached_withSignedReport" execution failed	[MsgId: MERR-108964]
End auto log messages stack.	[MsgId: MMSG-10544]


Start auto log messages stack - Iteration 191.	[MsgId: MMSG-10545]
VerifyCMSSignatureByHash_withSignedReport.c(4): web_cleanup_auto_headers was successful  	[MsgId: MMSG-26392]
VerifyCMSSignatureByHash_withSignedReport.c(5): web_cleanup_cookies started  	[MsgId: MMSG-26355]
VerifyCMSSignatureByHash_withSignedReport.c(5): web_cleanup_cookies was successful  	[MsgId: MMSG-26392]
VerifyCMSSignatureByHash_withSignedReport.c(7): C:\LR_DATA\5120/VerifyCMSSignatureByHash_withSignedReport_164.xml	[MsgId: MMSG-17999]
VerifyCMSSignatureByHash_withSignedReport.c(10): Use file: {VerifyCMSSignatureByHash_withSignedReport_file}	[MsgId: MMSG-17999]
VerifyCMSSignatureByHash_withSignedReport.c(14): Notify: Transaction "VerifyCMSSignatureByHash_withSignedReport" started.	[MsgId: MMSG-16999]
VerifyCMSSignatureByHash_withSignedReport.c(15): Error: HTTP status code 404 returned by the server	[MsgId: MERR-108974]
VerifyCMSSignatureByHash_withSignedReport.c(15): Error: SOAP request "VerifyCMSSignatureByHash_withSignedReport" execution failed	[MsgId: MERR-108964]
End auto log messages stack.	[MsgId: MMSG-10544]


Start auto log messages stack - Iteration 192.	[MsgId: MMSG-10545]
VerifyCMSSignatureByHash_withSignedReport.c(4): web_cleanup_auto_headers was successful  	[MsgId: MMSG-26392]
VerifyCMSSignatureByHash_withSignedReport.c(5): web_cleanup_cookies started  	[MsgId: MMSG-26355]
VerifyCMSSignatureByHash_withSignedReport.c(5): web_cleanup_cookies was successful  	[MsgId: MMSG-26392]
VerifyCMSSignatureByHash_withSignedReport.c(7): C:\LR_DATA\5120/VerifyCMSSignatureByHash_withSignedReport_199.xml	[MsgId: MMSG-17999]
VerifyCMSSignatureByHash_withSignedReport.c(10): Use file: {VerifyCMSSignatureByHash_withSignedReport_file}	[MsgId: MMSG-17999]
VerifyCMSSignatureByHash_withSignedReport.c(14): Notify: Transaction "VerifyCMSSignatureByHash_withSignedReport" started.	[MsgId: MMSG-16999]
VerifyCMSSignatureByHash_withSignedReport.c(15): Error: HTTP status code 404 returned by the server	[MsgId: MERR-108974]
VerifyCMSSignatureByHash_withSignedReport.c(15): Error: SOAP request "VerifyCMSSignatureByHash_withSignedReport" execution failed	[MsgId: MERR-108964]
End auto log messages stack.	[MsgId: MMSG-10544]


Start auto log messages stack - Iteration 194.	[MsgId: MMSG-10545]
VerifyCMSSignature_simple.c(3): web_cache_cleanup was successful  	[MsgId: MMSG-26392]
VerifyCMSSignature_simple.c(4): web_cleanup_auto_headers started  	[MsgId: MMSG-26355]
VerifyCMSSignature_simple.c(4): web_cleanup_auto_headers was successful  	[MsgId: MMSG-26392]
VerifyCMSSignature_simple.c(5): web_cleanup_cookies started  	[MsgId: MMSG-26355]
VerifyCMSSignature_simple.c(5): web_cleanup_cookies was successful  	[MsgId: MMSG-26392]
VerifyCMSSignature_simple.c(7): C:\LR_DATA\5120/VerifyCMSSignature_simple_84.xml	[MsgId: MMSG-17999]
VerifyCMSSignature_simple.c(10): Use file: {VerifyCMSSignature_simple_file}	[MsgId: MMSG-17999]
VerifyCMSSignature_simple.c(14): Notify: Transaction "VerifyCMSSignature_simple" started.	[MsgId: MMSG-16999]
VerifyCMSSignature_simple.c(16): Error: HTTP status code 404 returned by the server	[MsgId: MERR-108974]
VerifyCMSSignature_simple.c(16): Error: SOAP request "VerifyCMSSignature_simple" execution failed	[MsgId: MERR-108964]
End auto log messages stack.	[MsgId: MMSG-10544]


Start auto log messages stack - Iteration 195.	[MsgId: MMSG-10545]
VerifyXML_withSignedReport.c(3): web_cache_cleanup was successful  	[MsgId: MMSG-26392]
VerifyXML_withSignedReport.c(4): web_cleanup_auto_headers started  	[MsgId: MMSG-26355]
VerifyXML_withSignedReport.c(4): web_cleanup_auto_headers was successful  	[MsgId: MMSG-26392]
VerifyXML_withSignedReport.c(5): web_cleanup_cookies started  	[MsgId: MMSG-26355]
VerifyXML_withSignedReport.c(5): web_cleanup_cookies was successful  	[MsgId: MMSG-26392]
VerifyXML_withSignedReport.c(7): C:\LR_DATA\5120/VerifyXML_withSignedReport_113.xml	[MsgId: MMSG-17999]
VerifyXML_withSignedReport.c(10): Use file: {VerifyXML_withSignedReport_file}	[MsgId: MMSG-17999]
VerifyXML_withSignedReport.c(14): Notify: Transaction "VerifyXML_withSignedReport" started.	[MsgId: MMSG-16999]
VerifyXML_withSignedReport.c(15): Error: HTTP status code 404 returned by the server	[MsgId: MERR-108974]
VerifyXML_withSignedReport.c(15): Error: SOAP request "VerifyXML_withSignedReport" execution failed	[MsgId: MERR-108964]
End auto log messages stack.	[MsgId: MMSG-10544]


Start auto log messages stack - Iteration 196.	[MsgId: MMSG-10545]
VerifyPAdES_simple.c(3): web_cache_cleanup started  	[MsgId: MMSG-26355]
VerifyPAdES_simple.c(3): web_cache_cleanup was successful  	[MsgId: MMSG-26392]
VerifyPAdES_simple.c(4): web_cleanup_auto_headers started  	[MsgId: MMSG-26355]
VerifyPAdES_simple.c(4): web_cleanup_auto_headers was successful  	[MsgId: MMSG-26392]
VerifyPAdES_simple.c(5): web_cleanup_cookies started  	[MsgId: MMSG-26355]
VerifyPAdES_simple.c(5): web_cleanup_cookies was successful  	[MsgId: MMSG-26392]
VerifyPAdES_simple.c(7): C:\LR_DATA\5120/VerifyPAdES_simple_10.xml	[MsgId: MMSG-17999]
VerifyPAdES_simple.c(10): Use file: {VerifyPAdES_simple_file}	[MsgId: MMSG-17999]
VerifyPAdES_simple.c(14): Notify: Transaction "VerifyPAdES_simple" started.	[MsgId: MMSG-16999]
VerifyPAdES_simple.c(15): Error: HTTP status code 404 returned by the server	[MsgId: MERR-108974]
VerifyPAdES_simple.c(15): Error: SOAP request "VerifyPAdES_simple" execution failed	[MsgId: MERR-108964]
End auto log messages stack.	[MsgId: MMSG-10544]


Start auto log messages stack - Iteration 197.	[MsgId: MMSG-10545]
VerifyCMSSignatureDetached_simple.c(4): web_cleanup_auto_headers started  	[MsgId: MMSG-26355]
VerifyCMSSignatureDetached_simple.c(4): web_cleanup_auto_headers was successful  	[MsgId: MMSG-26392]
VerifyCMSSignatureDetached_simple.c(5): web_cleanup_cookies started  	[MsgId: MMSG-26355]
VerifyCMSSignatureDetached_simple.c(5): web_cleanup_cookies was successful  	[MsgId: MMSG-26392]
VerifyCMSSignatureDetached_simple.c(7): C:\LR_DATA\5120/VerifyCMSSignatureDetached_simple_103.xml	[MsgId: MMSG-17999]
VerifyCMSSignatureDetached_simple.c(10): Use file: {VerifyCMSSignatureDetached_simple_file}	[MsgId: MMSG-17999]
VerifyCMSSignatureDetached_simple.c(14): Notify: Transaction "VerifyCMSSignatureDetached_simple" started.	[MsgId: MMSG-16999]
VerifyCMSSignatureDetached_simple.c(15): Error: HTTP status code 404 returned by the server	[MsgId: MERR-108974]
VerifyCMSSignatureDetached_simple.c(15): Error: SOAP request "VerifyCMSSignatureDetached_simple" execution failed	[MsgId: MERR-108964]
End auto log messages stack.	[MsgId: MMSG-10544]


Start auto log messages stack - Iteration 202.	[MsgId: MMSG-10545]
VerifyCADES_withSignedReport.c(4): web_cleanup_auto_headers started  	[MsgId: MMSG-26355]
VerifyCADES_withSignedReport.c(4): web_cleanup_auto_headers was successful  	[MsgId: MMSG-26392]
VerifyCADES_withSignedReport.c(5): web_cleanup_cookies started  	[MsgId: MMSG-26355]
VerifyCADES_withSignedReport.c(5): web_cleanup_cookies was successful  	[MsgId: MMSG-26392]
VerifyCADES_withSignedReport.c(7): C:\LR_DATA\5120/VerifyCADES_withSignedReport_35.xml	[MsgId: MMSG-17999]
VerifyCADES_withSignedReport.c(10): Use file: {VerifyCADES_withSignedReport_file}	[MsgId: MMSG-17999]
VerifyCADES_withSignedReport.c(14): Notify: Transaction "VerifyCADES_withSignedReport" started.	[MsgId: MMSG-16999]
VerifyCADES_withSignedReport.c(15): Error: HTTP status code 404 returned by the server	[MsgId: MERR-108974]
VerifyCADES_withSignedReport.c(15): Error: SOAP request "VerifyCADES_withSignedReport" execution failed	[MsgId: MERR-108964]
End auto log messages stack.	[MsgId: MMSG-10544]


Start auto log messages stack - Iteration 204.	[MsgId: MMSG-10545]
VerifyXAdES_withSignedReport.c(4): web_cleanup_auto_headers started  	[MsgId: MMSG-26355]
VerifyXAdES_withSignedReport.c(4): web_cleanup_auto_headers was successful  	[MsgId: MMSG-26392]
VerifyXAdES_withSignedReport.c(5): web_cleanup_cookies started  	[MsgId: MMSG-26355]
VerifyXAdES_withSignedReport.c(5): web_cleanup_cookies was successful  	[MsgId: MMSG-26392]
VerifyXAdES_withSignedReport.c(7): C:\LR_DATA\5120/VerifyXAdES_withSignedReport_41.xml	[MsgId: MMSG-17999]
VerifyXAdES_withSignedReport.c(10): Use file: {VerifyXAdES_withSignedReport_file}	[MsgId: MMSG-17999]
VerifyXAdES_withSignedReport.c(14): Notify: Transaction "VerifyXAdES_withSignedReport" started.	[MsgId: MMSG-16999]
VerifyXAdES_withSignedReport.c(15): Error: HTTP status code 404 returned by the server	[MsgId: MERR-108974]
VerifyXAdES_withSignedReport.c(15): Error: SOAP request "VerifyXAdES_withSignedReport" execution failed	[MsgId: MERR-108964]
End auto log messages stack.	[MsgId: MMSG-10544]


Start auto log messages stack - Iteration 205.	[MsgId: MMSG-10545]
VerifyCMSSignatureByHash_withSignedReport.c(4): web_cleanup_auto_headers was successful  	[MsgId: MMSG-26392]
VerifyCMSSignatureByHash_withSignedReport.c(5): web_cleanup_cookies started  	[MsgId: MMSG-26355]
VerifyCMSSignatureByHash_withSignedReport.c(5): web_cleanup_cookies was successful  	[MsgId: MMSG-26392]
VerifyCMSSignatureByHash_withSignedReport.c(7): C:\LR_DATA\5120/VerifyCMSSignatureByHash_withSignedReport_58.xml	[MsgId: MMSG-17999]
VerifyCMSSignatureByHash_withSignedReport.c(10): Use file: {VerifyCMSSignatureByHash_withSignedReport_file}	[MsgId: MMSG-17999]
VerifyCMSSignatureByHash_withSignedReport.c(14): Notify: Transaction "VerifyCMSSignatureByHash_withSignedReport" started.	[MsgId: MMSG-16999]
VerifyCMSSignatureByHash_withSignedReport.c(15): Error: HTTP status code 404 returned by the server	[MsgId: MERR-108974]
VerifyCMSSignatureByHash_withSignedReport.c(15): Error: SOAP request "VerifyCMSSignatureByHash_withSignedReport" execution failed	[MsgId: MERR-108964]
End auto log messages stack.	[MsgId: MMSG-10544]


Start auto log messages stack - Iteration 206.	[MsgId: MMSG-10545]
VerifyXAdES_simple.c(3): web_cache_cleanup started  	[MsgId: MMSG-26355]
VerifyXAdES_simple.c(3): web_cache_cleanup was successful  	[MsgId: MMSG-26392]
VerifyXAdES_simple.c(4): web_cleanup_auto_headers started  	[MsgId: MMSG-26355]
VerifyXAdES_simple.c(4): web_cleanup_auto_headers was successful  	[MsgId: MMSG-26392]
VerifyXAdES_simple.c(5): web_cleanup_cookies started  	[MsgId: MMSG-26355]
VerifyXAdES_simple.c(5): web_cleanup_cookies was successful  	[MsgId: MMSG-26392]
VerifyXAdES_simple.c(7): C:\LR_DATA\5120/VerifyXAdES_simple_182.xml	[MsgId: MMSG-17999]
VerifyXAdES_simple.c(10): Use file: {VerifyXAdES_simple_file}	[MsgId: MMSG-17999]
VerifyXAdES_simple.c(14): Notify: Transaction "VerifyXAdES_simple" started.	[MsgId: MMSG-16999]
VerifyXAdES_simple.c(15): Error: HTTP status code 404 returned by the server	[MsgId: MERR-108974]
VerifyXAdES_simple.c(15): Error: SOAP request "VerifyXAdES_simple" execution failed	[MsgId: MERR-108964]
End auto log messages stack.	[MsgId: MMSG-10544]


Start auto log messages stack - Iteration 207.	[MsgId: MMSG-10545]
VerifyCADES_simple.c(3): web_cache_cleanup started  	[MsgId: MMSG-26355]
VerifyCADES_simple.c(3): web_cache_cleanup was successful  	[MsgId: MMSG-26392]
VerifyCADES_simple.c(4): web_cleanup_auto_headers started  	[MsgId: MMSG-26355]
VerifyCADES_simple.c(4): web_cleanup_auto_headers was successful  	[MsgId: MMSG-26392]
VerifyCADES_simple.c(5): web_cleanup_cookies started  	[MsgId: MMSG-26355]
VerifyCADES_simple.c(5): web_cleanup_cookies was successful  	[MsgId: MMSG-26392]
VerifyCADES_simple.c(7): C:\LR_DATA\5120/VerifyCADES_simple_113.xml	[MsgId: MMSG-17999]
VerifyCADES_simple.c(10): Use file: {VerifyCADES_simple_file}	[MsgId: MMSG-17999]
VerifyCADES_simple.c(14): Notify: Transaction "VerifyCADES_simple" started.	[MsgId: MMSG-16999]
VerifyCADES_simple.c(15): Error: HTTP status code 404 returned by the server	[MsgId: MERR-108974]
VerifyCADES_simple.c(15): Error: SOAP request "VerifyCADES_simple" execution failed	[MsgId: MERR-108964]
End auto log messages stack.	[MsgId: MMSG-10544]


Start auto log messages stack - Iteration 208.	[MsgId: MMSG-10545]
Starting action VerifyXML_simple.	[MsgId: MMSG-15919]
VerifyXML_simple.c(3): web_cache_cleanup started  	[MsgId: MMSG-26355]
VerifyXML_simple.c(3): web_cache_cleanup was successful  	[MsgId: MMSG-26392]
VerifyXML_simple.c(4): web_cleanup_auto_headers started  	[MsgId: MMSG-26355]
VerifyXML_simple.c(4): web_cleanup_auto_headers was successful  	[MsgId: MMSG-26392]
VerifyXML_simple.c(5): web_cleanup_cookies started  	[MsgId: MMSG-26355]
VerifyXML_simple.c(5): web_cleanup_cookies was successful  	[MsgId: MMSG-26392]
VerifyXML_simple.c(7): C:\LR_DATA\5120/VerifyXML_simple_22.xml	[MsgId: MMSG-17999]
VerifyXML_simple.c(10): Use file: {VerifyXML_simple_file}	[MsgId: MMSG-17999]
VerifyXML_simple.c(14): Notify: Transaction "VerifyXML_simple" started.	[MsgId: MMSG-16999]
VerifyXML_simple.c(15): Error: HTTP status code 404 returned by the server	[MsgId: MERR-108974]
VerifyXML_simple.c(15): Error: SOAP request "VerifyXML_simple" execution failed	[MsgId: MERR-108964]
End auto log messages stack.	[MsgId: MMSG-10544]


Start auto log messages stack - Iteration 209.	[MsgId: MMSG-10545]
VerifyCMSSignatureByHash_withSignedReport.c(4): web_cleanup_auto_headers was successful  	[MsgId: MMSG-26392]
VerifyCMSSignatureByHash_withSignedReport.c(5): web_cleanup_cookies started  	[MsgId: MMSG-26355]
VerifyCMSSignatureByHash_withSignedReport.c(5): web_cleanup_cookies was successful  	[MsgId: MMSG-26392]
VerifyCMSSignatureByHash_withSignedReport.c(7): C:\LR_DATA\5120/VerifyCMSSignatureByHash_withSignedReport_181.xml	[MsgId: MMSG-17999]
VerifyCMSSignatureByHash_withSignedReport.c(10): Use file: {VerifyCMSSignatureByHash_withSignedReport_file}	[MsgId: MMSG-17999]
VerifyCMSSignatureByHash_withSignedReport.c(14): Notify: Transaction "VerifyCMSSignatureByHash_withSignedReport" started.	[MsgId: MMSG-16999]
VerifyCMSSignatureByHash_withSignedReport.c(15): Error: HTTP status code 404 returned by the server	[MsgId: MERR-108974]
VerifyCMSSignatureByHash_withSignedReport.c(15): Error: SOAP request "VerifyCMSSignatureByHash_withSignedReport" execution failed	[MsgId: MERR-108964]
End auto log messages stack.	[MsgId: MMSG-10544]


Start auto log messages stack - Iteration 210.	[MsgId: MMSG-10545]
VerifyXAdES_simple.c(3): web_cache_cleanup started  	[MsgId: MMSG-26355]
VerifyXAdES_simple.c(3): web_cache_cleanup was successful  	[MsgId: MMSG-26392]
VerifyXAdES_simple.c(4): web_cleanup_auto_headers started  	[MsgId: MMSG-26355]
VerifyXAdES_simple.c(4): web_cleanup_auto_headers was successful  	[MsgId: MMSG-26392]
VerifyXAdES_simple.c(5): web_cleanup_cookies started  	[MsgId: MMSG-26355]
VerifyXAdES_simple.c(5): web_cleanup_cookies was successful  	[MsgId: MMSG-26392]
VerifyXAdES_simple.c(7): C:\LR_DATA\5120/VerifyXAdES_simple_143.xml	[MsgId: MMSG-17999]
VerifyXAdES_simple.c(10): Use file: {VerifyXAdES_simple_file}	[MsgId: MMSG-17999]
VerifyXAdES_simple.c(14): Notify: Transaction "VerifyXAdES_simple" started.	[MsgId: MMSG-16999]
VerifyXAdES_simple.c(15): Error: HTTP status code 404 returned by the server	[MsgId: MERR-108974]
VerifyXAdES_simple.c(15): Error: SOAP request "VerifyXAdES_simple" execution failed	[MsgId: MERR-108964]
End auto log messages stack.	[MsgId: MMSG-10544]


Start auto log messages stack - Iteration 213.	[MsgId: MMSG-10545]
VerifyPAdES_withSignedReport.c(4): web_cleanup_auto_headers started  	[MsgId: MMSG-26355]
VerifyPAdES_withSignedReport.c(4): web_cleanup_auto_headers was successful  	[MsgId: MMSG-26392]
VerifyPAdES_withSignedReport.c(5): web_cleanup_cookies started  	[MsgId: MMSG-26355]
VerifyPAdES_withSignedReport.c(5): web_cleanup_cookies was successful  	[MsgId: MMSG-26392]
VerifyPAdES_withSignedReport.c(7): C:\LR_DATA\5120/VerifyPAdES_withSignedReport_72.xml	[MsgId: MMSG-17999]
VerifyPAdES_withSignedReport.c(10): Use file: {VerifyPAdES_withSignedReport_file}	[MsgId: MMSG-17999]
VerifyPAdES_withSignedReport.c(13): Notify: Transaction "VerifyPAdES_withSignedReport" started.	[MsgId: MMSG-16999]
VerifyPAdES_withSignedReport.c(14): Error: HTTP status code 404 returned by the server	[MsgId: MERR-108974]
VerifyPAdES_withSignedReport.c(14): Error: SOAP request "VerifyPAdES_withSignedReporte" execution failed	[MsgId: MERR-108964]
End auto log messages stack.	[MsgId: MMSG-10544]


Start auto log messages stack - Iteration 214.	[MsgId: MMSG-10545]
VerifyCMSSignatureDetached_simple.c(4): web_cleanup_auto_headers started  	[MsgId: MMSG-26355]
VerifyCMSSignatureDetached_simple.c(4): web_cleanup_auto_headers was successful  	[MsgId: MMSG-26392]
VerifyCMSSignatureDetached_simple.c(5): web_cleanup_cookies started  	[MsgId: MMSG-26355]
VerifyCMSSignatureDetached_simple.c(5): web_cleanup_cookies was successful  	[MsgId: MMSG-26392]
VerifyCMSSignatureDetached_simple.c(7): C:\LR_DATA\5120/VerifyCMSSignatureDetached_simple_174.xml	[MsgId: MMSG-17999]
VerifyCMSSignatureDetached_simple.c(10): Use file: {VerifyCMSSignatureDetached_simple_file}	[MsgId: MMSG-17999]
VerifyCMSSignatureDetached_simple.c(14): Notify: Transaction "VerifyCMSSignatureDetached_simple" started.	[MsgId: MMSG-16999]
VerifyCMSSignatureDetached_simple.c(15): Error: HTTP status code 404 returned by the server	[MsgId: MERR-108974]
VerifyCMSSignatureDetached_simple.c(15): Error: SOAP request "VerifyCMSSignatureDetached_simple" execution failed	[MsgId: MERR-108964]
End auto log messages stack.	[MsgId: MMSG-10544]


Start auto log messages stack - Iteration 215.	[MsgId: MMSG-10545]
Starting action VerifyXML_simple.	[MsgId: MMSG-15919]
VerifyXML_simple.c(3): web_cache_cleanup started  	[MsgId: MMSG-26355]
VerifyXML_simple.c(3): web_cache_cleanup was successful  	[MsgId: MMSG-26392]
VerifyXML_simple.c(4): web_cleanup_auto_headers started  	[MsgId: MMSG-26355]
VerifyXML_simple.c(4): web_cleanup_auto_headers was successful  	[MsgId: MMSG-26392]
VerifyXML_simple.c(5): web_cleanup_cookies started  	[MsgId: MMSG-26355]
VerifyXML_simple.c(5): web_cleanup_cookies was successful  	[MsgId: MMSG-26392]
VerifyXML_simple.c(7): C:\LR_DATA\5120/VerifyXML_simple_76.xml	[MsgId: MMSG-17999]
VerifyXML_simple.c(10): Use file: {VerifyXML_simple_file}	[MsgId: MMSG-17999]
VerifyXML_simple.c(14): Notify: Transaction "VerifyXML_simple" started.	[MsgId: MMSG-16999]
VerifyXML_simple.c(15): Error: HTTP status code 404 returned by the server	[MsgId: MERR-108974]
VerifyXML_simple.c(15): Error: SOAP request "VerifyXML_simple" execution failed	[MsgId: MERR-108964]
End auto log messages stack.	[MsgId: MMSG-10544]


Start auto log messages stack - Iteration 218.	[MsgId: MMSG-10545]
VerifyCMSSignatureDetached_simple.c(4): web_cleanup_auto_headers started  	[MsgId: MMSG-26355]
VerifyCMSSignatureDetached_simple.c(4): web_cleanup_auto_headers was successful  	[MsgId: MMSG-26392]
VerifyCMSSignatureDetached_simple.c(5): web_cleanup_cookies started  	[MsgId: MMSG-26355]
VerifyCMSSignatureDetached_simple.c(5): web_cleanup_cookies was successful  	[MsgId: MMSG-26392]
VerifyCMSSignatureDetached_simple.c(7): C:\LR_DATA\5120/VerifyCMSSignatureDetached_simple_40.xml	[MsgId: MMSG-17999]
VerifyCMSSignatureDetached_simple.c(10): Use file: {VerifyCMSSignatureDetached_simple_file}	[MsgId: MMSG-17999]
VerifyCMSSignatureDetached_simple.c(14): Notify: Transaction "VerifyCMSSignatureDetached_simple" started.	[MsgId: MMSG-16999]
VerifyCMSSignatureDetached_simple.c(15): Error: HTTP status code 404 returned by the server	[MsgId: MERR-108974]
VerifyCMSSignatureDetached_simple.c(15): Error: SOAP request "VerifyCMSSignatureDetached_simple" execution failed	[MsgId: MERR-108964]
End auto log messages stack.	[MsgId: MMSG-10544]


Start auto log messages stack - Iteration 220.	[MsgId: MMSG-10545]
VerifyCMSSignatureByHash_withSignedReport.c(4): web_cleanup_auto_headers was successful  	[MsgId: MMSG-26392]
VerifyCMSSignatureByHash_withSignedReport.c(5): web_cleanup_cookies started  	[MsgId: MMSG-26355]
VerifyCMSSignatureByHash_withSignedReport.c(5): web_cleanup_cookies was successful  	[MsgId: MMSG-26392]
VerifyCMSSignatureByHash_withSignedReport.c(7): C:\LR_DATA\5120/VerifyCMSSignatureByHash_withSignedReport_87.xml	[MsgId: MMSG-17999]
VerifyCMSSignatureByHash_withSignedReport.c(10): Use file: {VerifyCMSSignatureByHash_withSignedReport_file}	[MsgId: MMSG-17999]
VerifyCMSSignatureByHash_withSignedReport.c(14): Notify: Transaction "VerifyCMSSignatureByHash_withSignedReport" started.	[MsgId: MMSG-16999]
VerifyCMSSignatureByHash_withSignedReport.c(15): Error: HTTP status code 404 returned by the server	[MsgId: MERR-108974]
VerifyCMSSignatureByHash_withSignedReport.c(15): Error: SOAP request "VerifyCMSSignatureByHash_withSignedReport" execution failed	[MsgId: MERR-108964]
End auto log messages stack.	[MsgId: MMSG-10544]


Start auto log messages stack - Iteration 222.	[MsgId: MMSG-10545]
VerifyCMSSignature_withSignedReport.c(4): web_cleanup_auto_headers started  	[MsgId: MMSG-26355]
VerifyCMSSignature_withSignedReport.c(4): web_cleanup_auto_headers was successful  	[MsgId: MMSG-26392]
VerifyCMSSignature_withSignedReport.c(5): web_cleanup_cookies started  	[MsgId: MMSG-26355]
VerifyCMSSignature_withSignedReport.c(5): web_cleanup_cookies was successful  	[MsgId: MMSG-26392]
VerifyCMSSignature_withSignedReport.c(7): C:\LR_DATA\5120/VerifyCMSSignature_withSignedReport_141.xml	[MsgId: MMSG-17999]
VerifyCMSSignature_withSignedReport.c(10): Use file: {VerifyCMSSignature_withSignedReport_file}	[MsgId: MMSG-17999]
VerifyCMSSignature_withSignedReport.c(13): Notify: Transaction "VerifyCMSSignature_withSignedReport" started.	[MsgId: MMSG-16999]
VerifyCMSSignature_withSignedReport.c(14): Error: HTTP status code 404 returned by the server	[MsgId: MERR-108974]
VerifyCMSSignature_withSignedReport.c(14): Error: SOAP request "VerifyCMSSignature_withSignedReport" execution failed	[MsgId: MERR-108964]
End auto log messages stack.	[MsgId: MMSG-10544]


Start auto log messages stack - Iteration 224.	[MsgId: MMSG-10545]
VerifyCMSSignatureByHash_withSignedReport.c(4): web_cleanup_auto_headers was successful  	[MsgId: MMSG-26392]
VerifyCMSSignatureByHash_withSignedReport.c(5): web_cleanup_cookies started  	[MsgId: MMSG-26355]
VerifyCMSSignatureByHash_withSignedReport.c(5): web_cleanup_cookies was successful  	[MsgId: MMSG-26392]
VerifyCMSSignatureByHash_withSignedReport.c(7): C:\LR_DATA\5120/VerifyCMSSignatureByHash_withSignedReport_67.xml	[MsgId: MMSG-17999]
VerifyCMSSignatureByHash_withSignedReport.c(10): Use file: {VerifyCMSSignatureByHash_withSignedReport_file}	[MsgId: MMSG-17999]
VerifyCMSSignatureByHash_withSignedReport.c(14): Notify: Transaction "VerifyCMSSignatureByHash_withSignedReport" started.	[MsgId: MMSG-16999]
VerifyCMSSignatureByHash_withSignedReport.c(15): Error: HTTP status code 404 returned by the server	[MsgId: MERR-108974]
VerifyCMSSignatureByHash_withSignedReport.c(15): Error: SOAP request "VerifyCMSSignatureByHash_withSignedReport" execution failed	[MsgId: MERR-108964]
End auto log messages stack.	[MsgId: MMSG-10544]


Start auto log messages stack - Iteration 225.	[MsgId: MMSG-10545]
VerifyXML_withSignedReport.c(3): web_cache_cleanup was successful  	[MsgId: MMSG-26392]
VerifyXML_withSignedReport.c(4): web_cleanup_auto_headers started  	[MsgId: MMSG-26355]
VerifyXML_withSignedReport.c(4): web_cleanup_auto_headers was successful  	[MsgId: MMSG-26392]
VerifyXML_withSignedReport.c(5): web_cleanup_cookies started  	[MsgId: MMSG-26355]
VerifyXML_withSignedReport.c(5): web_cleanup_cookies was successful  	[MsgId: MMSG-26392]
VerifyXML_withSignedReport.c(7): C:\LR_DATA\5120/VerifyXML_withSignedReport_23.xml	[MsgId: MMSG-17999]
VerifyXML_withSignedReport.c(10): Use file: {VerifyXML_withSignedReport_file}	[MsgId: MMSG-17999]
VerifyXML_withSignedReport.c(14): Notify: Transaction "VerifyXML_withSignedReport" started.	[MsgId: MMSG-16999]
VerifyXML_withSignedReport.c(15): Error: HTTP status code 404 returned by the server	[MsgId: MERR-108974]
VerifyXML_withSignedReport.c(15): Error: SOAP request "VerifyXML_withSignedReport" execution failed	[MsgId: MERR-108964]
End auto log messages stack.	[MsgId: MMSG-10544]


Start auto log messages stack - Iteration 226.	[MsgId: MMSG-10545]
VerifyCMSSignatureByHash_withSignedReport.c(4): web_cleanup_auto_headers was successful  	[MsgId: MMSG-26392]
VerifyCMSSignatureByHash_withSignedReport.c(5): web_cleanup_cookies started  	[MsgId: MMSG-26355]
VerifyCMSSignatureByHash_withSignedReport.c(5): web_cleanup_cookies was successful  	[MsgId: MMSG-26392]
VerifyCMSSignatureByHash_withSignedReport.c(7): C:\LR_DATA\5120/VerifyCMSSignatureByHash_withSignedReport_186.xml	[MsgId: MMSG-17999]
VerifyCMSSignatureByHash_withSignedReport.c(10): Use file: {VerifyCMSSignatureByHash_withSignedReport_file}	[MsgId: MMSG-17999]
VerifyCMSSignatureByHash_withSignedReport.c(14): Notify: Transaction "VerifyCMSSignatureByHash_withSignedReport" started.	[MsgId: MMSG-16999]
VerifyCMSSignatureByHash_withSignedReport.c(15): Error: HTTP status code 404 returned by the server	[MsgId: MERR-108974]
VerifyCMSSignatureByHash_withSignedReport.c(15): Error: SOAP request "VerifyCMSSignatureByHash_withSignedReport" execution failed	[MsgId: MERR-108964]
End auto log messages stack.	[MsgId: MMSG-10544]


Start auto log messages stack - Iteration 228.	[MsgId: MMSG-10545]
VerifyXAdES_simple.c(3): web_cache_cleanup started  	[MsgId: MMSG-26355]
VerifyXAdES_simple.c(3): web_cache_cleanup was successful  	[MsgId: MMSG-26392]
VerifyXAdES_simple.c(4): web_cleanup_auto_headers started  	[MsgId: MMSG-26355]
VerifyXAdES_simple.c(4): web_cleanup_auto_headers was successful  	[MsgId: MMSG-26392]
VerifyXAdES_simple.c(5): web_cleanup_cookies started  	[MsgId: MMSG-26355]
VerifyXAdES_simple.c(5): web_cleanup_cookies was successful  	[MsgId: MMSG-26392]
VerifyXAdES_simple.c(7): C:\LR_DATA\5120/VerifyXAdES_simple_101.xml	[MsgId: MMSG-17999]
VerifyXAdES_simple.c(10): Use file: {VerifyXAdES_simple_file}	[MsgId: MMSG-17999]
VerifyXAdES_simple.c(14): Notify: Transaction "VerifyXAdES_simple" started.	[MsgId: MMSG-16999]
VerifyXAdES_simple.c(15): Error: HTTP status code 404 returned by the server	[MsgId: MERR-108974]
VerifyXAdES_simple.c(15): Error: SOAP request "VerifyXAdES_simple" execution failed	[MsgId: MERR-108964]
End auto log messages stack.	[MsgId: MMSG-10544]


Start auto log messages stack - Iteration 232.	[MsgId: MMSG-10545]
VerifyXAdES_withSignedReport.c(4): web_cleanup_auto_headers started  	[MsgId: MMSG-26355]
VerifyXAdES_withSignedReport.c(4): web_cleanup_auto_headers was successful  	[MsgId: MMSG-26392]
VerifyXAdES_withSignedReport.c(5): web_cleanup_cookies started  	[MsgId: MMSG-26355]
VerifyXAdES_withSignedReport.c(5): web_cleanup_cookies was successful  	[MsgId: MMSG-26392]
VerifyXAdES_withSignedReport.c(7): C:\LR_DATA\5120/VerifyXAdES_withSignedReport_157.xml	[MsgId: MMSG-17999]
VerifyXAdES_withSignedReport.c(10): Use file: {VerifyXAdES_withSignedReport_file}	[MsgId: MMSG-17999]
VerifyXAdES_withSignedReport.c(14): Notify: Transaction "VerifyXAdES_withSignedReport" started.	[MsgId: MMSG-16999]
VerifyXAdES_withSignedReport.c(15): Error: HTTP status code 404 returned by the server	[MsgId: MERR-108974]
VerifyXAdES_withSignedReport.c(15): Error: SOAP request "VerifyXAdES_withSignedReport" execution failed	[MsgId: MERR-108964]
End auto log messages stack.	[MsgId: MMSG-10544]


Start auto log messages stack - Iteration 233.	[MsgId: MMSG-10545]
VerifyCMSSignatureDetached_simple.c(4): web_cleanup_auto_headers started  	[MsgId: MMSG-26355]
VerifyCMSSignatureDetached_simple.c(4): web_cleanup_auto_headers was successful  	[MsgId: MMSG-26392]
VerifyCMSSignatureDetached_simple.c(5): web_cleanup_cookies started  	[MsgId: MMSG-26355]
VerifyCMSSignatureDetached_simple.c(5): web_cleanup_cookies was successful  	[MsgId: MMSG-26392]
VerifyCMSSignatureDetached_simple.c(7): C:\LR_DATA\5120/VerifyCMSSignatureDetached_simple_76.xml	[MsgId: MMSG-17999]
VerifyCMSSignatureDetached_simple.c(10): Use file: {VerifyCMSSignatureDetached_simple_file}	[MsgId: MMSG-17999]
VerifyCMSSignatureDetached_simple.c(14): Notify: Transaction "VerifyCMSSignatureDetached_simple" started.	[MsgId: MMSG-16999]
VerifyCMSSignatureDetached_simple.c(15): Error: HTTP status code 404 returned by the server	[MsgId: MERR-108974]
VerifyCMSSignatureDetached_simple.c(15): Error: SOAP request "VerifyCMSSignatureDetached_simple" execution failed	[MsgId: MERR-108964]
End auto log messages stack.	[MsgId: MMSG-10544]


Start auto log messages stack - Iteration 234.	[MsgId: MMSG-10545]
VerifyCMSSignatureDetached_withSignedReport.c(4): web_cleanup_auto_headers was successful  	[MsgId: MMSG-26392]
VerifyCMSSignatureDetached_withSignedReport.c(5): web_cleanup_cookies started  	[MsgId: MMSG-26355]
VerifyCMSSignatureDetached_withSignedReport.c(5): web_cleanup_cookies was successful  	[MsgId: MMSG-26392]
VerifyCMSSignatureDetached_withSignedReport.c(7): C:\LR_DATA\5120/VerifyCMSSignatureDetached_withSignedReport_188.xml	[MsgId: MMSG-17999]
VerifyCMSSignatureDetached_withSignedReport.c(10): Use file: {VerifyCMSSignatureDetached_withSignedReport_file}	[MsgId: MMSG-17999]
VerifyCMSSignatureDetached_withSignedReport.c(14): Notify: Transaction "VerifyCMSSignatureDetached_withSignedReport" started.	[MsgId: MMSG-16999]
VerifyCMSSignatureDetached_withSignedReport.c(15): Error: HTTP status code 404 returned by the server	[MsgId: MERR-108974]
VerifyCMSSignatureDetached_withSignedReport.c(15): Error: SOAP request "VerifyCMSSignatureDetached_withSignedReport" execution failed	[MsgId: MERR-108964]
End auto log messages stack.	[MsgId: MMSG-10544]


Start auto log messages stack - Iteration 235.	[MsgId: MMSG-10545]
VerifyCADES_simple.c(3): web_cache_cleanup started  	[MsgId: MMSG-26355]
VerifyCADES_simple.c(3): web_cache_cleanup was successful  	[MsgId: MMSG-26392]
VerifyCADES_simple.c(4): web_cleanup_auto_headers started  	[MsgId: MMSG-26355]
VerifyCADES_simple.c(4): web_cleanup_auto_headers was successful  	[MsgId: MMSG-26392]
VerifyCADES_simple.c(5): web_cleanup_cookies started  	[MsgId: MMSG-26355]
VerifyCADES_simple.c(5): web_cleanup_cookies was successful  	[MsgId: MMSG-26392]
VerifyCADES_simple.c(7): C:\LR_DATA\5120/VerifyCADES_simple_117.xml	[MsgId: MMSG-17999]
VerifyCADES_simple.c(10): Use file: {VerifyCADES_simple_file}	[MsgId: MMSG-17999]
VerifyCADES_simple.c(14): Notify: Transaction "VerifyCADES_simple" started.	[MsgId: MMSG-16999]
VerifyCADES_simple.c(15): Error: HTTP status code 404 returned by the server	[MsgId: MERR-108974]
VerifyCADES_simple.c(15): Error: SOAP request "VerifyCADES_simple" execution failed	[MsgId: MERR-108964]
End auto log messages stack.	[MsgId: MMSG-10544]


Start auto log messages stack - Iteration 238.	[MsgId: MMSG-10545]
VerifyXML_withSignedReport.c(3): web_cache_cleanup was successful  	[MsgId: MMSG-26392]
VerifyXML_withSignedReport.c(4): web_cleanup_auto_headers started  	[MsgId: MMSG-26355]
VerifyXML_withSignedReport.c(4): web_cleanup_auto_headers was successful  	[MsgId: MMSG-26392]
VerifyXML_withSignedReport.c(5): web_cleanup_cookies started  	[MsgId: MMSG-26355]
VerifyXML_withSignedReport.c(5): web_cleanup_cookies was successful  	[MsgId: MMSG-26392]
VerifyXML_withSignedReport.c(7): C:\LR_DATA\5120/VerifyXML_withSignedReport_182.xml	[MsgId: MMSG-17999]
VerifyXML_withSignedReport.c(10): Use file: {VerifyXML_withSignedReport_file}	[MsgId: MMSG-17999]
VerifyXML_withSignedReport.c(14): Notify: Transaction "VerifyXML_withSignedReport" started.	[MsgId: MMSG-16999]
VerifyXML_withSignedReport.c(15): Error: HTTP status code 404 returned by the server	[MsgId: MERR-108974]
VerifyXML_withSignedReport.c(15): Error: SOAP request "VerifyXML_withSignedReport" execution failed	[MsgId: MERR-108964]
End auto log messages stack.	[MsgId: MMSG-10544]


Start auto log messages stack - Iteration 242.	[MsgId: MMSG-10545]
VerifyCMSSignature_withSignedReport.c(4): web_cleanup_auto_headers started  	[MsgId: MMSG-26355]
VerifyCMSSignature_withSignedReport.c(4): web_cleanup_auto_headers was successful  	[MsgId: MMSG-26392]
VerifyCMSSignature_withSignedReport.c(5): web_cleanup_cookies started  	[MsgId: MMSG-26355]
VerifyCMSSignature_withSignedReport.c(5): web_cleanup_cookies was successful  	[MsgId: MMSG-26392]
VerifyCMSSignature_withSignedReport.c(7): C:\LR_DATA\5120/VerifyCMSSignature_withSignedReport_183.xml	[MsgId: MMSG-17999]
VerifyCMSSignature_withSignedReport.c(10): Use file: {VerifyCMSSignature_withSignedReport_file}	[MsgId: MMSG-17999]
VerifyCMSSignature_withSignedReport.c(13): Notify: Transaction "VerifyCMSSignature_withSignedReport" started.	[MsgId: MMSG-16999]
VerifyCMSSignature_withSignedReport.c(14): Error: HTTP status code 404 returned by the server	[MsgId: MERR-108974]
VerifyCMSSignature_withSignedReport.c(14): Error: SOAP request "VerifyCMSSignature_withSignedReport" execution failed	[MsgId: MERR-108964]
End auto log messages stack.	[MsgId: MMSG-10544]


Start auto log messages stack - Iteration 243.	[MsgId: MMSG-10545]
VerifyCMSSignatureByHash_withSignedReport.c(4): web_cleanup_auto_headers was successful  	[MsgId: MMSG-26392]
VerifyCMSSignatureByHash_withSignedReport.c(5): web_cleanup_cookies started  	[MsgId: MMSG-26355]
VerifyCMSSignatureByHash_withSignedReport.c(5): web_cleanup_cookies was successful  	[MsgId: MMSG-26392]
VerifyCMSSignatureByHash_withSignedReport.c(7): C:\LR_DATA\5120/VerifyCMSSignatureByHash_withSignedReport_103.xml	[MsgId: MMSG-17999]
VerifyCMSSignatureByHash_withSignedReport.c(10): Use file: {VerifyCMSSignatureByHash_withSignedReport_file}	[MsgId: MMSG-17999]
VerifyCMSSignatureByHash_withSignedReport.c(14): Notify: Transaction "VerifyCMSSignatureByHash_withSignedReport" started.	[MsgId: MMSG-16999]
VerifyCMSSignatureByHash_withSignedReport.c(15): Error: HTTP status code 404 returned by the server	[MsgId: MERR-108974]
VerifyCMSSignatureByHash_withSignedReport.c(15): Error: SOAP request "VerifyCMSSignatureByHash_withSignedReport" execution failed	[MsgId: MERR-108964]
End auto log messages stack.	[MsgId: MMSG-10544]


